#
# There is insufficient memory for the Java Runtime Environment to continue.
# Native memory allocation (malloc) failed to allocate 1037856 bytes for Chunk::new
# Possible reasons:
#   The system is out of physical RAM or swap space
#   The process is running with CompressedOops enabled, and the Java Heap may be blocking the growth of the native heap
# Possible solutions:
#   Reduce memory load on the system
#   Increase physical memory or swap space
#   Check if swap backing store is full
#   Decrease Java heap size (-Xmx/-Xms)
#   Decrease number of Java threads
#   Decrease Java thread stack sizes (-Xss)
#   Set larger code cache with -XX:ReservedCodeCacheSize=
#   JVM is running with Unscaled Compressed Oops mode in which the Java heap is
#     placed in the first 4GB address space. The Java Heap base address is the
#     maximum limit for the native heap growth. Please use -XX:HeapBaseMinAddress
#     to set the Java Heap base and to place the Java Heap above 4GB virtual address.
# This output file may be truncated or incomplete.
#
#  Out of Memory Error (./src/hotspot/share/memory/arena.cpp:197), pid=2220, tid=4984
#
# JRE version: OpenJDK Runtime Environment (11.0.12+7) (build 11.0.12+7-b1504.28-7817840)
# Java VM: OpenJDK 64-Bit Server VM (11.0.12+7-b1504.28-7817840, mixed mode, tiered, compressed oops, g1 gc, windows-amd64)
# No core dump will be written. Minidumps are not enabled by default on client versions of Windows
#

---------------  S U M M A R Y ------------

Command Line: -XX:MaxMetaspaceSize=512m --add-opens=java.base/java.util=ALL-UNNAMED --add-opens=java.base/java.lang=ALL-UNNAMED --add-opens=java.base/java.lang.invoke=ALL-UNNAMED --add-opens=java.base/java.util=ALL-UNNAMED --add-opens=java.prefs/java.util.prefs=ALL-UNNAMED --add-opens=java.prefs/java.util.prefs=ALL-UNNAMED --add-opens=java.base/java.nio.charset=ALL-UNNAMED --add-opens=java.base/java.net=ALL-UNNAMED --add-opens=java.base/java.util.concurrent.atomic=ALL-UNNAMED -Xmx2048m -Dfile.encoding=windows-1251 -Duser.country=UA -Duser.language=uk -Duser.variant org.gradle.launcher.daemon.bootstrap.GradleDaemon 7.3.3

Host: Intel(R) Core(TM) i3-2330M CPU @ 2.20GHz, 4 cores, 3G,  Windows 10 , 64 bit Build 19041 (10.0.19041.1741)
Time: Tue Jun 21 14:01:17 2022 Ô³íëÿíä³ÿ (ë³òî) elapsed time: 106.102729 seconds (0d 0h 1m 46s)

---------------  T H R E A D  ---------------

Current thread (0x000001e4a4db8800):  JavaThread "C2 CompilerThread0" daemon [_thread_in_native, id=4984, stack(0x00000077bfa00000,0x00000077bfb00000)]


Current CompileTask:
C2: 106107 11136 %     4       org.gradle.internal.instantiation.generator.AbstractClassGenerator::inspectType @ 107 (560 bytes)

Stack: [0x00000077bfa00000,0x00000077bfb00000]
Native frames: (J=compiled Java code, j=interpreted, Vv=VM code, C=native code)
V  [jvm.dll+0x5fbcea]
V  [jvm.dll+0x731905]
V  [jvm.dll+0x732f1d]
V  [jvm.dll+0x7335d3]
V  [jvm.dll+0x247bf8]
V  [jvm.dll+0xc018c]
V  [jvm.dll+0xc06cc]
V  [jvm.dll+0x2bcc04]
V  [jvm.dll+0x5113a8]
V  [jvm.dll+0x201b42]
V  [jvm.dll+0x1ff71f]
V  [jvm.dll+0x18868c]
V  [jvm.dll+0x20e0d7]
V  [jvm.dll+0x20c901]
V  [jvm.dll+0x6f9b7f]
V  [jvm.dll+0x6f26a5]
V  [jvm.dll+0x5fabf6]
C  [ucrtbase.dll+0x21bb2]
C  [KERNEL32.DLL+0x17034]
C  [ntdll.dll+0x52651]


---------------  P R O C E S S  ---------------

Threads class SMR info:
_java_thread_list=0x000001e4a5cd5f80, length=93, elements={
0x000001e48a99a800, 0x000001e4a4d4b800, 0x000001e4a4d59800, 0x000001e4a4d6b800,
0x000001e4a4d6c800, 0x000001e4a4d6f800, 0x000001e4a4db8800, 0x000001e4a4dbc800,
0x000001e4a4dc5800, 0x000001e4a5024000, 0x000001e4a5b3e800, 0x000001e4a68b7000,
0x000001e4a68bc800, 0x000001e4a68ba000, 0x000001e4a68b7800, 0x000001e4a68bd800,
0x000001e4a68bb000, 0x000001e4a68b9800, 0x000001e4a68b8800, 0x000001e4a72f5800,
0x000001e4a72f6000, 0x000001e4a72f0800, 0x000001e4a72f7000, 0x000001e4a72f2000,
0x000001e4a72f3000, 0x000001e4a72f4000, 0x000001e4a72f1800, 0x000001e4a72f8000,
0x000001e4a72fa800, 0x000001e4a72f4800, 0x000001e4a72fc000, 0x000001e4a72fb000,
0x000001e4a72fc800, 0x000001e4a72f9800, 0x000001e4a72f8800, 0x000001e4a72ff000,
0x000001e4a8b60000, 0x000001e4a8b5d800, 0x000001e4a8b5e800, 0x000001e4a8b5c000,
0x000001e4a8b5d000, 0x000001e4a8b5f800, 0x000001e4a8b61000, 0x000001e4a8b62000,
0x000001e4a8b62800, 0x000001e4ac64b000, 0x000001e4ac64f000, 0x000001e4ac64a000,
0x000001e4ac64b800, 0x000001e4ac64d800, 0x000001e4ac649800, 0x000001e4ac64c800,
0x000001e4ac650000, 0x000001e4ac652800, 0x000001e4ac653000, 0x000001e4ac64e000,
0x000001e4ac655800, 0x000001e4ac654000, 0x000001e4ac654800, 0x000001e4ac656800,
0x000001e4ac650800, 0x000001e4ac651800, 0x000001e4ac657000, 0x000001e4ac658000,
0x000001e4ab811000, 0x000001e4ab813000, 0x000001e4ab813800, 0x000001e4ab814800,
0x000001e4ab815800, 0x000001e4ab80f800, 0x000001e4ab810800, 0x000001e4ab816000,
0x000001e4ab817000, 0x000001e4ab818000, 0x000001e4ab81d800, 0x000001e4ab81c000,
0x000001e4ab81c800, 0x000001e4ab81e800, 0x000001e4ab818800, 0x000001e4ab819800,
0x000001e4ac538000, 0x000001e4ac534000, 0x000001e4ac535000, 0x000001e4ac539000,
0x000001e4ac533800, 0x000001e4ac535800, 0x000001e4ac53a800, 0x000001e4ac536800,
0x000001e4ac53b800, 0x000001e4ac53c800, 0x000001e4ac53d000, 0x000001e4ac537800,
0x000001e4ac53f800
}

Java Threads: ( => current thread )
  0x000001e48a99a800 JavaThread "main" [_thread_blocked, id=1236, stack(0x00000077bee00000,0x00000077bef00000)]
  0x000001e4a4d4b800 JavaThread "Reference Handler" daemon [_thread_blocked, id=9760, stack(0x00000077bf500000,0x00000077bf600000)]
  0x000001e4a4d59800 JavaThread "Finalizer" daemon [_thread_blocked, id=2492, stack(0x00000077bf600000,0x00000077bf700000)]
  0x000001e4a4d6b800 JavaThread "Signal Dispatcher" daemon [_thread_blocked, id=6728, stack(0x00000077bf700000,0x00000077bf800000)]
  0x000001e4a4d6c800 JavaThread "Attach Listener" daemon [_thread_blocked, id=5720, stack(0x00000077bf800000,0x00000077bf900000)]
  0x000001e4a4d6f800 JavaThread "Service Thread" daemon [_thread_blocked, id=8940, stack(0x00000077bf900000,0x00000077bfa00000)]
=>0x000001e4a4db8800 JavaThread "C2 CompilerThread0" daemon [_thread_in_native, id=4984, stack(0x00000077bfa00000,0x00000077bfb00000)]
  0x000001e4a4dbc800 JavaThread "C1 CompilerThread0" daemon [_thread_blocked, id=2824, stack(0x00000077bfb00000,0x00000077bfc00000)]
  0x000001e4a4dc5800 JavaThread "Sweeper thread" daemon [_thread_blocked, id=1724, stack(0x00000077bfc00000,0x00000077bfd00000)]
  0x000001e4a5024000 JavaThread "Common-Cleaner" daemon [_thread_blocked, id=4952, stack(0x00000077bfd00000,0x00000077bfe00000)]
  0x000001e4a5b3e800 JavaThread "Daemon health stats" [_thread_blocked, id=1404, stack(0x00000077c0100000,0x00000077c0200000)]
  0x000001e4a68b7000 JavaThread "Incoming local TCP Connector on port 64595" [_thread_in_native, id=5472, stack(0x00000077bff00000,0x00000077c0000000)]
  0x000001e4a68bc800 JavaThread "Daemon periodic checks" [_thread_blocked, id=10420, stack(0x00000077c0200000,0x00000077c0300000)]
  0x000001e4a68ba000 JavaThread "Daemon" [_thread_blocked, id=8768, stack(0x00000077c0300000,0x00000077c0400000)]
  0x000001e4a68b7800 JavaThread "Handler for socket connection from /127.0.0.1:64595 to /127.0.0.1:64596" [_thread_in_native, id=3944, stack(0x00000077c0400000,0x00000077c0500000)]
  0x000001e4a68bd800 JavaThread "Cancel handler" [_thread_blocked, id=6156, stack(0x00000077c0500000,0x00000077c0600000)]
  0x000001e4a68bb000 JavaThread "Daemon worker" [_thread_in_native, id=9464, stack(0x00000077c0600000,0x00000077c0700000)]
  0x000001e4a68b9800 JavaThread "Asynchronous log dispatcher for DefaultDaemonConnection: socket connection from /127.0.0.1:64595 to /127.0.0.1:64596" [_thread_blocked, id=5512, stack(0x00000077c0700000,0x00000077c0800000)]
  0x000001e4a68b8800 JavaThread "Daemon client event forwarder" [_thread_blocked, id=5076, stack(0x00000077c0900000,0x00000077c0a00000)]
  0x000001e4a72f5800 JavaThread "Cache worker for journal cache (C:\Users\rgvoz\.gradle\caches\journal-1)" [_thread_blocked, id=9220, stack(0x00000077c0c00000,0x00000077c0d00000)]
  0x000001e4a72f6000 JavaThread "File lock request listener" [_thread_in_native, id=4468, stack(0x00000077c0d00000,0x00000077c0e00000)]
  0x000001e4a72f0800 JavaThread "Cache worker for file hash cache (C:\Users\rgvoz\.gradle\caches\7.3.3\fileHashes)" [_thread_blocked, id=5560, stack(0x00000077c0e00000,0x00000077c0f00000)]
  0x000001e4a72f7000 JavaThread "Cache worker for file hash cache (R:\Project\CefionMobile\android\.gradle\7.3.3\fileHashes)" [_thread_blocked, id=10216, stack(0x00000077c0f00000,0x00000077c1000000)]
  0x000001e4a72f2000 JavaThread "File watcher server" daemon [_thread_in_native, id=11200, stack(0x00000077c1100000,0x00000077c1200000)]
  0x000001e4a72f3000 JavaThread "File watcher consumer" daemon [_thread_blocked, id=7744, stack(0x00000077c1200000,0x00000077c1300000)]
  0x000001e4a72f4000 JavaThread "jar transforms" [_thread_blocked, id=9208, stack(0x00000077c1300000,0x00000077c1400000)]
  0x000001e4a72f1800 JavaThread "jar transforms Thread 2" [_thread_blocked, id=932, stack(0x00000077c1400000,0x00000077c1500000)]
  0x000001e4a72f8000 JavaThread "jar transforms Thread 3" [_thread_blocked, id=10788, stack(0x00000077c1500000,0x00000077c1600000)]
  0x000001e4a72fa800 JavaThread "jar transforms Thread 4" [_thread_blocked, id=3284, stack(0x00000077c1600000,0x00000077c1700000)]
  0x000001e4a72f4800 JavaThread "Cache worker for checksums cache (R:\Project\CefionMobile\android\.gradle\7.3.3\checksums)" [_thread_blocked, id=6748, stack(0x00000077c1700000,0x00000077c1800000)]
  0x000001e4a72fc000 JavaThread "Cache worker for cache directory md-supplier (C:\Users\rgvoz\.gradle\caches\7.3.3\md-supplier)" [_thread_blocked, id=9876, stack(0x00000077c1800000,0x00000077c1900000)]
  0x000001e4a72fb000 JavaThread "Cache worker for cache directory md-rule (C:\Users\rgvoz\.gradle\caches\7.3.3\md-rule)" [_thread_blocked, id=5332, stack(0x00000077c1900000,0x00000077c1a00000)]
  0x000001e4a72fc800 JavaThread "Cache worker for execution history cache (C:\Users\rgvoz\.gradle\caches\7.3.3\executionHistory)" [_thread_blocked, id=9008, stack(0x00000077c1a00000,0x00000077c1b00000)]
  0x000001e4a72f9800 JavaThread "Cache worker for file content cache (C:\Users\rgvoz\.gradle\caches\7.3.3\fileContent)" [_thread_blocked, id=2212, stack(0x00000077c1b00000,0x00000077c1c00000)]
  0x000001e4a72f8800 JavaThread "Cache worker for kotlin-dsl (C:\Users\rgvoz\.gradle\caches\7.3.3\kotlin-dsl)" [_thread_blocked, id=2340, stack(0x00000077c1e00000,0x00000077c1f00000)]
  0x000001e4a72ff000 JavaThread "Cache worker for dependencies-accessors (R:\Project\CefionMobile\android\.gradle\7.3.3\dependencies-accessors)" [_thread_blocked, id=8448, stack(0x00000077c1d00000,0x00000077c1e00000)]
  0x000001e4a8b60000 JavaThread "Cache worker for Build Output Cleanup Cache (R:\Project\CefionMobile\android\.gradle\buildOutputCleanup)" [_thread_blocked, id=8716, stack(0x00000077c2000000,0x00000077c2100000)]
  0x000001e4a8b5d800 JavaThread "Cache worker for Build Output Cleanup Cache (R:\Project\CefionMobile\node_modules\react-native-gradle-plugin\.gradle\buildOutputCleanup)" [_thread_blocked, id=124, stack(0x00000077c2100000,0x00000077c2200000)]
  0x000001e4a8b5e800 JavaThread "Unconstrained build operations" [_thread_blocked, id=5988, stack(0x00000077c1f00000,0x00000077c2000000)]
  0x000001e4a8b5c000 JavaThread "Unconstrained build operations Thread 2" [_thread_blocked, id=4224, stack(0x00000077c2200000,0x00000077c2300000)]
  0x000001e4a8b5d000 JavaThread "Unconstrained build operations Thread 3" [_thread_blocked, id=4508, stack(0x00000077c2300000,0x00000077c2400000)]
  0x000001e4a8b5f800 JavaThread "Unconstrained build operations Thread 4" [_thread_blocked, id=8984, stack(0x00000077c2400000,0x00000077c2500000)]
  0x000001e4a8b61000 JavaThread "Unconstrained build operations Thread 5" [_thread_blocked, id=2316, stack(0x00000077c2500000,0x00000077c2600000)]
  0x000001e4a8b62000 JavaThread "Unconstrained build operations Thread 6" [_thread_blocked, id=10580, stack(0x00000077c2600000,0x00000077c2700000)]
  0x000001e4a8b62800 JavaThread "Unconstrained build operations Thread 7" [_thread_blocked, id=10588, stack(0x00000077c2700000,0x00000077c2800000)]
  0x000001e4ac64b000 JavaThread "Unconstrained build operations Thread 8" [_thread_blocked, id=5688, stack(0x00000077c2800000,0x00000077c2900000)]
  0x000001e4ac64f000 JavaThread "Unconstrained build operations Thread 9" [_thread_blocked, id=6580, stack(0x00000077c2900000,0x00000077c2a00000)]
  0x000001e4ac64a000 JavaThread "Unconstrained build operations Thread 10" [_thread_blocked, id=9232, stack(0x00000077c2a00000,0x00000077c2b00000)]
  0x000001e4ac64b800 JavaThread "Unconstrained build operations Thread 11" [_thread_blocked, id=2064, stack(0x00000077c2b00000,0x00000077c2c00000)]
  0x000001e4ac64d800 JavaThread "Unconstrained build operations Thread 12" [_thread_blocked, id=7268, stack(0x00000077c2c00000,0x00000077c2d00000)]
  0x000001e4ac649800 JavaThread "Unconstrained build operations Thread 13" [_thread_blocked, id=7532, stack(0x00000077c2d00000,0x00000077c2e00000)]
  0x000001e4ac64c800 JavaThread "Unconstrained build operations Thread 14" [_thread_blocked, id=8344, stack(0x00000077c2e00000,0x00000077c2f00000)]
  0x000001e4ac650000 JavaThread "Unconstrained build operations Thread 15" [_thread_blocked, id=5660, stack(0x00000077c2f00000,0x00000077c3000000)]
  0x000001e4ac652800 JavaThread "Unconstrained build operations Thread 16" [_thread_blocked, id=9104, stack(0x00000077c3000000,0x00000077c3100000)]
  0x000001e4ac653000 JavaThread "Unconstrained build operations Thread 17" [_thread_blocked, id=2868, stack(0x00000077c3100000,0x00000077c3200000)]
  0x000001e4ac64e000 JavaThread "Unconstrained build operations Thread 18" [_thread_blocked, id=3128, stack(0x00000077c3200000,0x00000077c3300000)]
  0x000001e4ac655800 JavaThread "Unconstrained build operations Thread 19" [_thread_blocked, id=9004, stack(0x00000077c3300000,0x00000077c3400000)]
  0x000001e4ac654000 JavaThread "Unconstrained build operations Thread 20" [_thread_blocked, id=10852, stack(0x00000077c3400000,0x00000077c3500000)]
  0x000001e4ac654800 JavaThread "Unconstrained build operations Thread 21" [_thread_blocked, id=9384, stack(0x00000077c3500000,0x00000077c3600000)]
  0x000001e4ac656800 JavaThread "Unconstrained build operations Thread 22" [_thread_blocked, id=9352, stack(0x00000077c3600000,0x00000077c3700000)]
  0x000001e4ac650800 JavaThread "Unconstrained build operations Thread 23" [_thread_blocked, id=5348, stack(0x00000077c3700000,0x00000077c3800000)]
  0x000001e4ac651800 JavaThread "Unconstrained build operations Thread 24" [_thread_blocked, id=10888, stack(0x00000077c3800000,0x00000077c3900000)]
  0x000001e4ac657000 JavaThread "Unconstrained build operations Thread 25" [_thread_blocked, id=5972, stack(0x00000077c3900000,0x00000077c3a00000)]
  0x000001e4ac658000 JavaThread "Unconstrained build operations Thread 26" [_thread_blocked, id=5868, stack(0x00000077c3a00000,0x00000077c3b00000)]
  0x000001e4ab811000 JavaThread "Unconstrained build operations Thread 27" [_thread_blocked, id=2328, stack(0x00000077c3b00000,0x00000077c3c00000)]
  0x000001e4ab813000 JavaThread "Unconstrained build operations Thread 28" [_thread_blocked, id=1668, stack(0x00000077c3c00000,0x00000077c3d00000)]
  0x000001e4ab813800 JavaThread "Unconstrained build operations Thread 29" [_thread_blocked, id=5852, stack(0x00000077c3d00000,0x00000077c3e00000)]
  0x000001e4ab814800 JavaThread "Unconstrained build operations Thread 30" [_thread_blocked, id=9036, stack(0x00000077c3e00000,0x00000077c3f00000)]
  0x000001e4ab815800 JavaThread "Unconstrained build operations Thread 31" [_thread_blocked, id=3720, stack(0x00000077c3f00000,0x00000077c4000000)]
  0x000001e4ab80f800 JavaThread "Unconstrained build operations Thread 32" [_thread_blocked, id=8052, stack(0x00000077c4000000,0x00000077c4100000)]
  0x000001e4ab810800 JavaThread "Unconstrained build operations Thread 33" [_thread_blocked, id=8848, stack(0x00000077c4100000,0x00000077c4200000)]
  0x000001e4ab816000 JavaThread "build event listener" [_thread_blocked, id=3152, stack(0x00000077c4300000,0x00000077c4400000)]
  0x000001e4ab817000 JavaThread "Memory manager" [_thread_blocked, id=5292, stack(0x00000077c4400000,0x00000077c4500000)]
  0x000001e4ab818000 JavaThread "included builds" [_thread_blocked, id=3596, stack(0x00000077c4500000,0x00000077c4600000)]
  0x000001e4ab81d800 JavaThread "Cache worker for execution history cache (R:\Project\CefionMobile\node_modules\react-native-gradle-plugin\.gradle\7.3.3\executionHistory)" [_thread_blocked, id=7968, stack(0x00000077c4900000,0x00000077c4a00000)]
  0x000001e4ab81c000 JavaThread "Unconstrained build operations Thread 34" [_thread_blocked, id=4504, stack(0x00000077c4a00000,0x00000077c4b00000)]
  0x000001e4ab81c800 JavaThread "Unconstrained build operations Thread 35" [_thread_blocked, id=2712, stack(0x00000077c4b00000,0x00000077c4c00000)]
  0x000001e4ab81e800 JavaThread "Unconstrained build operations Thread 36" [_thread_blocked, id=9112, stack(0x00000077c4c00000,0x00000077c4d00000)]
  0x000001e4ab818800 JavaThread "Unconstrained build operations Thread 37" [_thread_blocked, id=10460, stack(0x00000077c4d00000,0x00000077c4e00000)]
  0x000001e4ab819800 JavaThread "Unconstrained build operations Thread 38" [_thread_blocked, id=2704, stack(0x00000077c4e00000,0x00000077c4f00000)]
  0x000001e4ac538000 JavaThread "Unconstrained build operations Thread 39" [_thread_blocked, id=3472, stack(0x00000077c4f00000,0x00000077c5000000)]
  0x000001e4ac534000 JavaThread "Unconstrained build operations Thread 40" [_thread_blocked, id=1808, stack(0x00000077c5000000,0x00000077c5100000)]
  0x000001e4ac535000 JavaThread "RMI Scheduler(0)" daemon [_thread_blocked, id=2080, stack(0x00000077c4200000,0x00000077c4300000)]
  0x000001e4ac539000 JavaThread "RMI GC Daemon" daemon [_thread_blocked, id=7120, stack(0x00000077c5300000,0x00000077c5400000)]
  0x000001e4ac533800 JavaThread "RMI TCP Accept-0" daemon [_thread_in_native, id=2004, stack(0x00000077c5100000,0x00000077c5200000)]
  0x000001e4ac535800 JavaThread "RMI Reaper" [_thread_blocked, id=8568, stack(0x00000077c5400000,0x00000077c5500000)]
  0x000001e4ac53a800 JavaThread "RMI TCP Connection(2)-127.0.0.1" daemon [_thread_in_native, id=9320, stack(0x00000077c5500000,0x00000077c5600000)]
  0x000001e4ac536800 JavaThread "Cache worker for Java compile cache (C:\Users\rgvoz\.gradle\caches\7.3.3\javaCompile)" [_thread_blocked, id=4268, stack(0x00000077beb00000,0x00000077bec00000)]
  0x000001e4ac53b800 JavaThread "Build operations" [_thread_blocked, id=1212, stack(0x00000077bec00000,0x00000077bed00000)]
  0x000001e4ac53c800 JavaThread "Build operations Thread 2" [_thread_blocked, id=10696, stack(0x00000077bed00000,0x00000077bee00000)]
  0x000001e4ac53d000 JavaThread "Build operations Thread 3" [_thread_blocked, id=3280, stack(0x00000077c0800000,0x00000077c0900000)]
  0x000001e4ac537800 JavaThread "Build operations Thread 4" [_thread_blocked, id=10172, stack(0x00000077c5200000,0x00000077c5300000)]
  0x000001e4ac53f800 JavaThread "File lock release action executor" [_thread_blocked, id=2916, stack(0x00000077c5600000,0x00000077c5700000)]

Other Threads:
  0x000001e4a4d46000 VMThread "VM Thread" [stack: 0x00000077bf400000,0x00000077bf500000] [id=8988]
  0x000001e4a5025000 WatcherThread [stack: 0x00000077bfe00000,0x00000077bff00000] [id=3124]
  0x000001e48a9b4800 GCTaskThread "GC Thread#0" [stack: 0x00000077bef00000,0x00000077bf000000] [id=9644]
  0x000001e4a5608000 GCTaskThread "GC Thread#1" [stack: 0x00000077c0000000,0x00000077c0100000] [id=4460]
  0x000001e4a669b000 GCTaskThread "GC Thread#2" [stack: 0x00000077c0a00000,0x00000077c0b00000] [id=10552]
  0x000001e4a75d0800 GCTaskThread "GC Thread#3" [stack: 0x00000077c0b00000,0x00000077c0c00000] [id=10980]
  0x000001e48a9e8000 ConcurrentGCThread "G1 Main Marker" [stack: 0x00000077bf000000,0x00000077bf100000] [id=1740]
  0x000001e48a9e9800 ConcurrentGCThread "G1 Conc#0" [stack: 0x00000077bf100000,0x00000077bf200000] [id=4084]
  0x000001e48aa42000 ConcurrentGCThread "G1 Refine#0" [stack: 0x00000077bf200000,0x00000077bf300000] [id=4376]
  0x000001e48aa43000 ConcurrentGCThread "G1 Young RemSet Sampling" [stack: 0x00000077bf300000,0x00000077bf400000] [id=9020]

Threads with active compile tasks:
C2 CompilerThread0 106312 11136 %     4       org.gradle.internal.instantiation.generator.AbstractClassGenerator::inspectType @ 107 (560 bytes)

VM state:not at safepoint (normal execution)

VM Mutex/Monitor currently owned by a thread: None

Heap address: 0x0000000080000000, size: 2048 MB, Compressed Oops mode: 32-bit
Narrow klass base: 0x0000000000000000, Narrow klass shift: 3
Compressed class space size: 528482304 Address: 0x0000000100000000

Heap:
 garbage-first heap   total 263168K, used 159099K [0x0000000080000000, 0x0000000100000000)
  region size 1024K, 16 young (16384K), 1 survivors (1024K)
 Metaspace       used 85117K, capacity 88102K, committed 88448K, reserved 593920K
  class space    used 10991K, capacity 12066K, committed 12160K, reserved 516096K
Heap Regions: E=young(eden), S=young(survivor), O=old, HS=humongous(starts), HC=humongous(continues), CS=collection set, F=free, A=archive, TAMS=top-at-mark-start (previous, next)
|   0|0x0000000080000000, 0x0000000080100000, 0x0000000080100000|100%| O|  |TAMS 0x0000000080100000, 0x0000000080000000| Untracked 
|   1|0x0000000080100000, 0x0000000080200000, 0x0000000080200000|100%| O|  |TAMS 0x0000000080200000, 0x0000000080100000| Untracked 
|   2|0x0000000080200000, 0x0000000080300000, 0x0000000080300000|100%| O|  |TAMS 0x0000000080300000, 0x0000000080200000| Untracked 
|   3|0x0000000080300000, 0x0000000080400000, 0x0000000080400000|100%|HS|  |TAMS 0x0000000080400000, 0x0000000080300000| Complete 
|   4|0x0000000080400000, 0x0000000080500000, 0x0000000080500000|100%|HC|  |TAMS 0x0000000080500000, 0x0000000080400000| Complete 
|   5|0x0000000080500000, 0x0000000080600000, 0x0000000080600000|100%|HC|  |TAMS 0x0000000080600000, 0x0000000080500000| Complete 
|   6|0x0000000080600000, 0x0000000080700000, 0x0000000080700000|100%| O|  |TAMS 0x0000000080700000, 0x0000000080600000| Untracked 
|   7|0x0000000080700000, 0x0000000080800000, 0x0000000080800000|100%| O|  |TAMS 0x0000000080800000, 0x0000000080700000| Untracked 
|   8|0x0000000080800000, 0x0000000080900000, 0x0000000080900000|100%| O|  |TAMS 0x0000000080900000, 0x0000000080800000| Untracked 
|   9|0x0000000080900000, 0x0000000080a00000, 0x0000000080a00000|100%| O|  |TAMS 0x0000000080a00000, 0x0000000080900000| Untracked 
|  10|0x0000000080a00000, 0x0000000080b00000, 0x0000000080b00000|100%| O|  |TAMS 0x0000000080b00000, 0x0000000080a00000| Untracked 
|  11|0x0000000080b00000, 0x0000000080c00000, 0x0000000080c00000|100%| O|  |TAMS 0x0000000080c00000, 0x0000000080b00000| Untracked 
|  12|0x0000000080c00000, 0x0000000080d00000, 0x0000000080d00000|100%| O|  |TAMS 0x0000000080d00000, 0x0000000080c00000| Untracked 
|  13|0x0000000080d00000, 0x0000000080e00000, 0x0000000080e00000|100%| O|  |TAMS 0x0000000080e00000, 0x0000000080d00000| Untracked 
|  14|0x0000000080e00000, 0x0000000080f00000, 0x0000000080f00000|100%| O|  |TAMS 0x0000000080f00000, 0x0000000080e00000| Untracked 
|  15|0x0000000080f00000, 0x0000000081000000, 0x0000000081000000|100%| O|  |TAMS 0x0000000081000000, 0x0000000080f00000| Untracked 
|  16|0x0000000081000000, 0x0000000081100000, 0x0000000081100000|100%| O|  |TAMS 0x0000000081100000, 0x0000000081000000| Untracked 
|  17|0x0000000081100000, 0x0000000081200000, 0x0000000081200000|100%|HS|  |TAMS 0x0000000081200000, 0x0000000081100000| Complete 
|  18|0x0000000081200000, 0x0000000081300000, 0x0000000081300000|100%|HC|  |TAMS 0x0000000081300000, 0x0000000081200000| Complete 
|  19|0x0000000081300000, 0x0000000081400000, 0x0000000081400000|100%|HS|  |TAMS 0x0000000081400000, 0x0000000081300000| Complete 
|  20|0x0000000081400000, 0x0000000081500000, 0x0000000081500000|100%|HC|  |TAMS 0x0000000081500000, 0x0000000081400000| Complete 
|  21|0x0000000081500000, 0x0000000081600000, 0x0000000081600000|100%|HC|  |TAMS 0x0000000081600000, 0x0000000081500000| Complete 
|  22|0x0000000081600000, 0x0000000081700000, 0x0000000081700000|100%|HS|  |TAMS 0x0000000081700000, 0x0000000081600000| Complete 
|  23|0x0000000081700000, 0x0000000081800000, 0x0000000081800000|100%|HS|  |TAMS 0x0000000081800000, 0x0000000081700000| Complete 
|  24|0x0000000081800000, 0x0000000081900000, 0x0000000081900000|100%|HC|  |TAMS 0x0000000081900000, 0x0000000081800000| Complete 
|  25|0x0000000081900000, 0x0000000081a00000, 0x0000000081a00000|100%|HC|  |TAMS 0x0000000081a00000, 0x0000000081900000| Complete 
|  26|0x0000000081a00000, 0x0000000081b00000, 0x0000000081b00000|100%|HC|  |TAMS 0x0000000081b00000, 0x0000000081a00000| Complete 
|  27|0x0000000081b00000, 0x0000000081c00000, 0x0000000081c00000|100%| O|  |TAMS 0x0000000081c00000, 0x0000000081b00000| Untracked 
|  28|0x0000000081c00000, 0x0000000081d00000, 0x0000000081d00000|100%| O|  |TAMS 0x0000000081d00000, 0x0000000081c00000| Untracked 
|  29|0x0000000081d00000, 0x0000000081e00000, 0x0000000081e00000|100%| O|  |TAMS 0x0000000081e00000, 0x0000000081d00000| Untracked 
|  30|0x0000000081e00000, 0x0000000081f00000, 0x0000000081f00000|100%| O|  |TAMS 0x0000000081f00000, 0x0000000081e00000| Untracked 
|  31|0x0000000081f00000, 0x0000000082000000, 0x0000000082000000|100%| O|  |TAMS 0x0000000082000000, 0x0000000081f00000| Untracked 
|  32|0x0000000082000000, 0x0000000082100000, 0x0000000082100000|100%| O|  |TAMS 0x0000000082100000, 0x0000000082000000| Untracked 
|  33|0x0000000082100000, 0x0000000082200000, 0x0000000082200000|100%| O|  |TAMS 0x0000000082200000, 0x0000000082100000| Untracked 
|  34|0x0000000082200000, 0x0000000082300000, 0x0000000082300000|100%| O|  |TAMS 0x0000000082300000, 0x0000000082200000| Untracked 
|  35|0x0000000082300000, 0x0000000082400000, 0x0000000082400000|100%| O|  |TAMS 0x0000000082400000, 0x0000000082300000| Untracked 
|  36|0x0000000082400000, 0x0000000082500000, 0x0000000082500000|100%| O|  |TAMS 0x0000000082500000, 0x0000000082400000| Untracked 
|  37|0x0000000082500000, 0x0000000082600000, 0x0000000082600000|100%| O|  |TAMS 0x0000000082600000, 0x0000000082500000| Untracked 
|  38|0x0000000082600000, 0x0000000082700000, 0x0000000082700000|100%| O|  |TAMS 0x0000000082700000, 0x0000000082600000| Untracked 
|  39|0x0000000082700000, 0x0000000082800000, 0x0000000082800000|100%|HS|  |TAMS 0x0000000082800000, 0x0000000082700000| Complete 
|  40|0x0000000082800000, 0x0000000082900000, 0x0000000082900000|100%|HC|  |TAMS 0x0000000082900000, 0x0000000082800000| Complete 
|  41|0x0000000082900000, 0x0000000082a00000, 0x0000000082a00000|100%|HC|  |TAMS 0x0000000082a00000, 0x0000000082900000| Complete 
|  42|0x0000000082a00000, 0x0000000082b00000, 0x0000000082b00000|100%| O|  |TAMS 0x0000000082b00000, 0x0000000082a00000| Untracked 
|  43|0x0000000082b00000, 0x0000000082c00000, 0x0000000082c00000|100%|HS|  |TAMS 0x0000000082c00000, 0x0000000082b00000| Complete 
|  44|0x0000000082c00000, 0x0000000082d00000, 0x0000000082d00000|100%| O|  |TAMS 0x0000000082d00000, 0x0000000082c00000| Untracked 
|  45|0x0000000082d00000, 0x0000000082e00000, 0x0000000082e00000|100%| O|  |TAMS 0x0000000082e00000, 0x0000000082d00000| Untracked 
|  46|0x0000000082e00000, 0x0000000082f00000, 0x0000000082f00000|100%| O|  |TAMS 0x0000000082f00000, 0x0000000082e00000| Untracked 
|  47|0x0000000082f00000, 0x0000000083000000, 0x0000000083000000|100%| O|  |TAMS 0x0000000083000000, 0x0000000082f00000| Untracked 
|  48|0x0000000083000000, 0x0000000083100000, 0x0000000083100000|100%| O|  |TAMS 0x0000000083100000, 0x0000000083000000| Untracked 
|  49|0x0000000083100000, 0x0000000083200000, 0x0000000083200000|100%| O|  |TAMS 0x0000000083200000, 0x0000000083100000| Untracked 
|  50|0x0000000083200000, 0x0000000083300000, 0x0000000083300000|100%| O|  |TAMS 0x0000000083300000, 0x0000000083200000| Untracked 
|  51|0x0000000083300000, 0x0000000083400000, 0x0000000083400000|100%| O|  |TAMS 0x0000000083400000, 0x0000000083300000| Untracked 
|  52|0x0000000083400000, 0x0000000083500000, 0x0000000083500000|100%|HS|  |TAMS 0x0000000083500000, 0x0000000083400000| Complete 
|  53|0x0000000083500000, 0x0000000083600000, 0x0000000083600000|100%|HC|  |TAMS 0x0000000083600000, 0x0000000083500000| Complete 
|  54|0x0000000083600000, 0x0000000083700000, 0x0000000083700000|100%|HC|  |TAMS 0x0000000083700000, 0x0000000083600000| Complete 
|  55|0x0000000083700000, 0x0000000083800000, 0x0000000083800000|100%|HC|  |TAMS 0x0000000083800000, 0x0000000083700000| Complete 
|  56|0x0000000083800000, 0x0000000083900000, 0x0000000083900000|100%| O|  |TAMS 0x0000000083900000, 0x0000000083800000| Untracked 
|  57|0x0000000083900000, 0x0000000083a00000, 0x0000000083a00000|100%| O|  |TAMS 0x0000000083a00000, 0x0000000083900000| Untracked 
|  58|0x0000000083a00000, 0x0000000083b00000, 0x0000000083b00000|100%|HS|  |TAMS 0x0000000083b00000, 0x0000000083a00000| Complete 
|  59|0x0000000083b00000, 0x0000000083c00000, 0x0000000083c00000|100%|HS|  |TAMS 0x0000000083c00000, 0x0000000083b00000| Complete 
|  60|0x0000000083c00000, 0x0000000083d00000, 0x0000000083d00000|100%|HC|  |TAMS 0x0000000083d00000, 0x0000000083c00000| Complete 
|  61|0x0000000083d00000, 0x0000000083e00000, 0x0000000083e00000|100%|HC|  |TAMS 0x0000000083e00000, 0x0000000083d00000| Complete 
|  62|0x0000000083e00000, 0x0000000083f00000, 0x0000000083f00000|100%| O|  |TAMS 0x0000000083f00000, 0x0000000083e00000| Untracked 
|  63|0x0000000083f00000, 0x0000000084000000, 0x0000000084000000|100%| O|  |TAMS 0x0000000084000000, 0x0000000083f00000| Untracked 
|  64|0x0000000084000000, 0x0000000084100000, 0x0000000084100000|100%| O|  |TAMS 0x0000000084100000, 0x0000000084000000| Untracked 
|  65|0x0000000084100000, 0x0000000084200000, 0x0000000084200000|100%| O|  |TAMS 0x0000000084200000, 0x0000000084100000| Untracked 
|  66|0x0000000084200000, 0x0000000084300000, 0x0000000084300000|100%| O|  |TAMS 0x0000000084300000, 0x0000000084200000| Untracked 
|  67|0x0000000084300000, 0x0000000084400000, 0x0000000084400000|100%| O|  |TAMS 0x0000000084400000, 0x0000000084300000| Untracked 
|  68|0x0000000084400000, 0x0000000084500000, 0x0000000084500000|100%| O|  |TAMS 0x0000000084500000, 0x0000000084400000| Untracked 
|  69|0x0000000084500000, 0x0000000084600000, 0x0000000084600000|100%| O|  |TAMS 0x0000000084600000, 0x0000000084500000| Untracked 
|  70|0x0000000084600000, 0x0000000084700000, 0x0000000084700000|100%| O|  |TAMS 0x0000000084700000, 0x0000000084600000| Untracked 
|  71|0x0000000084700000, 0x0000000084800000, 0x0000000084800000|100%| O|  |TAMS 0x0000000084800000, 0x0000000084700000| Untracked 
|  72|0x0000000084800000, 0x0000000084900000, 0x0000000084900000|100%| O|  |TAMS 0x0000000084900000, 0x0000000084800000| Untracked 
|  73|0x0000000084900000, 0x0000000084a00000, 0x0000000084a00000|100%| O|  |TAMS 0x0000000084a00000, 0x0000000084900000| Untracked 
|  74|0x0000000084a00000, 0x0000000084b00000, 0x0000000084b00000|100%| O|  |TAMS 0x0000000084b00000, 0x0000000084a00000| Untracked 
|  75|0x0000000084b00000, 0x0000000084c00000, 0x0000000084c00000|100%| O|  |TAMS 0x0000000084c00000, 0x0000000084b00000| Untracked 
|  76|0x0000000084c00000, 0x0000000084d00000, 0x0000000084d00000|100%| O|  |TAMS 0x0000000084d00000, 0x0000000084c00000| Untracked 
|  77|0x0000000084d00000, 0x0000000084e00000, 0x0000000084e00000|100%| O|  |TAMS 0x0000000084e00000, 0x0000000084d00000| Untracked 
|  78|0x0000000084e00000, 0x0000000084f00000, 0x0000000084f00000|100%| O|  |TAMS 0x0000000084f00000, 0x0000000084e00000| Untracked 
|  79|0x0000000084f00000, 0x0000000085000000, 0x0000000085000000|100%| O|  |TAMS 0x0000000085000000, 0x0000000084f00000| Untracked 
|  80|0x0000000085000000, 0x0000000085100000, 0x0000000085100000|100%| O|  |TAMS 0x0000000085100000, 0x0000000085000000| Untracked 
|  81|0x0000000085100000, 0x0000000085200000, 0x0000000085200000|100%| O|  |TAMS 0x0000000085200000, 0x0000000085100000| Untracked 
|  82|0x0000000085200000, 0x0000000085300000, 0x0000000085300000|100%| O|  |TAMS 0x0000000085300000, 0x0000000085200000| Untracked 
|  83|0x0000000085300000, 0x0000000085400000, 0x0000000085400000|100%|HS|  |TAMS 0x0000000085300000, 0x0000000085300000| Complete 
|  84|0x0000000085400000, 0x0000000085500000, 0x0000000085500000|100%| O|  |TAMS 0x0000000085400000, 0x0000000085400000| Untracked 
|  85|0x0000000085500000, 0x0000000085600000, 0x0000000085600000|100%| O|  |TAMS 0x0000000085500000, 0x0000000085500000| Untracked 
|  86|0x0000000085600000, 0x0000000085700000, 0x0000000085700000|100%| O|  |TAMS 0x0000000085600000, 0x0000000085600000| Untracked 
|  87|0x0000000085700000, 0x0000000085800000, 0x0000000085800000|100%| O|  |TAMS 0x0000000085700000, 0x0000000085700000| Untracked 
|  88|0x0000000085800000, 0x0000000085900000, 0x0000000085900000|100%| O|  |TAMS 0x0000000085900000, 0x0000000085800000| Untracked 
|  89|0x0000000085900000, 0x0000000085a00000, 0x0000000085a00000|100%| O|  |TAMS 0x0000000085a00000, 0x0000000085900000| Untracked 
|  90|0x0000000085a00000, 0x0000000085b00000, 0x0000000085b00000|100%| O|  |TAMS 0x0000000085b00000, 0x0000000085a00000| Untracked 
|  91|0x0000000085b00000, 0x0000000085c00000, 0x0000000085c00000|100%| O|  |TAMS 0x0000000085c00000, 0x0000000085b00000| Untracked 
|  92|0x0000000085c00000, 0x0000000085d00000, 0x0000000085d00000|100%| O|  |TAMS 0x0000000085d00000, 0x0000000085c00000| Untracked 
|  93|0x0000000085d00000, 0x0000000085e00000, 0x0000000085e00000|100%| O|  |TAMS 0x0000000085d00000, 0x0000000085d00000| Untracked 
|  94|0x0000000085e00000, 0x0000000085f00000, 0x0000000085f00000|100%| O|  |TAMS 0x0000000085f00000, 0x0000000085e00000| Untracked 
|  95|0x0000000085f00000, 0x0000000086000000, 0x0000000086000000|100%| O|  |TAMS 0x0000000086000000, 0x0000000085f00000| Untracked 
|  96|0x0000000086000000, 0x0000000086100000, 0x0000000086100000|100%| O|  |TAMS 0x0000000086100000, 0x0000000086000000| Untracked 
|  97|0x0000000086100000, 0x0000000086200000, 0x0000000086200000|100%| O|  |TAMS 0x0000000086200000, 0x0000000086100000| Untracked 
|  98|0x0000000086200000, 0x0000000086300000, 0x0000000086300000|100%| O|  |TAMS 0x0000000086300000, 0x0000000086200000| Untracked 
|  99|0x0000000086300000, 0x0000000086400000, 0x0000000086400000|100%| O|  |TAMS 0x0000000086400000, 0x0000000086300000| Untracked 
| 100|0x0000000086400000, 0x0000000086500000, 0x0000000086500000|100%|HS|  |TAMS 0x0000000086400000, 0x0000000086400000| Complete 
| 101|0x0000000086500000, 0x0000000086600000, 0x0000000086600000|100%| O|  |TAMS 0x0000000086600000, 0x0000000086500000| Untracked 
| 102|0x0000000086600000, 0x0000000086700000, 0x0000000086700000|100%| O|  |TAMS 0x0000000086700000, 0x0000000086600000| Untracked 
| 103|0x0000000086700000, 0x0000000086800000, 0x0000000086800000|100%| O|  |TAMS 0x0000000086800000, 0x0000000086700000| Untracked 
| 104|0x0000000086800000, 0x0000000086900000, 0x0000000086900000|100%| O|  |TAMS 0x0000000086900000, 0x0000000086800000| Untracked 
| 105|0x0000000086900000, 0x0000000086a00000, 0x0000000086a00000|100%| O|  |TAMS 0x0000000086a00000, 0x0000000086900000| Untracked 
| 106|0x0000000086a00000, 0x0000000086b00000, 0x0000000086b00000|100%| O|  |TAMS 0x0000000086b00000, 0x0000000086a00000| Untracked 
| 107|0x0000000086b00000, 0x0000000086c00000, 0x0000000086c00000|100%| O|  |TAMS 0x0000000086b00000, 0x0000000086b00000| Untracked 
| 108|0x0000000086c00000, 0x0000000086d00000, 0x0000000086d00000|100%| O|  |TAMS 0x0000000086c00000, 0x0000000086c00000| Untracked 
| 109|0x0000000086d00000, 0x0000000086e00000, 0x0000000086e00000|100%| O|  |TAMS 0x0000000086d00000, 0x0000000086d00000| Untracked 
| 110|0x0000000086e00000, 0x0000000086f00000, 0x0000000086f00000|100%| O|  |TAMS 0x0000000086e00000, 0x0000000086e00000| Untracked 
| 111|0x0000000086f00000, 0x0000000087000000, 0x0000000087000000|100%| O|  |TAMS 0x0000000087000000, 0x0000000086f00000| Untracked 
| 112|0x0000000087000000, 0x0000000087100000, 0x0000000087100000|100%| O|  |TAMS 0x0000000087100000, 0x0000000087000000| Untracked 
| 113|0x0000000087100000, 0x0000000087200000, 0x0000000087200000|100%| O|  |TAMS 0x0000000087200000, 0x0000000087100000| Untracked 
| 114|0x0000000087200000, 0x0000000087300000, 0x0000000087300000|100%| O|  |TAMS 0x0000000087300000, 0x0000000087200000| Untracked 
| 115|0x0000000087300000, 0x0000000087400000, 0x0000000087400000|100%| O|  |TAMS 0x0000000087400000, 0x0000000087300000| Untracked 
| 116|0x0000000087400000, 0x0000000087500000, 0x0000000087500000|100%| O|  |TAMS 0x0000000087500000, 0x0000000087400000| Untracked 
| 117|0x0000000087500000, 0x0000000087600000, 0x0000000087600000|100%| O|  |TAMS 0x0000000087500000, 0x0000000087500000| Untracked 
| 118|0x0000000087600000, 0x0000000087700000, 0x0000000087700000|100%| O|  |TAMS 0x0000000087700000, 0x0000000087600000| Untracked 
| 119|0x0000000087700000, 0x0000000087800000, 0x0000000087800000|100%| O|  |TAMS 0x0000000087800000, 0x0000000087700000| Untracked 
| 120|0x0000000087800000, 0x0000000087900000, 0x0000000087900000|100%| O|  |TAMS 0x0000000087900000, 0x0000000087800000| Untracked 
| 121|0x0000000087900000, 0x0000000087a00000, 0x0000000087a00000|100%| O|  |TAMS 0x0000000087a00000, 0x0000000087900000| Untracked 
| 122|0x0000000087a00000, 0x0000000087b00000, 0x0000000087b00000|100%| O|  |TAMS 0x0000000087b00000, 0x0000000087a00000| Untracked 
| 123|0x0000000087b00000, 0x0000000087c00000, 0x0000000087c00000|100%| O|  |TAMS 0x0000000087c00000, 0x0000000087b00000| Untracked 
| 124|0x0000000087c00000, 0x0000000087d00000, 0x0000000087d00000|100%| O|  |TAMS 0x0000000087d00000, 0x0000000087c00000| Untracked 
| 125|0x0000000087d00000, 0x0000000087e00000, 0x0000000087e00000|100%| O|  |TAMS 0x0000000087e00000, 0x0000000087d00000| Untracked 
| 126|0x0000000087e00000, 0x0000000087f00000, 0x0000000087f00000|100%| O|  |TAMS 0x0000000087f00000, 0x0000000087e00000| Untracked 
| 127|0x0000000087f00000, 0x0000000088000000, 0x0000000088000000|100%| O|  |TAMS 0x0000000088000000, 0x0000000087f00000| Untracked 
| 128|0x0000000088000000, 0x0000000088100000, 0x0000000088100000|100%| O|  |TAMS 0x000000008802c800, 0x0000000088000000| Untracked 
| 129|0x0000000088100000, 0x0000000088200000, 0x0000000088200000|100%|HS|  |TAMS 0x0000000088100000, 0x0000000088100000| Complete 
| 130|0x0000000088200000, 0x0000000088300000, 0x0000000088300000|100%| O|  |TAMS 0x0000000088200000, 0x0000000088200000| Untracked 
| 131|0x0000000088300000, 0x0000000088400000, 0x0000000088400000|100%| O|  |TAMS 0x0000000088300000, 0x0000000088300000| Untracked 
| 132|0x0000000088400000, 0x0000000088500000, 0x0000000088500000|100%| O|  |TAMS 0x0000000088400000, 0x0000000088400000| Untracked 
| 133|0x0000000088500000, 0x0000000088600000, 0x0000000088600000|100%| O|  |TAMS 0x0000000088500000, 0x0000000088500000| Untracked 
| 134|0x0000000088600000, 0x0000000088700000, 0x0000000088700000|100%| O|  |TAMS 0x0000000088600000, 0x0000000088600000| Untracked 
| 135|0x0000000088700000, 0x0000000088800000, 0x0000000088800000|100%| O|  |TAMS 0x0000000088700000, 0x0000000088700000| Untracked 
| 136|0x0000000088800000, 0x0000000088900000, 0x0000000088900000|100%| O|  |TAMS 0x0000000088800000, 0x0000000088800000| Untracked 
| 137|0x0000000088900000, 0x0000000088a00000, 0x0000000088a00000|100%| O|  |TAMS 0x0000000088900000, 0x0000000088900000| Untracked 
| 138|0x0000000088a00000, 0x0000000088b00000, 0x0000000088b00000|100%| O|  |TAMS 0x0000000088a00000, 0x0000000088a00000| Untracked 
| 139|0x0000000088b00000, 0x0000000088c00000, 0x0000000088c00000|100%| O|  |TAMS 0x0000000088b00000, 0x0000000088b00000| Untracked 
| 140|0x0000000088c00000, 0x0000000088c61e00, 0x0000000088d00000| 38%| O|  |TAMS 0x0000000088c00000, 0x0000000088c00000| Untracked 
| 141|0x0000000088d00000, 0x0000000088e00000, 0x0000000088e00000|100%|HS|  |TAMS 0x0000000088d00000, 0x0000000088d00000| Complete 
| 142|0x0000000088e00000, 0x0000000088e00000, 0x0000000088f00000|  0%| F|  |TAMS 0x0000000088e00000, 0x0000000088e00000| Untracked 
| 143|0x0000000088f00000, 0x0000000088f00000, 0x0000000089000000|  0%| F|  |TAMS 0x0000000088f00000, 0x0000000088f00000| Untracked 
| 144|0x0000000089000000, 0x0000000089000000, 0x0000000089100000|  0%| F|  |TAMS 0x0000000089000000, 0x0000000089000000| Untracked 
| 145|0x0000000089100000, 0x0000000089100000, 0x0000000089200000|  0%| F|  |TAMS 0x0000000089100000, 0x0000000089100000| Untracked 
| 146|0x0000000089200000, 0x0000000089200000, 0x0000000089300000|  0%| F|  |TAMS 0x0000000089200000, 0x0000000089200000| Untracked 
| 147|0x0000000089300000, 0x0000000089300000, 0x0000000089400000|  0%| F|  |TAMS 0x0000000089300000, 0x0000000089300000| Untracked 
| 148|0x0000000089400000, 0x0000000089400000, 0x0000000089500000|  0%| F|  |TAMS 0x0000000089400000, 0x0000000089400000| Untracked 
| 149|0x0000000089500000, 0x0000000089500000, 0x0000000089600000|  0%| F|  |TAMS 0x0000000089500000, 0x0000000089500000| Untracked 
| 150|0x0000000089600000, 0x0000000089600000, 0x0000000089700000|  0%| F|  |TAMS 0x0000000089600000, 0x0000000089600000| Untracked 
| 151|0x0000000089700000, 0x0000000089700000, 0x0000000089800000|  0%| F|  |TAMS 0x0000000089700000, 0x0000000089700000| Untracked 
| 152|0x0000000089800000, 0x0000000089800000, 0x0000000089900000|  0%| F|  |TAMS 0x0000000089800000, 0x0000000089800000| Untracked 
| 153|0x0000000089900000, 0x0000000089900000, 0x0000000089a00000|  0%| F|  |TAMS 0x0000000089900000, 0x0000000089900000| Untracked 
| 154|0x0000000089a00000, 0x0000000089a00000, 0x0000000089b00000|  0%| F|  |TAMS 0x0000000089a00000, 0x0000000089a00000| Untracked 
| 155|0x0000000089b00000, 0x0000000089b00000, 0x0000000089c00000|  0%| F|  |TAMS 0x0000000089b00000, 0x0000000089b00000| Untracked 
| 156|0x0000000089c00000, 0x0000000089c00000, 0x0000000089d00000|  0%| F|  |TAMS 0x0000000089c00000, 0x0000000089c00000| Untracked 
| 157|0x0000000089d00000, 0x0000000089d00000, 0x0000000089e00000|  0%| F|  |TAMS 0x0000000089d00000, 0x0000000089d00000| Untracked 
| 158|0x0000000089e00000, 0x0000000089e00000, 0x0000000089f00000|  0%| F|  |TAMS 0x0000000089e00000, 0x0000000089e00000| Untracked 
| 159|0x0000000089f00000, 0x0000000089f00000, 0x000000008a000000|  0%| F|  |TAMS 0x0000000089f00000, 0x0000000089f00000| Untracked 
| 160|0x000000008a000000, 0x000000008a000000, 0x000000008a100000|  0%| F|  |TAMS 0x000000008a000000, 0x000000008a000000| Untracked 
| 161|0x000000008a100000, 0x000000008a100000, 0x000000008a200000|  0%| F|  |TAMS 0x000000008a100000, 0x000000008a100000| Untracked 
| 162|0x000000008a200000, 0x000000008a200000, 0x000000008a300000|  0%| F|  |TAMS 0x000000008a200000, 0x000000008a200000| Untracked 
| 163|0x000000008a300000, 0x000000008a300000, 0x000000008a400000|  0%| F|  |TAMS 0x000000008a300000, 0x000000008a300000| Untracked 
| 164|0x000000008a400000, 0x000000008a400000, 0x000000008a500000|  0%| F|  |TAMS 0x000000008a400000, 0x000000008a400000| Untracked 
| 165|0x000000008a500000, 0x000000008a500000, 0x000000008a600000|  0%| F|  |TAMS 0x000000008a500000, 0x000000008a500000| Untracked 
| 166|0x000000008a600000, 0x000000008a600000, 0x000000008a700000|  0%| F|  |TAMS 0x000000008a600000, 0x000000008a600000| Untracked 
| 167|0x000000008a700000, 0x000000008a700000, 0x000000008a800000|  0%| F|  |TAMS 0x000000008a700000, 0x000000008a700000| Untracked 
| 168|0x000000008a800000, 0x000000008a800000, 0x000000008a900000|  0%| F|  |TAMS 0x000000008a800000, 0x000000008a800000| Untracked 
| 169|0x000000008a900000, 0x000000008a900000, 0x000000008aa00000|  0%| F|  |TAMS 0x000000008a900000, 0x000000008a900000| Untracked 
| 170|0x000000008aa00000, 0x000000008aa00000, 0x000000008ab00000|  0%| F|  |TAMS 0x000000008aa00000, 0x000000008aa00000| Untracked 
| 171|0x000000008ab00000, 0x000000008ab00000, 0x000000008ac00000|  0%| F|  |TAMS 0x000000008ab00000, 0x000000008ab00000| Untracked 
| 172|0x000000008ac00000, 0x000000008ac00000, 0x000000008ad00000|  0%| F|  |TAMS 0x000000008ac00000, 0x000000008ac00000| Untracked 
| 173|0x000000008ad00000, 0x000000008ad00000, 0x000000008ae00000|  0%| F|  |TAMS 0x000000008ad00000, 0x000000008ad00000| Untracked 
| 174|0x000000008ae00000, 0x000000008ae00000, 0x000000008af00000|  0%| F|  |TAMS 0x000000008ae00000, 0x000000008ae00000| Untracked 
| 175|0x000000008af00000, 0x000000008af00000, 0x000000008b000000|  0%| F|  |TAMS 0x000000008af00000, 0x000000008af00000| Untracked 
| 176|0x000000008b000000, 0x000000008b000000, 0x000000008b100000|  0%| F|  |TAMS 0x000000008b000000, 0x000000008b000000| Untracked 
| 177|0x000000008b100000, 0x000000008b100000, 0x000000008b200000|  0%| F|  |TAMS 0x000000008b100000, 0x000000008b100000| Untracked 
| 178|0x000000008b200000, 0x000000008b200000, 0x000000008b300000|  0%| F|  |TAMS 0x000000008b200000, 0x000000008b200000| Untracked 
| 179|0x000000008b300000, 0x000000008b300000, 0x000000008b400000|  0%| F|  |TAMS 0x000000008b300000, 0x000000008b300000| Untracked 
| 180|0x000000008b400000, 0x000000008b400000, 0x000000008b500000|  0%| F|  |TAMS 0x000000008b400000, 0x000000008b400000| Untracked 
| 181|0x000000008b500000, 0x000000008b500000, 0x000000008b600000|  0%| F|  |TAMS 0x000000008b500000, 0x000000008b500000| Untracked 
| 182|0x000000008b600000, 0x000000008b600000, 0x000000008b700000|  0%| F|  |TAMS 0x000000008b600000, 0x000000008b600000| Untracked 
| 183|0x000000008b700000, 0x000000008b700000, 0x000000008b800000|  0%| F|  |TAMS 0x000000008b700000, 0x000000008b700000| Untracked 
| 184|0x000000008b800000, 0x000000008b800000, 0x000000008b900000|  0%| F|  |TAMS 0x000000008b800000, 0x000000008b800000| Untracked 
| 185|0x000000008b900000, 0x000000008b900000, 0x000000008ba00000|  0%| F|  |TAMS 0x000000008b900000, 0x000000008b900000| Untracked 
| 186|0x000000008ba00000, 0x000000008ba00000, 0x000000008bb00000|  0%| F|  |TAMS 0x000000008ba00000, 0x000000008ba00000| Untracked 
| 187|0x000000008bb00000, 0x000000008bb00000, 0x000000008bc00000|  0%| F|  |TAMS 0x000000008bb00000, 0x000000008bb00000| Untracked 
| 188|0x000000008bc00000, 0x000000008bc00000, 0x000000008bd00000|  0%| F|  |TAMS 0x000000008bc00000, 0x000000008bc00000| Untracked 
| 189|0x000000008bd00000, 0x000000008bd00000, 0x000000008be00000|  0%| F|  |TAMS 0x000000008bd00000, 0x000000008bd00000| Untracked 
| 190|0x000000008be00000, 0x000000008be00000, 0x000000008bf00000|  0%| F|  |TAMS 0x000000008be00000, 0x000000008be00000| Untracked 
| 191|0x000000008bf00000, 0x000000008bf00000, 0x000000008c000000|  0%| F|  |TAMS 0x000000008bf00000, 0x000000008bf00000| Untracked 
| 192|0x000000008c000000, 0x000000008c000000, 0x000000008c100000|  0%| F|  |TAMS 0x000000008c000000, 0x000000008c000000| Untracked 
| 193|0x000000008c100000, 0x000000008c100000, 0x000000008c200000|  0%| F|  |TAMS 0x000000008c100000, 0x000000008c100000| Untracked 
| 194|0x000000008c200000, 0x000000008c200000, 0x000000008c300000|  0%| F|  |TAMS 0x000000008c200000, 0x000000008c200000| Untracked 
| 195|0x000000008c300000, 0x000000008c300000, 0x000000008c400000|  0%| F|  |TAMS 0x000000008c300000, 0x000000008c300000| Untracked 
| 196|0x000000008c400000, 0x000000008c400000, 0x000000008c500000|  0%| F|  |TAMS 0x000000008c400000, 0x000000008c400000| Untracked 
| 197|0x000000008c500000, 0x000000008c500000, 0x000000008c600000|  0%| F|  |TAMS 0x000000008c500000, 0x000000008c500000| Untracked 
| 198|0x000000008c600000, 0x000000008c600000, 0x000000008c700000|  0%| F|  |TAMS 0x000000008c600000, 0x000000008c600000| Untracked 
| 199|0x000000008c700000, 0x000000008c700000, 0x000000008c800000|  0%| F|  |TAMS 0x000000008c700000, 0x000000008c700000| Untracked 
| 200|0x000000008c800000, 0x000000008c800000, 0x000000008c900000|  0%| F|  |TAMS 0x000000008c800000, 0x000000008c800000| Untracked 
| 201|0x000000008c900000, 0x000000008c900000, 0x000000008ca00000|  0%| F|  |TAMS 0x000000008c900000, 0x000000008c900000| Untracked 
| 202|0x000000008ca00000, 0x000000008ca00000, 0x000000008cb00000|  0%| F|  |TAMS 0x000000008ca00000, 0x000000008ca00000| Untracked 
| 203|0x000000008cb00000, 0x000000008cb00000, 0x000000008cc00000|  0%| F|  |TAMS 0x000000008cb00000, 0x000000008cb00000| Untracked 
| 204|0x000000008cc00000, 0x000000008cc00000, 0x000000008cd00000|  0%| F|  |TAMS 0x000000008cc00000, 0x000000008cc00000| Untracked 
| 205|0x000000008cd00000, 0x000000008cd00000, 0x000000008ce00000|  0%| F|  |TAMS 0x000000008cd00000, 0x000000008cd00000| Untracked 
| 206|0x000000008ce00000, 0x000000008ce00000, 0x000000008cf00000|  0%| F|  |TAMS 0x000000008ce00000, 0x000000008ce00000| Untracked 
| 207|0x000000008cf00000, 0x000000008cf00000, 0x000000008d000000|  0%| F|  |TAMS 0x000000008cf00000, 0x000000008cf00000| Untracked 
| 208|0x000000008d000000, 0x000000008d000000, 0x000000008d100000|  0%| F|  |TAMS 0x000000008d000000, 0x000000008d000000| Untracked 
| 209|0x000000008d100000, 0x000000008d100000, 0x000000008d200000|  0%| F|  |TAMS 0x000000008d100000, 0x000000008d100000| Untracked 
| 210|0x000000008d200000, 0x000000008d200000, 0x000000008d300000|  0%| F|  |TAMS 0x000000008d200000, 0x000000008d200000| Untracked 
| 211|0x000000008d300000, 0x000000008d300000, 0x000000008d400000|  0%| F|  |TAMS 0x000000008d300000, 0x000000008d300000| Untracked 
| 212|0x000000008d400000, 0x000000008d400000, 0x000000008d500000|  0%| F|  |TAMS 0x000000008d400000, 0x000000008d400000| Untracked 
| 213|0x000000008d500000, 0x000000008d500000, 0x000000008d600000|  0%| F|  |TAMS 0x000000008d500000, 0x000000008d500000| Untracked 
| 214|0x000000008d600000, 0x000000008d600000, 0x000000008d700000|  0%| F|  |TAMS 0x000000008d600000, 0x000000008d600000| Untracked 
| 215|0x000000008d700000, 0x000000008d700000, 0x000000008d800000|  0%| F|  |TAMS 0x000000008d700000, 0x000000008d700000| Untracked 
| 216|0x000000008d800000, 0x000000008d800000, 0x000000008d900000|  0%| F|  |TAMS 0x000000008d800000, 0x000000008d800000| Untracked 
| 217|0x000000008d900000, 0x000000008d900000, 0x000000008da00000|  0%| F|  |TAMS 0x000000008d900000, 0x000000008d900000| Untracked 
| 218|0x000000008da00000, 0x000000008da00000, 0x000000008db00000|  0%| F|  |TAMS 0x000000008da00000, 0x000000008da00000| Untracked 
| 219|0x000000008db00000, 0x000000008db00000, 0x000000008dc00000|  0%| F|  |TAMS 0x000000008db00000, 0x000000008db00000| Untracked 
| 220|0x000000008dc00000, 0x000000008dc00000, 0x000000008dd00000|  0%| F|  |TAMS 0x000000008dc00000, 0x000000008dc00000| Untracked 
| 221|0x000000008dd00000, 0x000000008dd00000, 0x000000008de00000|  0%| F|  |TAMS 0x000000008dd00000, 0x000000008dd00000| Untracked 
| 222|0x000000008de00000, 0x000000008de00000, 0x000000008df00000|  0%| F|  |TAMS 0x000000008de00000, 0x000000008de00000| Untracked 
| 223|0x000000008df00000, 0x000000008df00000, 0x000000008e000000|  0%| F|  |TAMS 0x000000008df00000, 0x000000008df00000| Untracked 
| 224|0x000000008e000000, 0x000000008e000000, 0x000000008e100000|  0%| F|  |TAMS 0x000000008e000000, 0x000000008e000000| Untracked 
| 225|0x000000008e100000, 0x000000008e100000, 0x000000008e200000|  0%| F|  |TAMS 0x000000008e100000, 0x000000008e100000| Untracked 
| 226|0x000000008e200000, 0x000000008e200000, 0x000000008e300000|  0%| F|  |TAMS 0x000000008e200000, 0x000000008e200000| Untracked 
| 227|0x000000008e300000, 0x000000008e300000, 0x000000008e400000|  0%| F|  |TAMS 0x000000008e300000, 0x000000008e300000| Untracked 
| 228|0x000000008e400000, 0x000000008e400000, 0x000000008e500000|  0%| F|  |TAMS 0x000000008e400000, 0x000000008e400000| Untracked 
| 229|0x000000008e500000, 0x000000008e500000, 0x000000008e600000|  0%| F|  |TAMS 0x000000008e500000, 0x000000008e500000| Untracked 
| 230|0x000000008e600000, 0x000000008e600000, 0x000000008e700000|  0%| F|  |TAMS 0x000000008e600000, 0x000000008e600000| Untracked 
| 231|0x000000008e700000, 0x000000008e700000, 0x000000008e800000|  0%| F|  |TAMS 0x000000008e700000, 0x000000008e700000| Untracked 
| 232|0x000000008e800000, 0x000000008e800000, 0x000000008e900000|  0%| F|  |TAMS 0x000000008e800000, 0x000000008e800000| Untracked 
| 233|0x000000008e900000, 0x000000008e900000, 0x000000008ea00000|  0%| F|  |TAMS 0x000000008e900000, 0x000000008e900000| Untracked 
| 234|0x000000008ea00000, 0x000000008ea00000, 0x000000008eb00000|  0%| F|  |TAMS 0x000000008ea00000, 0x000000008ea00000| Untracked 
| 235|0x000000008eb00000, 0x000000008eb00000, 0x000000008ec00000|  0%| F|  |TAMS 0x000000008eb00000, 0x000000008eb00000| Untracked 
| 236|0x000000008ec00000, 0x000000008ec00000, 0x000000008ed00000|  0%| F|  |TAMS 0x000000008ec00000, 0x000000008ec00000| Untracked 
| 237|0x000000008ed00000, 0x000000008ed00000, 0x000000008ee00000|  0%| F|  |TAMS 0x000000008ed00000, 0x000000008ed00000| Untracked 
| 238|0x000000008ee00000, 0x000000008ee00000, 0x000000008ef00000|  0%| F|  |TAMS 0x000000008ee00000, 0x000000008ee00000| Untracked 
| 239|0x000000008ef00000, 0x000000008ef00000, 0x000000008f000000|  0%| F|  |TAMS 0x000000008ef00000, 0x000000008ef00000| Untracked 
| 240|0x000000008f000000, 0x000000008f000000, 0x000000008f100000|  0%| F|  |TAMS 0x000000008f000000, 0x000000008f000000| Untracked 
| 241|0x000000008f100000, 0x000000008f1054f0, 0x000000008f200000|  2%| E|  |TAMS 0x000000008f100000, 0x000000008f100000| Complete 
| 242|0x000000008f200000, 0x000000008f2fb108, 0x000000008f300000| 98%| E|  |TAMS 0x000000008f200000, 0x000000008f200000| Complete 
| 243|0x000000008f300000, 0x000000008f400000, 0x000000008f400000|100%| E|CS|TAMS 0x000000008f300000, 0x000000008f300000| Complete 
| 244|0x000000008f400000, 0x000000008f500000, 0x000000008f500000|100%| E|CS|TAMS 0x000000008f400000, 0x000000008f400000| Complete 
| 245|0x000000008f500000, 0x000000008f600000, 0x000000008f600000|100%| E|CS|TAMS 0x000000008f500000, 0x000000008f500000| Complete 
| 246|0x000000008f600000, 0x000000008f700000, 0x000000008f700000|100%| E|CS|TAMS 0x000000008f600000, 0x000000008f600000| Complete 
| 247|0x000000008f700000, 0x000000008f7fcff8, 0x000000008f800000| 98%| S|CS|TAMS 0x000000008f700000, 0x000000008f700000| Complete 
| 248|0x000000008f800000, 0x000000008f900000, 0x000000008f900000|100%| E|CS|TAMS 0x000000008f800000, 0x000000008f800000| Complete 
| 249|0x000000008f900000, 0x000000008fa00000, 0x000000008fa00000|100%| E|CS|TAMS 0x000000008f900000, 0x000000008f900000| Complete 
| 250|0x000000008fa00000, 0x000000008fb00000, 0x000000008fb00000|100%| E|CS|TAMS 0x000000008fa00000, 0x000000008fa00000| Complete 
| 251|0x000000008fb00000, 0x000000008fc00000, 0x000000008fc00000|100%| E|CS|TAMS 0x000000008fb00000, 0x000000008fb00000| Complete 
| 252|0x000000008fc00000, 0x000000008fd00000, 0x000000008fd00000|100%| E|CS|TAMS 0x000000008fc00000, 0x000000008fc00000| Complete 
| 253|0x000000008fd00000, 0x000000008fe00000, 0x000000008fe00000|100%| E|CS|TAMS 0x000000008fd00000, 0x000000008fd00000| Complete 
| 254|0x000000008fe00000, 0x000000008ff00000, 0x000000008ff00000|100%| E|CS|TAMS 0x000000008fe00000, 0x000000008fe00000| Complete 
| 255|0x000000008ff00000, 0x0000000090000000, 0x0000000090000000|100%| E|CS|TAMS 0x000000008ff00000, 0x000000008ff00000| Complete 
| 256|0x0000000090000000, 0x0000000090100000, 0x0000000090100000|100%| E|CS|TAMS 0x0000000090000000, 0x0000000090000000| Complete 

Card table byte_map: [0x000001e49d8b0000,0x000001e49dcb0000] _byte_map_base: 0x000001e49d4b0000

Marking Bits (Prev, Next): (CMBitMap*) 0x000001e48a9df408, (CMBitMap*) 0x000001e48a9df440
 Prev Bits: [0x000001e49e0b0000, 0x000001e4a00b0000)
 Next Bits: [0x000001e4a00b0000, 0x000001e4a20b0000)

Polling page: 0x000001e488950000

Metaspace:

Usage:
  Non-class:     74.25 MB capacity,    72.39 MB ( 97%) used,     1.58 MB (  2%) free+waste,   292.38 KB ( <1%) overhead. 
      Class:     11.78 MB capacity,    10.73 MB ( 91%) used,   935.88 KB (  8%) free+waste,   138.75 KB (  1%) overhead. 
       Both:     86.04 MB capacity,    83.12 MB ( 97%) used,     2.49 MB (  3%) free+waste,   431.13 KB ( <1%) overhead. 

Virtual space:
  Non-class space:       76.00 MB reserved,      74.50 MB ( 98%) committed 
      Class space:      504.00 MB reserved,      11.88 MB (  2%) committed 
             Both:      580.00 MB reserved,      86.38 MB ( 15%) committed 

Chunk freelists:
   Non-Class:  60.00 KB
       Class:  0 bytes
        Both:  60.00 KB

MaxMetaspaceSize: 512.00 MB
CompressedClassSpaceSize: 504.00 MB
Initial GC threshold: 20.80 MB
Current GC threshold: 142.09 MB
CDS: off

CodeHeap 'non-profiled nmethods': size=120064Kb used=6609Kb max_used=6609Kb free=113454Kb
 bounds [0x000001e495f70000, 0x000001e4965f0000, 0x000001e49d4b0000]
CodeHeap 'profiled nmethods': size=120000Kb used=24888Kb max_used=24888Kb free=95111Kb
 bounds [0x000001e48ea40000, 0x000001e490290000, 0x000001e495f70000]
CodeHeap 'non-nmethods': size=5696Kb used=2408Kb max_used=2448Kb free=3287Kb
 bounds [0x000001e48e4b0000, 0x000001e48e720000, 0x000001e48ea40000]
 total_blobs=11946 nmethods=11013 adapters=843
 compilation: enabled
              stopped_count=0, restarted_count=0
 full_count=0

Compilation events (20 events):
Event: 105.103 Thread 0x000001e4a4dbc800 nmethod 11127 0x000001e490286490 code [0x000001e490286680, 0x000001e490286b28]
Event: 105.103 Thread 0x000001e4a4dbc800 11128       3       org.gradle.cache.internal.btree.FileBackedBlockStore$BlockImpl::<init> (12 bytes)
Event: 105.104 Thread 0x000001e4a4dbc800 nmethod 11128 0x000001e490286d10 code [0x000001e490286f00, 0x000001e4902873d8]
Event: 105.113 Thread 0x000001e4a4dbc800 11129       3       org.gradle.cache.internal.btree.BTreePersistentIndexedCache$IndexBlock::read (94 bytes)
Event: 105.115 Thread 0x000001e4a4dbc800 nmethod 11129 0x000001e490287590 code [0x000001e490287800, 0x000001e490287f98]
Event: 105.148 Thread 0x000001e4a4db8800 11130       4       java.util.concurrent.locks.AbstractQueuedSynchronizer::hasQueuedPredecessors (76 bytes)
Event: 105.151 Thread 0x000001e4a4db8800 nmethod 11130 0x000001e4965e1910 code [0x000001e4965e1aa0, 0x000001e4965e1b58]
Event: 105.154 Thread 0x000001e4a4db8800 11131       4       java.util.concurrent.locks.ReentrantLock$FairSync::tryAcquire (74 bytes)
Event: 105.161 Thread 0x000001e4a4db8800 nmethod 11131 0x000001e4965e1c10 code [0x000001e4965e1da0, 0x000001e4965e1f98]
Event: 105.161 Thread 0x000001e4a4db8800 11132       4       java.math.BigInteger::makePositive (259 bytes)
Event: 105.166 Thread 0x000001e4a4dbc800 11133       3       org.gradle.internal.fingerprint.impl.IgnoredPathFileSystemLocationFingerprint::appendToHasher (11 bytes)
Event: 105.168 Thread 0x000001e4a4dbc800 nmethod 11133 0x000001e490288290 code [0x000001e4902884e0, 0x000001e490288d38]
Event: 105.181 Thread 0x000001e4a4db8800 nmethod 11132 0x000001e4965e2090 code [0x000001e4965e2240, 0x000001e4965e2878]
Event: 105.184 Thread 0x000001e4a4db8800 11134 %     4       java.net.URI::quote @ 21 (196 bytes)
Event: 105.208 Thread 0x000001e4a4db8800 nmethod 11134% 0x000001e4965e2c90 code [0x000001e4965e2e40, 0x000001e4965e3638]
Event: 105.500 Thread 0x000001e4a4db8800 11135       4       java.math.BigInteger::stripLeadingZeroBytes (141 bytes)
Event: 105.510 Thread 0x000001e4a4db8800 nmethod 11135 0x000001e4965e3910 code [0x000001e4965e3ac0, 0x000001e4965e3fb8]
Event: 105.834 Thread 0x000001e4a4db8800 11136 %     4       org.gradle.internal.instantiation.generator.AbstractClassGenerator::inspectType @ 107 (560 bytes)
Event: 105.992 Thread 0x000001e4a4dbc800 11138       1       groovy.lang.MetaClassImpl::isInitialized (5 bytes)
Event: 105.992 Thread 0x000001e4a4dbc800 nmethod 11138 0x000001e4965e4290 code [0x000001e4965e4440, 0x000001e4965e44f8]

GC Heap History (20 events):
Event: 98.204 GC heap before
{Heap before GC invocations=78 (full 0):
 garbage-first heap   total 172032K, used 113174K [0x0000000080000000, 0x0000000100000000)
  region size 1024K, 7 young (7168K), 2 survivors (2048K)
 Metaspace       used 84133K, capacity 86892K, committed 87040K, reserved 591872K
  class space    used 10893K, capacity 11954K, committed 12032K, reserved 516096K
}
Event: 98.214 GC heap after
{Heap after GC invocations=79 (full 0):
 garbage-first heap   total 172032K, used 111294K [0x0000000080000000, 0x0000000100000000)
  region size 1024K, 2 young (2048K), 2 survivors (2048K)
 Metaspace       used 84133K, capacity 86892K, committed 87040K, reserved 591872K
  class space    used 10893K, capacity 11954K, committed 12032K, reserved 516096K
}
Event: 98.722 GC heap before
{Heap before GC invocations=80 (full 0):
 garbage-first heap   total 172032K, used 127678K [0x0000000080000000, 0x0000000100000000)
  region size 1024K, 20 young (20480K), 2 survivors (2048K)
 Metaspace       used 84173K, capacity 86959K, committed 87040K, reserved 591872K
  class space    used 10897K, capacity 11955K, committed 12032K, reserved 516096K
}
Event: 98.747 GC heap after
{Heap after GC invocations=81 (full 0):
 garbage-first heap   total 172032K, used 117443K [0x0000000080000000, 0x0000000100000000)
  region size 1024K, 3 young (3072K), 3 survivors (3072K)
 Metaspace       used 84173K, capacity 86959K, committed 87040K, reserved 591872K
  class space    used 10897K, capacity 11955K, committed 12032K, reserved 516096K
}
Event: 98.799 GC heap before
{Heap before GC invocations=81 (full 0):
 garbage-first heap   total 172032K, used 122563K [0x0000000080000000, 0x0000000100000000)
  region size 1024K, 8 young (8192K), 3 survivors (3072K)
 Metaspace       used 84173K, capacity 86959K, committed 87040K, reserved 591872K
  class space    used 10897K, capacity 11955K, committed 12032K, reserved 516096K
}
Event: 98.814 GC heap after
{Heap after GC invocations=82 (full 0):
 garbage-first heap   total 172032K, used 115922K [0x0000000080000000, 0x0000000100000000)
  region size 1024K, 1 young (1024K), 1 survivors (1024K)
 Metaspace       used 84173K, capacity 86959K, committed 87040K, reserved 591872K
  class space    used 10897K, capacity 11955K, committed 12032K, reserved 516096K
}
Event: 98.952 GC heap before
{Heap before GC invocations=82 (full 0):
 garbage-first heap   total 172032K, used 124114K [0x0000000080000000, 0x0000000100000000)
  region size 1024K, 10 young (10240K), 1 survivors (1024K)
 Metaspace       used 84173K, capacity 86959K, committed 87040K, reserved 591872K
  class space    used 10897K, capacity 11955K, committed 12032K, reserved 516096K
}
Event: 98.971 GC heap after
{Heap after GC invocations=83 (full 0):
 garbage-first heap   total 172032K, used 121244K [0x0000000080000000, 0x0000000100000000)
  region size 1024K, 3 young (3072K), 3 survivors (3072K)
 Metaspace       used 84173K, capacity 86959K, committed 87040K, reserved 591872K
  class space    used 10897K, capacity 11955K, committed 12032K, reserved 516096K
}
Event: 99.532 GC heap before
{Heap before GC invocations=84 (full 0):
 garbage-first heap   total 172032K, used 134556K [0x0000000080000000, 0x0000000100000000)
  region size 1024K, 16 young (16384K), 3 survivors (3072K)
 Metaspace       used 84180K, capacity 86959K, committed 87040K, reserved 591872K
  class space    used 10897K, capacity 11955K, committed 12032K, reserved 516096K
}
Event: 99.565 GC heap after
{Heap after GC invocations=85 (full 0):
 garbage-first heap   total 206848K, used 129825K [0x0000000080000000, 0x0000000100000000)
  region size 1024K, 2 young (2048K), 2 survivors (2048K)
 Metaspace       used 84180K, capacity 86959K, committed 87040K, reserved 591872K
  class space    used 10897K, capacity 11955K, committed 12032K, reserved 516096K
}
Event: 99.702 GC heap before
{Heap before GC invocations=85 (full 0):
 garbage-first heap   total 206848K, used 138017K [0x0000000080000000, 0x0000000100000000)
  region size 1024K, 10 young (10240K), 2 survivors (2048K)
 Metaspace       used 84180K, capacity 86959K, committed 87040K, reserved 591872K
  class space    used 10897K, capacity 11955K, committed 12032K, reserved 516096K
}
Event: 99.718 GC heap after
{Heap after GC invocations=86 (full 0):
 garbage-first heap   total 206848K, used 127324K [0x0000000080000000, 0x0000000100000000)
  region size 1024K, 2 young (2048K), 2 survivors (2048K)
 Metaspace       used 84180K, capacity 86959K, committed 87040K, reserved 591872K
  class space    used 10897K, capacity 11955K, committed 12032K, reserved 516096K
}
Event: 100.115 GC heap before
{Heap before GC invocations=86 (full 0):
 garbage-first heap   total 206848K, used 145756K [0x0000000080000000, 0x0000000100000000)
  region size 1024K, 21 young (21504K), 2 survivors (2048K)
 Metaspace       used 84201K, capacity 86995K, committed 87040K, reserved 591872K
  class space    used 10900K, capacity 11988K, committed 12032K, reserved 516096K
}
Event: 100.145 GC heap after
{Heap after GC invocations=87 (full 0):
 garbage-first heap   total 206848K, used 134322K [0x0000000080000000, 0x0000000100000000)
  region size 1024K, 3 young (3072K), 3 survivors (3072K)
 Metaspace       used 84201K, capacity 86995K, committed 87040K, reserved 591872K
  class space    used 10900K, capacity 11988K, committed 12032K, reserved 516096K
}
Event: 100.503 GC heap before
{Heap before GC invocations=87 (full 0):
 garbage-first heap   total 206848K, used 153778K [0x0000000080000000, 0x0000000100000000)
  region size 1024K, 22 young (22528K), 3 survivors (3072K)
 Metaspace       used 84243K, capacity 87069K, committed 87296K, reserved 591872K
  class space    used 10907K, capacity 11991K, committed 12032K, reserved 516096K
}
Event: 100.540 GC heap after
{Heap after GC invocations=88 (full 0):
 garbage-first heap   total 206848K, used 144870K [0x0000000080000000, 0x0000000100000000)
  region size 1024K, 3 young (3072K), 3 survivors (3072K)
 Metaspace       used 84243K, capacity 87069K, committed 87296K, reserved 591872K
  class space    used 10907K, capacity 11991K, committed 12032K, reserved 516096K
}
Event: 102.182 GC heap before
{Heap before GC invocations=89 (full 0):
 garbage-first heap   total 206848K, used 149990K [0x0000000080000000, 0x0000000100000000)
  region size 1024K, 19 young (19456K), 3 survivors (3072K)
 Metaspace       used 84438K, capacity 87188K, committed 87296K, reserved 591872K
  class space    used 10928K, capacity 12004K, committed 12032K, reserved 516096K
}
Event: 102.220 GC heap after
{Heap after GC invocations=90 (full 0):
 garbage-first heap   total 263168K, used 143097K [0x0000000080000000, 0x0000000100000000)
  region size 1024K, 3 young (3072K), 3 survivors (3072K)
 Metaspace       used 84438K, capacity 87188K, committed 87296K, reserved 591872K
  class space    used 10928K, capacity 12004K, committed 12032K, reserved 516096K
}
Event: 104.190 GC heap before
{Heap before GC invocations=90 (full 0):
 garbage-first heap   total 263168K, used 152313K [0x0000000080000000, 0x0000000100000000)
  region size 1024K, 12 young (12288K), 3 survivors (3072K)
 Metaspace       used 84882K, capacity 87744K, committed 87936K, reserved 591872K
  class space    used 10977K, capacity 12057K, committed 12160K, reserved 516096K
}
Event: 104.205 GC heap after
{Heap after GC invocations=91 (full 0):
 garbage-first heap   total 263168K, used 143739K [0x0000000080000000, 0x0000000100000000)
  region size 1024K, 1 young (1024K), 1 survivors (1024K)
 Metaspace       used 84882K, capacity 87744K, committed 87936K, reserved 591872K
  class space    used 10977K, capacity 12057K, committed 12160K, reserved 516096K
}

Deoptimization events (20 events):
Event: 104.524 Thread 0x000001e4a72f8000 Uncommon trap: trap_request=0xffffff4d fr.pc=0x000001e495f769a0 relative=0x0000000000000180
Event: 104.524 Thread 0x000001e4a72f8000 Uncommon trap: reason=unstable_if action=reinterpret pc=0x000001e495f769a0 method=java.lang.String.isLatin1()Z @ 10 c2
Event: 104.524 Thread 0x000001e4a72f8000 DEOPT PACKING pc=0x000001e495f769a0 sp=0x00000077c15fda00
Event: 104.524 Thread 0x000001e4a72f8000 DEOPT UNPACKING pc=0x000001e48e4fa1af sp=0x00000077c15fd928 mode 2
Event: 104.524 Thread 0x000001e4a72f8000 Uncommon trap: trap_request=0xffffff4d fr.pc=0x000001e49628f830 relative=0x0000000000000250
Event: 104.524 Thread 0x000001e4a72f8000 Uncommon trap: reason=unstable_if action=reinterpret pc=0x000001e49628f830 method=org.objectweb.asm.ByteVector.putUTF8(Ljava/lang/String;)Lorg/objectweb/asm/ByteVector; @ 100 c2
Event: 104.524 Thread 0x000001e4a72f8000 DEOPT PACKING pc=0x000001e49628f830 sp=0x00000077c15fd9a0
Event: 104.524 Thread 0x000001e4a72f8000 DEOPT UNPACKING pc=0x000001e48e4fa1af sp=0x00000077c15fd930 mode 2
Event: 104.741 Thread 0x000001e4a68bb000 Uncommon trap: trap_request=0xffffffc6 fr.pc=0x000001e4965956d0 relative=0x0000000000001330
Event: 104.741 Thread 0x000001e4a68bb000 Uncommon trap: reason=bimorphic_or_optimized_type_check action=maybe_recompile pc=0x000001e4965956d0 method=com.google.common.collect.ImmutableSet.copyOf(Ljava/util/Collection;)Lcom/google/common/collect/ImmutableSet; @ 47 c2
Event: 104.741 Thread 0x000001e4a68bb000 DEOPT PACKING pc=0x000001e4965956d0 sp=0x00000077c06f9340
Event: 104.741 Thread 0x000001e4a68bb000 DEOPT UNPACKING pc=0x000001e48e4fa1af sp=0x00000077c06f9328 mode 2
Event: 105.180 Thread 0x000001e4a68bb000 DEOPT PACKING pc=0x000001e48f4bd171 sp=0x00000077c06f8c30
Event: 105.180 Thread 0x000001e4a68bb000 DEOPT UNPACKING pc=0x000001e48e4fa95e sp=0x00000077c06f8128 mode 0
Event: 105.194 Thread 0x000001e4a68bb000 DEOPT PACKING pc=0x000001e48f4bd171 sp=0x00000077c06f8c30
Event: 105.194 Thread 0x000001e4a68bb000 DEOPT UNPACKING pc=0x000001e48e4fa95e sp=0x00000077c06f8128 mode 0
Event: 105.937 Thread 0x000001e4a68bb000 Uncommon trap: trap_request=0xfffffff4 fr.pc=0x000001e4965c0cfc relative=0x00000000000000dc
Event: 105.937 Thread 0x000001e4a68bb000 Uncommon trap: reason=null_check action=make_not_entrant pc=0x000001e4965c0cfc method=org.gradle.tooling.internal.provider.runner.ClientBuildEventGenerator$Disabled.accept(Lorg/gradle/internal/operations/BuildOperationDescriptor;)Lorg/gradle/tooling/inter
Event: 105.937 Thread 0x000001e4a68bb000 DEOPT PACKING pc=0x000001e4965c0cfc sp=0x00000077c06f8070
Event: 105.937 Thread 0x000001e4a68bb000 DEOPT UNPACKING pc=0x000001e48e4fa1af sp=0x00000077c06f7ff8 mode 2

Classes redefined (0 events):
No events

Internal exceptions (20 events):
Event: 96.852 Thread 0x000001e4ab818000 Exception <a 'sun/nio/fs/WindowsException'{0x0000000089cda8e8}> (0x0000000089cda8e8) thrown at [./src/hotspot/share/prims/jni.cpp, line 615]
Event: 96.871 Thread 0x000001e4ab818000 Exception <a 'sun/nio/fs/WindowsException'{0x0000000089cf6770}> (0x0000000089cf6770) thrown at [./src/hotspot/share/prims/jni.cpp, line 615]
Event: 96.890 Thread 0x000001e4ab818000 Exception <a 'sun/nio/fs/WindowsException'{0x0000000089b1cf10}> (0x0000000089b1cf10) thrown at [./src/hotspot/share/prims/jni.cpp, line 615]
Event: 96.898 Thread 0x000001e4ab818000 Exception <a 'sun/nio/fs/WindowsException'{0x0000000089b26c60}> (0x0000000089b26c60) thrown at [./src/hotspot/share/prims/jni.cpp, line 615]
Event: 96.912 Thread 0x000001e4ab818000 Exception <a 'sun/nio/fs/WindowsException'{0x0000000089b3f100}> (0x0000000089b3f100) thrown at [./src/hotspot/share/prims/jni.cpp, line 615]
Event: 96.950 Thread 0x000001e4ab818000 Exception <a 'sun/nio/fs/WindowsException'{0x0000000089b7fd78}> (0x0000000089b7fd78) thrown at [./src/hotspot/share/prims/jni.cpp, line 615]
Event: 96.969 Thread 0x000001e4ab818000 Exception <a 'sun/nio/fs/WindowsException'{0x0000000089ba06e0}> (0x0000000089ba06e0) thrown at [./src/hotspot/share/prims/jni.cpp, line 615]
Event: 96.977 Thread 0x000001e4ab818000 Exception <a 'sun/nio/fs/WindowsException'{0x0000000089bbb8b8}> (0x0000000089bbb8b8) thrown at [./src/hotspot/share/prims/jni.cpp, line 615]
Event: 96.997 Thread 0x000001e4ab818000 Exception <a 'sun/nio/fs/WindowsException'{0x0000000089bfae78}> (0x0000000089bfae78) thrown at [./src/hotspot/share/prims/jni.cpp, line 615]
Event: 96.997 Thread 0x000001e4ab818000 Exception <a 'sun/nio/fs/WindowsException'{0x0000000089bfafe8}> (0x0000000089bfafe8) thrown at [./src/hotspot/share/prims/jni.cpp, line 615]
Event: 97.174 Thread 0x000001e4ab818000 Exception <a 'sun/nio/fs/WindowsException'{0x0000000089892170}> (0x0000000089892170) thrown at [./src/hotspot/share/prims/jni.cpp, line 615]
Event: 102.001 Thread 0x000001e4ab818000 Exception <a 'java/lang/NoSuchMethodError'{0x000000008bbd5c80}: <clinit>> (0x000000008bbd5c80) thrown at [./src/hotspot/share/prims/jni.cpp, line 1365]
Event: 102.013 Thread 0x000001e4a68b8800 Exception <a 'java/lang/NoSuchMethodError'{0x000000008ba407d0}: <clinit>> (0x000000008ba407d0) thrown at [./src/hotspot/share/prims/jni.cpp, line 1365]
Event: 103.324 Thread 0x000001e4ab818000 Implicit null exception at 0x000001e4965747cc to 0x000001e496574814
Event: 104.355 Thread 0x000001e4a72f8000 Exception <a 'sun/nio/fs/WindowsException'{0x000000008fd56078}> (0x000000008fd56078) thrown at [./src/hotspot/share/prims/jni.cpp, line 615]
Event: 104.734 Thread 0x000001e4a72f8000 Exception <a 'sun/nio/fs/WindowsException'{0x000000008f838220}> (0x000000008f838220) thrown at [./src/hotspot/share/prims/jni.cpp, line 615]
Event: 104.736 Thread 0x000001e4a72f8000 Exception <a 'sun/nio/fs/WindowsException'{0x000000008f8383e0}> (0x000000008f8383e0) thrown at [./src/hotspot/share/prims/jni.cpp, line 615]
Event: 105.889 Thread 0x000001e4a68bb000 Exception <a 'java/lang/ClassNotFoundException'{0x000000008f4b5958}: build_1uwwg7zg3lknkl1nwiiwyzu3gBeanInfo> (0x000000008f4b5958) thrown at [./src/hotspot/share/classfile/systemDictionary.cpp, line 231]
Event: 105.890 Thread 0x000001e4a68bb000 Exception <a 'java/lang/ClassNotFoundException'{0x000000008f4c0d38}: build_1uwwg7zg3lknkl1nwiiwyzu3gCustomizer> (0x000000008f4c0d38) thrown at [./src/hotspot/share/classfile/systemDictionary.cpp, line 231]
Event: 105.937 Thread 0x000001e4a68bb000 Implicit null exception at 0x000001e4965c0c5b to 0x000001e4965c0cf0

Events (20 events):
Event: 105.890 loading class build_1uwwg7zg3lknkl1nwiiwyzu3gCustomizer
Event: 105.890 loading class build_1uwwg7zg3lknkl1nwiiwyzu3gCustomizer done
Event: 105.890 loading class build_1uwwg7zg3lknkl1nwiiwyzu3gCustomizer
Event: 105.890 loading class build_1uwwg7zg3lknkl1nwiiwyzu3gCustomizer done
Event: 105.915 loading class groovy/runtime/metaclass/build_1uwwg7zg3lknkl1nwiiwyzu3g$_run_closure1MetaClass
Event: 105.915 loading class groovy/runtime/metaclass/build_1uwwg7zg3lknkl1nwiiwyzu3g$_run_closure1MetaClass done
Event: 105.945 loading class groovy/runtime/metaclass/build_1uwwg7zg3lknkl1nwiiwyzu3g$_run_closure1$_closure2MetaClass
Event: 105.945 loading class groovy/runtime/metaclass/build_1uwwg7zg3lknkl1nwiiwyzu3g$_run_closure1$_closure2MetaClass done
Event: 105.948 loading class groovy/runtime/metaclass/build_1uwwg7zg3lknkl1nwiiwyzu3g$_run_closure1$_closure2$_closure3MetaClass
Event: 105.948 loading class groovy/runtime/metaclass/build_1uwwg7zg3lknkl1nwiiwyzu3g$_run_closure1$_closure2$_closure3MetaClass done
Event: 105.971 loading class org/gradle/api/internal/artifacts/repositories/DefaultMavenArtifactRepository$DefaultDescriber
Event: 105.971 loading class org/gradle/api/internal/artifacts/repositories/DefaultMavenArtifactRepository$DefaultDescriber done
Event: 105.986 loading class groovy/runtime/metaclass/org/gradle/api/internal/artifacts/repositories/DefaultMavenArtifactRepository_DecoratedMetaClass
Event: 105.986 loading class groovy/runtime/metaclass/org/gradle/api/internal/artifacts/repositories/DefaultMavenArtifactRepository_DecoratedMetaClass done
Event: 105.997 loading class org/gradle/api/internal/artifacts/repositories/DefaultMavenArtifactRepository_DecoratedBeanInfo
Event: 105.997 loading class org/gradle/api/internal/artifacts/repositories/DefaultMavenArtifactRepository_DecoratedBeanInfo done
Event: 105.998 loading class org/gradle/api/internal/artifacts/repositories/DefaultMavenArtifactRepository_DecoratedBeanInfo
Event: 105.998 loading class org/gradle/api/internal/artifacts/repositories/DefaultMavenArtifactRepository_DecoratedBeanInfo done
Event: 105.999 loading class org/gradle/api/internal/artifacts/repositories/DefaultMavenArtifactRepository_DecoratedBeanInfo
Event: 105.999 loading class org/gradle/api/internal/artifacts/repositories/DefaultMavenArtifactRepository_DecoratedBeanInfo done


Dynamic libraries:
0x00007ff6dd800000 - 0x00007ff6dd80a000 	R:\AndroidStudio\jre\bin\java.exe
0x00007ffd9fc30000 - 0x00007ffd9fe27000 	C:\Windows\SYSTEM32\ntdll.dll
0x00007ffd9f4d0000 - 0x00007ffd9f58d000 	C:\Windows\System32\KERNEL32.DLL
0x00007ffd9d810000 - 0x00007ffd9dadd000 	C:\Windows\System32\KERNELBASE.dll
0x00007ffd9db60000 - 0x00007ffd9dc60000 	C:\Windows\System32\ucrtbase.dll
0x00007ffd97210000 - 0x00007ffd97229000 	R:\AndroidStudio\jre\bin\jli.dll
0x00007ffd97230000 - 0x00007ffd97247000 	R:\AndroidStudio\jre\bin\VCRUNTIME140.dll
0x00007ffd9dd40000 - 0x00007ffd9dee0000 	C:\Windows\System32\USER32.dll
0x00007ffd9dc60000 - 0x00007ffd9dc82000 	C:\Windows\System32\win32u.dll
0x00007ffd8eb70000 - 0x00007ffd8ee0a000 	C:\Windows\WinSxS\amd64_microsoft.windows.common-controls_6595b64144ccf1df_6.0.19041.1110_none_60b5254171f9507e\COMCTL32.dll
0x00007ffd9e120000 - 0x00007ffd9e14a000 	C:\Windows\System32\GDI32.dll
0x00007ffd9dee0000 - 0x00007ffd9df7e000 	C:\Windows\System32\msvcrt.dll
0x00007ffd9d5a0000 - 0x00007ffd9d6ab000 	C:\Windows\System32\gdi32full.dll
0x00007ffd9d3c0000 - 0x00007ffd9d45d000 	C:\Windows\System32\msvcp_win.dll
0x00007ffd9f4a0000 - 0x00007ffd9f4d0000 	C:\Windows\System32\IMM32.DLL
0x00007ffd87350000 - 0x00007ffd873ed000 	R:\AndroidStudio\jre\bin\msvcp140.dll
0x00007ffd68440000 - 0x00007ffd68f25000 	R:\AndroidStudio\jre\bin\server\jvm.dll
0x00007ffd9f3f0000 - 0x00007ffd9f49e000 	C:\Windows\System32\ADVAPI32.dll
0x00007ffd9dca0000 - 0x00007ffd9dd3c000 	C:\Windows\System32\sechost.dll
0x00007ffd9e4b0000 - 0x00007ffd9e5d5000 	C:\Windows\System32\RPCRT4.dll
0x00007ffd9df80000 - 0x00007ffd9df88000 	C:\Windows\System32\PSAPI.DLL
0x00007ffd88a20000 - 0x00007ffd88a29000 	C:\Windows\SYSTEM32\WSOCK32.dll
0x00007ffd9e440000 - 0x00007ffd9e4ab000 	C:\Windows\System32\WS2_32.dll
0x00007ffd894d0000 - 0x00007ffd894f7000 	C:\Windows\SYSTEM32\WINMM.dll
0x00007ffd8bda0000 - 0x00007ffd8bdaa000 	C:\Windows\SYSTEM32\VERSION.dll
0x00007ffd9bbe0000 - 0x00007ffd9bbf2000 	C:\Windows\SYSTEM32\kernel.appcore.dll
0x00007ffd8f050000 - 0x00007ffd8f061000 	R:\AndroidStudio\jre\bin\verify.dll
0x00007ffd82d30000 - 0x00007ffd82f14000 	C:\Windows\SYSTEM32\DBGHELP.DLL
0x00007ffd82ce0000 - 0x00007ffd82d0c000 	C:\Windows\SYSTEM32\dbgcore.DLL
0x00007ffd9d460000 - 0x00007ffd9d4e2000 	C:\Windows\System32\bcryptPrimitives.dll
0x00007ffd8e770000 - 0x00007ffd8e799000 	R:\AndroidStudio\jre\bin\java.dll
0x00007ffd99bb0000 - 0x00007ffd99bbb000 	R:\AndroidStudio\jre\bin\jimage.dll
0x00007ffd8d890000 - 0x00007ffd8d8a8000 	R:\AndroidStudio\jre\bin\zip.dll
0x00007ffd9e5e0000 - 0x00007ffd9ed24000 	C:\Windows\System32\SHELL32.dll
0x00007ffd9b180000 - 0x00007ffd9b914000 	C:\Windows\SYSTEM32\windows.storage.dll
0x00007ffd9ed30000 - 0x00007ffd9f084000 	C:\Windows\System32\combase.dll
0x00007ffd9cce0000 - 0x00007ffd9cd0c000 	C:\Windows\SYSTEM32\Wldp.dll
0x00007ffd9e2d0000 - 0x00007ffd9e37d000 	C:\Windows\System32\SHCORE.dll
0x00007ffd9e380000 - 0x00007ffd9e3d5000 	C:\Windows\System32\shlwapi.dll
0x00007ffd9d290000 - 0x00007ffd9d2af000 	C:\Windows\SYSTEM32\profapi.dll
0x00007ffd8d870000 - 0x00007ffd8d88a000 	R:\AndroidStudio\jre\bin\net.dll
0x00007ffd90c80000 - 0x00007ffd90d8a000 	C:\Windows\SYSTEM32\WINHTTP.dll
0x00007ffd9ca40000 - 0x00007ffd9caaa000 	C:\Windows\system32\mswsock.dll
0x00007ffd87ce0000 - 0x00007ffd87cf4000 	R:\AndroidStudio\jre\bin\nio.dll
0x00007ffd87c30000 - 0x00007ffd87c57000 	C:\Users\rgvoz\.gradle\native\e1d6ef7f7dcc3fd88c89a11ec53ec762bb8ba0a96d01ffa2cd45eb1d1d8dd5c5\windows-amd64\native-platform.dll
0x00007ffd86410000 - 0x00007ffd86554000 	C:\Users\rgvoz\.gradle\native\5664cfc778a61ccfe75a443a1ab52a65af34e5dc3c78e0209fed803814484fcb\windows-amd64\native-platform-file-events.dll
0x00007ffd8e140000 - 0x00007ffd8e14a000 	R:\AndroidStudio\jre\bin\management.dll
0x00007ffd8db90000 - 0x00007ffd8db9d000 	R:\AndroidStudio\jre\bin\management_ext.dll
0x00007ffd9cc30000 - 0x00007ffd9cc48000 	C:\Windows\SYSTEM32\CRYPTSP.dll
0x00007ffd9c3c0000 - 0x00007ffd9c3f4000 	C:\Windows\system32\rsaenh.dll
0x00007ffd9db30000 - 0x00007ffd9db57000 	C:\Windows\System32\bcrypt.dll
0x00007ffd9d250000 - 0x00007ffd9d27e000 	C:\Windows\SYSTEM32\USERENV.dll
0x00007ffd9cc50000 - 0x00007ffd9cc5c000 	C:\Windows\SYSTEM32\CRYPTBASE.dll
0x00007ffd9c730000 - 0x00007ffd9c76b000 	C:\Windows\SYSTEM32\IPHLPAPI.DLL
0x00007ffd9e110000 - 0x00007ffd9e118000 	C:\Windows\System32\NSI.dll
0x00007ffd95370000 - 0x00007ffd95387000 	C:\Windows\SYSTEM32\dhcpcsvc6.DLL
0x00007ffd948f0000 - 0x00007ffd9490d000 	C:\Windows\SYSTEM32\dhcpcsvc.DLL
0x00007ffd9c770000 - 0x00007ffd9c83b000 	C:\Windows\SYSTEM32\DNSAPI.dll
0x00007ffd8de60000 - 0x00007ffd8de68000 	R:\AndroidStudio\jre\bin\rmi.dll

dbghelp: loaded successfully - version: 4.0.5 - missing functions: none
symbol engine: initialized successfully - sym options: 0x614 - pdb path: .;R:\AndroidStudio\jre\bin;C:\Windows\SYSTEM32;C:\Windows\WinSxS\amd64_microsoft.windows.common-controls_6595b64144ccf1df_6.0.19041.1110_none_60b5254171f9507e;R:\AndroidStudio\jre\bin\server;C:\Users\rgvoz\.gradle\native\e1d6ef7f7dcc3fd88c89a11ec53ec762bb8ba0a96d01ffa2cd45eb1d1d8dd5c5\windows-amd64;C:\Users\rgvoz\.gradle\native\5664cfc778a61ccfe75a443a1ab52a65af34e5dc3c78e0209fed803814484fcb\windows-amd64

VM Arguments:
jvm_args: -XX:MaxMetaspaceSize=512m --add-opens=java.base/java.util=ALL-UNNAMED --add-opens=java.base/java.lang=ALL-UNNAMED --add-opens=java.base/java.lang.invoke=ALL-UNNAMED --add-opens=java.base/java.util=ALL-UNNAMED --add-opens=java.prefs/java.util.prefs=ALL-UNNAMED --add-opens=java.prefs/java.util.prefs=ALL-UNNAMED --add-opens=java.base/java.nio.charset=ALL-UNNAMED --add-opens=java.base/java.net=ALL-UNNAMED --add-opens=java.base/java.util.concurrent.atomic=ALL-UNNAMED -Xmx2048m -Dfile.encoding=windows-1251 -Duser.country=UA -Duser.language=uk -Duser.variant 
java_command: org.gradle.launcher.daemon.bootstrap.GradleDaemon 7.3.3
java_class_path (initial): C:\Users\rgvoz\.gradle\wrapper\dists\gradle-7.3.3-all\4295vidhdd9hd3gbjyw1xqxpo\gradle-7.3.3\lib\gradle-launcher-7.3.3.jar
Launcher Type: SUN_STANDARD

[Global flags]
     intx CICompilerCount                          = 3                                         {product} {ergonomic}
   size_t CompressedClassSpaceSize                 = 528482304                                 {product} {ergonomic}
     uint ConcGCThreads                            = 1                                         {product} {ergonomic}
     uint G1ConcRefinementThreads                  = 4                                         {product} {ergonomic}
   size_t G1HeapRegionSize                         = 1048576                                   {product} {ergonomic}
    uintx GCDrainStackTargetSize                   = 64                                        {product} {ergonomic}
   size_t InitialHeapSize                          = 67108864                                  {product} {ergonomic}
   size_t MarkStackSize                            = 4194304                                   {product} {ergonomic}
   size_t MaxHeapSize                              = 2147483648                                {product} {command line}
   size_t MaxMetaspaceSize                         = 536870912                                 {product} {command line}
   size_t MaxNewSize                               = 1287651328                                {product} {ergonomic}
   size_t MinHeapDeltaBytes                        = 1048576                                   {product} {ergonomic}
    uintx NonNMethodCodeHeapSize                   = 5830732                                {pd product} {ergonomic}
    uintx NonProfiledCodeHeapSize                  = 122913754                              {pd product} {ergonomic}
    uintx ProfiledCodeHeapSize                     = 122913754                              {pd product} {ergonomic}
    uintx ReservedCodeCacheSize                    = 251658240                              {pd product} {ergonomic}
     bool SegmentedCodeCache                       = true                                      {product} {ergonomic}
     bool UseCompressedClassPointers               = true                                 {lp64_product} {ergonomic}
     bool UseCompressedOops                        = true                                 {lp64_product} {ergonomic}
     bool UseG1GC                                  = true                                      {product} {ergonomic}
     bool UseLargePagesIndividualAllocation        = false                                  {pd product} {ergonomic}

Logging:
Log output configuration:
 #0: stdout all=warning uptime,level,tags
 #1: stderr all=off uptime,level,tags

Environment Variables:
PATH=C:\Program Files\Google\Chrome\Application;C:\Program Files\Common Files\Oracle\Java\javapath;C:\Program Files (x86)\Common Files\Oracle\Java\javapath;C:\ProgramData\Oracle\Java\javapath;C:\Windows\system32;C:\Windows;C:\Windows\System32\Wbem;C:\Windows\System32\WindowsPowerShell\v1.0\;C:\Windows\System32\OpenSSH\;C:\Program Files (x86)\NVIDIA Corporation\PhysX\Common;C:\Program Files\Git\cmd;C:\ProgramData\chocolatey\bin;C:\Program Files\nodejs\;C:\Users\rgvoz\AppData\Local\Microsoft\WindowsApps;;R:\Microsoft VS Code\bin;C:\Users\rgvoz\AppData\Roaming\npm
USERNAME=rgvoz
OS=Windows_NT
PROCESSOR_IDENTIFIER=Intel64 Family 6 Model 42 Stepping 7, GenuineIntel



---------------  S Y S T E M  ---------------

OS: Windows 10 , 64 bit Build 19041 (10.0.19041.1741)
OS uptime: 0 days 17:26 hours

CPU:total 4 (initial active 4) (2 cores per cpu, 2 threads per core) family 6 model 42 stepping 7 microcode 0x2f, cmov, cx8, fxsr, mmx, sse, sse2, sse3, ssse3, sse4.1, sse4.2, popcnt, avx, clmul, ht, tsc, tscinvbit

Memory: 4k page, system-wide physical 4010M (242M free)
TotalPageFile size 8106M (AvailPageFile size 0M)
current process WorkingSet (physical memory assigned to process): 353M, peak: 353M
current process commit charge ("private bytes"): 534M, peak: 535M

vm_info: OpenJDK 64-Bit Server VM (11.0.12+7-b1504.28-7817840) for windows-amd64 JRE (11.0.12+7-b1504.28-7817840), built on Oct 13 2021 22:12:33 by "builder" with MS VC++ 14.0 (VS2015)

END.
