#
# There is insufficient memory for the Java Runtime Environment to continue.
# Native memory allocation (mmap) failed to map 318767104 bytes for G1 virtual space
# Possible reasons:
#   The system is out of physical RAM or swap space
#   The process is running with CompressedOops enabled, and the Java Heap may be blocking the growth of the native heap
# Possible solutions:
#   Reduce memory load on the system
#   Increase physical memory or swap space
#   Check if swap backing store is full
#   Decrease Java heap size (-Xmx/-Xms)
#   Decrease number of Java threads
#   Decrease Java thread stack sizes (-Xss)
#   Set larger code cache with -XX:ReservedCodeCacheSize=
#   JVM is running with Unscaled Compressed Oops mode in which the Java heap is
#     placed in the first 4GB address space. The Java Heap base address is the
#     maximum limit for the native heap growth. Please use -XX:HeapBaseMinAddress
#     to set the Java Heap base and to place the Java Heap above 4GB virtual address.
# This output file may be truncated or incomplete.
#
#  Out of Memory Error (os_windows.cpp:3535), pid=8900, tid=7356
#
# JRE version: Java(TM) SE Runtime Environment (17.0.3.1+2) (build 17.0.3.1+2-LTS-6)
# Java VM: Java HotSpot(TM) 64-Bit Server VM (17.0.3.1+2-LTS-6, mixed mode, sharing, tiered, compressed oops, compressed class ptrs, g1 gc, windows-amd64)
# No core dump will be written. Minidumps are not enabled by default on client versions of Windows
#

---------------  S U M M A R Y ------------

Command Line: -XX:MaxMetaspaceSize=512m --add-opens=java.base/java.util=ALL-UNNAMED --add-opens=java.base/java.lang=ALL-UNNAMED --add-opens=java.base/java.lang.invoke=ALL-UNNAMED --add-opens=java.base/java.util=ALL-UNNAMED --add-opens=java.prefs/java.util.prefs=ALL-UNNAMED --add-opens=java.prefs/java.util.prefs=ALL-UNNAMED --add-opens=java.base/java.nio.charset=ALL-UNNAMED --add-opens=java.base/java.net=ALL-UNNAMED --add-opens=java.base/java.util.concurrent.atomic=ALL-UNNAMED -Xmx2048m -Dfile.encoding=windows-1251 -Duser.country=UA -Duser.language=uk -Duser.variant org.gradle.launcher.daemon.bootstrap.GradleDaemon 7.3.3

Host: Intel(R) Core(TM) i3-2330M CPU @ 2.20GHz, 4 cores, 3G,  Windows 10 , 64 bit Build 19041 (10.0.19041.1741)
Time: Tue Jun 21 13:58:31 2022  Windows 10 , 64 bit Build 19041 (10.0.19041.1741) elapsed time: 182.536173 seconds (0d 0h 3m 2s)

---------------  T H R E A D  ---------------

Current thread (0x0000014246a25d90):  VMThread "VM Thread" [stack: 0x00000038a8300000,0x00000038a8400000] [id=7356]

Stack: [0x00000038a8300000,0x00000038a8400000]
Native frames: (J=compiled Java code, j=interpreted, Vv=VM code, C=native code)
V  [jvm.dll+0x6711ba]
V  [jvm.dll+0x7d0834]
V  [jvm.dll+0x7d1fde]
V  [jvm.dll+0x7d2643]
V  [jvm.dll+0x242c85]
V  [jvm.dll+0x66e0d9]
V  [jvm.dll+0x662a22]
V  [jvm.dll+0x300ddb]
V  [jvm.dll+0x308376]
V  [jvm.dll+0x357f7e]
V  [jvm.dll+0x3581af]
V  [jvm.dll+0x2d7ff8]
V  [jvm.dll+0x2d62c4]
V  [jvm.dll+0x2d58cc]
V  [jvm.dll+0x319661]
V  [jvm.dll+0x7d6b1b]
V  [jvm.dll+0x7d7854]
V  [jvm.dll+0x7d7d6c]
V  [jvm.dll+0x7d8144]
V  [jvm.dll+0x7d8210]
V  [jvm.dll+0x780aca]
V  [jvm.dll+0x670045]
C  [ucrtbase.dll+0x21bb2]
C  [KERNEL32.DLL+0x17034]
C  [ntdll.dll+0x52651]

VM_Operation (0x00000038ac5f9500): G1TryInitiateConcMark, mode: safepoint, requested by thread 0x0000014248882050


---------------  P R O C E S S  ---------------

Threads class SMR info:
_java_thread_list=0x000001424fb29e40, length=95, elements={
0x0000014229152980, 0x0000014246a2a8a0, 0x0000014246a2b620, 0x0000014246a45fc0,
0x0000014246a48ca0, 0x0000014246a49560, 0x0000014246a56280, 0x0000014246a785d0,
0x0000014246a78ed0, 0x0000014246a8bfa0, 0x00000142474a9aa0, 0x00000142474ac790,
0x0000014248d966f0, 0x00000142483b3af0, 0x0000014248b059b0, 0x00000142488e7c40,
0x0000014249190a00, 0x000001424943b190, 0x0000014249098f30, 0x00000142498c2660,
0x00000142498c3000, 0x00000142498c34d0, 0x00000142498c4340, 0x00000142498c2b30,
0x00000142498c4810, 0x00000142498c39a0, 0x00000142498c4ce0, 0x00000142498c51b0,
0x00000142498c5680, 0x00000142498c5b50, 0x0000014248f92240, 0x0000014248f8a9f0,
0x0000014248f913d0, 0x0000014248f91d70, 0x0000014248f8b390, 0x0000014248f8c6d0,
0x0000014248f8b860, 0x0000014248f8bd30, 0x0000014248f8d070, 0x0000014248f918a0,
0x0000014248f8c200, 0x0000014248f8cba0, 0x0000014248f90a30, 0x0000014248f8da10,
0x0000014248f8f220, 0x0000014248f8d540, 0x0000014248f8dee0, 0x0000014248f8f6f0,
0x0000014248f8e880, 0x0000014248f90090, 0x0000014248f8ed50, 0x0000014248f8fbc0,
0x0000014248883860, 0x0000014248883d30, 0x0000014248884200, 0x00000142488846d0,
0x0000014248882ec0, 0x0000014248884ba0, 0x0000014248885070, 0x0000014248882520,
0x0000014248885540, 0x0000014248882050, 0x0000014248885a10, 0x00000142488829f0,
0x0000014248883390, 0x000001424bfbaea0, 0x000001424bfba030, 0x000001424bfba9d0,
0x000001424bfb9b60, 0x000001424bfba500, 0x000001424bfb8820, 0x000001424bfbd050,
0x000001424bfc0070, 0x000001424bfbf6d0, 0x000001424bfb8cf0, 0x000001424bfbd9f0,
0x000001424bfbb840, 0x000001424bfbbd10, 0x000001424bfbed30, 0x000001424bfbcb80,
0x000001424bfbf200, 0x000001424bfbfba0, 0x000001424bfb9690, 0x000001424bfbc1e0,
0x000001424b007920, 0x000001424b002c20, 0x000001424b006ab0, 0x000001424b006110,
0x000001424b0018e0, 0x000001424b004dd0, 0x000001424b004430, 0x000001424b000a70,
0x000001424b004900, 0x000001424b001410, 0x000001424bfb91c0
}

Java Threads: ( => current thread )
  0x0000014229152980 JavaThread "main" [_thread_blocked, id=10612, stack(0x00000038a7d00000,0x00000038a7e00000)]
  0x0000014246a2a8a0 JavaThread "Reference Handler" daemon [_thread_blocked, id=4084, stack(0x00000038a8400000,0x00000038a8500000)]
  0x0000014246a2b620 JavaThread "Finalizer" daemon [_thread_blocked, id=4376, stack(0x00000038a8500000,0x00000038a8600000)]
  0x0000014246a45fc0 JavaThread "Signal Dispatcher" daemon [_thread_blocked, id=9020, stack(0x00000038a8600000,0x00000038a8700000)]
  0x0000014246a48ca0 JavaThread "Attach Listener" daemon [_thread_blocked, id=8988, stack(0x00000038a8700000,0x00000038a8800000)]
  0x0000014246a49560 JavaThread "Service Thread" daemon [_thread_blocked, id=10264, stack(0x00000038a8800000,0x00000038a8900000)]
  0x0000014246a56280 JavaThread "Monitor Deflation Thread" daemon [_thread_blocked, id=9760, stack(0x00000038a8900000,0x00000038a8a00000)]
  0x0000014246a785d0 JavaThread "C2 CompilerThread0" daemon [_thread_blocked, id=2492, stack(0x00000038a8a00000,0x00000038a8b00000)]
  0x0000014246a78ed0 JavaThread "C1 CompilerThread0" daemon [_thread_blocked, id=6728, stack(0x00000038a8b00000,0x00000038a8c00000)]
  0x0000014246a8bfa0 JavaThread "Sweeper thread" daemon [_thread_blocked, id=5720, stack(0x00000038a8c00000,0x00000038a8d00000)]
  0x00000142474a9aa0 JavaThread "Common-Cleaner" daemon [_thread_blocked, id=8940, stack(0x00000038a8d00000,0x00000038a8e00000)]
  0x00000142474ac790 JavaThread "Notification Thread" daemon [_thread_blocked, id=4984, stack(0x00000038a8e00000,0x00000038a8f00000)]
  0x0000014248d966f0 JavaThread "Daemon health stats" [_thread_blocked, id=8588, stack(0x00000038a9400000,0x00000038a9500000)]
  0x00000142483b3af0 JavaThread "Incoming local TCP Connector on port 64462" [_thread_in_native, id=1240, stack(0x00000038a9000000,0x00000038a9100000)]
  0x0000014248b059b0 JavaThread "Daemon periodic checks" [_thread_blocked, id=332, stack(0x00000038a9500000,0x00000038a9600000)]
  0x00000142488e7c40 JavaThread "Daemon" [_thread_blocked, id=5656, stack(0x00000038a9700000,0x00000038a9800000)]
  0x0000014249190a00 JavaThread "Handler for socket connection from /127.0.0.1:64462 to /127.0.0.1:64463" [_thread_in_native, id=7148, stack(0x00000038a9800000,0x00000038a9900000)]
  0x000001424943b190 JavaThread "Cancel handler" [_thread_blocked, id=3248, stack(0x00000038a9600000,0x00000038a9700000)]
  0x0000014249098f30 JavaThread "Daemon worker" [_thread_blocked, id=10484, stack(0x00000038a9900000,0x00000038a9a00000)]
  0x00000142498c2660 JavaThread "Asynchronous log dispatcher for DefaultDaemonConnection: socket connection from /127.0.0.1:64462 to /127.0.0.1:64463" [_thread_blocked, id=7464, stack(0x00000038a9a00000,0x00000038a9b00000)]
  0x00000142498c3000 JavaThread "Stdin handler" [_thread_blocked, id=4612, stack(0x00000038a9b00000,0x00000038a9c00000)]
  0x00000142498c34d0 JavaThread "Daemon client event forwarder" [_thread_blocked, id=9000, stack(0x00000038a9c00000,0x00000038a9d00000)]
  0x00000142498c4340 JavaThread "Cache worker for journal cache (C:\Users\rgvoz\.gradle\caches\journal-1)" [_thread_blocked, id=10432, stack(0x00000038a9d00000,0x00000038a9e00000)]
  0x00000142498c2b30 JavaThread "File lock request listener" [_thread_in_native, id=7568, stack(0x00000038a9e00000,0x00000038a9f00000)]
  0x00000142498c4810 JavaThread "Cache worker for file hash cache (C:\Users\rgvoz\.gradle\caches\7.3.3\fileHashes)" [_thread_blocked, id=5704, stack(0x00000038a9f00000,0x00000038aa000000)]
  0x00000142498c39a0 JavaThread "Cache worker for file hash cache (R:\Project\CefionMobile\android\.gradle\7.3.3\fileHashes)" [_thread_blocked, id=9936, stack(0x00000038aa100000,0x00000038aa200000)]
  0x00000142498c4ce0 JavaThread "File watcher server" daemon [_thread_blocked, id=2584, stack(0x00000038aa200000,0x00000038aa300000)]
  0x00000142498c51b0 JavaThread "File watcher consumer" daemon [_thread_blocked, id=6392, stack(0x00000038aa300000,0x00000038aa400000)]
  0x00000142498c5680 JavaThread "Cache worker for checksums cache (R:\Project\CefionMobile\android\.gradle\7.3.3\checksums)" [_thread_blocked, id=640, stack(0x00000038aa400000,0x00000038aa500000)]
  0x00000142498c5b50 JavaThread "Cache worker for cache directory md-supplier (C:\Users\rgvoz\.gradle\caches\7.3.3\md-supplier)" [_thread_blocked, id=6084, stack(0x00000038aa500000,0x00000038aa600000)]
  0x0000014248f92240 JavaThread "Cache worker for cache directory md-rule (C:\Users\rgvoz\.gradle\caches\7.3.3\md-rule)" [_thread_blocked, id=1976, stack(0x00000038aa600000,0x00000038aa700000)]
  0x0000014248f8a9f0 JavaThread "Cache worker for execution history cache (C:\Users\rgvoz\.gradle\caches\7.3.3\executionHistory)" [_thread_blocked, id=8620, stack(0x00000038aa700000,0x00000038aa800000)]
  0x0000014248f913d0 JavaThread "jar transforms" [_thread_blocked, id=1012, stack(0x00000038aa800000,0x00000038aa900000)]
  0x0000014248f91d70 JavaThread "jar transforms Thread 2" [_thread_blocked, id=8520, stack(0x00000038aa900000,0x00000038aaa00000)]
  0x0000014248f8b390 JavaThread "Cache worker for file content cache (C:\Users\rgvoz\.gradle\caches\7.3.3\fileContent)" [_thread_blocked, id=10112, stack(0x00000038aaa00000,0x00000038aab00000)]
  0x0000014248f8c6d0 JavaThread "jar transforms Thread 3" [_thread_blocked, id=8888, stack(0x00000038aa000000,0x00000038aa100000)]
  0x0000014248f8b860 JavaThread "jar transforms Thread 4" [_thread_blocked, id=4460, stack(0x00000038aac00000,0x00000038aad00000)]
  0x0000014248f8bd30 JavaThread "Cache worker for kotlin-dsl (C:\Users\rgvoz\.gradle\caches\7.3.3\kotlin-dsl)" [_thread_blocked, id=3696, stack(0x00000038aad00000,0x00000038aae00000)]
  0x0000014248f8d070 JavaThread "Cache worker for dependencies-accessors (R:\Project\CefionMobile\android\.gradle\7.3.3\dependencies-accessors)" [_thread_blocked, id=3924, stack(0x00000038aae00000,0x00000038aaf00000)]
  0x0000014248f918a0 JavaThread "Cache worker for Build Output Cleanup Cache (R:\Project\CefionMobile\node_modules\react-native-gradle-plugin\.gradle\buildOutputCleanup)" [_thread_blocked, id=1404, stack(0x00000038aaf00000,0x00000038ab000000)]
  0x0000014248f8c200 JavaThread "Unconstrained build operations" [_thread_blocked, id=10844, stack(0x00000038ab000000,0x00000038ab100000)]
  0x0000014248f8cba0 JavaThread "Unconstrained build operations Thread 2" [_thread_blocked, id=5976, stack(0x00000038ab100000,0x00000038ab200000)]
  0x0000014248f90a30 JavaThread "Unconstrained build operations Thread 3" [_thread_blocked, id=5472, stack(0x00000038ab200000,0x00000038ab300000)]
  0x0000014248f8da10 JavaThread "Unconstrained build operations Thread 4" [_thread_blocked, id=10420, stack(0x00000038ab300000,0x00000038ab400000)]
  0x0000014248f8f220 JavaThread "Unconstrained build operations Thread 5" [_thread_blocked, id=9452, stack(0x00000038ab400000,0x00000038ab500000)]
  0x0000014248f8d540 JavaThread "Unconstrained build operations Thread 6" [_thread_blocked, id=3312, stack(0x00000038ab500000,0x00000038ab600000)]
  0x0000014248f8dee0 JavaThread "Unconstrained build operations Thread 7" [_thread_blocked, id=8768, stack(0x00000038ab600000,0x00000038ab700000)]
  0x0000014248f8f6f0 JavaThread "Unconstrained build operations Thread 8" [_thread_blocked, id=3944, stack(0x00000038ab700000,0x00000038ab800000)]
  0x0000014248f8e880 JavaThread "Unconstrained build operations Thread 9" [_thread_blocked, id=6156, stack(0x00000038ab800000,0x00000038ab900000)]
  0x0000014248f90090 JavaThread "Unconstrained build operations Thread 10" [_thread_blocked, id=9464, stack(0x00000038ab900000,0x00000038aba00000)]
  0x0000014248f8ed50 JavaThread "Unconstrained build operations Thread 11" [_thread_blocked, id=3184, stack(0x00000038aba00000,0x00000038abb00000)]
  0x0000014248f8fbc0 JavaThread "Unconstrained build operations Thread 12" [_thread_blocked, id=9980, stack(0x00000038abb00000,0x00000038abc00000)]
  0x0000014248883860 JavaThread "Unconstrained build operations Thread 13" [_thread_blocked, id=5512, stack(0x00000038abc00000,0x00000038abd00000)]
  0x0000014248883d30 JavaThread "Unconstrained build operations Thread 14" [_thread_blocked, id=10472, stack(0x00000038abd00000,0x00000038abe00000)]
  0x0000014248884200 JavaThread "Unconstrained build operations Thread 15" [_thread_blocked, id=5076, stack(0x00000038abe00000,0x00000038abf00000)]
  0x00000142488846d0 JavaThread "Unconstrained build operations Thread 16" [_thread_blocked, id=10552, stack(0x00000038abf00000,0x00000038ac000000)]
  0x0000014248882ec0 JavaThread "Unconstrained build operations Thread 17" [_thread_blocked, id=10980, stack(0x00000038ac000000,0x00000038ac100000)]
  0x0000014248884ba0 JavaThread "Unconstrained build operations Thread 18" [_thread_blocked, id=4468, stack(0x00000038ac100000,0x00000038ac200000)]
  0x0000014248885070 JavaThread "Unconstrained build operations Thread 19" [_thread_blocked, id=5560, stack(0x00000038ac200000,0x00000038ac300000)]
  0x0000014248882520 JavaThread "Unconstrained build operations Thread 20" [_thread_blocked, id=9504, stack(0x00000038ac300000,0x00000038ac400000)]
  0x0000014248885540 JavaThread "Unconstrained build operations Thread 21" [_thread_blocked, id=10216, stack(0x00000038ac400000,0x00000038ac500000)]
  0x0000014248882050 JavaThread "Unconstrained build operations Thread 22" [_thread_blocked, id=9500, stack(0x00000038ac500000,0x00000038ac600000)]
  0x0000014248885a10 JavaThread "Unconstrained build operations Thread 23" [_thread_blocked, id=11200, stack(0x00000038ac600000,0x00000038ac700000)]
  0x00000142488829f0 JavaThread "Unconstrained build operations Thread 24" [_thread_blocked, id=7744, stack(0x00000038ac700000,0x00000038ac800000)]
  0x0000014248883390 JavaThread "Unconstrained build operations Thread 25" [_thread_blocked, id=9208, stack(0x00000038ac800000,0x00000038ac900000)]
  0x000001424bfbaea0 JavaThread "Unconstrained build operations Thread 26" [_thread_blocked, id=932, stack(0x00000038ac900000,0x00000038aca00000)]
  0x000001424bfba030 JavaThread "Unconstrained build operations Thread 27" [_thread_blocked, id=10788, stack(0x00000038aca00000,0x00000038acb00000)]
  0x000001424bfba9d0 JavaThread "Unconstrained build operations Thread 28" [_thread_blocked, id=3284, stack(0x00000038acb00000,0x00000038acc00000)]
  0x000001424bfb9b60 JavaThread "Unconstrained build operations Thread 29" [_thread_blocked, id=6748, stack(0x00000038acc00000,0x00000038acd00000)]
  0x000001424bfba500 JavaThread "Unconstrained build operations Thread 30" [_thread_blocked, id=9100, stack(0x00000038acd00000,0x00000038ace00000)]
  0x000001424bfb8820 JavaThread "Unconstrained build operations Thread 31" [_thread_blocked, id=9876, stack(0x00000038ace00000,0x00000038acf00000)]
  0x000001424bfbd050 JavaThread "Unconstrained build operations Thread 32" [_thread_blocked, id=5332, stack(0x00000038acf00000,0x00000038ad000000)]
  0x000001424bfc0070 JavaThread "Unconstrained build operations Thread 33" [_thread_blocked, id=9008, stack(0x00000038ad000000,0x00000038ad100000)]
  0x000001424bfbf6d0 JavaThread "build event listener" [_thread_blocked, id=2192, stack(0x00000038ad100000,0x00000038ad200000)]
  0x000001424bfb8cf0 JavaThread "Memory manager" [_thread_blocked, id=2552, stack(0x00000038ad200000,0x00000038ad300000)]
  0x000001424bfbd9f0 JavaThread "Cache worker for Build Output Cleanup Cache (R:\Project\CefionMobile\android\.gradle\buildOutputCleanup)" [_thread_blocked, id=2864, stack(0x00000038a7c00000,0x00000038a7d00000)]
  0x000001424bfbb840 JavaThread "Cache worker for execution history cache (R:\Project\CefionMobile\node_modules\react-native-gradle-plugin\.gradle\7.3.3\executionHistory)" [_thread_blocked, id=10968, stack(0x00000038ad600000,0x00000038ad700000)]
  0x000001424bfbbd10 JavaThread "Unconstrained build operations Thread 34" [_thread_blocked, id=7344, stack(0x00000038ad700000,0x00000038ad800000)]
  0x000001424bfbed30 JavaThread "Unconstrained build operations Thread 35" [_thread_blocked, id=10660, stack(0x00000038ad800000,0x00000038ad900000)]
  0x000001424bfbcb80 JavaThread "Unconstrained build operations Thread 36" [_thread_blocked, id=2284, stack(0x00000038ad900000,0x00000038ada00000)]
  0x000001424bfbf200 JavaThread "Unconstrained build operations Thread 37" [_thread_blocked, id=2500, stack(0x00000038ada00000,0x00000038adb00000)]
  0x000001424bfbfba0 JavaThread "Unconstrained build operations Thread 38" [_thread_blocked, id=2212, stack(0x00000038adb00000,0x00000038adc00000)]
  0x000001424bfb9690 JavaThread "Unconstrained build operations Thread 39" [_thread_blocked, id=3852, stack(0x00000038adc00000,0x00000038add00000)]
  0x000001424bfbc1e0 JavaThread "Unconstrained build operations Thread 40" [_thread_blocked, id=3480, stack(0x00000038add00000,0x00000038ade00000)]
  0x000001424b007920 JavaThread "Cache worker for Java compile cache (C:\Users\rgvoz\.gradle\caches\7.3.3\javaCompile)" [_thread_blocked, id=6680, stack(0x00000038ae000000,0x00000038ae100000)]
  0x000001424b002c20 JavaThread "Build operations" [_thread_blocked, id=6952, stack(0x00000038ae100000,0x00000038ae200000)]
  0x000001424b006ab0 JavaThread "Build operations Thread 2" [_thread_blocked, id=8696, stack(0x00000038ae300000,0x00000038ae400000)]
  0x000001424b006110 JavaThread "Build operations Thread 3" [_thread_blocked, id=2400, stack(0x00000038ae400000,0x00000038ae500000)]
  0x000001424b0018e0 JavaThread "Build operations Thread 4" [_thread_blocked, id=10956, stack(0x00000038ae500000,0x00000038ae600000)]
  0x000001424b004dd0 JavaThread "File lock release action executor" [_thread_blocked, id=7028, stack(0x00000038a7b00000,0x00000038a7c00000)]
  0x000001424b004430 JavaThread "Execution worker for ':'" [_thread_blocked, id=9220, stack(0x00000038aab00000,0x00000038aac00000)]
  0x000001424b000a70 JavaThread "Execution worker for ':' Thread 2" [_thread_blocked, id=7180, stack(0x00000038ad500000,0x00000038ad600000)]
  0x000001424b004900 JavaThread "Execution worker for ':' Thread 3" [_thread_blocked, id=1600, stack(0x00000038ade00000,0x00000038adf00000)]
  0x000001424b001410 JavaThread "Cache worker for execution history cache (R:\Project\CefionMobile\android\.gradle\7.3.3\executionHistory)" [_thread_blocked, id=3540, stack(0x00000038ae600000,0x00000038ae700000)]
  0x000001424bfb91c0 JavaThread "WorkerExecutor Queue" [_thread_blocked, id=8840, stack(0x00000038ae700000,0x00000038ae800000)]

Other Threads:
=>0x0000014246a25d90 VMThread "VM Thread" [stack: 0x00000038a8300000,0x00000038a8400000] [id=7356]
  0x00000142474b1480 WatcherThread [stack: 0x00000038a8f00000,0x00000038a9000000] [id=2824]
  0x00000142291aba50 GCTaskThread "GC Thread#0" [stack: 0x00000038a7e00000,0x00000038a7f00000] [id=2388]
  0x0000014247c292a0 GCTaskThread "GC Thread#1" [stack: 0x00000038a9100000,0x00000038a9200000] [id=1724]
  0x000001424769cf60 GCTaskThread "GC Thread#2" [stack: 0x00000038a9200000,0x00000038a9300000] [id=4952]
  0x00000142481c7960 GCTaskThread "GC Thread#3" [stack: 0x00000038a9300000,0x00000038a9400000] [id=3124]
  0x00000142291be050 ConcurrentGCThread "G1 Main Marker" [stack: 0x00000038a7f00000,0x00000038a8000000] [id=10836]
  0x00000142291be970 ConcurrentGCThread "G1 Conc#0" [stack: 0x00000038a8000000,0x00000038a8100000] [id=1236]
  0x000001422920f820 ConcurrentGCThread "G1 Refine#0" [stack: 0x00000038a8100000,0x00000038a8200000] [id=9644]
  0x000001424d143d20 ConcurrentGCThread "G1 Refine#1" [stack: 0x00000038ae200000,0x00000038ae300000] [id=8408]
  0x000001424d142340 ConcurrentGCThread "G1 Refine#2" [stack: 0x00000038ad300000,0x00000038ad400000] [id=3216]
  0x000001424d143480 ConcurrentGCThread "G1 Refine#3" [stack: 0x00000038ad400000,0x00000038ad500000] [id=8548]
  0x0000014229210150 ConcurrentGCThread "G1 Service" [stack: 0x00000038a8200000,0x00000038a8300000] [id=1740]

Threads with active compile tasks:
C2 CompilerThread0   182629 16530       4       org.objectweb.asm.commons.Remapper::mapType (123 bytes)

VM state: at safepoint (normal execution)

VM Mutex/Monitor currently owned by a thread:  ([mutex/lock_event])
[0x000001422914ef70] Threads_lock - owner thread: 0x0000014246a25d90
[0x000001422914e1f0] Heap_lock - owner thread: 0x0000014248882050

Heap address: 0x0000000080000000, size: 2048 MB, Compressed Oops mode: 32-bit

CDS archive(s) mapped at: [0x0000000800000000-0x0000000800bc0000-0x0000000800bc0000), size 12320768, SharedBaseAddress: 0x0000000800000000, ArchiveRelocationMode: 0.
Compressed class space mapped at: 0x0000000800c00000-0x000000081a800000, reserved size: 432013312
Narrow klass base: 0x0000000800000000, Narrow klass shift: 0, Narrow klass range: 0x100000000

GC Precious Log:
 CPUs: 4 total, 4 available
 Memory: 4010M
 Large Page Support: Disabled
 NUMA Support: Disabled
 Compressed Oops: Enabled (32-bit)
 Heap Region Size: 1M
 Heap Min Capacity: 8M
 Heap Initial Capacity: 64M
 Heap Max Capacity: 2G
 Pre-touch: Disabled
 Parallel Workers: 4
 Concurrent Workers: 1
 Concurrent Refinement Workers: 4
 Periodic GC: Disabled

Heap:
 garbage-first heap   total 311296K, used 251672K [0x0000000080000000, 0x0000000100000000)
  region size 1024K, 3 young (3072K), 3 survivors (3072K)
 Metaspace       used 107044K, committed 107904K, reserved 520192K
  class space    used 14152K, committed 14592K, reserved 421888K

Heap Regions: E=young(eden), S=young(survivor), O=old, HS=humongous(starts), HC=humongous(continues), CS=collection set, F=free, OA=open archive, CA=closed archive, TAMS=top-at-mark-start (previous, next)
|   0|0x0000000080000000, 0x0000000080100000, 0x0000000080100000|100%|HS|  |TAMS 0x0000000080100000, 0x0000000080100000| Complete 
|   1|0x0000000080100000, 0x0000000080200000, 0x0000000080200000|100%|HC|  |TAMS 0x0000000080200000, 0x0000000080200000| Complete 
|   2|0x0000000080200000, 0x0000000080300000, 0x0000000080300000|100%|HC|  |TAMS 0x0000000080300000, 0x0000000080300000| Complete 
|   3|0x0000000080300000, 0x0000000080400000, 0x0000000080400000|100%| O|  |TAMS 0x0000000080400000, 0x0000000080400000| Untracked 
|   4|0x0000000080400000, 0x0000000080500000, 0x0000000080500000|100%| O|  |TAMS 0x0000000080500000, 0x0000000080500000| Untracked 
|   5|0x0000000080500000, 0x0000000080600000, 0x0000000080600000|100%| O|  |TAMS 0x0000000080600000, 0x0000000080600000| Untracked 
|   6|0x0000000080600000, 0x0000000080700000, 0x0000000080700000|100%| O|  |TAMS 0x0000000080700000, 0x0000000080700000| Untracked 
|   7|0x0000000080700000, 0x0000000080800000, 0x0000000080800000|100%| O|  |TAMS 0x0000000080800000, 0x0000000080800000| Untracked 
|   8|0x0000000080800000, 0x0000000080900000, 0x0000000080900000|100%| O|  |TAMS 0x0000000080900000, 0x0000000080900000| Untracked 
|   9|0x0000000080900000, 0x0000000080a00000, 0x0000000080a00000|100%| O|  |TAMS 0x0000000080a00000, 0x0000000080a00000| Untracked 
|  10|0x0000000080a00000, 0x0000000080b00000, 0x0000000080b00000|100%| O|  |TAMS 0x0000000080b00000, 0x0000000080b00000| Untracked 
|  11|0x0000000080b00000, 0x0000000080c00000, 0x0000000080c00000|100%| O|  |TAMS 0x0000000080c00000, 0x0000000080c00000| Untracked 
|  12|0x0000000080c00000, 0x0000000080d00000, 0x0000000080d00000|100%| O|  |TAMS 0x0000000080d00000, 0x0000000080d00000| Untracked 
|  13|0x0000000080d00000, 0x0000000080e00000, 0x0000000080e00000|100%| O|  |TAMS 0x0000000080e00000, 0x0000000080e00000| Untracked 
|  14|0x0000000080e00000, 0x0000000080f00000, 0x0000000080f00000|100%| O|  |TAMS 0x0000000080f00000, 0x0000000080f00000| Untracked 
|  15|0x0000000080f00000, 0x0000000081000000, 0x0000000081000000|100%| O|  |TAMS 0x0000000081000000, 0x0000000081000000| Untracked 
|  16|0x0000000081000000, 0x0000000081100000, 0x0000000081100000|100%| O|  |TAMS 0x0000000081100000, 0x0000000081100000| Untracked 
|  17|0x0000000081100000, 0x0000000081200000, 0x0000000081200000|100%| O|  |TAMS 0x0000000081200000, 0x0000000081200000| Untracked 
|  18|0x0000000081200000, 0x0000000081300000, 0x0000000081300000|100%| O|  |TAMS 0x0000000081300000, 0x0000000081300000| Untracked 
|  19|0x0000000081300000, 0x0000000081400000, 0x0000000081400000|100%| O|  |TAMS 0x0000000081400000, 0x0000000081400000| Untracked 
|  20|0x0000000081400000, 0x0000000081500000, 0x0000000081500000|100%| O|  |TAMS 0x0000000081500000, 0x0000000081500000| Untracked 
|  21|0x0000000081500000, 0x0000000081600000, 0x0000000081600000|100%| O|  |TAMS 0x0000000081600000, 0x0000000081600000| Untracked 
|  22|0x0000000081600000, 0x0000000081700000, 0x0000000081700000|100%| O|  |TAMS 0x0000000081700000, 0x0000000081700000| Untracked 
|  23|0x0000000081700000, 0x0000000081800000, 0x0000000081800000|100%| O|  |TAMS 0x0000000081800000, 0x0000000081800000| Untracked 
|  24|0x0000000081800000, 0x0000000081900000, 0x0000000081900000|100%| O|  |TAMS 0x0000000081900000, 0x0000000081900000| Untracked 
|  25|0x0000000081900000, 0x0000000081a00000, 0x0000000081a00000|100%| O|  |TAMS 0x0000000081a00000, 0x0000000081a00000| Untracked 
|  26|0x0000000081a00000, 0x0000000081b00000, 0x0000000081b00000|100%| O|  |TAMS 0x0000000081b00000, 0x0000000081b00000| Untracked 
|  27|0x0000000081b00000, 0x0000000081c00000, 0x0000000081c00000|100%| O|  |TAMS 0x0000000081c00000, 0x0000000081c00000| Untracked 
|  28|0x0000000081c00000, 0x0000000081d00000, 0x0000000081d00000|100%| O|  |TAMS 0x0000000081d00000, 0x0000000081d00000| Untracked 
|  29|0x0000000081d00000, 0x0000000081e00000, 0x0000000081e00000|100%| O|  |TAMS 0x0000000081d00000, 0x0000000081e00000| Untracked 
|  30|0x0000000081e00000, 0x0000000081f00000, 0x0000000081f00000|100%| O|  |TAMS 0x0000000081f00000, 0x0000000081f00000| Untracked 
|  31|0x0000000081f00000, 0x0000000082000000, 0x0000000082000000|100%| O|  |TAMS 0x0000000082000000, 0x0000000082000000| Untracked 
|  32|0x0000000082000000, 0x0000000082100000, 0x0000000082100000|100%|HS|  |TAMS 0x0000000082100000, 0x0000000082100000| Complete 
|  33|0x0000000082100000, 0x0000000082200000, 0x0000000082200000|100%|HS|  |TAMS 0x0000000082200000, 0x0000000082200000| Complete 
|  34|0x0000000082200000, 0x0000000082300000, 0x0000000082300000|100%|HC|  |TAMS 0x0000000082300000, 0x0000000082300000| Complete 
|  35|0x0000000082300000, 0x0000000082400000, 0x0000000082400000|100%|HC|  |TAMS 0x0000000082400000, 0x0000000082400000| Complete 
|  36|0x0000000082400000, 0x0000000082500000, 0x0000000082500000|100%| O|  |TAMS 0x0000000082500000, 0x0000000082500000| Untracked 
|  37|0x0000000082500000, 0x0000000082600000, 0x0000000082600000|100%| O|  |TAMS 0x0000000082600000, 0x0000000082600000| Untracked 
|  38|0x0000000082600000, 0x0000000082700000, 0x0000000082700000|100%| O|  |TAMS 0x0000000082700000, 0x0000000082700000| Untracked 
|  39|0x0000000082700000, 0x0000000082800000, 0x0000000082800000|100%| O|  |TAMS 0x0000000082800000, 0x0000000082800000| Untracked 
|  40|0x0000000082800000, 0x0000000082900000, 0x0000000082900000|100%| O|  |TAMS 0x0000000082900000, 0x0000000082900000| Untracked 
|  41|0x0000000082900000, 0x0000000082a00000, 0x0000000082a00000|100%| O|  |TAMS 0x0000000082a00000, 0x0000000082a00000| Untracked 
|  42|0x0000000082a00000, 0x0000000082b00000, 0x0000000082b00000|100%| O|  |TAMS 0x0000000082b00000, 0x0000000082b00000| Untracked 
|  43|0x0000000082b00000, 0x0000000082c00000, 0x0000000082c00000|100%| O|  |TAMS 0x0000000082c00000, 0x0000000082c00000| Untracked 
|  44|0x0000000082c00000, 0x0000000082d00000, 0x0000000082d00000|100%| O|  |TAMS 0x0000000082d00000, 0x0000000082d00000| Untracked 
|  45|0x0000000082d00000, 0x0000000082e00000, 0x0000000082e00000|100%| O|  |TAMS 0x0000000082e00000, 0x0000000082e00000| Untracked 
|  46|0x0000000082e00000, 0x0000000082f00000, 0x0000000082f00000|100%| O|  |TAMS 0x0000000082f00000, 0x0000000082f00000| Untracked 
|  47|0x0000000082f00000, 0x0000000083000000, 0x0000000083000000|100%| O|  |TAMS 0x0000000083000000, 0x0000000083000000| Untracked 
|  48|0x0000000083000000, 0x0000000083100000, 0x0000000083100000|100%| O|  |TAMS 0x0000000083000000, 0x0000000083100000| Untracked 
|  49|0x0000000083100000, 0x0000000083200000, 0x0000000083200000|100%| O|  |TAMS 0x0000000083100000, 0x0000000083200000| Untracked 
|  50|0x0000000083200000, 0x0000000083300000, 0x0000000083300000|100%| O|  |TAMS 0x0000000083200000, 0x0000000083300000| Untracked 
|  51|0x0000000083300000, 0x0000000083400000, 0x0000000083400000|100%| O|  |TAMS 0x0000000083300000, 0x0000000083400000| Untracked 
|  52|0x0000000083400000, 0x0000000083500000, 0x0000000083500000|100%| O|  |TAMS 0x0000000083400000, 0x0000000083500000| Untracked 
|  53|0x0000000083500000, 0x0000000083600000, 0x0000000083600000|100%|HS|  |TAMS 0x0000000083500000, 0x0000000083600000| Complete 
|  54|0x0000000083600000, 0x0000000083700000, 0x0000000083700000|100%|HS|  |TAMS 0x0000000083700000, 0x0000000083700000| Complete 
|  55|0x0000000083700000, 0x0000000083800000, 0x0000000083800000|100%|HC|  |TAMS 0x0000000083800000, 0x0000000083800000| Complete 
|  56|0x0000000083800000, 0x0000000083900000, 0x0000000083900000|100%|HC|  |TAMS 0x0000000083900000, 0x0000000083900000| Complete 
|  57|0x0000000083900000, 0x0000000083a00000, 0x0000000083a00000|100%|HC|  |TAMS 0x0000000083a00000, 0x0000000083a00000| Complete 
|  58|0x0000000083a00000, 0x0000000083b00000, 0x0000000083b00000|100%|HC|  |TAMS 0x0000000083b00000, 0x0000000083b00000| Complete 
|  59|0x0000000083b00000, 0x0000000083c00000, 0x0000000083c00000|100%| O|  |TAMS 0x0000000083c00000, 0x0000000083c00000| Untracked 
|  60|0x0000000083c00000, 0x0000000083d00000, 0x0000000083d00000|100%| O|  |TAMS 0x0000000083d00000, 0x0000000083d00000| Untracked 
|  61|0x0000000083d00000, 0x0000000083e00000, 0x0000000083e00000|100%| O|  |TAMS 0x0000000083e00000, 0x0000000083e00000| Untracked 
|  62|0x0000000083e00000, 0x0000000083f00000, 0x0000000083f00000|100%| O|  |TAMS 0x0000000083f00000, 0x0000000083f00000| Untracked 
|  63|0x0000000083f00000, 0x0000000084000000, 0x0000000084000000|100%| O|  |TAMS 0x0000000084000000, 0x0000000084000000| Untracked 
|  64|0x0000000084000000, 0x0000000084100000, 0x0000000084100000|100%| O|  |TAMS 0x0000000084100000, 0x0000000084100000| Untracked 
|  65|0x0000000084100000, 0x0000000084200000, 0x0000000084200000|100%| O|  |TAMS 0x0000000084200000, 0x0000000084200000| Untracked 
|  66|0x0000000084200000, 0x0000000084300000, 0x0000000084300000|100%|HS|  |TAMS 0x0000000084300000, 0x0000000084300000| Complete 
|  67|0x0000000084300000, 0x0000000084400000, 0x0000000084400000|100%| O|  |TAMS 0x0000000084400000, 0x0000000084400000| Untracked 
|  68|0x0000000084400000, 0x0000000084500000, 0x0000000084500000|100%| O|  |TAMS 0x0000000084500000, 0x0000000084500000| Untracked 
|  69|0x0000000084500000, 0x0000000084600000, 0x0000000084600000|100%| O|  |TAMS 0x0000000084600000, 0x0000000084600000| Untracked 
|  70|0x0000000084600000, 0x0000000084700000, 0x0000000084700000|100%| O|  |TAMS 0x0000000084700000, 0x0000000084700000| Untracked 
|  71|0x0000000084700000, 0x0000000084800000, 0x0000000084800000|100%| O|  |TAMS 0x0000000084800000, 0x0000000084800000| Untracked 
|  72|0x0000000084800000, 0x0000000084900000, 0x0000000084900000|100%| O|  |TAMS 0x0000000084900000, 0x0000000084900000| Untracked 
|  73|0x0000000084900000, 0x0000000084a00000, 0x0000000084a00000|100%| O|  |TAMS 0x0000000084a00000, 0x0000000084a00000| Untracked 
|  74|0x0000000084a00000, 0x0000000084b00000, 0x0000000084b00000|100%| O|  |TAMS 0x0000000084b00000, 0x0000000084b00000| Untracked 
|  75|0x0000000084b00000, 0x0000000084c00000, 0x0000000084c00000|100%|HS|  |TAMS 0x0000000084b00000, 0x0000000084c00000| Complete 
|  76|0x0000000084c00000, 0x0000000084d00000, 0x0000000084d00000|100%| O|  |TAMS 0x0000000084d00000, 0x0000000084d00000| Untracked 
|  77|0x0000000084d00000, 0x0000000084e00000, 0x0000000084e00000|100%| O|  |TAMS 0x0000000084e00000, 0x0000000084e00000| Untracked 
|  78|0x0000000084e00000, 0x0000000084f00000, 0x0000000084f00000|100%| O|  |TAMS 0x0000000084f00000, 0x0000000084f00000| Untracked 
|  79|0x0000000084f00000, 0x0000000085000000, 0x0000000085000000|100%| O|  |TAMS 0x0000000085000000, 0x0000000085000000| Untracked 
|  80|0x0000000085000000, 0x0000000085100000, 0x0000000085100000|100%| O|  |TAMS 0x0000000085100000, 0x0000000085100000| Untracked 
|  81|0x0000000085100000, 0x0000000085200000, 0x0000000085200000|100%|HS|  |TAMS 0x0000000085100000, 0x0000000085200000| Complete 
|  82|0x0000000085200000, 0x0000000085300000, 0x0000000085300000|100%|HC|  |TAMS 0x0000000085200000, 0x0000000085300000| Complete 
|  83|0x0000000085300000, 0x0000000085400000, 0x0000000085400000|100%|HS|  |TAMS 0x0000000085300000, 0x0000000085400000| Complete 
|  84|0x0000000085400000, 0x0000000085500000, 0x0000000085500000|100%|HC|  |TAMS 0x0000000085400000, 0x0000000085500000| Complete 
|  85|0x0000000085500000, 0x0000000085600000, 0x0000000085600000|100%| O|  |TAMS 0x0000000085500000, 0x0000000085600000| Untracked 
|  86|0x0000000085600000, 0x0000000085700000, 0x0000000085700000|100%| O|  |TAMS 0x0000000085600000, 0x0000000085700000| Untracked 
|  87|0x0000000085700000, 0x0000000085800000, 0x0000000085800000|100%| O|  |TAMS 0x0000000085700000, 0x0000000085800000| Untracked 
|  88|0x0000000085800000, 0x0000000085900000, 0x0000000085900000|100%| O|  |TAMS 0x0000000085800000, 0x0000000085900000| Untracked 
|  89|0x0000000085900000, 0x0000000085a00000, 0x0000000085a00000|100%| O|  |TAMS 0x0000000085900000, 0x0000000085a00000| Untracked 
|  90|0x0000000085a00000, 0x0000000085b00000, 0x0000000085b00000|100%| O|  |TAMS 0x0000000085a00000, 0x0000000085b00000| Untracked 
|  91|0x0000000085b00000, 0x0000000085c00000, 0x0000000085c00000|100%| O|  |TAMS 0x0000000085b00000, 0x0000000085c00000| Untracked 
|  92|0x0000000085c00000, 0x0000000085d00000, 0x0000000085d00000|100%|HS|  |TAMS 0x0000000085c00000, 0x0000000085d00000| Complete 
|  93|0x0000000085d00000, 0x0000000085e00000, 0x0000000085e00000|100%|HS|  |TAMS 0x0000000085d00000, 0x0000000085e00000| Complete 
|  94|0x0000000085e00000, 0x0000000085f00000, 0x0000000085f00000|100%| O|  |TAMS 0x0000000085e00000, 0x0000000085f00000| Untracked 
|  95|0x0000000085f00000, 0x0000000086000000, 0x0000000086000000|100%| O|  |TAMS 0x0000000085f00000, 0x0000000086000000| Untracked 
|  96|0x0000000086000000, 0x0000000086100000, 0x0000000086100000|100%| O|  |TAMS 0x0000000086000000, 0x0000000086100000| Untracked 
|  97|0x0000000086100000, 0x0000000086200000, 0x0000000086200000|100%| O|  |TAMS 0x0000000086100000, 0x0000000086200000| Untracked 
|  98|0x0000000086200000, 0x0000000086300000, 0x0000000086300000|100%| O|  |TAMS 0x0000000086200000, 0x0000000086300000| Untracked 
|  99|0x0000000086300000, 0x0000000086400000, 0x0000000086400000|100%| O|  |TAMS 0x0000000086300000, 0x0000000086400000| Untracked 
| 100|0x0000000086400000, 0x0000000086500000, 0x0000000086500000|100%| O|  |TAMS 0x0000000086400000, 0x0000000086500000| Untracked 
| 101|0x0000000086500000, 0x0000000086600000, 0x0000000086600000|100%| O|  |TAMS 0x0000000086500000, 0x0000000086600000| Untracked 
| 102|0x0000000086600000, 0x0000000086700000, 0x0000000086700000|100%| O|  |TAMS 0x0000000086600000, 0x0000000086700000| Untracked 
| 103|0x0000000086700000, 0x0000000086800000, 0x0000000086800000|100%| O|  |TAMS 0x0000000086700000, 0x0000000086800000| Untracked 
| 104|0x0000000086800000, 0x0000000086900000, 0x0000000086900000|100%| O|  |TAMS 0x0000000086800000, 0x0000000086900000| Untracked 
| 105|0x0000000086900000, 0x0000000086a00000, 0x0000000086a00000|100%| O|  |TAMS 0x0000000086900000, 0x0000000086a00000| Untracked 
| 106|0x0000000086a00000, 0x0000000086b00000, 0x0000000086b00000|100%| O|  |TAMS 0x0000000086a00000, 0x0000000086b00000| Untracked 
| 107|0x0000000086b00000, 0x0000000086c00000, 0x0000000086c00000|100%| O|  |TAMS 0x0000000086b00000, 0x0000000086c00000| Untracked 
| 108|0x0000000086c00000, 0x0000000086d00000, 0x0000000086d00000|100%| O|  |TAMS 0x0000000086c00000, 0x0000000086d00000| Untracked 
| 109|0x0000000086d00000, 0x0000000086e00000, 0x0000000086e00000|100%| O|  |TAMS 0x0000000086d00000, 0x0000000086e00000| Untracked 
| 110|0x0000000086e00000, 0x0000000086f00000, 0x0000000086f00000|100%| O|  |TAMS 0x0000000086e00000, 0x0000000086f00000| Untracked 
| 111|0x0000000086f00000, 0x0000000087000000, 0x0000000087000000|100%| O|  |TAMS 0x0000000086f00000, 0x0000000087000000| Untracked 
| 112|0x0000000087000000, 0x0000000087100000, 0x0000000087100000|100%| O|  |TAMS 0x0000000087000000, 0x0000000087100000| Untracked 
| 113|0x0000000087100000, 0x0000000087200000, 0x0000000087200000|100%| O|  |TAMS 0x0000000087100000, 0x0000000087200000| Untracked 
| 114|0x0000000087200000, 0x0000000087300000, 0x0000000087300000|100%| O|  |TAMS 0x0000000087200000, 0x0000000087300000| Untracked 
| 115|0x0000000087300000, 0x0000000087400000, 0x0000000087400000|100%|HS|  |TAMS 0x0000000087300000, 0x0000000087400000| Complete 
| 116|0x0000000087400000, 0x0000000087500000, 0x0000000087500000|100%|HS|  |TAMS 0x0000000087400000, 0x0000000087500000| Complete 
| 117|0x0000000087500000, 0x0000000087600000, 0x0000000087600000|100%|HS|  |TAMS 0x0000000087500000, 0x0000000087600000| Complete 
| 118|0x0000000087600000, 0x0000000087700000, 0x0000000087700000|100%|HC|  |TAMS 0x0000000087600000, 0x0000000087700000| Complete 
| 119|0x0000000087700000, 0x0000000087800000, 0x0000000087800000|100%| O|  |TAMS 0x0000000087700000, 0x0000000087800000| Untracked 
| 120|0x0000000087800000, 0x0000000087900000, 0x0000000087900000|100%| O|  |TAMS 0x0000000087800000, 0x0000000087900000| Untracked 
| 121|0x0000000087900000, 0x0000000087a00000, 0x0000000087a00000|100%| O|  |TAMS 0x0000000087900000, 0x0000000087a00000| Untracked 
| 122|0x0000000087a00000, 0x0000000087b00000, 0x0000000087b00000|100%| O|  |TAMS 0x0000000087a00000, 0x0000000087b00000| Untracked 
| 123|0x0000000087b00000, 0x0000000087c00000, 0x0000000087c00000|100%| O|  |TAMS 0x0000000087b00000, 0x0000000087c00000| Untracked 
| 124|0x0000000087c00000, 0x0000000087d00000, 0x0000000087d00000|100%| O|  |TAMS 0x0000000087c00000, 0x0000000087d00000| Untracked 
| 125|0x0000000087d00000, 0x0000000087e00000, 0x0000000087e00000|100%| O|  |TAMS 0x0000000087d00000, 0x0000000087e00000| Untracked 
| 126|0x0000000087e00000, 0x0000000087f00000, 0x0000000087f00000|100%| O|  |TAMS 0x0000000087e00000, 0x0000000087f00000| Untracked 
| 127|0x0000000087f00000, 0x0000000088000000, 0x0000000088000000|100%| O|  |TAMS 0x0000000087f00000, 0x0000000088000000| Untracked 
| 128|0x0000000088000000, 0x0000000088100000, 0x0000000088100000|100%| O|  |TAMS 0x0000000088000000, 0x0000000088100000| Untracked 
| 129|0x0000000088100000, 0x0000000088200000, 0x0000000088200000|100%| O|  |TAMS 0x0000000088100000, 0x0000000088200000| Untracked 
| 130|0x0000000088200000, 0x0000000088300000, 0x0000000088300000|100%| O|  |TAMS 0x0000000088200000, 0x0000000088300000| Untracked 
| 131|0x0000000088300000, 0x0000000088400000, 0x0000000088400000|100%| O|  |TAMS 0x0000000088300000, 0x0000000088400000| Untracked 
| 132|0x0000000088400000, 0x0000000088500000, 0x0000000088500000|100%| O|  |TAMS 0x0000000088400000, 0x0000000088500000| Untracked 
| 133|0x0000000088500000, 0x0000000088600000, 0x0000000088600000|100%| O|  |TAMS 0x0000000088500000, 0x0000000088600000| Untracked 
| 134|0x0000000088600000, 0x0000000088700000, 0x0000000088700000|100%| O|  |TAMS 0x0000000088600000, 0x0000000088700000| Untracked 
| 135|0x0000000088700000, 0x0000000088800000, 0x0000000088800000|100%| O|  |TAMS 0x0000000088700000, 0x0000000088800000| Untracked 
| 136|0x0000000088800000, 0x0000000088900000, 0x0000000088900000|100%| O|  |TAMS 0x0000000088800000, 0x0000000088900000| Untracked 
| 137|0x0000000088900000, 0x0000000088a00000, 0x0000000088a00000|100%| O|  |TAMS 0x0000000088900000, 0x0000000088a00000| Untracked 
| 138|0x0000000088a00000, 0x0000000088b00000, 0x0000000088b00000|100%| O|  |TAMS 0x0000000088a00000, 0x0000000088b00000| Untracked 
| 139|0x0000000088b00000, 0x0000000088c00000, 0x0000000088c00000|100%| O|  |TAMS 0x0000000088b00000, 0x0000000088c00000| Untracked 
| 140|0x0000000088c00000, 0x0000000088d00000, 0x0000000088d00000|100%| O|  |TAMS 0x0000000088c00000, 0x0000000088d00000| Untracked 
| 141|0x0000000088d00000, 0x0000000088e00000, 0x0000000088e00000|100%| O|  |TAMS 0x0000000088d00000, 0x0000000088e00000| Untracked 
| 142|0x0000000088e00000, 0x0000000088f00000, 0x0000000088f00000|100%| O|  |TAMS 0x0000000088e00000, 0x0000000088f00000| Untracked 
| 143|0x0000000088f00000, 0x0000000089000000, 0x0000000089000000|100%| O|  |TAMS 0x0000000088f00000, 0x0000000089000000| Untracked 
| 144|0x0000000089000000, 0x0000000089100000, 0x0000000089100000|100%| O|  |TAMS 0x0000000089000000, 0x0000000089100000| Untracked 
| 145|0x0000000089100000, 0x0000000089200000, 0x0000000089200000|100%| O|  |TAMS 0x0000000089100000, 0x0000000089200000| Untracked 
| 146|0x0000000089200000, 0x0000000089300000, 0x0000000089300000|100%| O|  |TAMS 0x0000000089200000, 0x0000000089300000| Untracked 
| 147|0x0000000089300000, 0x0000000089400000, 0x0000000089400000|100%| O|  |TAMS 0x0000000089300000, 0x0000000089400000| Untracked 
| 148|0x0000000089400000, 0x0000000089500000, 0x0000000089500000|100%| O|  |TAMS 0x0000000089400000, 0x0000000089500000| Untracked 
| 149|0x0000000089500000, 0x0000000089600000, 0x0000000089600000|100%| O|  |TAMS 0x0000000089500000, 0x0000000089600000| Untracked 
| 150|0x0000000089600000, 0x0000000089700000, 0x0000000089700000|100%| O|  |TAMS 0x0000000089600000, 0x0000000089700000| Untracked 
| 151|0x0000000089700000, 0x0000000089800000, 0x0000000089800000|100%| O|  |TAMS 0x0000000089700000, 0x0000000089800000| Untracked 
| 152|0x0000000089800000, 0x0000000089900000, 0x0000000089900000|100%| O|  |TAMS 0x0000000089800000, 0x0000000089900000| Untracked 
| 153|0x0000000089900000, 0x0000000089a00000, 0x0000000089a00000|100%| O|  |TAMS 0x0000000089900000, 0x0000000089a00000| Untracked 
| 154|0x0000000089a00000, 0x0000000089b00000, 0x0000000089b00000|100%| O|  |TAMS 0x0000000089a00000, 0x0000000089b00000| Untracked 
| 155|0x0000000089b00000, 0x0000000089c00000, 0x0000000089c00000|100%| O|  |TAMS 0x0000000089b00000, 0x0000000089c00000| Untracked 
| 156|0x0000000089c00000, 0x0000000089d00000, 0x0000000089d00000|100%| O|  |TAMS 0x0000000089c00000, 0x0000000089d00000| Untracked 
| 157|0x0000000089d00000, 0x0000000089e00000, 0x0000000089e00000|100%| O|  |TAMS 0x0000000089d00000, 0x0000000089e00000| Untracked 
| 158|0x0000000089e00000, 0x0000000089f00000, 0x0000000089f00000|100%| O|  |TAMS 0x0000000089e00000, 0x0000000089f00000| Untracked 
| 159|0x0000000089f00000, 0x000000008a000000, 0x000000008a000000|100%| O|  |TAMS 0x0000000089f00000, 0x000000008a000000| Untracked 
| 160|0x000000008a000000, 0x000000008a100000, 0x000000008a100000|100%| O|  |TAMS 0x000000008a000000, 0x000000008a100000| Untracked 
| 161|0x000000008a100000, 0x000000008a200000, 0x000000008a200000|100%| O|  |TAMS 0x000000008a100000, 0x000000008a200000| Untracked 
| 162|0x000000008a200000, 0x000000008a300000, 0x000000008a300000|100%| O|  |TAMS 0x000000008a200000, 0x000000008a300000| Untracked 
| 163|0x000000008a300000, 0x000000008a400000, 0x000000008a400000|100%| O|  |TAMS 0x000000008a300000, 0x000000008a400000| Untracked 
| 164|0x000000008a400000, 0x000000008a500000, 0x000000008a500000|100%| O|  |TAMS 0x000000008a400000, 0x000000008a500000| Untracked 
| 165|0x000000008a500000, 0x000000008a600000, 0x000000008a600000|100%| O|  |TAMS 0x000000008a500000, 0x000000008a600000| Untracked 
| 166|0x000000008a600000, 0x000000008a700000, 0x000000008a700000|100%| O|  |TAMS 0x000000008a600000, 0x000000008a700000| Untracked 
| 167|0x000000008a700000, 0x000000008a800000, 0x000000008a800000|100%| O|  |TAMS 0x000000008a700000, 0x000000008a800000| Untracked 
| 168|0x000000008a800000, 0x000000008a900000, 0x000000008a900000|100%| O|  |TAMS 0x000000008a800000, 0x000000008a900000| Untracked 
| 169|0x000000008a900000, 0x000000008aa00000, 0x000000008aa00000|100%| O|  |TAMS 0x000000008a900000, 0x000000008aa00000| Untracked 
| 170|0x000000008aa00000, 0x000000008ab00000, 0x000000008ab00000|100%| O|  |TAMS 0x000000008aa00000, 0x000000008ab00000| Untracked 
| 171|0x000000008ab00000, 0x000000008ac00000, 0x000000008ac00000|100%| O|  |TAMS 0x000000008ab00000, 0x000000008ac00000| Untracked 
| 172|0x000000008ac00000, 0x000000008ad00000, 0x000000008ad00000|100%| O|  |TAMS 0x000000008ac00000, 0x000000008ad00000| Untracked 
| 173|0x000000008ad00000, 0x000000008ae00000, 0x000000008ae00000|100%| O|  |TAMS 0x000000008ad00000, 0x000000008ae00000| Untracked 
| 174|0x000000008ae00000, 0x000000008af00000, 0x000000008af00000|100%| O|  |TAMS 0x000000008ae00000, 0x000000008af00000| Untracked 
| 175|0x000000008af00000, 0x000000008b000000, 0x000000008b000000|100%| O|  |TAMS 0x000000008af00000, 0x000000008b000000| Untracked 
| 176|0x000000008b000000, 0x000000008b100000, 0x000000008b100000|100%| O|  |TAMS 0x000000008b000000, 0x000000008b100000| Untracked 
| 177|0x000000008b100000, 0x000000008b200000, 0x000000008b200000|100%| O|  |TAMS 0x000000008b100000, 0x000000008b200000| Untracked 
| 178|0x000000008b200000, 0x000000008b300000, 0x000000008b300000|100%|HS|  |TAMS 0x000000008b200000, 0x000000008b300000| Complete 
| 179|0x000000008b300000, 0x000000008b400000, 0x000000008b400000|100%|HC|  |TAMS 0x000000008b300000, 0x000000008b400000| Complete 
| 180|0x000000008b400000, 0x000000008b500000, 0x000000008b500000|100%|HS|  |TAMS 0x000000008b400000, 0x000000008b500000| Complete 
| 181|0x000000008b500000, 0x000000008b600000, 0x000000008b600000|100%|HS|  |TAMS 0x000000008b500000, 0x000000008b600000| Complete 
| 182|0x000000008b600000, 0x000000008b700000, 0x000000008b700000|100%|HS|  |TAMS 0x000000008b600000, 0x000000008b700000| Complete 
| 183|0x000000008b700000, 0x000000008b800000, 0x000000008b800000|100%|HC|  |TAMS 0x000000008b700000, 0x000000008b800000| Complete 
| 184|0x000000008b800000, 0x000000008b900000, 0x000000008b900000|100%|HS|  |TAMS 0x000000008b800000, 0x000000008b900000| Complete 
| 185|0x000000008b900000, 0x000000008ba00000, 0x000000008ba00000|100%|HS|  |TAMS 0x000000008b900000, 0x000000008ba00000| Complete 
| 186|0x000000008ba00000, 0x000000008bb00000, 0x000000008bb00000|100%|HC|  |TAMS 0x000000008ba00000, 0x000000008bb00000| Complete 
| 187|0x000000008bb00000, 0x000000008bc00000, 0x000000008bc00000|100%|HS|  |TAMS 0x000000008bb00000, 0x000000008bc00000| Complete 
| 188|0x000000008bc00000, 0x000000008bd00000, 0x000000008bd00000|100%|HS|  |TAMS 0x000000008bc00000, 0x000000008bd00000| Complete 
| 189|0x000000008bd00000, 0x000000008be00000, 0x000000008be00000|100%|HC|  |TAMS 0x000000008bd00000, 0x000000008be00000| Complete 
| 190|0x000000008be00000, 0x000000008be00000, 0x000000008bf00000|  0%| F|  |TAMS 0x000000008be00000, 0x000000008be00000| Untracked 
| 191|0x000000008bf00000, 0x000000008bf00000, 0x000000008c000000|  0%| F|  |TAMS 0x000000008bf00000, 0x000000008bf00000| Untracked 
| 192|0x000000008c000000, 0x000000008c000000, 0x000000008c100000|  0%| F|  |TAMS 0x000000008c000000, 0x000000008c000000| Untracked 
| 193|0x000000008c100000, 0x000000008c200000, 0x000000008c200000|100%|HS|  |TAMS 0x000000008c100000, 0x000000008c200000| Complete 
| 194|0x000000008c200000, 0x000000008c200000, 0x000000008c300000|  0%| F|  |TAMS 0x000000008c200000, 0x000000008c200000| Untracked 
| 195|0x000000008c300000, 0x000000008c400000, 0x000000008c400000|100%|HS|  |TAMS 0x000000008c300000, 0x000000008c400000| Complete 
| 196|0x000000008c400000, 0x000000008c500000, 0x000000008c500000|100%|HS|  |TAMS 0x000000008c400000, 0x000000008c500000| Complete 
| 197|0x000000008c500000, 0x000000008c600000, 0x000000008c600000|100%|HC|  |TAMS 0x000000008c500000, 0x000000008c600000| Complete 
| 198|0x000000008c600000, 0x000000008c700000, 0x000000008c700000|100%|HS|  |TAMS 0x000000008c600000, 0x000000008c700000| Complete 
| 199|0x000000008c700000, 0x000000008c800000, 0x000000008c800000|100%|HC|  |TAMS 0x000000008c700000, 0x000000008c800000| Complete 
| 200|0x000000008c800000, 0x000000008c900000, 0x000000008c900000|100%| O|  |TAMS 0x000000008c800000, 0x000000008c900000| Untracked 
| 201|0x000000008c900000, 0x000000008ca00000, 0x000000008ca00000|100%| O|  |TAMS 0x000000008c900000, 0x000000008ca00000| Untracked 
| 202|0x000000008ca00000, 0x000000008cb00000, 0x000000008cb00000|100%| O|  |TAMS 0x000000008ca00000, 0x000000008cb00000| Untracked 
| 203|0x000000008cb00000, 0x000000008cc00000, 0x000000008cc00000|100%| O|  |TAMS 0x000000008cb00000, 0x000000008cc00000| Untracked 
| 204|0x000000008cc00000, 0x000000008cd00000, 0x000000008cd00000|100%| O|  |TAMS 0x000000008cc00000, 0x000000008cd00000| Untracked 
| 205|0x000000008cd00000, 0x000000008ce00000, 0x000000008ce00000|100%| O|  |TAMS 0x000000008cd00000, 0x000000008ce00000| Untracked 
| 206|0x000000008ce00000, 0x000000008cf00000, 0x000000008cf00000|100%|HS|  |TAMS 0x000000008ce00000, 0x000000008cf00000| Complete 
| 207|0x000000008cf00000, 0x000000008d000000, 0x000000008d000000|100%|HS|  |TAMS 0x000000008cf00000, 0x000000008d000000| Complete 
| 208|0x000000008d000000, 0x000000008d100000, 0x000000008d100000|100%|HS|  |TAMS 0x000000008d000000, 0x000000008d100000| Complete 
| 209|0x000000008d100000, 0x000000008d200000, 0x000000008d200000|100%|HS|  |TAMS 0x000000008d100000, 0x000000008d200000| Complete 
| 210|0x000000008d200000, 0x000000008d300000, 0x000000008d300000|100%|HC|  |TAMS 0x000000008d200000, 0x000000008d300000| Complete 
| 211|0x000000008d300000, 0x000000008d300000, 0x000000008d400000|  0%| F|  |TAMS 0x000000008d300000, 0x000000008d300000| Untracked 
| 212|0x000000008d400000, 0x000000008d500000, 0x000000008d500000|100%|HS|  |TAMS 0x000000008d400000, 0x000000008d500000| Complete 
| 213|0x000000008d500000, 0x000000008d600000, 0x000000008d600000|100%| O|  |TAMS 0x000000008d500000, 0x000000008d600000| Untracked 
| 214|0x000000008d600000, 0x000000008d700000, 0x000000008d700000|100%|HS|  |TAMS 0x000000008d600000, 0x000000008d700000| Complete 
| 215|0x000000008d700000, 0x000000008d800000, 0x000000008d800000|100%|HC|  |TAMS 0x000000008d700000, 0x000000008d800000| Complete 
| 216|0x000000008d800000, 0x000000008d900000, 0x000000008d900000|100%| O|  |TAMS 0x000000008d800000, 0x000000008d900000| Untracked 
| 217|0x000000008d900000, 0x000000008da00000, 0x000000008da00000|100%| O|  |TAMS 0x000000008d900000, 0x000000008da00000| Untracked 
| 218|0x000000008da00000, 0x000000008db00000, 0x000000008db00000|100%| O|  |TAMS 0x000000008da00000, 0x000000008db00000| Untracked 
| 219|0x000000008db00000, 0x000000008dc00000, 0x000000008dc00000|100%| O|  |TAMS 0x000000008db00000, 0x000000008dc00000| Untracked 
| 220|0x000000008dc00000, 0x000000008dd00000, 0x000000008dd00000|100%| O|  |TAMS 0x000000008dc00000, 0x000000008dd00000| Untracked 
| 221|0x000000008dd00000, 0x000000008dd00000, 0x000000008de00000|  0%| F|  |TAMS 0x000000008dd00000, 0x000000008dd00000| Untracked 
| 222|0x000000008de00000, 0x000000008de00000, 0x000000008df00000|  0%| F|  |TAMS 0x000000008de00000, 0x000000008de00000| Untracked 
| 223|0x000000008df00000, 0x000000008df00000, 0x000000008e000000|  0%| F|  |TAMS 0x000000008df00000, 0x000000008df00000| Untracked 
| 224|0x000000008e000000, 0x000000008e100000, 0x000000008e100000|100%|HS|  |TAMS 0x000000008e000000, 0x000000008e100000| Complete 
| 225|0x000000008e100000, 0x000000008e200000, 0x000000008e200000|100%|HC|  |TAMS 0x000000008e100000, 0x000000008e200000| Complete 
| 226|0x000000008e200000, 0x000000008e300000, 0x000000008e300000|100%| O|  |TAMS 0x000000008e200000, 0x000000008e300000| Untracked 
| 227|0x000000008e300000, 0x000000008e400000, 0x000000008e400000|100%| O|  |TAMS 0x000000008e300000, 0x000000008e400000| Untracked 
| 228|0x000000008e400000, 0x000000008e500000, 0x000000008e500000|100%| O|  |TAMS 0x000000008e400000, 0x000000008e500000| Untracked 
| 229|0x000000008e500000, 0x000000008e600000, 0x000000008e600000|100%| O|  |TAMS 0x000000008e500000, 0x000000008e600000| Untracked 
| 230|0x000000008e600000, 0x000000008e600000, 0x000000008e700000|  0%| F|  |TAMS 0x000000008e600000, 0x000000008e600000| Untracked 
| 231|0x000000008e700000, 0x000000008e700000, 0x000000008e800000|  0%| F|  |TAMS 0x000000008e700000, 0x000000008e700000| Untracked 
| 232|0x000000008e800000, 0x000000008e800000, 0x000000008e900000|  0%| F|  |TAMS 0x000000008e800000, 0x000000008e800000| Untracked 
| 233|0x000000008e900000, 0x000000008ea00000, 0x000000008ea00000|100%| O|  |TAMS 0x000000008e900000, 0x000000008ea00000| Untracked 
| 234|0x000000008ea00000, 0x000000008eb00000, 0x000000008eb00000|100%| O|  |TAMS 0x000000008ea00000, 0x000000008eb00000| Untracked 
| 235|0x000000008eb00000, 0x000000008ec00000, 0x000000008ec00000|100%| O|  |TAMS 0x000000008eb00000, 0x000000008ec00000| Untracked 
| 236|0x000000008ec00000, 0x000000008ed00000, 0x000000008ed00000|100%| O|  |TAMS 0x000000008ec00000, 0x000000008ed00000| Untracked 
| 237|0x000000008ed00000, 0x000000008ee00000, 0x000000008ee00000|100%|HS|  |TAMS 0x000000008ed00000, 0x000000008ee00000| Complete 
| 238|0x000000008ee00000, 0x000000008ef00000, 0x000000008ef00000|100%|HC|  |TAMS 0x000000008ee00000, 0x000000008ef00000| Complete 
| 239|0x000000008ef00000, 0x000000008f000000, 0x000000008f000000|100%|HS|  |TAMS 0x000000008ef00000, 0x000000008f000000| Complete 
| 240|0x000000008f000000, 0x000000008f100000, 0x000000008f100000|100%|HC|  |TAMS 0x000000008f000000, 0x000000008f100000| Complete 
| 241|0x000000008f100000, 0x000000008f200000, 0x000000008f200000|100%| O|  |TAMS 0x000000008f100000, 0x000000008f200000| Untracked 
| 242|0x000000008f200000, 0x000000008f300000, 0x000000008f300000|100%|HS|  |TAMS 0x000000008f200000, 0x000000008f300000| Complete 
| 243|0x000000008f300000, 0x000000008f400000, 0x000000008f400000|100%|HC|  |TAMS 0x000000008f300000, 0x000000008f400000| Complete 
| 244|0x000000008f400000, 0x000000008f400000, 0x000000008f500000|  0%| F|  |TAMS 0x000000008f400000, 0x000000008f400000| Untracked 
| 245|0x000000008f500000, 0x000000008f500000, 0x000000008f600000|  0%| F|  |TAMS 0x000000008f500000, 0x000000008f500000| Untracked 
| 246|0x000000008f600000, 0x000000008f700000, 0x000000008f700000|100%| O|  |TAMS 0x000000008f600000, 0x000000008f700000| Untracked 
| 247|0x000000008f700000, 0x000000008f800000, 0x000000008f800000|100%| O|  |TAMS 0x000000008f700000, 0x000000008f800000| Untracked 
| 248|0x000000008f800000, 0x000000008f900000, 0x000000008f900000|100%| O|  |TAMS 0x000000008f800000, 0x000000008f900000| Untracked 
| 249|0x000000008f900000, 0x000000008f9c6000, 0x000000008fa00000| 77%| O|  |TAMS 0x000000008f900000, 0x000000008f9aba00| Untracked 
| 250|0x000000008fa00000, 0x000000008fa00000, 0x000000008fb00000|  0%| F|  |TAMS 0x000000008fa00000, 0x000000008fa00000| Untracked 
| 251|0x000000008fb00000, 0x000000008fb00000, 0x000000008fc00000|  0%| F|  |TAMS 0x000000008fb00000, 0x000000008fb00000| Untracked 
| 252|0x000000008fc00000, 0x000000008fc00000, 0x000000008fd00000|  0%| F|  |TAMS 0x000000008fc00000, 0x000000008fc00000| Untracked 
| 253|0x000000008fd00000, 0x000000008fd00000, 0x000000008fe00000|  0%| F|  |TAMS 0x000000008fd00000, 0x000000008fd00000| Untracked 
| 254|0x000000008fe00000, 0x000000008fe00000, 0x000000008ff00000|  0%| F|  |TAMS 0x000000008fe00000, 0x000000008fe00000| Untracked 
| 255|0x000000008ff00000, 0x000000008ff00000, 0x0000000090000000|  0%| F|  |TAMS 0x000000008ff00000, 0x000000008ff00000| Untracked 
| 256|0x0000000090000000, 0x0000000090000000, 0x0000000090100000|  0%| F|  |TAMS 0x0000000090000000, 0x0000000090000000| Untracked 
| 257|0x0000000090100000, 0x0000000090100000, 0x0000000090200000|  0%| F|  |TAMS 0x0000000090100000, 0x0000000090100000| Untracked 
| 258|0x0000000090200000, 0x0000000090200000, 0x0000000090300000|  0%| F|  |TAMS 0x0000000090200000, 0x0000000090200000| Untracked 
| 259|0x0000000090300000, 0x0000000090300000, 0x0000000090400000|  0%| F|  |TAMS 0x0000000090300000, 0x0000000090300000| Untracked 
| 260|0x0000000090400000, 0x0000000090400000, 0x0000000090500000|  0%| F|  |TAMS 0x0000000090400000, 0x0000000090400000| Untracked 
| 261|0x0000000090500000, 0x0000000090500000, 0x0000000090600000|  0%| F|  |TAMS 0x0000000090500000, 0x0000000090500000| Untracked 
| 262|0x0000000090600000, 0x0000000090600000, 0x0000000090700000|  0%| F|  |TAMS 0x0000000090600000, 0x0000000090600000| Untracked 
| 263|0x0000000090700000, 0x0000000090700000, 0x0000000090800000|  0%| F|  |TAMS 0x0000000090700000, 0x0000000090700000| Untracked 
| 264|0x0000000090800000, 0x0000000090800000, 0x0000000090900000|  0%| F|  |TAMS 0x0000000090800000, 0x0000000090800000| Untracked 
| 265|0x0000000090900000, 0x0000000090900000, 0x0000000090a00000|  0%| F|  |TAMS 0x0000000090900000, 0x0000000090900000| Untracked 
| 266|0x0000000090a00000, 0x0000000090a00000, 0x0000000090b00000|  0%| F|  |TAMS 0x0000000090a00000, 0x0000000090a00000| Untracked 
| 267|0x0000000090b00000, 0x0000000090b00000, 0x0000000090c00000|  0%| F|  |TAMS 0x0000000090b00000, 0x0000000090b00000| Untracked 
| 268|0x0000000090c00000, 0x0000000090c00000, 0x0000000090d00000|  0%| F|  |TAMS 0x0000000090c00000, 0x0000000090c00000| Untracked 
| 269|0x0000000090d00000, 0x0000000090d00000, 0x0000000090e00000|  0%| F|  |TAMS 0x0000000090d00000, 0x0000000090d00000| Untracked 
| 270|0x0000000090e00000, 0x0000000090e00000, 0x0000000090f00000|  0%| F|  |TAMS 0x0000000090e00000, 0x0000000090e00000| Untracked 
| 271|0x0000000090f00000, 0x0000000090f00000, 0x0000000091000000|  0%| F|  |TAMS 0x0000000090f00000, 0x0000000090f00000| Untracked 
| 272|0x0000000091000000, 0x0000000091000000, 0x0000000091100000|  0%| F|  |TAMS 0x0000000091000000, 0x0000000091000000| Untracked 
| 273|0x0000000091100000, 0x0000000091100000, 0x0000000091200000|  0%| F|  |TAMS 0x0000000091100000, 0x0000000091100000| Untracked 
| 274|0x0000000091200000, 0x0000000091200000, 0x0000000091300000|  0%| F|  |TAMS 0x0000000091200000, 0x0000000091200000| Untracked 
| 275|0x0000000091300000, 0x0000000091300000, 0x0000000091400000|  0%| F|  |TAMS 0x0000000091300000, 0x0000000091300000| Untracked 
| 276|0x0000000091400000, 0x0000000091400000, 0x0000000091500000|  0%| F|  |TAMS 0x0000000091400000, 0x0000000091400000| Untracked 
| 277|0x0000000091500000, 0x0000000091500000, 0x0000000091600000|  0%| F|  |TAMS 0x0000000091500000, 0x0000000091500000| Untracked 
| 278|0x0000000091600000, 0x0000000091600000, 0x0000000091700000|  0%| F|  |TAMS 0x0000000091600000, 0x0000000091600000| Untracked 
| 279|0x0000000091700000, 0x0000000091700000, 0x0000000091800000|  0%| F|  |TAMS 0x0000000091700000, 0x0000000091700000| Untracked 
| 280|0x0000000091800000, 0x0000000091800000, 0x0000000091900000|  0%| F|  |TAMS 0x0000000091800000, 0x0000000091800000| Untracked 
| 281|0x0000000091900000, 0x0000000091900000, 0x0000000091a00000|  0%| F|  |TAMS 0x0000000091900000, 0x0000000091900000| Untracked 
| 282|0x0000000091a00000, 0x0000000091a00000, 0x0000000091b00000|  0%| F|  |TAMS 0x0000000091a00000, 0x0000000091a00000| Untracked 
| 283|0x0000000091b00000, 0x0000000091b00000, 0x0000000091c00000|  0%| F|  |TAMS 0x0000000091b00000, 0x0000000091b00000| Untracked 
| 284|0x0000000091c00000, 0x0000000091c00000, 0x0000000091d00000|  0%| F|  |TAMS 0x0000000091c00000, 0x0000000091c00000| Untracked 
| 285|0x0000000091d00000, 0x0000000091d00000, 0x0000000091e00000|  0%| F|  |TAMS 0x0000000091d00000, 0x0000000091d00000| Untracked 
| 286|0x0000000091e00000, 0x0000000091f00000, 0x0000000091f00000|100%| S|CS|TAMS 0x0000000091e00000, 0x0000000091e00000| Complete 
| 287|0x0000000091f00000, 0x0000000092000000, 0x0000000092000000|100%| S|CS|TAMS 0x0000000091f00000, 0x0000000091f00000| Complete 
| 288|0x0000000092000000, 0x0000000092000000, 0x0000000092100000|  0%| F|  |TAMS 0x0000000092000000, 0x0000000092000000| Untracked 
| 289|0x0000000092100000, 0x0000000092100000, 0x0000000092200000|  0%| F|  |TAMS 0x0000000092100000, 0x0000000092100000| Untracked 
| 290|0x0000000092200000, 0x0000000092300000, 0x0000000092300000|100%| S|CS|TAMS 0x0000000092200000, 0x0000000092200000| Complete 
| 291|0x0000000092300000, 0x0000000092300000, 0x0000000092400000|  0%| F|  |TAMS 0x0000000092300000, 0x0000000092300000| Untracked 
| 292|0x0000000092400000, 0x0000000092400000, 0x0000000092500000|  0%| F|  |TAMS 0x0000000092400000, 0x0000000092400000| Untracked 
| 293|0x0000000092500000, 0x0000000092500000, 0x0000000092600000|  0%| F|  |TAMS 0x0000000092500000, 0x0000000092500000| Untracked 
| 294|0x0000000092600000, 0x0000000092600000, 0x0000000092700000|  0%| F|  |TAMS 0x0000000092600000, 0x0000000092600000| Untracked 
| 295|0x0000000092700000, 0x0000000092700000, 0x0000000092800000|  0%| F|  |TAMS 0x0000000092700000, 0x0000000092700000| Untracked 
| 296|0x0000000092800000, 0x0000000092800000, 0x0000000092900000|  0%| F|  |TAMS 0x0000000092800000, 0x0000000092800000| Untracked 
| 297|0x0000000092900000, 0x0000000092900000, 0x0000000092a00000|  0%| F|  |TAMS 0x0000000092900000, 0x0000000092900000| Untracked 
|2042|0x00000000ffa00000, 0x00000000ffb00000, 0x00000000ffb00000|100%| O|  |TAMS 0x00000000ffb00000, 0x00000000ffb00000| Untracked 
|2043|0x00000000ffb00000, 0x00000000ffc00000, 0x00000000ffc00000|100%| O|  |TAMS 0x00000000ffc00000, 0x00000000ffc00000| Untracked 
|2044|0x00000000ffc00000, 0x00000000ffd00000, 0x00000000ffd00000|100%| O|  |TAMS 0x00000000ffd00000, 0x00000000ffd00000| Untracked 
|2045|0x00000000ffd00000, 0x00000000ffe00000, 0x00000000ffe00000|100%| O|  |TAMS 0x00000000ffe00000, 0x00000000ffe00000| Untracked 
|2046|0x00000000ffe00000, 0x00000000fff00000, 0x00000000fff00000|100%| O|  |TAMS 0x00000000fff00000, 0x00000000fff00000| Untracked 
|2047|0x00000000fff00000, 0x0000000100000000, 0x0000000100000000|100%| O|  |TAMS 0x0000000100000000, 0x0000000100000000| Untracked 

Card table byte_map: [0x000001423fdd0000,0x00000142401d0000] _byte_map_base: 0x000001423f9d0000

Marking Bits (Prev, Next): (CMBitMap*) 0x00000142291acf80, (CMBitMap*) 0x00000142291acfc0
 Prev Bits: [0x00000142405d0000, 0x00000142425d0000)
 Next Bits: [0x00000142425d0000, 0x00000142445d0000)

Polling page: 0x0000014228930000

Metaspace:

Usage:
  Non-class:     90.71 MB used.
      Class:     13.82 MB used.
       Both:    104.54 MB used.

Virtual space:
  Non-class space:       96.00 MB reserved,      91.12 MB ( 95%) committed,  12 nodes.
      Class space:      412.00 MB reserved,      14.25 MB (  3%) committed,  1 nodes.
             Both:      508.00 MB reserved,     105.38 MB ( 21%) committed. 

Chunk freelists:
   Non-Class:  96.00 KB
       Class:  1.72 MB
        Both:  1.81 MB

MaxMetaspaceSize: 512.00 MB
CompressedClassSpaceSize: 412.00 MB
Initial GC threshold: 21.00 MB
Current GC threshold: 112.31 MB
CDS: on
MetaspaceReclaimPolicy: balanced
 - commit_granule_bytes: 65536.
 - commit_granule_words: 8192.
 - virtual_space_node_default_size: 1048576.
 - enlarge_chunks_in_place: 1.
 - new_chunks_are_fully_committed: 0.
 - uncommit_free_chunks: 1.
 - use_allocation_guard: 0.
 - handle_deallocations: 1.


Internal statistics:

num_allocs_failed_limit: 3.
num_arena_births: 1084.
num_arena_deaths: 0.
num_vsnodes_births: 13.
num_vsnodes_deaths: 0.
num_space_committed: 1686.
num_space_uncommitted: 0.
num_chunks_returned_to_freelist: 3.
num_chunks_taken_from_freelist: 5228.
num_chunk_merges: 3.
num_chunk_splits: 3495.
num_chunks_enlarged: 2361.
num_purges: 0.
num_inconsistent_stats: 0.

CodeHeap 'non-profiled nmethods': size=120000Kb used=8403Kb max_used=8403Kb free=111596Kb
 bounds [0x00000142384a0000, 0x0000014238ce0000, 0x000001423f9d0000]
CodeHeap 'profiled nmethods': size=120000Kb used=28543Kb max_used=28543Kb free=91457Kb
 bounds [0x0000014230f70000, 0x0000014232b60000, 0x00000142384a0000]
CodeHeap 'non-nmethods': size=5760Kb used=2471Kb max_used=2511Kb free=3288Kb
 bounds [0x00000142309d0000, 0x0000014230c60000, 0x0000014230f70000]
 total_blobs=14963 nmethods=13949 adapters=925
 compilation: enabled
              stopped_count=0, restarted_count=0
 full_count=0

Compilation events (20 events):
Event: 182.414 Thread 0x0000014246a78ed0 16570       3       com.google.common.collect.AbstractIterator::next (34 bytes)
Event: 182.414 Thread 0x0000014246a78ed0 nmethod 16570 0x0000014232b49b90 code [0x0000014232b49d60, 0x0000014232b4a058]
Event: 182.420 Thread 0x0000014246a78ed0 16571       3       org.gradle.internal.fingerprint.impl.DefaultFileSystemLocationFingerprint::compareTo (9 bytes)
Event: 182.421 Thread 0x0000014246a78ed0 nmethod 16571 0x0000014232b4a190 code [0x0000014232b4a380, 0x0000014232b4a8b8]
Event: 182.421 Thread 0x0000014246a78ed0 16572       3       org.gradle.internal.fingerprint.impl.DefaultFileSystemLocationFingerprint::compareTo (34 bytes)
Event: 182.421 Thread 0x0000014246a78ed0 nmethod 16572 0x0000014232b4aa90 code [0x0000014232b4ac60, 0x0000014232b4b038]
Event: 182.421 Thread 0x0000014246a78ed0 16573       3       com.google.common.collect.ImmutableSortedMap$1::compare (13 bytes)
Event: 182.422 Thread 0x0000014246a78ed0 nmethod 16573 0x0000014232b4b190 code [0x0000014232b4b380, 0x0000014232b4b9a8]
Event: 182.422 Thread 0x0000014246a78ed0 16574       3       java.io.File::getParentFile (41 bytes)
Event: 182.423 Thread 0x0000014246a78ed0 nmethod 16574 0x0000014232b4bb90 code [0x0000014232b4bd60, 0x0000014232b4c1f8]
Event: 182.424 Thread 0x0000014246a78ed0 16575       3       java.io.File::getAbsoluteFile (38 bytes)
Event: 182.425 Thread 0x0000014246a78ed0 nmethod 16575 0x0000014232b4c390 code [0x0000014232b4c580, 0x0000014232b4ca88]
Event: 182.432 Thread 0x0000014246a78ed0 16576       3       org.gradle.api.internal.file.AbstractFileResolver::convertObjectToFile (55 bytes)
Event: 182.434 Thread 0x0000014246a78ed0 nmethod 16576 0x0000014232b4cc10 code [0x0000014232b4cec0, 0x0000014232b4ddf8]
Event: 182.481 Thread 0x0000014246a78ed0 16577       3       java.io.File::exists (34 bytes)
Event: 182.481 Thread 0x0000014246a78ed0 nmethod 16577 0x0000014232b4e290 code [0x0000014232b4e480, 0x0000014232b4e9c8]
Event: 182.487 Thread 0x0000014246a78ed0 16578   !   3       sun.security.ssl.SSLSocketInputRecord::bytesInCompletePacket (286 bytes)
Event: 182.490 Thread 0x0000014246a78ed0 nmethod 16578 0x0000014232b4eb90 code [0x0000014232b4ef40, 0x0000014232b50358]
Event: 182.490 Thread 0x0000014246a78ed0 16579       3       sun.security.ssl.ProtocolVersion::isNegotiable (67 bytes)
Event: 182.491 Thread 0x0000014246a78ed0 nmethod 16579 0x0000014232b50b90 code [0x0000014232b50d40, 0x0000014232b51018]

GC Heap History (20 events):
Event: 161.796 GC heap after
{Heap after GC invocations=55 (full 0):
 garbage-first heap   total 311296K, used 188451K [0x0000000080000000, 0x0000000100000000)
  region size 1024K, 1 young (1024K), 1 survivors (1024K)
 Metaspace       used 100669K, committed 101504K, reserved 512000K
  class space    used 13430K, committed 13824K, reserved 421888K
}
Event: 165.762 GC heap before
{Heap before GC invocations=55 (full 0):
 garbage-first heap   total 311296K, used 267299K [0x0000000080000000, 0x0000000100000000)
  region size 1024K, 78 young (79872K), 1 survivors (1024K)
 Metaspace       used 100670K, committed 101504K, reserved 512000K
  class space    used 13430K, committed 13824K, reserved 421888K
}
Event: 165.763 GC heap after
{Heap after GC invocations=56 (full 0):
 garbage-first heap   total 311296K, used 188452K [0x0000000080000000, 0x0000000100000000)
  region size 1024K, 1 young (1024K), 1 survivors (1024K)
 Metaspace       used 100670K, committed 101504K, reserved 512000K
  class space    used 13430K, committed 13824K, reserved 421888K
}
Event: 170.106 GC heap before
{Heap before GC invocations=56 (full 0):
 garbage-first heap   total 311296K, used 269348K [0x0000000080000000, 0x0000000100000000)
  region size 1024K, 80 young (81920K), 1 survivors (1024K)
 Metaspace       used 100670K, committed 101504K, reserved 512000K
  class space    used 13430K, committed 13824K, reserved 421888K
}
Event: 170.108 GC heap after
{Heap after GC invocations=57 (full 0):
 garbage-first heap   total 311296K, used 188442K [0x0000000080000000, 0x0000000100000000)
  region size 1024K, 1 young (1024K), 1 survivors (1024K)
 Metaspace       used 100670K, committed 101504K, reserved 512000K
  class space    used 13430K, committed 13824K, reserved 421888K
}
Event: 178.900 GC heap before
{Heap before GC invocations=57 (full 0):
 garbage-first heap   total 311296K, used 287770K [0x0000000080000000, 0x0000000100000000)
  region size 1024K, 82 young (83968K), 1 survivors (1024K)
 Metaspace       used 105408K, committed 106304K, reserved 520192K
  class space    used 13973K, committed 14400K, reserved 421888K
}
Event: 179.007 GC heap after
{Heap after GC invocations=58 (full 0):
 garbage-first heap   total 311296K, used 194308K [0x0000000080000000, 0x0000000100000000)
  region size 1024K, 6 young (6144K), 6 survivors (6144K)
 Metaspace       used 105408K, committed 106304K, reserved 520192K
  class space    used 13973K, committed 14400K, reserved 421888K
}
Event: 179.628 GC heap before
{Heap before GC invocations=58 (full 0):
 garbage-first heap   total 311296K, used 250628K [0x0000000080000000, 0x0000000100000000)
  region size 1024K, 41 young (41984K), 6 survivors (6144K)
 Metaspace       used 106205K, committed 107072K, reserved 520192K
  class space    used 14079K, committed 14528K, reserved 421888K
}
Event: 179.722 GC heap after
{Heap after GC invocations=59 (full 0):
 garbage-first heap   total 311296K, used 205052K [0x0000000080000000, 0x0000000100000000)
  region size 1024K, 5 young (5120K), 5 survivors (5120K)
 Metaspace       used 106205K, committed 107072K, reserved 520192K
  class space    used 14079K, committed 14528K, reserved 421888K
}
Event: 180.332 GC heap before
{Heap before GC invocations=59 (full 0):
 garbage-first heap   total 311296K, used 248060K [0x0000000080000000, 0x0000000100000000)
  region size 1024K, 23 young (23552K), 5 survivors (5120K)
 Metaspace       used 106401K, committed 107264K, reserved 520192K
  class space    used 14100K, committed 14528K, reserved 421888K
}
Event: 180.377 GC heap after
{Heap after GC invocations=60 (full 0):
 garbage-first heap   total 311296K, used 216958K [0x0000000080000000, 0x0000000100000000)
  region size 1024K, 6 young (6144K), 6 survivors (6144K)
 Metaspace       used 106401K, committed 107264K, reserved 520192K
  class space    used 14100K, committed 14528K, reserved 421888K
}
Event: 181.168 GC heap before
{Heap before GC invocations=60 (full 0):
 garbage-first heap   total 311296K, used 253822K [0x0000000080000000, 0x0000000100000000)
  region size 1024K, 20 young (20480K), 6 survivors (6144K)
 Metaspace       used 106429K, committed 107264K, reserved 520192K
  class space    used 14100K, committed 14528K, reserved 421888K
}
Event: 181.347 GC heap after
{Heap after GC invocations=61 (full 0):
 garbage-first heap   total 311296K, used 225903K [0x0000000080000000, 0x0000000100000000)
  region size 1024K, 4 young (4096K), 4 survivors (4096K)
 Metaspace       used 106429K, committed 107264K, reserved 520192K
  class space    used 14100K, committed 14528K, reserved 421888K
}
Event: 181.778 GC heap before
{Heap before GC invocations=61 (full 0):
 garbage-first heap   total 311296K, used 255599K [0x0000000080000000, 0x0000000100000000)
  region size 1024K, 13 young (13312K), 4 survivors (4096K)
 Metaspace       used 106497K, committed 107328K, reserved 520192K
  class space    used 14102K, committed 14528K, reserved 421888K
}
Event: 181.786 GC heap after
{Heap after GC invocations=62 (full 0):
 garbage-first heap   total 311296K, used 233552K [0x0000000080000000, 0x0000000100000000)
  region size 1024K, 2 young (2048K), 2 survivors (2048K)
 Metaspace       used 106497K, committed 107328K, reserved 520192K
  class space    used 14102K, committed 14528K, reserved 421888K
}
Event: 182.148 GC heap before
{Heap before GC invocations=62 (full 0):
 garbage-first heap   total 311296K, used 272464K [0x0000000080000000, 0x0000000100000000)
  region size 1024K, 22 young (22528K), 2 survivors (2048K)
 Metaspace       used 106870K, committed 107712K, reserved 520192K
  class space    used 14128K, committed 14528K, reserved 421888K
}
Event: 182.153 GC heap after
{Heap after GC invocations=63 (full 0):
 garbage-first heap   total 311296K, used 241931K [0x0000000080000000, 0x0000000100000000)
  region size 1024K, 5 young (5120K), 5 survivors (5120K)
 Metaspace       used 106870K, committed 107712K, reserved 520192K
  class space    used 14128K, committed 14528K, reserved 421888K
}
Event: 182.344 GC heap before
{Heap before GC invocations=63 (full 0):
 garbage-first heap   total 311296K, used 268555K [0x0000000080000000, 0x0000000100000000)
  region size 1024K, 13 young (13312K), 5 survivors (5120K)
 Metaspace       used 106935K, committed 107776K, reserved 520192K
  class space    used 14135K, committed 14528K, reserved 421888K
}
Event: 182.355 GC heap after
{Heap after GC invocations=64 (full 0):
 garbage-first heap   total 311296K, used 247844K [0x0000000080000000, 0x0000000100000000)
  region size 1024K, 2 young (2048K), 2 survivors (2048K)
 Metaspace       used 106935K, committed 107776K, reserved 520192K
  class space    used 14135K, committed 14528K, reserved 421888K
}
Event: 182.523 GC heap before
{Heap before GC invocations=64 (full 0):
 garbage-first heap   total 311296K, used 269348K [0x0000000080000000, 0x0000000100000000)
  region size 1024K, 9 young (9216K), 2 survivors (2048K)
 Metaspace       used 107044K, committed 107904K, reserved 520192K
  class space    used 14152K, committed 14592K, reserved 421888K
}

Deoptimization events (20 events):
Event: 181.704 Thread 0x0000014248f8f220 DEOPT PACKING pc=0x0000014231161ea5 sp=0x00000038ab4fb2d0
Event: 181.704 Thread 0x0000014248f8f220 DEOPT UNPACKING pc=0x0000014230a22b43 sp=0x00000038ab4fa780 mode 0
Event: 181.705 Thread 0x0000014248f8c200 DEOPT PACKING pc=0x0000014232a8a0a8 sp=0x00000038ab0fbe70
Event: 181.705 Thread 0x0000014248f8c200 DEOPT UNPACKING pc=0x0000014230a22b43 sp=0x00000038ab0fb308 mode 0
Event: 181.705 Thread 0x0000014248f8f220 DEOPT PACKING pc=0x0000014231161ea5 sp=0x00000038ab4fb2d0
Event: 181.705 Thread 0x0000014248f8f220 DEOPT UNPACKING pc=0x0000014230a22b43 sp=0x00000038ab4fa780 mode 0
Event: 181.706 Thread 0x0000014248f8f220 DEOPT PACKING pc=0x0000014231161ea5 sp=0x00000038ab4fb2d0
Event: 181.706 Thread 0x0000014248f8f220 DEOPT UNPACKING pc=0x0000014230a22b43 sp=0x00000038ab4fa780 mode 0
Event: 181.757 Thread 0x0000014248f8cba0 Uncommon trap: trap_request=0xffffff45 fr.pc=0x0000014238ca5b5c relative=0x00000000000006fc
Event: 181.758 Thread 0x0000014248f8cba0 Uncommon trap: reason=unstable_if action=reinterpret pc=0x0000014238ca5b5c method=java.lang.String.regionMatches(ZILjava/lang/String;II)Z @ 21 c2
Event: 181.758 Thread 0x0000014248f8cba0 DEOPT PACKING pc=0x0000014238ca5b5c sp=0x00000038ab1faa50
Event: 181.758 Thread 0x0000014248f8cba0 DEOPT UNPACKING pc=0x0000014230a223a3 sp=0x00000038ab1fa9c8 mode 2
Event: 182.010 Thread 0x0000014248f8cba0 Uncommon trap: trap_request=0xffffff45 fr.pc=0x00000142389dd3f0 relative=0x0000000000000150
Event: 182.010 Thread 0x0000014248f8cba0 Uncommon trap: reason=unstable_if action=reinterpret pc=0x00000142389dd3f0 method=kotlin.text.StringsKt__StringsKt.contains(Ljava/lang/CharSequence;CZ)Z @ 16 c2
Event: 182.010 Thread 0x0000014248f8cba0 DEOPT PACKING pc=0x00000142389dd3f0 sp=0x00000038ab1fab40
Event: 182.010 Thread 0x0000014248f8cba0 DEOPT UNPACKING pc=0x0000014230a223a3 sp=0x00000038ab1faa70 mode 2
Event: 182.011 Thread 0x0000014248f8f220 Uncommon trap: trap_request=0xffffff45 fr.pc=0x00000142389dd968 relative=0x0000000000000148
Event: 182.011 Thread 0x0000014248f8f220 Uncommon trap: reason=unstable_if action=reinterpret pc=0x00000142389dd968 method=kotlin.text.StringsKt__StringsKt.contains(Ljava/lang/CharSequence;CZ)Z @ 16 c2
Event: 182.011 Thread 0x0000014248f8f220 DEOPT PACKING pc=0x00000142389dd968 sp=0x00000038ab4fae90
Event: 182.011 Thread 0x0000014248f8f220 DEOPT UNPACKING pc=0x0000014230a223a3 sp=0x00000038ab4fae30 mode 2

Classes unloaded (0 events):
No events

Classes redefined (0 events):
No events

Internal exceptions (20 events):
Event: 176.816 Thread 0x0000014249098f30 Exception <a 'java/lang/ClassNotFoundException'{0x000000008efc9370}: groovy/util/FileTreeBuilderBeanInfo> (0x000000008efc9370) 
thrown [t:\workspace\open\src\hotspot\share\classfile\systemDictionary.cpp, line 256]
Event: 176.820 Thread 0x0000014249098f30 Exception <a 'java/lang/ClassNotFoundException'{0x000000008ee2fe90}: groovy/util/FileTreeBuilderCustomizer> (0x000000008ee2fe90) 
thrown [t:\workspace\open\src\hotspot\share\classfile\systemDictionary.cpp, line 256]
Event: 176.887 Thread 0x0000014249098f30 Exception <a 'java/lang/ClassNotFoundException'{0x000000008ee7b3c8}: java/io/BufferedWriterBeanInfo> (0x000000008ee7b3c8) 
thrown [t:\workspace\open\src\hotspot\share\classfile\systemDictionary.cpp, line 256]
Event: 176.889 Thread 0x0000014249098f30 Exception <a 'java/lang/ClassNotFoundException'{0x000000008ee83ab8}: java/io/WriterBeanInfo> (0x000000008ee83ab8) 
thrown [t:\workspace\open\src\hotspot\share\classfile\systemDictionary.cpp, line 256]
Event: 176.890 Thread 0x0000014249098f30 Exception <a 'java/lang/ClassNotFoundException'{0x000000008ee8b9b0}: java/io/WriterCustomizer> (0x000000008ee8b9b0) 
thrown [t:\workspace\open\src\hotspot\share\classfile\systemDictionary.cpp, line 256]
Event: 176.891 Thread 0x0000014249098f30 Exception <a 'java/lang/ClassNotFoundException'{0x000000008ee9c2b8}: java/io/BufferedWriterCustomizer> (0x000000008ee9c2b8) 
thrown [t:\workspace\open\src\hotspot\share\classfile\systemDictionary.cpp, line 256]
Event: 176.983 Thread 0x0000014249098f30 Exception <a 'java/lang/NoSuchMethodError'{0x000000008ed2ad68}: static Lcom/android/build/api/variant/BuildConfigField;.<clinit>()V> (0x000000008ed2ad68) 
thrown [t:\workspace\open\src\hotspot\share\prims\jni.cpp, line 1107]
Event: 177.266 Thread 0x0000014249098f30 Exception <a 'sun/nio/fs/WindowsException'{0x000000008ebb7df0}> (0x000000008ebb7df0) 
thrown [t:\workspace\open\src\hotspot\share\prims\jni.cpp, line 516]
Event: 177.266 Thread 0x0000014249098f30 Exception <a 'sun/nio/fs/WindowsException'{0x000000008ebb9488}> (0x000000008ebb9488) 
thrown [t:\workspace\open\src\hotspot\share\prims\jni.cpp, line 516]
Event: 177.359 Thread 0x000001424b000a70 Exception <a 'java/lang/NoSuchMethodError'{0x000000008ea5b8b8}: 'void java.lang.invoke.DirectMethodHandle$Holder.invokeStatic(java.lang.Object, java.lang.Object, java.lang.Object, java.lang.Object, int, java.lang.Object, java.lang.Object)'> (0x000000008ea5b8b8) 
thrown [t:\workspace\open\src\hotspot\share\interpreter\linkResolver.cpp, line 766]
Event: 177.361 Thread 0x000001424bfb91c0 Exception <a 'sun/nio/fs/WindowsException'{0x000000008e9e7528}> (0x000000008e9e7528) 
thrown [t:\workspace\open\src\hotspot\share\prims\jni.cpp, line 516]
Event: 177.441 Thread 0x0000014248f8cba0 Implicit null exception at 0x0000014238645d4b to 0x0000014238645d70
Event: 177.441 Thread 0x0000014248f8f220 Implicit null exception at 0x0000014238645d4b to 0x0000014238645d70
Event: 177.600 Thread 0x0000014248882050 Exception <a 'java/lang/NoSuchMethodError'{0x000000008e4c7980}: 'java.lang.Object java.lang.invoke.DirectMethodHandle$Holder.invokeSpecialIFC(java.lang.Object, java.lang.Object, java.lang.Object)'> (0x000000008e4c7980) 
thrown [t:\workspace\open\src\hotspot\share\interpreter\linkResolver.cpp, line 766]
Event: 179.087 Thread 0x0000014248f8cba0 Implicit null exception at 0x0000014238bef3d4 to 0x0000014238bef798
Event: 179.087 Thread 0x0000014248f8f220 Implicit null exception at 0x0000014238bef3d4 to 0x0000014238bef798
Event: 179.087 Thread 0x0000014248f8c200 Implicit null exception at 0x0000014238bef3d4 to 0x0000014238bef798
Event: 179.818 Thread 0x0000014248f8f220 Implicit null exception at 0x000001423890c3db to 0x000001423890c71c
Event: 182.171 Thread 0x0000014248f8f220 Exception <a 'sun/nio/fs/WindowsException'{0x0000000092849000}> (0x0000000092849000) 
thrown [t:\workspace\open\src\hotspot\share\prims\jni.cpp, line 516]
Event: 182.178 Thread 0x0000014248f8cba0 Exception <a 'sun/nio/fs/WindowsException'{0x0000000092774c78}> (0x0000000092774c78) 
thrown [t:\workspace\open\src\hotspot\share\prims\jni.cpp, line 516]

VM Operations (20 events):
Event: 179.008 Executing VM operation: G1CollectForAllocation done
Event: 179.513 Executing VM operation: HandshakeAllThreads
Event: 179.514 Executing VM operation: HandshakeAllThreads done
Event: 179.628 Executing VM operation: G1TryInitiateConcMark
Event: 179.722 Executing VM operation: G1TryInitiateConcMark done
Event: 180.329 Executing VM operation: G1TryInitiateConcMark
Event: 180.401 Executing VM operation: G1TryInitiateConcMark done
Event: 181.156 Executing VM operation: G1TryInitiateConcMark
Event: 181.347 Executing VM operation: G1TryInitiateConcMark done
Event: 181.778 Executing VM operation: G1TryInitiateConcMark
Event: 181.787 Executing VM operation: G1TryInitiateConcMark done
Event: 182.005 Executing VM operation: HandshakeAllThreads
Event: 182.005 Executing VM operation: HandshakeAllThreads done
Event: 182.034 Executing VM operation: HandshakeAllThreads
Event: 182.035 Executing VM operation: HandshakeAllThreads done
Event: 182.147 Executing VM operation: G1TryInitiateConcMark
Event: 182.153 Executing VM operation: G1TryInitiateConcMark done
Event: 182.344 Executing VM operation: G1TryInitiateConcMark
Event: 182.355 Executing VM operation: G1TryInitiateConcMark done
Event: 182.523 Executing VM operation: G1TryInitiateConcMark

Events (20 events):
Event: 181.914 loading class javax/xml/stream/XMLInputFactory
Event: 181.921 loading class javax/xml/stream/XMLInputFactory done
Event: 181.921 loading class javax/xml/stream/FactoryFinder
Event: 181.923 loading class javax/xml/stream/FactoryFinder done
Event: 181.955 loading class javax/xml/stream/FactoryFinder$1
Event: 181.955 loading class javax/xml/stream/FactoryFinder$1 done
Event: 181.972 loading class com/sun/xml/internal/stream/XMLInputFactoryImpl
Event: 181.975 loading class com/sun/xml/internal/stream/XMLInputFactoryImpl done
Event: 181.976 loading class com/sun/org/apache/xerces/internal/impl/PropertyManager
Event: 181.978 loading class com/sun/org/apache/xerces/internal/impl/PropertyManager done
Event: 181.982 loading class com/sun/org/apache/xerces/internal/impl/XMLStreamReaderImpl
Event: 181.995 loading class javax/xml/stream/XMLStreamReader
Event: 181.995 loading class javax/xml/stream/XMLStreamConstants
Event: 181.996 loading class javax/xml/stream/XMLStreamConstants done
Event: 181.996 loading class javax/xml/stream/XMLStreamReader done
Event: 181.997 loading class com/sun/org/apache/xerces/internal/impl/XMLStreamReaderImpl done
Event: 181.999 loading class com/sun/org/apache/xerces/internal/util/NamespaceContextWrapper
Event: 182.000 loading class com/sun/org/apache/xerces/internal/util/NamespaceContextWrapper done
Event: 182.000 loading class com/sun/xml/internal/stream/StaxErrorReporter
Event: 182.001 loading class com/sun/xml/internal/stream/StaxErrorReporter done


Dynamic libraries:
0x00007ff74b210000 - 0x00007ff74b220000 	C:\Program Files\Java\jdk-17.0.3.1\bin\java.exe
0x00007ffd9fc30000 - 0x00007ffd9fe27000 	C:\Windows\SYSTEM32\ntdll.dll
0x00007ffd9f4d0000 - 0x00007ffd9f58d000 	C:\Windows\System32\KERNEL32.DLL
0x00007ffd9d810000 - 0x00007ffd9dadd000 	C:\Windows\System32\KERNELBASE.dll
0x00007ffd9db60000 - 0x00007ffd9dc60000 	C:\Windows\System32\ucrtbase.dll
0x00007ffd97930000 - 0x00007ffd9794a000 	C:\Program Files\Java\jdk-17.0.3.1\bin\VCRUNTIME140.dll
0x00007ffd97190000 - 0x00007ffd971a8000 	C:\Program Files\Java\jdk-17.0.3.1\bin\jli.dll
0x00007ffd9f3f0000 - 0x00007ffd9f49e000 	C:\Windows\System32\ADVAPI32.dll
0x00007ffd9dee0000 - 0x00007ffd9df7e000 	C:\Windows\System32\msvcrt.dll
0x00007ffd9dca0000 - 0x00007ffd9dd3c000 	C:\Windows\System32\sechost.dll
0x00007ffd9e4b0000 - 0x00007ffd9e5d5000 	C:\Windows\System32\RPCRT4.dll
0x00007ffd9dd40000 - 0x00007ffd9dee0000 	C:\Windows\System32\USER32.dll
0x00007ffd8eb70000 - 0x00007ffd8ee0a000 	C:\Windows\WinSxS\amd64_microsoft.windows.common-controls_6595b64144ccf1df_6.0.19041.1110_none_60b5254171f9507e\COMCTL32.dll
0x00007ffd9dc60000 - 0x00007ffd9dc82000 	C:\Windows\System32\win32u.dll
0x00007ffd9e120000 - 0x00007ffd9e14a000 	C:\Windows\System32\GDI32.dll
0x00007ffd9d5a0000 - 0x00007ffd9d6ab000 	C:\Windows\System32\gdi32full.dll
0x00007ffd9d3c0000 - 0x00007ffd9d45d000 	C:\Windows\System32\msvcp_win.dll
0x00007ffd8bda0000 - 0x00007ffd8bdaa000 	C:\Windows\SYSTEM32\VERSION.dll
0x00007ffd9f4a0000 - 0x00007ffd9f4d0000 	C:\Windows\System32\IMM32.DLL
0x00007ffd98c30000 - 0x00007ffd98c3c000 	C:\Program Files\Java\jdk-17.0.3.1\bin\vcruntime140_1.dll
0x00007ffd87b50000 - 0x00007ffd87bdd000 	C:\Program Files\Java\jdk-17.0.3.1\bin\msvcp140.dll
0x00007ffd6b720000 - 0x00007ffd6c2e0000 	C:\Program Files\Java\jdk-17.0.3.1\bin\server\jvm.dll
0x00007ffd9df80000 - 0x00007ffd9df88000 	C:\Windows\System32\PSAPI.DLL
0x00007ffd894d0000 - 0x00007ffd894f7000 	C:\Windows\SYSTEM32\WINMM.dll
0x00007ffd88a20000 - 0x00007ffd88a29000 	C:\Windows\SYSTEM32\WSOCK32.dll
0x00007ffd9e440000 - 0x00007ffd9e4ab000 	C:\Windows\System32\WS2_32.dll
0x00007ffd9bbe0000 - 0x00007ffd9bbf2000 	C:\Windows\SYSTEM32\kernel.appcore.dll
0x00007ffd971c0000 - 0x00007ffd971ca000 	C:\Program Files\Java\jdk-17.0.3.1\bin\jimage.dll
0x00007ffd82d30000 - 0x00007ffd82f14000 	C:\Windows\SYSTEM32\DBGHELP.DLL
0x00007ffd82ce0000 - 0x00007ffd82d0c000 	C:\Windows\SYSTEM32\dbgcore.DLL
0x00007ffd9d460000 - 0x00007ffd9d4e2000 	C:\Windows\System32\bcryptPrimitives.dll
0x00007ffd8de00000 - 0x00007ffd8de25000 	C:\Program Files\Java\jdk-17.0.3.1\bin\java.dll
0x00007ffd87450000 - 0x00007ffd87526000 	C:\Program Files\Java\jdk-17.0.3.1\bin\jsvml.dll
0x00007ffd9e5e0000 - 0x00007ffd9ed24000 	C:\Windows\System32\SHELL32.dll
0x00007ffd9b180000 - 0x00007ffd9b914000 	C:\Windows\SYSTEM32\windows.storage.dll
0x00007ffd9ed30000 - 0x00007ffd9f084000 	C:\Windows\System32\combase.dll
0x00007ffd9cce0000 - 0x00007ffd9cd0c000 	C:\Windows\SYSTEM32\Wldp.dll
0x00007ffd9e2d0000 - 0x00007ffd9e37d000 	C:\Windows\System32\SHCORE.dll
0x00007ffd9e380000 - 0x00007ffd9e3d5000 	C:\Windows\System32\shlwapi.dll
0x00007ffd9d290000 - 0x00007ffd9d2af000 	C:\Windows\SYSTEM32\profapi.dll
0x00007ffd93aa0000 - 0x00007ffd93ab9000 	C:\Program Files\Java\jdk-17.0.3.1\bin\net.dll
0x00007ffd90c80000 - 0x00007ffd90d8a000 	C:\Windows\SYSTEM32\WINHTTP.dll
0x00007ffd9ca40000 - 0x00007ffd9caaa000 	C:\Windows\system32\mswsock.dll
0x00007ffd8de70000 - 0x00007ffd8de86000 	C:\Program Files\Java\jdk-17.0.3.1\bin\nio.dll
0x00007ffd8dde0000 - 0x00007ffd8ddf8000 	C:\Program Files\Java\jdk-17.0.3.1\bin\zip.dll
0x00007ffd98c20000 - 0x00007ffd98c30000 	C:\Program Files\Java\jdk-17.0.3.1\bin\verify.dll
0x00007ffd87c30000 - 0x00007ffd87c57000 	C:\Users\rgvoz\.gradle\native\e1d6ef7f7dcc3fd88c89a11ec53ec762bb8ba0a96d01ffa2cd45eb1d1d8dd5c5\windows-amd64\native-platform.dll
0x00007ffd743c0000 - 0x00007ffd74504000 	C:\Users\rgvoz\.gradle\native\5664cfc778a61ccfe75a443a1ab52a65af34e5dc3c78e0209fed803814484fcb\windows-amd64\native-platform-file-events.dll
0x00007ffd97200000 - 0x00007ffd97209000 	C:\Program Files\Java\jdk-17.0.3.1\bin\management.dll
0x00007ffd971f0000 - 0x00007ffd971fb000 	C:\Program Files\Java\jdk-17.0.3.1\bin\management_ext.dll
0x00007ffd9cc30000 - 0x00007ffd9cc48000 	C:\Windows\SYSTEM32\CRYPTSP.dll
0x00007ffd9c3c0000 - 0x00007ffd9c3f4000 	C:\Windows\system32\rsaenh.dll
0x00007ffd9db30000 - 0x00007ffd9db57000 	C:\Windows\System32\bcrypt.dll
0x00007ffd9d250000 - 0x00007ffd9d27e000 	C:\Windows\SYSTEM32\USERENV.dll
0x00007ffd9cc50000 - 0x00007ffd9cc5c000 	C:\Windows\SYSTEM32\CRYPTBASE.dll
0x00007ffd9c730000 - 0x00007ffd9c76b000 	C:\Windows\SYSTEM32\IPHLPAPI.DLL
0x00007ffd9e110000 - 0x00007ffd9e118000 	C:\Windows\System32\NSI.dll
0x00007ffd95370000 - 0x00007ffd95387000 	C:\Windows\SYSTEM32\dhcpcsvc6.DLL
0x00007ffd948f0000 - 0x00007ffd9490d000 	C:\Windows\SYSTEM32\dhcpcsvc.DLL
0x00007ffd9c770000 - 0x00007ffd9c83b000 	C:\Windows\SYSTEM32\DNSAPI.dll
0x00007ffd971e0000 - 0x00007ffd971ee000 	C:\Program Files\Java\jdk-17.0.3.1\bin\sunmscapi.dll
0x00007ffd9d6b0000 - 0x00007ffd9d806000 	C:\Windows\System32\CRYPT32.dll
0x00007ffd9cdb0000 - 0x00007ffd9cdd7000 	C:\Windows\SYSTEM32\ncrypt.dll
0x00007ffd9cd10000 - 0x00007ffd9cd4b000 	C:\Windows\SYSTEM32\NTASN1.dll
0x00007ffd971d0000 - 0x00007ffd971d7000 	C:\Windows\system32\wshunix.dll
0x00007ffd934b0000 - 0x00007ffd934ba000 	C:\Windows\System32\rasadhlp.dll
0x00007ffd8f490000 - 0x00007ffd8f510000 	C:\Windows\System32\fwpuclnt.dll
0x00007ffd9c050000 - 0x00007ffd9c083000 	C:\Windows\SYSTEM32\ntmarta.dll

dbghelp: loaded successfully - version: 4.0.5 - missing functions: none
symbol engine: initialized successfully - sym options: 0x614 - pdb path: .;C:\Program Files\Java\jdk-17.0.3.1\bin;C:\Windows\SYSTEM32;C:\Windows\WinSxS\amd64_microsoft.windows.common-controls_6595b64144ccf1df_6.0.19041.1110_none_60b5254171f9507e;C:\Program Files\Java\jdk-17.0.3.1\bin\server;C:\Users\rgvoz\.gradle\native\e1d6ef7f7dcc3fd88c89a11ec53ec762bb8ba0a96d01ffa2cd45eb1d1d8dd5c5\windows-amd64;C:\Users\rgvoz\.gradle\native\5664cfc778a61ccfe75a443a1ab52a65af34e5dc3c78e0209fed803814484fcb\windows-amd64

VM Arguments:
jvm_args: -XX:MaxMetaspaceSize=512m --add-opens=java.base/java.util=ALL-UNNAMED --add-opens=java.base/java.lang=ALL-UNNAMED --add-opens=java.base/java.lang.invoke=ALL-UNNAMED --add-opens=java.base/java.util=ALL-UNNAMED --add-opens=java.prefs/java.util.prefs=ALL-UNNAMED --add-opens=java.prefs/java.util.prefs=ALL-UNNAMED --add-opens=java.base/java.nio.charset=ALL-UNNAMED --add-opens=java.base/java.net=ALL-UNNAMED --add-opens=java.base/java.util.concurrent.atomic=ALL-UNNAMED -Xmx2048m -Dfile.encoding=windows-1251 -Duser.country=UA -Duser.language=uk -Duser.variant 
java_command: org.gradle.launcher.daemon.bootstrap.GradleDaemon 7.3.3
java_class_path (initial): C:\Users\rgvoz\.gradle\wrapper\dists\gradle-7.3.3-all\4295vidhdd9hd3gbjyw1xqxpo\gradle-7.3.3\lib\gradle-launcher-7.3.3.jar
Launcher Type: SUN_STANDARD

[Global flags]
     intx CICompilerCount                          = 3                                         {product} {ergonomic}
   size_t CompressedClassSpaceSize                 = 432013312                                 {product} {ergonomic}
     uint ConcGCThreads                            = 1                                         {product} {ergonomic}
     uint G1ConcRefinementThreads                  = 4                                         {product} {ergonomic}
   size_t G1HeapRegionSize                         = 1048576                                   {product} {ergonomic}
    uintx GCDrainStackTargetSize                   = 64                                        {product} {ergonomic}
   size_t InitialHeapSize                          = 67108864                                  {product} {ergonomic}
   size_t MarkStackSize                            = 4194304                                   {product} {ergonomic}
   size_t MaxHeapSize                              = 2147483648                                {product} {command line}
   size_t MaxMetaspaceSize                         = 536870912                                 {product} {command line}
   size_t MaxNewSize                               = 1287651328                                {product} {ergonomic}
   size_t MinHeapDeltaBytes                        = 1048576                                   {product} {ergonomic}
   size_t MinHeapSize                              = 8388608                                   {product} {ergonomic}
    uintx NonNMethodCodeHeapSize                   = 5832780                                {pd product} {ergonomic}
    uintx NonProfiledCodeHeapSize                  = 122912730                              {pd product} {ergonomic}
    uintx ProfiledCodeHeapSize                     = 122912730                              {pd product} {ergonomic}
    uintx ReservedCodeCacheSize                    = 251658240                              {pd product} {ergonomic}
     bool SegmentedCodeCache                       = true                                      {product} {ergonomic}
   size_t SoftMaxHeapSize                          = 2147483648                             {manageable} {ergonomic}
     bool UseCompressedClassPointers               = true                           {product lp64_product} {ergonomic}
     bool UseCompressedOops                        = true                           {product lp64_product} {ergonomic}
     bool UseG1GC                                  = true                                      {product} {ergonomic}
     bool UseLargePagesIndividualAllocation        = false                                  {pd product} {ergonomic}

Logging:
Log output configuration:
 #0: stdout all=warning uptime,level,tags
 #1: stderr all=off uptime,level,tags

Environment Variables:
CLASSPATH=R:\Project\CefionMobile\android\\gradle\wrapper\gradle-wrapper.jar
PATH=R:\Project\CefionMobile\android\node_modules\.bin;R:\Project\CefionMobile\node_modules\.bin;R:\Project\node_modules\.bin;R:\node_modules\.bin;C:\Program Files\nodejs;R:\Project\CefionMobile\node_modules\.bin;R:\Project\node_modules\.bin;R:\node_modules\.bin;C:\Program Files\nodejs\node_modules\npm\node_modules\@npmcli\run-script\lib\node-gyp-bin;C:\Program Files\Common Files\Oracle\Java\javapath;C:\Program Files (x86)\Common Files\Oracle\Java\javapath;C:\ProgramData\Oracle\Java\javapath;C:\Windows\system32;C:\Windows;C:\Windows\System32\Wbem;C:\Windows\System32\WindowsPowerShell\v1.0\;C:\Windows\System32\OpenSSH\;C:\Program Files (x86)\NVIDIA Corporation\PhysX\Common;C:\Program Files\Git\cmd;C:\ProgramData\chocolatey\bin;C:\Program Files\nodejs\;C:\Users\rgvoz\AppData\Local\Microsoft\WindowsApps;;R:\Microsoft VS Code\bin;C:\Users\rgvoz\AppData\Roaming\npm;R:\Project\CefionMobile\node_modules\.bin
USERNAME=rgvoz
OS=Windows_NT
PROCESSOR_IDENTIFIER=Intel64 Family 6 Model 42 Stepping 7, GenuineIntel



---------------  S Y S T E M  ---------------

OS:
 Windows 10 , 64 bit Build 19041 (10.0.19041.1741)
OS uptime: 0 days 17:23 hours

CPU: total 4 (initial active 4) (2 cores per cpu, 2 threads per core) family 6 model 42 stepping 7 microcode 0x2f, cx8, cmov, fxsr, ht, mmx, sse, sse2, sse3, ssse3, sse4.1, sse4.2, popcnt, tsc, tscinvbit, avx, clmul, vzeroupper, clflush

Memory: 4k page, system-wide physical 4010M (227M free)
TotalPageFile size 8106M (AvailPageFile size 158M)
current process WorkingSet (physical memory assigned to process): 253M, peak: 457M
current process commit charge ("private bytes"): 621M, peak: 925M

vm_info: Java HotSpot(TM) 64-Bit Server VM (17.0.3.1+2-LTS-6) for windows-amd64 JRE (17.0.3.1+2-LTS-6), built on Apr 25 2022 22:04:21 by "mach5one" with MS VC++ 16.8 / 16.9 (VS2019)

END.
