#
# There is insufficient memory for the Java Runtime Environment to continue.
# Native memory allocation (mmap) failed to map 609222656 bytes for G1 virtual space
# Possible reasons:
#   The system is out of physical RAM or swap space
#   The process is running with CompressedOops enabled, and the Java Heap may be blocking the growth of the native heap
# Possible solutions:
#   Reduce memory load on the system
#   Increase physical memory or swap space
#   Check if swap backing store is full
#   Decrease Java heap size (-Xmx/-Xms)
#   Decrease number of Java threads
#   Decrease Java thread stack sizes (-Xss)
#   Set larger code cache with -XX:ReservedCodeCacheSize=
#   JVM is running with Unscaled Compressed Oops mode in which the Java heap is
#     placed in the first 4GB address space. The Java Heap base address is the
#     maximum limit for the native heap growth. Please use -XX:HeapBaseMinAddress
#     to set the Java Heap base and to place the Java Heap above 4GB virtual address.
# This output file may be truncated or incomplete.
#
#  Out of Memory Error (os_windows.cpp:3535), pid=4536, tid=9896
#
# JRE version: Java(TM) SE Runtime Environment (17.0.3.1+2) (build 17.0.3.1+2-LTS-6)
# Java VM: Java HotSpot(TM) 64-Bit Server VM (17.0.3.1+2-LTS-6, mixed mode, sharing, tiered, compressed oops, compressed class ptrs, g1 gc, windows-amd64)
# No core dump will be written. Minidumps are not enabled by default on client versions of Windows
#

---------------  S U M M A R Y ------------

Command Line: -XX:MaxMetaspaceSize=512m --add-opens=java.base/java.util=ALL-UNNAMED --add-opens=java.base/java.lang=ALL-UNNAMED --add-opens=java.base/java.lang.invoke=ALL-UNNAMED --add-opens=java.base/java.util=ALL-UNNAMED --add-opens=java.prefs/java.util.prefs=ALL-UNNAMED --add-opens=java.prefs/java.util.prefs=ALL-UNNAMED --add-opens=java.base/java.nio.charset=ALL-UNNAMED --add-opens=java.base/java.net=ALL-UNNAMED --add-opens=java.base/java.util.concurrent.atomic=ALL-UNNAMED -Xmx2048m -Dfile.encoding=windows-1251 -Duser.country=UA -Duser.language=uk -Duser.variant org.gradle.launcher.daemon.bootstrap.GradleDaemon 7.3.3

Host: Intel(R) Core(TM) i3-2330M CPU @ 2.20GHz, 4 cores, 3G,  Windows 10 , 64 bit Build 19041 (10.0.19041.1741)
Time: Tue Jun 21 13:50:07 2022  Windows 10 , 64 bit Build 19041 (10.0.19041.1741) elapsed time: 1751.892777 seconds (0d 0h 29m 11s)

---------------  T H R E A D  ---------------

Current thread (0x0000021dffdf66e0):  VMThread "VM Thread" [stack: 0x0000003369a00000,0x0000003369b00000] [id=9896]

Stack: [0x0000003369a00000,0x0000003369b00000]
Native frames: (J=compiled Java code, j=interpreted, Vv=VM code, C=native code)
V  [jvm.dll+0x6711ba]
V  [jvm.dll+0x7d0834]
V  [jvm.dll+0x7d1fde]
V  [jvm.dll+0x7d2643]
V  [jvm.dll+0x242c85]
V  [jvm.dll+0x66e0d9]
V  [jvm.dll+0x662a22]
V  [jvm.dll+0x300ddb]
V  [jvm.dll+0x308376]
V  [jvm.dll+0x357f7e]
V  [jvm.dll+0x3581af]
V  [jvm.dll+0x2d7ff8]
V  [jvm.dll+0x2d62c4]
V  [jvm.dll+0x2d58cc]
V  [jvm.dll+0x319661]
V  [jvm.dll+0x7d6b1b]
V  [jvm.dll+0x7d7854]
V  [jvm.dll+0x7d7d6c]
V  [jvm.dll+0x7d8144]
V  [jvm.dll+0x7d8210]
V  [jvm.dll+0x780aca]
V  [jvm.dll+0x670045]
C  [ucrtbase.dll+0x21bb2]
C  [KERNEL32.DLL+0x17034]
C  [ntdll.dll+0x52651]

VM_Operation (0x000000336eaf9fc0): G1TryInitiateConcMark, mode: safepoint, requested by thread 0x0000021d89dd40b0


---------------  P R O C E S S  ---------------

Threads class SMR info:
_java_thread_list=0x0000021d84892390, length=98, elements={
0x0000021de24d49e0, 0x0000021dffdfc490, 0x0000021dffdfcf50, 0x0000021dffe111e0,
0x0000021dffe13ab0, 0x0000021dffe15380, 0x0000021dffe17c50, 0x0000021dffe188f0,
0x0000021dffe192a0, 0x0000021dffe270c0, 0x0000021d808b5a60, 0x0000021d808bff60,
0x0000021d81a13cb0, 0x0000021d81d875c0, 0x0000021d81c9ec30, 0x0000021d81d85e30,
0x0000021d815f9f20, 0x0000021d815fca70, 0x0000021d815fcf40, 0x0000021d815f8be0,
0x0000021d815fddb0, 0x0000021d815f8240, 0x0000021d815f8710, 0x0000021d815f90b0,
0x0000021d815fe280, 0x0000021d815ff0f0, 0x0000021d815fa3f0, 0x0000021d8167bf60,
0x0000021d8167e110, 0x0000021d8167e5e0, 0x0000021d8167d770, 0x0000021d8167cdd0,
0x0000021d8167ef80, 0x0000021d8167d2a0, 0x0000021d81681600, 0x0000021d8167dc40,
0x0000021d81681ad0, 0x0000021d81680790, 0x0000021d816802c0, 0x0000021d8167f920,
0x0000021d8167f450, 0x0000021d81682940, 0x0000021d8167fdf0, 0x0000021d81680c60,
0x0000021d81681130, 0x0000021d81682470, 0x0000021d81682e10, 0x0000021d816832e0,
0x0000021d815f9a50, 0x0000021d815fc0d0, 0x0000021d815fad90, 0x0000021d815fb730,
0x0000021d815fa8c0, 0x0000021d815fb260, 0x0000021d815fe750, 0x0000021d815fc5a0,
0x0000021d815ff5c0, 0x0000021d815f7d70, 0x0000021d81d85960, 0x0000021d81d84af0,
0x0000021d81d84620, 0x0000021d81d85490, 0x0000021d81d84fc0, 0x0000021d89dd5d90,
0x0000021d89dce540, 0x0000021d89dd2d70, 0x0000021d89dd3240, 0x0000021d89dd1a30,
0x0000021d89dcf880, 0x0000021d89dcfd50, 0x0000021d89dcea10, 0x0000021d89dd1090,
0x0000021d89dceee0, 0x0000021d89dd3710, 0x0000021d89dd3be0, 0x0000021d89dcf3b0,
0x0000021d89dd0220, 0x0000021d89dd40b0, 0x0000021d89dd4580, 0x0000021d89dd1f00,
0x0000021d89dd23d0, 0x0000021d89dd4a50, 0x0000021d89dd06f0, 0x0000021d89dd1560,
0x0000021d89dd4f20, 0x0000021d89dd28a0, 0x0000021d89dd53f0, 0x0000021d89dd58c0,
0x0000021d83f2deb0, 0x0000021d83f2e850, 0x0000021d83f32210, 0x0000021d83f2d040,
0x0000021d83f2f1f0, 0x0000021d83f30ed0, 0x0000021d83f30060, 0x0000021d83f2fb90,
0x0000021d83f30530, 0x0000021d83f31870
}

Java Threads: ( => current thread )
  0x0000021de24d49e0 JavaThread "main" [_thread_blocked, id=5420, stack(0x0000003369400000,0x0000003369500000)]
  0x0000021dffdfc490 JavaThread "Reference Handler" daemon [_thread_blocked, id=1504, stack(0x0000003369b00000,0x0000003369c00000)]
  0x0000021dffdfcf50 JavaThread "Finalizer" daemon [_thread_blocked, id=2412, stack(0x0000003369c00000,0x0000003369d00000)]
  0x0000021dffe111e0 JavaThread "Signal Dispatcher" daemon [_thread_blocked, id=9804, stack(0x0000003369d00000,0x0000003369e00000)]
  0x0000021dffe13ab0 JavaThread "Attach Listener" daemon [_thread_blocked, id=5228, stack(0x0000003369e00000,0x0000003369f00000)]
  0x0000021dffe15380 JavaThread "Service Thread" daemon [_thread_blocked, id=2536, stack(0x0000003369f00000,0x000000336a000000)]
  0x0000021dffe17c50 JavaThread "Monitor Deflation Thread" daemon [_thread_blocked, id=8856, stack(0x000000336a000000,0x000000336a100000)]
  0x0000021dffe188f0 JavaThread "C2 CompilerThread0" daemon [_thread_in_native, id=2588, stack(0x000000336a100000,0x000000336a200000)]
  0x0000021dffe192a0 JavaThread "C1 CompilerThread0" daemon [_thread_blocked, id=7996, stack(0x000000336a200000,0x000000336a300000)]
  0x0000021dffe270c0 JavaThread "Sweeper thread" daemon [_thread_blocked, id=8888, stack(0x000000336a300000,0x000000336a400000)]
  0x0000021d808b5a60 JavaThread "Common-Cleaner" daemon [_thread_blocked, id=10992, stack(0x000000336a400000,0x000000336a500000)]
  0x0000021d808bff60 JavaThread "Notification Thread" daemon [_thread_blocked, id=10112, stack(0x000000336a500000,0x000000336a600000)]
  0x0000021d81a13cb0 JavaThread "Daemon health stats" [_thread_blocked, id=3596, stack(0x000000336aa00000,0x000000336ab00000)]
  0x0000021d81d875c0 JavaThread "Incoming local TCP Connector on port 56434" [_thread_in_native, id=10004, stack(0x000000336ab00000,0x000000336ac00000)]
  0x0000021d81c9ec30 JavaThread "Daemon periodic checks" [_thread_blocked, id=9664, stack(0x000000336ac00000,0x000000336ad00000)]
  0x0000021d81d85e30 JavaThread "Cache worker for journal cache (C:\Users\rgvoz\.gradle\caches\journal-1)" [_thread_blocked, id=10388, stack(0x000000336b500000,0x000000336b600000)]
  0x0000021d815f9f20 JavaThread "File lock request listener" [_thread_in_native, id=10648, stack(0x000000336b600000,0x000000336b700000)]
  0x0000021d815fca70 JavaThread "Cache worker for file hash cache (C:\Users\rgvoz\.gradle\caches\7.3.3\fileHashes)" [_thread_blocked, id=3496, stack(0x000000336b700000,0x000000336b800000)]
  0x0000021d815fcf40 JavaThread "File watcher server" daemon [_thread_in_native, id=5832, stack(0x000000336b900000,0x000000336ba00000)]
  0x0000021d815f8be0 JavaThread "File watcher consumer" daemon [_thread_blocked, id=10040, stack(0x000000336ba00000,0x000000336bb00000)]
  0x0000021d815fddb0 JavaThread "Cache worker for execution history cache (C:\Users\rgvoz\.gradle\caches\7.3.3\executionHistory)" [_thread_blocked, id=1240, stack(0x000000336be00000,0x000000336bf00000)]
  0x0000021d815f8240 JavaThread "jar transforms" [_thread_blocked, id=8588, stack(0x000000336bf00000,0x000000336c000000)]
  0x0000021d815f8710 JavaThread "jar transforms Thread 2" [_thread_blocked, id=3664, stack(0x000000336c000000,0x000000336c100000)]
  0x0000021d815f90b0 JavaThread "Cache worker for file content cache (C:\Users\rgvoz\.gradle\caches\7.3.3\fileContent)" [_thread_blocked, id=6916, stack(0x000000336c100000,0x000000336c200000)]
  0x0000021d815fe280 JavaThread "jar transforms Thread 3" [_thread_blocked, id=6532, stack(0x000000336c200000,0x000000336c300000)]
  0x0000021d815ff0f0 JavaThread "jar transforms Thread 4" [_thread_blocked, id=332, stack(0x000000336c300000,0x000000336c400000)]
  0x0000021d815fa3f0 JavaThread "Cache worker for kotlin-dsl (C:\Users\rgvoz\.gradle\caches\7.3.3\kotlin-dsl)" [_thread_blocked, id=7716, stack(0x000000336c400000,0x000000336c500000)]
  0x0000021d8167bf60 JavaThread "Memory manager" [_thread_blocked, id=6620, stack(0x000000336e900000,0x000000336ea00000)]
  0x0000021d8167e110 JavaThread "Daemon Thread 2" [_thread_blocked, id=11108, stack(0x0000003369100000,0x0000003369200000)]
  0x0000021d8167e5e0 JavaThread "Handler for socket connection from /127.0.0.1:56434 to /127.0.0.1:64394" [_thread_in_native, id=8580, stack(0x0000003369200000,0x0000003369300000)]
  0x0000021d8167d770 JavaThread "Cancel handler" [_thread_blocked, id=10764, stack(0x0000003369300000,0x0000003369400000)]
  0x0000021d8167cdd0 JavaThread "Daemon worker Thread 2" [_thread_blocked, id=6024, stack(0x000000336ad00000,0x000000336ae00000)]
  0x0000021d8167ef80 JavaThread "Asynchronous log dispatcher for DefaultDaemonConnection: socket connection from /127.0.0.1:56434 to /127.0.0.1:64394" [_thread_blocked, id=7344, stack(0x000000336ae00000,0x000000336af00000)]
  0x0000021d8167d2a0 JavaThread "Stdin handler" [_thread_blocked, id=7444, stack(0x000000336af00000,0x000000336b000000)]
  0x0000021d81681600 JavaThread "Daemon client event forwarder" [_thread_blocked, id=9208, stack(0x000000336b000000,0x000000336b100000)]
  0x0000021d8167dc40 JavaThread "Cache worker for file hash cache (R:\Project\CefionMobile\android\.gradle\7.3.3\fileHashes)" [_thread_blocked, id=2776, stack(0x000000336b100000,0x000000336b200000)]
  0x0000021d81681ad0 JavaThread "Cache worker for checksums cache (R:\Project\CefionMobile\android\.gradle\7.3.3\checksums)" [_thread_blocked, id=9944, stack(0x000000336b200000,0x000000336b300000)]
  0x0000021d81680790 JavaThread "Cache worker for cache directory md-supplier (C:\Users\rgvoz\.gradle\caches\7.3.3\md-supplier)" [_thread_blocked, id=436, stack(0x000000336b300000,0x000000336b400000)]
  0x0000021d816802c0 JavaThread "Cache worker for cache directory md-rule (C:\Users\rgvoz\.gradle\caches\7.3.3\md-rule)" [_thread_blocked, id=4868, stack(0x000000336b800000,0x000000336b900000)]
  0x0000021d8167f920 JavaThread "Cache worker for dependencies-accessors (R:\Project\CefionMobile\android\.gradle\7.3.3\dependencies-accessors)" [_thread_blocked, id=11188, stack(0x000000336bc00000,0x000000336bd00000)]
  0x0000021d8167f450 JavaThread "Cache worker for Build Output Cleanup Cache (R:\Project\CefionMobile\node_modules\react-native-gradle-plugin\.gradle\buildOutputCleanup)" [_thread_blocked, id=6828, stack(0x000000336bd00000,0x000000336be00000)]
  0x0000021d81682940 JavaThread "Unconstrained build operations" [_thread_blocked, id=1220, stack(0x000000336c500000,0x000000336c600000)]
  0x0000021d8167fdf0 JavaThread "Unconstrained build operations Thread 2" [_thread_blocked, id=5208, stack(0x000000336c600000,0x000000336c700000)]
  0x0000021d81680c60 JavaThread "Unconstrained build operations Thread 3" [_thread_blocked, id=4852, stack(0x000000336c700000,0x000000336c800000)]
  0x0000021d81681130 JavaThread "Unconstrained build operations Thread 4" [_thread_blocked, id=6912, stack(0x000000336c800000,0x000000336c900000)]
  0x0000021d81682470 JavaThread "Unconstrained build operations Thread 5" [_thread_blocked, id=8656, stack(0x000000336c900000,0x000000336ca00000)]
  0x0000021d81682e10 JavaThread "Unconstrained build operations Thread 6" [_thread_blocked, id=1720, stack(0x000000336ca00000,0x000000336cb00000)]
  0x0000021d816832e0 JavaThread "Unconstrained build operations Thread 7" [_thread_blocked, id=3924, stack(0x000000336cb00000,0x000000336cc00000)]
  0x0000021d815f9a50 JavaThread "Unconstrained build operations Thread 8" [_thread_blocked, id=2556, stack(0x000000336cc00000,0x000000336cd00000)]
  0x0000021d815fc0d0 JavaThread "Unconstrained build operations Thread 9" [_thread_blocked, id=2628, stack(0x000000336cd00000,0x000000336ce00000)]
  0x0000021d815fad90 JavaThread "Unconstrained build operations Thread 10" [_thread_blocked, id=5540, stack(0x000000336ce00000,0x000000336cf00000)]
  0x0000021d815fb730 JavaThread "Unconstrained build operations Thread 11" [_thread_blocked, id=4064, stack(0x000000336cf00000,0x000000336d000000)]
  0x0000021d815fa8c0 JavaThread "Unconstrained build operations Thread 12" [_thread_blocked, id=11136, stack(0x000000336d000000,0x000000336d100000)]
  0x0000021d815fb260 JavaThread "Unconstrained build operations Thread 13" [_thread_blocked, id=9784, stack(0x000000336d100000,0x000000336d200000)]
  0x0000021d815fe750 JavaThread "Unconstrained build operations Thread 14" [_thread_blocked, id=2512, stack(0x000000336d200000,0x000000336d300000)]
  0x0000021d815fc5a0 JavaThread "Unconstrained build operations Thread 15" [_thread_blocked, id=10316, stack(0x000000336d300000,0x000000336d400000)]
  0x0000021d815ff5c0 JavaThread "Unconstrained build operations Thread 16" [_thread_blocked, id=11256, stack(0x000000336d400000,0x000000336d500000)]
  0x0000021d815f7d70 JavaThread "Unconstrained build operations Thread 17" [_thread_blocked, id=8372, stack(0x000000336d500000,0x000000336d600000)]
  0x0000021d81d85960 JavaThread "Unconstrained build operations Thread 18" [_thread_blocked, id=10420, stack(0x000000336d600000,0x000000336d700000)]
  0x0000021d81d84af0 JavaThread "Unconstrained build operations Thread 19" [_thread_blocked, id=2088, stack(0x000000336d700000,0x000000336d800000)]
  0x0000021d81d84620 JavaThread "Unconstrained build operations Thread 20" [_thread_blocked, id=3696, stack(0x000000336d800000,0x000000336d900000)]
  0x0000021d81d85490 JavaThread "Unconstrained build operations Thread 21" [_thread_blocked, id=6140, stack(0x000000336d900000,0x000000336da00000)]
  0x0000021d81d84fc0 JavaThread "Unconstrained build operations Thread 22" [_thread_blocked, id=2648, stack(0x000000336da00000,0x000000336db00000)]
  0x0000021d89dd5d90 JavaThread "Unconstrained build operations Thread 23" [_thread_blocked, id=5048, stack(0x000000336db00000,0x000000336dc00000)]
  0x0000021d89dce540 JavaThread "Unconstrained build operations Thread 24" [_thread_blocked, id=6196, stack(0x000000336dc00000,0x000000336dd00000)]
  0x0000021d89dd2d70 JavaThread "Unconstrained build operations Thread 25" [_thread_blocked, id=6764, stack(0x000000336dd00000,0x000000336de00000)]
  0x0000021d89dd3240 JavaThread "Unconstrained build operations Thread 26" [_thread_blocked, id=5348, stack(0x000000336de00000,0x000000336df00000)]
  0x0000021d89dd1a30 JavaThread "Unconstrained build operations Thread 27" [_thread_blocked, id=2264, stack(0x000000336df00000,0x000000336e000000)]
  0x0000021d89dcf880 JavaThread "Unconstrained build operations Thread 28" [_thread_blocked, id=1968, stack(0x000000336e000000,0x000000336e100000)]
  0x0000021d89dcfd50 JavaThread "Unconstrained build operations Thread 29" [_thread_blocked, id=800, stack(0x000000336e100000,0x000000336e200000)]
  0x0000021d89dcea10 JavaThread "Unconstrained build operations Thread 30" [_thread_blocked, id=3864, stack(0x000000336e200000,0x000000336e300000)]
  0x0000021d89dd1090 JavaThread "Unconstrained build operations Thread 31" [_thread_blocked, id=224, stack(0x000000336e300000,0x000000336e400000)]
  0x0000021d89dceee0 JavaThread "Unconstrained build operations Thread 32" [_thread_blocked, id=504, stack(0x000000336e400000,0x000000336e500000)]
  0x0000021d89dd3710 JavaThread "Unconstrained build operations Thread 33" [_thread_blocked, id=1448, stack(0x000000336e500000,0x000000336e600000)]
  0x0000021d89dd3be0 JavaThread "build event listener" [_thread_blocked, id=2408, stack(0x000000336e600000,0x000000336e700000)]
  0x0000021d89dcf3b0 JavaThread "Cache worker for Build Output Cleanup Cache (R:\Project\CefionMobile\android\.gradle\buildOutputCleanup)" [_thread_blocked, id=6492, stack(0x000000336e700000,0x000000336e800000)]
  0x0000021d89dd0220 JavaThread "included builds" [_thread_blocked, id=8600, stack(0x000000336e800000,0x000000336e900000)]
  0x0000021d89dd40b0 JavaThread "Execution worker for ':react-native-gradle-plugin'" [_thread_blocked, id=6748, stack(0x000000336ea00000,0x000000336eb00000)]
  0x0000021d89dd4580 JavaThread "Execution worker for ':react-native-gradle-plugin' Thread 2" [_thread_blocked, id=7316, stack(0x000000336eb00000,0x000000336ec00000)]
  0x0000021d89dd1f00 JavaThread "Execution worker for ':react-native-gradle-plugin' Thread 3" [_thread_blocked, id=8720, stack(0x000000336ec00000,0x000000336ed00000)]
  0x0000021d89dd23d0 JavaThread "Cache worker for execution history cache (R:\Project\CefionMobile\node_modules\react-native-gradle-plugin\.gradle\7.3.3\executionHistory)" [_thread_blocked, id=9916, stack(0x000000336ed00000,0x000000336ee00000)]
  0x0000021d89dd4a50 JavaThread "Unconstrained build operations Thread 34" [_thread_blocked, id=6724, stack(0x000000336ee00000,0x000000336ef00000)]
  0x0000021d89dd06f0 JavaThread "Unconstrained build operations Thread 35" [_thread_blocked, id=6664, stack(0x000000336ef00000,0x000000336f000000)]
  0x0000021d89dd1560 JavaThread "Unconstrained build operations Thread 36" [_thread_blocked, id=11232, stack(0x000000336f000000,0x000000336f100000)]
  0x0000021d89dd4f20 JavaThread "Unconstrained build operations Thread 37" [_thread_blocked, id=7496, stack(0x000000336f100000,0x000000336f200000)]
  0x0000021d89dd28a0 JavaThread "Unconstrained build operations Thread 38" [_thread_blocked, id=3180, stack(0x000000336f200000,0x000000336f300000)]
  0x0000021d89dd53f0 JavaThread "Unconstrained build operations Thread 39" [_thread_blocked, id=4744, stack(0x000000336f300000,0x000000336f400000)]
  0x0000021d89dd58c0 JavaThread "Unconstrained build operations Thread 40" [_thread_blocked, id=3568, stack(0x000000336f400000,0x000000336f500000)]
  0x0000021d83f2deb0 JavaThread "RMI Scheduler(0)" daemon [_thread_blocked, id=11080, stack(0x000000336bb00000,0x000000336bc00000)]
  0x0000021d83f2e850 JavaThread "RMI GC Daemon" daemon [_thread_blocked, id=10600, stack(0x000000336f600000,0x000000336f700000)]
  0x0000021d83f32210 JavaThread "RMI TCP Accept-0" daemon [_thread_in_native, id=9660, stack(0x000000336f700000,0x000000336f800000)]
  0x0000021d83f2d040 JavaThread "RMI Reaper" [_thread_blocked, id=10452, stack(0x000000336f800000,0x000000336f900000)]
  0x0000021d83f2f1f0 JavaThread "RMI TCP Connection(1)-127.0.0.1" daemon [_thread_in_native, id=6176, stack(0x000000336f900000,0x000000336fa00000)]
  0x0000021d83f30ed0 JavaThread "Cache worker for Java compile cache (C:\Users\rgvoz\.gradle\caches\7.3.3\javaCompile)" [_thread_blocked, id=6104, stack(0x000000336fa00000,0x000000336fb00000)]
  0x0000021d83f30060 JavaThread "Build operations" [_thread_blocked, id=3164, stack(0x000000336fb00000,0x000000336fc00000)]
  0x0000021d83f2fb90 JavaThread "Build operations Thread 2" [_thread_blocked, id=7832, stack(0x000000336fc00000,0x000000336fd00000)]
  0x0000021d83f30530 JavaThread "Build operations Thread 3" [_thread_blocked, id=5456, stack(0x000000336fd00000,0x000000336fe00000)]
  0x0000021d83f31870 JavaThread "Build operations Thread 4" [_thread_blocked, id=9172, stack(0x000000336fe00000,0x000000336ff00000)]

Other Threads:
=>0x0000021dffdf66e0 VMThread "VM Thread" [stack: 0x0000003369a00000,0x0000003369b00000] [id=9896]
  0x0000021d808c2440 WatcherThread [stack: 0x000000336a600000,0x000000336a700000] [id=1668]
  0x0000021de252d450 GCTaskThread "GC Thread#0" [stack: 0x0000003369500000,0x0000003369600000] [id=2984]
  0x0000021d80e46050 GCTaskThread "GC Thread#1" [stack: 0x000000336a700000,0x000000336a800000] [id=9888]
  0x0000021d81245c10 GCTaskThread "GC Thread#2" [stack: 0x000000336a800000,0x000000336a900000] [id=9756]
  0x0000021d80aa0f40 GCTaskThread "GC Thread#3" [stack: 0x000000336a900000,0x000000336aa00000] [id=8628]
  0x0000021de253f8f0 ConcurrentGCThread "G1 Main Marker" [stack: 0x0000003369600000,0x0000003369700000] [id=10892]
  0x0000021de25400b0 ConcurrentGCThread "G1 Conc#0" [stack: 0x0000003369700000,0x0000003369800000] [id=4460]
  0x0000021de25aeb00 ConcurrentGCThread "G1 Refine#0" [stack: 0x0000003369800000,0x0000003369900000] [id=1328]
  0x0000021d81324930 ConcurrentGCThread "G1 Refine#1" [stack: 0x000000336b400000,0x000000336b500000] [id=2080]
  0x0000021d84aa1240 ConcurrentGCThread "G1 Refine#2" [stack: 0x000000336f500000,0x000000336f600000] [id=10964]
  0x0000021d84aa1800 ConcurrentGCThread "G1 Refine#3" [stack: 0x000000336ff00000,0x0000003370000000] [id=8144]
  0x0000021dffcb44a0 ConcurrentGCThread "G1 Service" [stack: 0x0000003369900000,0x0000003369a00000] [id=9984]

Threads with active compile tasks:
C2 CompilerThread0  1751960 13028       4       org.gradle.api.internal.tasks.compile.incremental.compilerapi.deps.DependentSetSerializer::read (198 bytes)

VM state: at safepoint (normal execution)

VM Mutex/Monitor currently owned by a thread:  ([mutex/lock_event])
[0x0000021de24d0760] Threads_lock - owner thread: 0x0000021dffdf66e0
[0x0000021de24cf680] Heap_lock - owner thread: 0x0000021d89dd40b0

Heap address: 0x0000000080000000, size: 2048 MB, Compressed Oops mode: 32-bit

CDS archive(s) mapped at: [0x0000000800000000-0x0000000800bc0000-0x0000000800bc0000), size 12320768, SharedBaseAddress: 0x0000000800000000, ArchiveRelocationMode: 0.
Compressed class space mapped at: 0x0000000800c00000-0x000000081a800000, reserved size: 432013312
Narrow klass base: 0x0000000800000000, Narrow klass shift: 0, Narrow klass range: 0x100000000

GC Precious Log:
 CPUs: 4 total, 4 available
 Memory: 4010M
 Large Page Support: Disabled
 NUMA Support: Disabled
 Compressed Oops: Enabled (32-bit)
 Heap Region Size: 1M
 Heap Min Capacity: 8M
 Heap Initial Capacity: 64M
 Heap Max Capacity: 2G
 Pre-touch: Disabled
 Parallel Workers: 4
 Concurrent Workers: 1
 Concurrent Refinement Workers: 4
 Periodic GC: Disabled

Heap:
 garbage-first heap   total 308224K, used 140723K [0x0000000080000000, 0x0000000100000000)
  region size 1024K, 2 young (2048K), 2 survivors (2048K)
 Metaspace       used 83910K, committed 84736K, reserved 495616K
  class space    used 11179K, committed 11520K, reserved 421888K

Heap Regions: E=young(eden), S=young(survivor), O=old, HS=humongous(starts), HC=humongous(continues), CS=collection set, F=free, OA=open archive, CA=closed archive, TAMS=top-at-mark-start (previous, next)
|   0|0x0000000080000000, 0x0000000080100000, 0x0000000080100000|100%|HS|  |TAMS 0x0000000080100000, 0x0000000080100000| Complete 
|   1|0x0000000080100000, 0x0000000080200000, 0x0000000080200000|100%|HC|  |TAMS 0x0000000080200000, 0x0000000080200000| Complete 
|   2|0x0000000080200000, 0x0000000080300000, 0x0000000080300000|100%|HC|  |TAMS 0x0000000080300000, 0x0000000080300000| Complete 
|   3|0x0000000080300000, 0x0000000080400000, 0x0000000080400000|100%| O|  |TAMS 0x0000000080400000, 0x0000000080400000| Untracked 
|   4|0x0000000080400000, 0x0000000080500000, 0x0000000080500000|100%| O|  |TAMS 0x0000000080500000, 0x0000000080500000| Untracked 
|   5|0x0000000080500000, 0x0000000080600000, 0x0000000080600000|100%| O|  |TAMS 0x0000000080600000, 0x0000000080600000| Untracked 
|   6|0x0000000080600000, 0x0000000080700000, 0x0000000080700000|100%| O|  |TAMS 0x0000000080700000, 0x0000000080700000| Untracked 
|   7|0x0000000080700000, 0x0000000080800000, 0x0000000080800000|100%| O|  |TAMS 0x0000000080800000, 0x0000000080800000| Untracked 
|   8|0x0000000080800000, 0x0000000080900000, 0x0000000080900000|100%| O|  |TAMS 0x0000000080900000, 0x0000000080900000| Untracked 
|   9|0x0000000080900000, 0x0000000080a00000, 0x0000000080a00000|100%| O|  |TAMS 0x0000000080a00000, 0x0000000080a00000| Untracked 
|  10|0x0000000080a00000, 0x0000000080b00000, 0x0000000080b00000|100%| O|  |TAMS 0x0000000080b00000, 0x0000000080b00000| Untracked 
|  11|0x0000000080b00000, 0x0000000080c00000, 0x0000000080c00000|100%| O|  |TAMS 0x0000000080c00000, 0x0000000080c00000| Untracked 
|  12|0x0000000080c00000, 0x0000000080d00000, 0x0000000080d00000|100%| O|  |TAMS 0x0000000080d00000, 0x0000000080d00000| Untracked 
|  13|0x0000000080d00000, 0x0000000080e00000, 0x0000000080e00000|100%| O|  |TAMS 0x0000000080e00000, 0x0000000080e00000| Untracked 
|  14|0x0000000080e00000, 0x0000000080f00000, 0x0000000080f00000|100%| O|  |TAMS 0x0000000080f00000, 0x0000000080f00000| Untracked 
|  15|0x0000000080f00000, 0x0000000081000000, 0x0000000081000000|100%| O|  |TAMS 0x0000000081000000, 0x0000000081000000| Untracked 
|  16|0x0000000081000000, 0x0000000081100000, 0x0000000081100000|100%| O|  |TAMS 0x0000000081100000, 0x0000000081100000| Untracked 
|  17|0x0000000081100000, 0x0000000081200000, 0x0000000081200000|100%| O|  |TAMS 0x0000000081200000, 0x0000000081200000| Untracked 
|  18|0x0000000081200000, 0x0000000081300000, 0x0000000081300000|100%| O|  |TAMS 0x0000000081300000, 0x0000000081300000| Untracked 
|  19|0x0000000081300000, 0x0000000081400000, 0x0000000081400000|100%| O|  |TAMS 0x0000000081400000, 0x0000000081400000| Untracked 
|  20|0x0000000081400000, 0x0000000081500000, 0x0000000081500000|100%| O|  |TAMS 0x0000000081500000, 0x0000000081500000| Untracked 
|  21|0x0000000081500000, 0x0000000081600000, 0x0000000081600000|100%| O|  |TAMS 0x0000000081600000, 0x0000000081600000| Untracked 
|  22|0x0000000081600000, 0x0000000081700000, 0x0000000081700000|100%| O|  |TAMS 0x0000000081700000, 0x0000000081700000| Untracked 
|  23|0x0000000081700000, 0x0000000081800000, 0x0000000081800000|100%| O|  |TAMS 0x0000000081800000, 0x0000000081800000| Untracked 
|  24|0x0000000081800000, 0x0000000081900000, 0x0000000081900000|100%| O|  |TAMS 0x0000000081900000, 0x0000000081900000| Untracked 
|  25|0x0000000081900000, 0x0000000081a00000, 0x0000000081a00000|100%| O|  |TAMS 0x0000000081a00000, 0x0000000081a00000| Untracked 
|  26|0x0000000081a00000, 0x0000000081b00000, 0x0000000081b00000|100%| O|  |TAMS 0x0000000081b00000, 0x0000000081b00000| Untracked 
|  27|0x0000000081b00000, 0x0000000081c00000, 0x0000000081c00000|100%| O|  |TAMS 0x0000000081c00000, 0x0000000081c00000| Untracked 
|  28|0x0000000081c00000, 0x0000000081d00000, 0x0000000081d00000|100%| O|  |TAMS 0x0000000081d00000, 0x0000000081d00000| Untracked 
|  29|0x0000000081d00000, 0x0000000081e00000, 0x0000000081e00000|100%| O|  |TAMS 0x0000000081e00000, 0x0000000081e00000| Untracked 
|  30|0x0000000081e00000, 0x0000000081f00000, 0x0000000081f00000|100%|HS|  |TAMS 0x0000000081f00000, 0x0000000081f00000| Complete 
|  31|0x0000000081f00000, 0x0000000082000000, 0x0000000082000000|100%|HS|  |TAMS 0x0000000082000000, 0x0000000082000000| Complete 
|  32|0x0000000082000000, 0x0000000082100000, 0x0000000082100000|100%|HC|  |TAMS 0x0000000082100000, 0x0000000082100000| Complete 
|  33|0x0000000082100000, 0x0000000082200000, 0x0000000082200000|100%|HC|  |TAMS 0x0000000082200000, 0x0000000082200000| Complete 
|  34|0x0000000082200000, 0x0000000082300000, 0x0000000082300000|100%| O|  |TAMS 0x0000000082300000, 0x0000000082300000| Untracked 
|  35|0x0000000082300000, 0x0000000082400000, 0x0000000082400000|100%| O|  |TAMS 0x0000000082400000, 0x0000000082400000| Untracked 
|  36|0x0000000082400000, 0x0000000082500000, 0x0000000082500000|100%| O|  |TAMS 0x0000000082500000, 0x0000000082500000| Untracked 
|  37|0x0000000082500000, 0x0000000082600000, 0x0000000082600000|100%| O|  |TAMS 0x0000000082600000, 0x0000000082600000| Untracked 
|  38|0x0000000082600000, 0x0000000082700000, 0x0000000082700000|100%| O|  |TAMS 0x0000000082700000, 0x0000000082700000| Untracked 
|  39|0x0000000082700000, 0x0000000082800000, 0x0000000082800000|100%| O|  |TAMS 0x0000000082800000, 0x0000000082800000| Untracked 
|  40|0x0000000082800000, 0x0000000082900000, 0x0000000082900000|100%| O|  |TAMS 0x0000000082900000, 0x0000000082900000| Untracked 
|  41|0x0000000082900000, 0x0000000082a00000, 0x0000000082a00000|100%| O|  |TAMS 0x0000000082a00000, 0x0000000082a00000| Untracked 
|  42|0x0000000082a00000, 0x0000000082b00000, 0x0000000082b00000|100%| O|  |TAMS 0x0000000082b00000, 0x0000000082b00000| Untracked 
|  43|0x0000000082b00000, 0x0000000082c00000, 0x0000000082c00000|100%| O|  |TAMS 0x0000000082c00000, 0x0000000082c00000| Untracked 
|  44|0x0000000082c00000, 0x0000000082d00000, 0x0000000082d00000|100%| O|  |TAMS 0x0000000082d00000, 0x0000000082d00000| Untracked 
|  45|0x0000000082d00000, 0x0000000082e00000, 0x0000000082e00000|100%| O|  |TAMS 0x0000000082d00000, 0x0000000082e00000| Untracked 
|  46|0x0000000082e00000, 0x0000000082f00000, 0x0000000082f00000|100%| O|  |TAMS 0x0000000082e00000, 0x0000000082f00000| Untracked 
|  47|0x0000000082f00000, 0x0000000083000000, 0x0000000083000000|100%| O|  |TAMS 0x0000000083000000, 0x0000000083000000| Untracked 
|  48|0x0000000083000000, 0x0000000083100000, 0x0000000083100000|100%|HS|  |TAMS 0x0000000083100000, 0x0000000083100000| Complete 
|  49|0x0000000083100000, 0x0000000083200000, 0x0000000083200000|100%|HS|  |TAMS 0x0000000083200000, 0x0000000083200000| Complete 
|  50|0x0000000083200000, 0x0000000083300000, 0x0000000083300000|100%|HS|  |TAMS 0x0000000083300000, 0x0000000083300000| Complete 
|  51|0x0000000083300000, 0x0000000083400000, 0x0000000083400000|100%|HC|  |TAMS 0x0000000083400000, 0x0000000083400000| Complete 
|  52|0x0000000083400000, 0x0000000083500000, 0x0000000083500000|100%| O|  |TAMS 0x0000000083500000, 0x0000000083500000| Untracked 
|  53|0x0000000083500000, 0x0000000083600000, 0x0000000083600000|100%| O|  |TAMS 0x0000000083600000, 0x0000000083600000| Untracked 
|  54|0x0000000083600000, 0x0000000083700000, 0x0000000083700000|100%| O|  |TAMS 0x0000000083700000, 0x0000000083700000| Untracked 
|  55|0x0000000083700000, 0x0000000083800000, 0x0000000083800000|100%| O|  |TAMS 0x0000000083800000, 0x0000000083800000| Untracked 
|  56|0x0000000083800000, 0x0000000083900000, 0x0000000083900000|100%| O|  |TAMS 0x0000000083900000, 0x0000000083900000| Untracked 
|  57|0x0000000083900000, 0x0000000083a00000, 0x0000000083a00000|100%| O|  |TAMS 0x0000000083a00000, 0x0000000083a00000| Untracked 
|  58|0x0000000083a00000, 0x0000000083b00000, 0x0000000083b00000|100%| O|  |TAMS 0x0000000083b00000, 0x0000000083b00000| Untracked 
|  59|0x0000000083b00000, 0x0000000083c00000, 0x0000000083c00000|100%| O|  |TAMS 0x0000000083c00000, 0x0000000083c00000| Untracked 
|  60|0x0000000083c00000, 0x0000000083d00000, 0x0000000083d00000|100%| O|  |TAMS 0x0000000083d00000, 0x0000000083d00000| Untracked 
|  61|0x0000000083d00000, 0x0000000083e00000, 0x0000000083e00000|100%| O|  |TAMS 0x0000000083e00000, 0x0000000083e00000| Untracked 
|  62|0x0000000083e00000, 0x0000000083f00000, 0x0000000083f00000|100%| O|  |TAMS 0x0000000083f00000, 0x0000000083f00000| Untracked 
|  63|0x0000000083f00000, 0x0000000084000000, 0x0000000084000000|100%| O|  |TAMS 0x0000000084000000, 0x0000000084000000| Untracked 
|  64|0x0000000084000000, 0x0000000084100000, 0x0000000084100000|100%| O|  |TAMS 0x0000000084100000, 0x0000000084100000| Untracked 
|  65|0x0000000084100000, 0x0000000084200000, 0x0000000084200000|100%| O|  |TAMS 0x0000000084200000, 0x0000000084200000| Untracked 
|  66|0x0000000084200000, 0x0000000084300000, 0x0000000084300000|100%| O|  |TAMS 0x0000000084300000, 0x0000000084300000| Untracked 
|  67|0x0000000084300000, 0x0000000084400000, 0x0000000084400000|100%| O|  |TAMS 0x0000000084400000, 0x0000000084400000| Untracked 
|  68|0x0000000084400000, 0x0000000084500000, 0x0000000084500000|100%| O|  |TAMS 0x0000000084500000, 0x0000000084500000| Untracked 
|  69|0x0000000084500000, 0x0000000084600000, 0x0000000084600000|100%| O|  |TAMS 0x0000000084600000, 0x0000000084600000| Untracked 
|  70|0x0000000084600000, 0x0000000084700000, 0x0000000084700000|100%| O|  |TAMS 0x0000000084700000, 0x0000000084700000| Untracked 
|  71|0x0000000084700000, 0x0000000084800000, 0x0000000084800000|100%| O|  |TAMS 0x0000000084800000, 0x0000000084800000| Untracked 
|  72|0x0000000084800000, 0x0000000084900000, 0x0000000084900000|100%| O|  |TAMS 0x0000000084900000, 0x0000000084900000| Untracked 
|  73|0x0000000084900000, 0x0000000084a00000, 0x0000000084a00000|100%| O|  |TAMS 0x0000000084a00000, 0x0000000084a00000| Untracked 
|  74|0x0000000084a00000, 0x0000000084afa200, 0x0000000084b00000| 97%| O|  |TAMS 0x0000000084afa200, 0x0000000084afa200| Untracked 
|  75|0x0000000084b00000, 0x0000000084b00000, 0x0000000084c00000|  0%| F|  |TAMS 0x0000000084b00000, 0x0000000084b00000| Untracked 
|  76|0x0000000084c00000, 0x0000000084d00000, 0x0000000084d00000|100%| O|  |TAMS 0x0000000084d00000, 0x0000000084d00000| Untracked 
|  77|0x0000000084d00000, 0x0000000084e00000, 0x0000000084e00000|100%| O|  |TAMS 0x0000000084e00000, 0x0000000084e00000| Untracked 
|  78|0x0000000084e00000, 0x0000000084f00000, 0x0000000084f00000|100%| O|  |TAMS 0x0000000084f00000, 0x0000000084f00000| Untracked 
|  79|0x0000000084f00000, 0x0000000085000000, 0x0000000085000000|100%| O|  |TAMS 0x0000000085000000, 0x0000000085000000| Untracked 
|  80|0x0000000085000000, 0x0000000085100000, 0x0000000085100000|100%| O|  |TAMS 0x0000000085000000, 0x0000000085100000| Untracked 
|  81|0x0000000085100000, 0x0000000085200000, 0x0000000085200000|100%| O|  |TAMS 0x0000000085100000, 0x0000000085200000| Untracked 
|  82|0x0000000085200000, 0x0000000085300000, 0x0000000085300000|100%|HS|  |TAMS 0x0000000085200000, 0x0000000085300000| Complete 
|  83|0x0000000085300000, 0x0000000085400000, 0x0000000085400000|100%|HS|  |TAMS 0x0000000085300000, 0x0000000085400000| Complete 
|  84|0x0000000085400000, 0x0000000085500000, 0x0000000085500000|100%| O|  |TAMS 0x0000000085400000, 0x0000000085500000| Untracked 
|  85|0x0000000085500000, 0x0000000085600000, 0x0000000085600000|100%| O|  |TAMS 0x0000000085500000, 0x0000000085600000| Untracked 
|  86|0x0000000085600000, 0x0000000085700000, 0x0000000085700000|100%|HS|  |TAMS 0x0000000085700000, 0x0000000085700000| Complete 
|  87|0x0000000085700000, 0x0000000085800000, 0x0000000085800000|100%|HC|  |TAMS 0x0000000085800000, 0x0000000085800000| Complete 
|  88|0x0000000085800000, 0x0000000085900000, 0x0000000085900000|100%|HC|  |TAMS 0x0000000085900000, 0x0000000085900000| Complete 
|  89|0x0000000085900000, 0x0000000085a00000, 0x0000000085a00000|100%|HC|  |TAMS 0x0000000085a00000, 0x0000000085a00000| Complete 
|  90|0x0000000085a00000, 0x0000000085b00000, 0x0000000085b00000|100%|HC|  |TAMS 0x0000000085b00000, 0x0000000085b00000| Complete 
|  91|0x0000000085b00000, 0x0000000085c00000, 0x0000000085c00000|100%|HS|  |TAMS 0x0000000085c00000, 0x0000000085c00000| Complete 
|  92|0x0000000085c00000, 0x0000000085d00000, 0x0000000085d00000|100%| O|  |TAMS 0x0000000085d00000, 0x0000000085d00000| Untracked 
|  93|0x0000000085d00000, 0x0000000085e00000, 0x0000000085e00000|100%| O|  |TAMS 0x0000000085e00000, 0x0000000085e00000| Untracked 
|  94|0x0000000085e00000, 0x0000000085f00000, 0x0000000085f00000|100%| O|  |TAMS 0x0000000085f00000, 0x0000000085f00000| Untracked 
|  95|0x0000000085f00000, 0x0000000086000000, 0x0000000086000000|100%| O|  |TAMS 0x0000000086000000, 0x0000000086000000| Untracked 
|  96|0x0000000086000000, 0x0000000086100000, 0x0000000086100000|100%| O|  |TAMS 0x0000000086100000, 0x0000000086100000| Untracked 
|  97|0x0000000086100000, 0x0000000086100000, 0x0000000086200000|  0%| F|  |TAMS 0x0000000086100000, 0x0000000086100000| Untracked 
|  98|0x0000000086200000, 0x0000000086300000, 0x0000000086300000|100%| O|  |TAMS 0x0000000086200000, 0x0000000086300000| Untracked 
|  99|0x0000000086300000, 0x0000000086300000, 0x0000000086400000|  0%| F|  |TAMS 0x0000000086300000, 0x0000000086300000| Untracked 
| 100|0x0000000086400000, 0x0000000086400000, 0x0000000086500000|  0%| F|  |TAMS 0x0000000086400000, 0x0000000086400000| Untracked 
| 101|0x0000000086500000, 0x0000000086500000, 0x0000000086600000|  0%| F|  |TAMS 0x0000000086500000, 0x0000000086500000| Untracked 
| 102|0x0000000086600000, 0x0000000086600000, 0x0000000086700000|  0%| F|  |TAMS 0x0000000086600000, 0x0000000086600000| Untracked 
| 103|0x0000000086700000, 0x0000000086700000, 0x0000000086800000|  0%| F|  |TAMS 0x0000000086700000, 0x0000000086700000| Untracked 
| 104|0x0000000086800000, 0x0000000086900000, 0x0000000086900000|100%| O|  |TAMS 0x0000000086900000, 0x0000000086900000| Untracked 
| 105|0x0000000086900000, 0x0000000086a00000, 0x0000000086a00000|100%| O|  |TAMS 0x0000000086a00000, 0x0000000086a00000| Untracked 
| 106|0x0000000086a00000, 0x0000000086b00000, 0x0000000086b00000|100%| O|  |TAMS 0x0000000086b00000, 0x0000000086b00000| Untracked 
| 107|0x0000000086b00000, 0x0000000086c00000, 0x0000000086c00000|100%| O|  |TAMS 0x0000000086c00000, 0x0000000086c00000| Untracked 
| 108|0x0000000086c00000, 0x0000000086d00000, 0x0000000086d00000|100%| O|  |TAMS 0x0000000086d00000, 0x0000000086d00000| Untracked 
| 109|0x0000000086d00000, 0x0000000086e00000, 0x0000000086e00000|100%| O|  |TAMS 0x0000000086e00000, 0x0000000086e00000| Untracked 
| 110|0x0000000086e00000, 0x0000000086f00000, 0x0000000086f00000|100%| O|  |TAMS 0x0000000086f00000, 0x0000000086f00000| Untracked 
| 111|0x0000000086f00000, 0x0000000087000000, 0x0000000087000000|100%| O|  |TAMS 0x0000000087000000, 0x0000000087000000| Untracked 
| 112|0x0000000087000000, 0x0000000087100000, 0x0000000087100000|100%| O|  |TAMS 0x0000000087100000, 0x0000000087100000| Untracked 
| 113|0x0000000087100000, 0x0000000087200000, 0x0000000087200000|100%| O|  |TAMS 0x0000000087200000, 0x0000000087200000| Untracked 
| 114|0x0000000087200000, 0x0000000087300000, 0x0000000087300000|100%| O|  |TAMS 0x0000000087200000, 0x0000000087300000| Untracked 
| 115|0x0000000087300000, 0x0000000087400000, 0x0000000087400000|100%| O|  |TAMS 0x0000000087300000, 0x0000000087400000| Untracked 
| 116|0x0000000087400000, 0x0000000087500000, 0x0000000087500000|100%| O|  |TAMS 0x0000000087400000, 0x0000000087500000| Untracked 
| 117|0x0000000087500000, 0x0000000087600000, 0x0000000087600000|100%| O|  |TAMS 0x0000000087500000, 0x0000000087600000| Untracked 
| 118|0x0000000087600000, 0x0000000087700000, 0x0000000087700000|100%| O|  |TAMS 0x0000000087600000, 0x0000000087700000| Untracked 
| 119|0x0000000087700000, 0x0000000087800000, 0x0000000087800000|100%| O|  |TAMS 0x0000000087700000, 0x0000000087800000| Untracked 
| 120|0x0000000087800000, 0x0000000087900000, 0x0000000087900000|100%| O|  |TAMS 0x0000000087800000, 0x0000000087900000| Untracked 
| 121|0x0000000087900000, 0x0000000087a00000, 0x0000000087a00000|100%| O|  |TAMS 0x0000000087900000, 0x0000000087a00000| Untracked 
| 122|0x0000000087a00000, 0x0000000087b00000, 0x0000000087b00000|100%| O|  |TAMS 0x0000000087a00000, 0x0000000087b00000| Untracked 
| 123|0x0000000087b00000, 0x0000000087c00000, 0x0000000087c00000|100%| O|  |TAMS 0x0000000087b00000, 0x0000000087c00000| Untracked 
| 124|0x0000000087c00000, 0x0000000087d00000, 0x0000000087d00000|100%| O|  |TAMS 0x0000000087c00000, 0x0000000087d00000| Untracked 
| 125|0x0000000087d00000, 0x0000000087e00000, 0x0000000087e00000|100%| O|  |TAMS 0x0000000087d00000, 0x0000000087e00000| Untracked 
| 126|0x0000000087e00000, 0x0000000087f00000, 0x0000000087f00000|100%| O|  |TAMS 0x0000000087e00000, 0x0000000087f00000| Untracked 
| 127|0x0000000087f00000, 0x0000000088000000, 0x0000000088000000|100%| O|  |TAMS 0x0000000087f00000, 0x0000000088000000| Untracked 
| 128|0x0000000088000000, 0x0000000088100000, 0x0000000088100000|100%| O|  |TAMS 0x0000000088000000, 0x0000000088100000| Untracked 
| 129|0x0000000088100000, 0x0000000088200000, 0x0000000088200000|100%| O|  |TAMS 0x0000000088100000, 0x0000000088200000| Untracked 
| 130|0x0000000088200000, 0x0000000088300000, 0x0000000088300000|100%| O|  |TAMS 0x0000000088200000, 0x0000000088300000| Untracked 
| 131|0x0000000088300000, 0x0000000088400000, 0x0000000088400000|100%| O|  |TAMS 0x0000000088300000, 0x0000000088400000| Untracked 
| 132|0x0000000088400000, 0x0000000088500000, 0x0000000088500000|100%| O|  |TAMS 0x0000000088400000, 0x0000000088500000| Untracked 
| 133|0x0000000088500000, 0x0000000088600000, 0x0000000088600000|100%| O|  |TAMS 0x0000000088500000, 0x0000000088600000| Untracked 
| 134|0x0000000088600000, 0x0000000088700000, 0x0000000088700000|100%| O|  |TAMS 0x0000000088600000, 0x0000000088700000| Untracked 
| 135|0x0000000088700000, 0x0000000088800000, 0x0000000088800000|100%| O|  |TAMS 0x0000000088700000, 0x0000000088800000| Untracked 
| 136|0x0000000088800000, 0x0000000088900000, 0x0000000088900000|100%| O|  |TAMS 0x0000000088800000, 0x0000000088900000| Untracked 
| 137|0x0000000088900000, 0x0000000088a00000, 0x0000000088a00000|100%| O|  |TAMS 0x0000000088900000, 0x0000000088a00000| Untracked 
| 138|0x0000000088a00000, 0x0000000088b00000, 0x0000000088b00000|100%| O|  |TAMS 0x0000000088a00000, 0x0000000088b00000| Untracked 
| 139|0x0000000088b00000, 0x0000000088c00000, 0x0000000088c00000|100%| O|  |TAMS 0x0000000088b00000, 0x0000000088c00000| Untracked 
| 140|0x0000000088c00000, 0x0000000088d00000, 0x0000000088d00000|100%| O|  |TAMS 0x0000000088c00000, 0x0000000088d00000| Untracked 
| 141|0x0000000088d00000, 0x0000000088e00000, 0x0000000088e00000|100%| O|  |TAMS 0x0000000088d00000, 0x0000000088e00000| Untracked 
| 142|0x0000000088e00000, 0x0000000088f00000, 0x0000000088f00000|100%| O|  |TAMS 0x0000000088e00000, 0x0000000088f00000| Untracked 
| 143|0x0000000088f00000, 0x0000000088f20200, 0x0000000089000000| 12%| O|  |TAMS 0x0000000088f00000, 0x0000000088f20200| Untracked 
| 144|0x0000000089000000, 0x0000000089000000, 0x0000000089100000|  0%| F|  |TAMS 0x0000000089000000, 0x0000000089000000| Untracked 
| 145|0x0000000089100000, 0x0000000089100000, 0x0000000089200000|  0%| F|  |TAMS 0x0000000089100000, 0x0000000089100000| Untracked 
| 146|0x0000000089200000, 0x0000000089200000, 0x0000000089300000|  0%| F|  |TAMS 0x0000000089200000, 0x0000000089200000| Untracked 
| 147|0x0000000089300000, 0x0000000089300000, 0x0000000089400000|  0%| F|  |TAMS 0x0000000089300000, 0x0000000089300000| Untracked 
| 148|0x0000000089400000, 0x0000000089400000, 0x0000000089500000|  0%| F|  |TAMS 0x0000000089400000, 0x0000000089400000| Untracked 
| 149|0x0000000089500000, 0x0000000089500000, 0x0000000089600000|  0%| F|  |TAMS 0x0000000089500000, 0x0000000089500000| Untracked 
| 150|0x0000000089600000, 0x0000000089600000, 0x0000000089700000|  0%| F|  |TAMS 0x0000000089600000, 0x0000000089600000| Untracked 
| 151|0x0000000089700000, 0x0000000089700000, 0x0000000089800000|  0%| F|  |TAMS 0x0000000089700000, 0x0000000089700000| Untracked 
| 152|0x0000000089800000, 0x0000000089800000, 0x0000000089900000|  0%| F|  |TAMS 0x0000000089800000, 0x0000000089800000| Untracked 
| 153|0x0000000089900000, 0x0000000089900000, 0x0000000089a00000|  0%| F|  |TAMS 0x0000000089900000, 0x0000000089900000| Untracked 
| 154|0x0000000089a00000, 0x0000000089a00000, 0x0000000089b00000|  0%| F|  |TAMS 0x0000000089a00000, 0x0000000089a00000| Untracked 
| 155|0x0000000089b00000, 0x0000000089b00000, 0x0000000089c00000|  0%| F|  |TAMS 0x0000000089b00000, 0x0000000089b00000| Untracked 
| 156|0x0000000089c00000, 0x0000000089c00000, 0x0000000089d00000|  0%| F|  |TAMS 0x0000000089c00000, 0x0000000089c00000| Untracked 
| 157|0x0000000089d00000, 0x0000000089d00000, 0x0000000089e00000|  0%| F|  |TAMS 0x0000000089d00000, 0x0000000089d00000| Untracked 
| 158|0x0000000089e00000, 0x0000000089e00000, 0x0000000089f00000|  0%| F|  |TAMS 0x0000000089e00000, 0x0000000089e00000| Untracked 
| 159|0x0000000089f00000, 0x0000000089f00000, 0x000000008a000000|  0%| F|  |TAMS 0x0000000089f00000, 0x0000000089f00000| Untracked 
| 160|0x000000008a000000, 0x000000008a000000, 0x000000008a100000|  0%| F|  |TAMS 0x000000008a000000, 0x000000008a000000| Untracked 
| 161|0x000000008a100000, 0x000000008a100000, 0x000000008a200000|  0%| F|  |TAMS 0x000000008a100000, 0x000000008a100000| Untracked 
| 162|0x000000008a200000, 0x000000008a200000, 0x000000008a300000|  0%| F|  |TAMS 0x000000008a200000, 0x000000008a200000| Untracked 
| 163|0x000000008a300000, 0x000000008a300000, 0x000000008a400000|  0%| F|  |TAMS 0x000000008a300000, 0x000000008a300000| Untracked 
| 164|0x000000008a400000, 0x000000008a400000, 0x000000008a500000|  0%| F|  |TAMS 0x000000008a400000, 0x000000008a400000| Untracked 
| 165|0x000000008a500000, 0x000000008a500000, 0x000000008a600000|  0%| F|  |TAMS 0x000000008a500000, 0x000000008a500000| Untracked 
| 166|0x000000008a600000, 0x000000008a600000, 0x000000008a700000|  0%| F|  |TAMS 0x000000008a600000, 0x000000008a600000| Untracked 
| 167|0x000000008a700000, 0x000000008a700000, 0x000000008a800000|  0%| F|  |TAMS 0x000000008a700000, 0x000000008a700000| Untracked 
| 168|0x000000008a800000, 0x000000008a800000, 0x000000008a900000|  0%| F|  |TAMS 0x000000008a800000, 0x000000008a800000| Untracked 
| 169|0x000000008a900000, 0x000000008a900000, 0x000000008aa00000|  0%| F|  |TAMS 0x000000008a900000, 0x000000008a900000| Untracked 
| 170|0x000000008aa00000, 0x000000008aa00000, 0x000000008ab00000|  0%| F|  |TAMS 0x000000008aa00000, 0x000000008aa00000| Untracked 
| 171|0x000000008ab00000, 0x000000008ab00000, 0x000000008ac00000|  0%| F|  |TAMS 0x000000008ab00000, 0x000000008ab00000| Untracked 
| 172|0x000000008ac00000, 0x000000008ac00000, 0x000000008ad00000|  0%| F|  |TAMS 0x000000008ac00000, 0x000000008ac00000| Untracked 
| 173|0x000000008ad00000, 0x000000008ad00000, 0x000000008ae00000|  0%| F|  |TAMS 0x000000008ad00000, 0x000000008ad00000| Untracked 
| 174|0x000000008ae00000, 0x000000008ae00000, 0x000000008af00000|  0%| F|  |TAMS 0x000000008ae00000, 0x000000008ae00000| Untracked 
| 175|0x000000008af00000, 0x000000008af00000, 0x000000008b000000|  0%| F|  |TAMS 0x000000008af00000, 0x000000008af00000| Untracked 
| 176|0x000000008b000000, 0x000000008b000000, 0x000000008b100000|  0%| F|  |TAMS 0x000000008b000000, 0x000000008b000000| Untracked 
| 177|0x000000008b100000, 0x000000008b100000, 0x000000008b200000|  0%| F|  |TAMS 0x000000008b100000, 0x000000008b100000| Untracked 
| 178|0x000000008b200000, 0x000000008b200000, 0x000000008b300000|  0%| F|  |TAMS 0x000000008b200000, 0x000000008b200000| Untracked 
| 179|0x000000008b300000, 0x000000008b300000, 0x000000008b400000|  0%| F|  |TAMS 0x000000008b300000, 0x000000008b300000| Untracked 
| 180|0x000000008b400000, 0x000000008b400000, 0x000000008b500000|  0%| F|  |TAMS 0x000000008b400000, 0x000000008b400000| Untracked 
| 181|0x000000008b500000, 0x000000008b500000, 0x000000008b600000|  0%| F|  |TAMS 0x000000008b500000, 0x000000008b500000| Untracked 
| 182|0x000000008b600000, 0x000000008b600000, 0x000000008b700000|  0%| F|  |TAMS 0x000000008b600000, 0x000000008b600000| Untracked 
| 183|0x000000008b700000, 0x000000008b700000, 0x000000008b800000|  0%| F|  |TAMS 0x000000008b700000, 0x000000008b700000| Untracked 
| 184|0x000000008b800000, 0x000000008b800000, 0x000000008b900000|  0%| F|  |TAMS 0x000000008b800000, 0x000000008b800000| Untracked 
| 185|0x000000008b900000, 0x000000008b900000, 0x000000008ba00000|  0%| F|  |TAMS 0x000000008b900000, 0x000000008b900000| Untracked 
| 186|0x000000008ba00000, 0x000000008ba00000, 0x000000008bb00000|  0%| F|  |TAMS 0x000000008ba00000, 0x000000008ba00000| Untracked 
| 187|0x000000008bb00000, 0x000000008bb00000, 0x000000008bc00000|  0%| F|  |TAMS 0x000000008bb00000, 0x000000008bb00000| Untracked 
| 188|0x000000008bc00000, 0x000000008bc00000, 0x000000008bd00000|  0%| F|  |TAMS 0x000000008bc00000, 0x000000008bc00000| Untracked 
| 189|0x000000008bd00000, 0x000000008bd00000, 0x000000008be00000|  0%| F|  |TAMS 0x000000008bd00000, 0x000000008bd00000| Untracked 
| 190|0x000000008be00000, 0x000000008be00000, 0x000000008bf00000|  0%| F|  |TAMS 0x000000008be00000, 0x000000008be00000| Untracked 
| 191|0x000000008bf00000, 0x000000008bf00000, 0x000000008c000000|  0%| F|  |TAMS 0x000000008bf00000, 0x000000008bf00000| Untracked 
| 192|0x000000008c000000, 0x000000008c000000, 0x000000008c100000|  0%| F|  |TAMS 0x000000008c000000, 0x000000008c000000| Untracked 
| 193|0x000000008c100000, 0x000000008c100000, 0x000000008c200000|  0%| F|  |TAMS 0x000000008c100000, 0x000000008c100000| Untracked 
| 194|0x000000008c200000, 0x000000008c200000, 0x000000008c300000|  0%| F|  |TAMS 0x000000008c200000, 0x000000008c200000| Untracked 
| 195|0x000000008c300000, 0x000000008c300000, 0x000000008c400000|  0%| F|  |TAMS 0x000000008c300000, 0x000000008c300000| Untracked 
| 196|0x000000008c400000, 0x000000008c400000, 0x000000008c500000|  0%| F|  |TAMS 0x000000008c400000, 0x000000008c400000| Untracked 
| 197|0x000000008c500000, 0x000000008c500000, 0x000000008c600000|  0%| F|  |TAMS 0x000000008c500000, 0x000000008c500000| Untracked 
| 198|0x000000008c600000, 0x000000008c600000, 0x000000008c700000|  0%| F|  |TAMS 0x000000008c600000, 0x000000008c600000| Untracked 
| 199|0x000000008c700000, 0x000000008c700000, 0x000000008c800000|  0%| F|  |TAMS 0x000000008c700000, 0x000000008c700000| Untracked 
| 200|0x000000008c800000, 0x000000008c800000, 0x000000008c900000|  0%| F|  |TAMS 0x000000008c800000, 0x000000008c800000| Untracked 
| 201|0x000000008c900000, 0x000000008c900000, 0x000000008ca00000|  0%| F|  |TAMS 0x000000008c900000, 0x000000008c900000| Untracked 
| 202|0x000000008ca00000, 0x000000008ca00000, 0x000000008cb00000|  0%| F|  |TAMS 0x000000008ca00000, 0x000000008ca00000| Untracked 
| 203|0x000000008cb00000, 0x000000008cb00000, 0x000000008cc00000|  0%| F|  |TAMS 0x000000008cb00000, 0x000000008cb00000| Untracked 
| 204|0x000000008cc00000, 0x000000008cc00000, 0x000000008cd00000|  0%| F|  |TAMS 0x000000008cc00000, 0x000000008cc00000| Untracked 
| 205|0x000000008cd00000, 0x000000008cd00000, 0x000000008ce00000|  0%| F|  |TAMS 0x000000008cd00000, 0x000000008cd00000| Untracked 
| 206|0x000000008ce00000, 0x000000008ce00000, 0x000000008cf00000|  0%| F|  |TAMS 0x000000008ce00000, 0x000000008ce00000| Untracked 
| 207|0x000000008cf00000, 0x000000008cf00000, 0x000000008d000000|  0%| F|  |TAMS 0x000000008cf00000, 0x000000008cf00000| Untracked 
| 208|0x000000008d000000, 0x000000008d000000, 0x000000008d100000|  0%| F|  |TAMS 0x000000008d000000, 0x000000008d000000| Untracked 
| 209|0x000000008d100000, 0x000000008d100000, 0x000000008d200000|  0%| F|  |TAMS 0x000000008d100000, 0x000000008d100000| Untracked 
| 210|0x000000008d200000, 0x000000008d200000, 0x000000008d300000|  0%| F|  |TAMS 0x000000008d200000, 0x000000008d200000| Untracked 
| 211|0x000000008d300000, 0x000000008d300000, 0x000000008d400000|  0%| F|  |TAMS 0x000000008d300000, 0x000000008d300000| Untracked 
| 212|0x000000008d400000, 0x000000008d400000, 0x000000008d500000|  0%| F|  |TAMS 0x000000008d400000, 0x000000008d400000| Untracked 
| 213|0x000000008d500000, 0x000000008d500000, 0x000000008d600000|  0%| F|  |TAMS 0x000000008d500000, 0x000000008d500000| Untracked 
| 214|0x000000008d600000, 0x000000008d600000, 0x000000008d700000|  0%| F|  |TAMS 0x000000008d600000, 0x000000008d600000| Untracked 
| 215|0x000000008d700000, 0x000000008d700000, 0x000000008d800000|  0%| F|  |TAMS 0x000000008d700000, 0x000000008d700000| Untracked 
| 216|0x000000008d800000, 0x000000008d800000, 0x000000008d900000|  0%| F|  |TAMS 0x000000008d800000, 0x000000008d800000| Untracked 
| 217|0x000000008d900000, 0x000000008d900000, 0x000000008da00000|  0%| F|  |TAMS 0x000000008d900000, 0x000000008d900000| Untracked 
| 218|0x000000008da00000, 0x000000008da00000, 0x000000008db00000|  0%| F|  |TAMS 0x000000008da00000, 0x000000008da00000| Untracked 
| 219|0x000000008db00000, 0x000000008db00000, 0x000000008dc00000|  0%| F|  |TAMS 0x000000008db00000, 0x000000008db00000| Untracked 
| 220|0x000000008dc00000, 0x000000008dc00000, 0x000000008dd00000|  0%| F|  |TAMS 0x000000008dc00000, 0x000000008dc00000| Untracked 
| 221|0x000000008dd00000, 0x000000008dd00000, 0x000000008de00000|  0%| F|  |TAMS 0x000000008dd00000, 0x000000008dd00000| Untracked 
| 222|0x000000008de00000, 0x000000008de00000, 0x000000008df00000|  0%| F|  |TAMS 0x000000008de00000, 0x000000008de00000| Untracked 
| 223|0x000000008df00000, 0x000000008df00000, 0x000000008e000000|  0%| F|  |TAMS 0x000000008df00000, 0x000000008df00000| Untracked 
| 224|0x000000008e000000, 0x000000008e000000, 0x000000008e100000|  0%| F|  |TAMS 0x000000008e000000, 0x000000008e000000| Untracked 
| 225|0x000000008e100000, 0x000000008e100000, 0x000000008e200000|  0%| F|  |TAMS 0x000000008e100000, 0x000000008e100000| Untracked 
| 226|0x000000008e200000, 0x000000008e200000, 0x000000008e300000|  0%| F|  |TAMS 0x000000008e200000, 0x000000008e200000| Untracked 
| 227|0x000000008e300000, 0x000000008e300000, 0x000000008e400000|  0%| F|  |TAMS 0x000000008e300000, 0x000000008e300000| Untracked 
| 228|0x000000008e400000, 0x000000008e400000, 0x000000008e500000|  0%| F|  |TAMS 0x000000008e400000, 0x000000008e400000| Untracked 
| 229|0x000000008e500000, 0x000000008e500000, 0x000000008e600000|  0%| F|  |TAMS 0x000000008e500000, 0x000000008e500000| Untracked 
| 230|0x000000008e600000, 0x000000008e600000, 0x000000008e700000|  0%| F|  |TAMS 0x000000008e600000, 0x000000008e600000| Untracked 
| 231|0x000000008e700000, 0x000000008e700000, 0x000000008e800000|  0%| F|  |TAMS 0x000000008e700000, 0x000000008e700000| Untracked 
| 232|0x000000008e800000, 0x000000008e800000, 0x000000008e900000|  0%| F|  |TAMS 0x000000008e800000, 0x000000008e800000| Untracked 
| 233|0x000000008e900000, 0x000000008e900000, 0x000000008ea00000|  0%| F|  |TAMS 0x000000008e900000, 0x000000008e900000| Untracked 
| 234|0x000000008ea00000, 0x000000008ea00000, 0x000000008eb00000|  0%| F|  |TAMS 0x000000008ea00000, 0x000000008ea00000| Untracked 
| 235|0x000000008eb00000, 0x000000008eb00000, 0x000000008ec00000|  0%| F|  |TAMS 0x000000008eb00000, 0x000000008eb00000| Untracked 
| 236|0x000000008ec00000, 0x000000008ec00000, 0x000000008ed00000|  0%| F|  |TAMS 0x000000008ec00000, 0x000000008ec00000| Untracked 
| 237|0x000000008ed00000, 0x000000008ed00000, 0x000000008ee00000|  0%| F|  |TAMS 0x000000008ed00000, 0x000000008ed00000| Untracked 
| 238|0x000000008ee00000, 0x000000008ee00000, 0x000000008ef00000|  0%| F|  |TAMS 0x000000008ee00000, 0x000000008ee00000| Untracked 
| 239|0x000000008ef00000, 0x000000008ef00000, 0x000000008f000000|  0%| F|  |TAMS 0x000000008ef00000, 0x000000008ef00000| Untracked 
| 240|0x000000008f000000, 0x000000008f000000, 0x000000008f100000|  0%| F|  |TAMS 0x000000008f000000, 0x000000008f000000| Untracked 
| 241|0x000000008f100000, 0x000000008f100000, 0x000000008f200000|  0%| F|  |TAMS 0x000000008f100000, 0x000000008f100000| Untracked 
| 242|0x000000008f200000, 0x000000008f200000, 0x000000008f300000|  0%| F|  |TAMS 0x000000008f200000, 0x000000008f200000| Untracked 
| 243|0x000000008f300000, 0x000000008f300000, 0x000000008f400000|  0%| F|  |TAMS 0x000000008f300000, 0x000000008f300000| Untracked 
| 244|0x000000008f400000, 0x000000008f400000, 0x000000008f500000|  0%| F|  |TAMS 0x000000008f400000, 0x000000008f400000| Untracked 
| 245|0x000000008f500000, 0x000000008f500000, 0x000000008f600000|  0%| F|  |TAMS 0x000000008f500000, 0x000000008f500000| Untracked 
| 246|0x000000008f600000, 0x000000008f600000, 0x000000008f700000|  0%| F|  |TAMS 0x000000008f600000, 0x000000008f600000| Untracked 
| 247|0x000000008f700000, 0x000000008f700000, 0x000000008f800000|  0%| F|  |TAMS 0x000000008f700000, 0x000000008f700000| Untracked 
| 248|0x000000008f800000, 0x000000008f800000, 0x000000008f900000|  0%| F|  |TAMS 0x000000008f800000, 0x000000008f800000| Untracked 
| 249|0x000000008f900000, 0x000000008f900000, 0x000000008fa00000|  0%| F|  |TAMS 0x000000008f900000, 0x000000008f900000| Untracked 
| 250|0x000000008fa00000, 0x000000008fa00000, 0x000000008fb00000|  0%| F|  |TAMS 0x000000008fa00000, 0x000000008fa00000| Untracked 
| 251|0x000000008fb00000, 0x000000008fb00000, 0x000000008fc00000|  0%| F|  |TAMS 0x000000008fb00000, 0x000000008fb00000| Untracked 
| 252|0x000000008fc00000, 0x000000008fc00000, 0x000000008fd00000|  0%| F|  |TAMS 0x000000008fc00000, 0x000000008fc00000| Untracked 
| 253|0x000000008fd00000, 0x000000008fd00000, 0x000000008fe00000|  0%| F|  |TAMS 0x000000008fd00000, 0x000000008fd00000| Untracked 
| 254|0x000000008fe00000, 0x000000008fe00000, 0x000000008ff00000|  0%| F|  |TAMS 0x000000008fe00000, 0x000000008fe00000| Untracked 
| 255|0x000000008ff00000, 0x000000008ff00000, 0x0000000090000000|  0%| F|  |TAMS 0x000000008ff00000, 0x000000008ff00000| Untracked 
| 256|0x0000000090000000, 0x0000000090000000, 0x0000000090100000|  0%| F|  |TAMS 0x0000000090000000, 0x0000000090000000| Untracked 
| 257|0x0000000090100000, 0x0000000090100000, 0x0000000090200000|  0%| F|  |TAMS 0x0000000090100000, 0x0000000090100000| Untracked 
| 258|0x0000000090200000, 0x0000000090200000, 0x0000000090300000|  0%| F|  |TAMS 0x0000000090200000, 0x0000000090200000| Untracked 
| 259|0x0000000090300000, 0x0000000090300000, 0x0000000090400000|  0%| F|  |TAMS 0x0000000090300000, 0x0000000090300000| Untracked 
| 260|0x0000000090400000, 0x0000000090400000, 0x0000000090500000|  0%| F|  |TAMS 0x0000000090400000, 0x0000000090400000| Untracked 
| 261|0x0000000090500000, 0x0000000090500000, 0x0000000090600000|  0%| F|  |TAMS 0x0000000090500000, 0x0000000090500000| Untracked 
| 262|0x0000000090600000, 0x0000000090600000, 0x0000000090700000|  0%| F|  |TAMS 0x0000000090600000, 0x0000000090600000| Untracked 
| 263|0x0000000090700000, 0x0000000090700000, 0x0000000090800000|  0%| F|  |TAMS 0x0000000090700000, 0x0000000090700000| Untracked 
| 264|0x0000000090800000, 0x0000000090800000, 0x0000000090900000|  0%| F|  |TAMS 0x0000000090800000, 0x0000000090800000| Untracked 
| 265|0x0000000090900000, 0x0000000090900000, 0x0000000090a00000|  0%| F|  |TAMS 0x0000000090900000, 0x0000000090900000| Untracked 
| 266|0x0000000090a00000, 0x0000000090a00000, 0x0000000090b00000|  0%| F|  |TAMS 0x0000000090a00000, 0x0000000090a00000| Untracked 
| 267|0x0000000090b00000, 0x0000000090b00000, 0x0000000090c00000|  0%| F|  |TAMS 0x0000000090b00000, 0x0000000090b00000| Untracked 
| 268|0x0000000090c00000, 0x0000000090c00000, 0x0000000090d00000|  0%| F|  |TAMS 0x0000000090c00000, 0x0000000090c00000| Untracked 
| 269|0x0000000090d00000, 0x0000000090d00000, 0x0000000090e00000|  0%| F|  |TAMS 0x0000000090d00000, 0x0000000090d00000| Untracked 
| 270|0x0000000090e00000, 0x0000000090e00000, 0x0000000090f00000|  0%| F|  |TAMS 0x0000000090e00000, 0x0000000090e00000| Untracked 
| 271|0x0000000090f00000, 0x0000000090f00000, 0x0000000091000000|  0%| F|  |TAMS 0x0000000090f00000, 0x0000000090f00000| Untracked 
| 272|0x0000000091000000, 0x0000000091000000, 0x0000000091100000|  0%| F|  |TAMS 0x0000000091000000, 0x0000000091000000| Untracked 
| 273|0x0000000091100000, 0x0000000091100000, 0x0000000091200000|  0%| F|  |TAMS 0x0000000091100000, 0x0000000091100000| Untracked 
| 274|0x0000000091200000, 0x0000000091200000, 0x0000000091300000|  0%| F|  |TAMS 0x0000000091200000, 0x0000000091200000| Untracked 
| 275|0x0000000091300000, 0x0000000091300000, 0x0000000091400000|  0%| F|  |TAMS 0x0000000091300000, 0x0000000091300000| Untracked 
| 276|0x0000000091400000, 0x0000000091400000, 0x0000000091500000|  0%| F|  |TAMS 0x0000000091400000, 0x0000000091400000| Untracked 
| 277|0x0000000091500000, 0x0000000091500000, 0x0000000091600000|  0%| F|  |TAMS 0x0000000091500000, 0x0000000091500000| Untracked 
| 278|0x0000000091600000, 0x0000000091600000, 0x0000000091700000|  0%| F|  |TAMS 0x0000000091600000, 0x0000000091600000| Untracked 
| 279|0x0000000091700000, 0x0000000091700000, 0x0000000091800000|  0%| F|  |TAMS 0x0000000091700000, 0x0000000091700000| Untracked 
| 280|0x0000000091800000, 0x0000000091800000, 0x0000000091900000|  0%| F|  |TAMS 0x0000000091800000, 0x0000000091800000| Untracked 
| 281|0x0000000091900000, 0x0000000091900000, 0x0000000091a00000|  0%| F|  |TAMS 0x0000000091900000, 0x0000000091900000| Untracked 
| 282|0x0000000091a00000, 0x0000000091a00000, 0x0000000091b00000|  0%| F|  |TAMS 0x0000000091a00000, 0x0000000091a00000| Untracked 
| 283|0x0000000091b00000, 0x0000000091b00000, 0x0000000091c00000|  0%| F|  |TAMS 0x0000000091b00000, 0x0000000091b00000| Untracked 
| 284|0x0000000091c00000, 0x0000000091c00000, 0x0000000091d00000|  0%| F|  |TAMS 0x0000000091c00000, 0x0000000091c00000| Untracked 
| 285|0x0000000091d00000, 0x0000000091d00000, 0x0000000091e00000|  0%| F|  |TAMS 0x0000000091d00000, 0x0000000091d00000| Untracked 
| 286|0x0000000091e00000, 0x0000000091e00000, 0x0000000091f00000|  0%| F|  |TAMS 0x0000000091e00000, 0x0000000091e00000| Untracked 
| 287|0x0000000091f00000, 0x0000000091f00000, 0x0000000092000000|  0%| F|  |TAMS 0x0000000091f00000, 0x0000000091f00000| Untracked 
| 288|0x0000000092000000, 0x0000000092000000, 0x0000000092100000|  0%| F|  |TAMS 0x0000000092000000, 0x0000000092000000| Untracked 
| 289|0x0000000092100000, 0x0000000092100000, 0x0000000092200000|  0%| F|  |TAMS 0x0000000092100000, 0x0000000092100000| Untracked 
| 290|0x0000000092200000, 0x0000000092200000, 0x0000000092300000|  0%| F|  |TAMS 0x0000000092200000, 0x0000000092200000| Untracked 
| 291|0x0000000092300000, 0x0000000092300000, 0x0000000092400000|  0%| F|  |TAMS 0x0000000092300000, 0x0000000092300000| Untracked 
| 292|0x0000000092400000, 0x0000000092400000, 0x0000000092500000|  0%| F|  |TAMS 0x0000000092400000, 0x0000000092400000| Untracked 
| 293|0x0000000092500000, 0x0000000092500000, 0x0000000092600000|  0%| F|  |TAMS 0x0000000092500000, 0x0000000092500000| Untracked 
| 294|0x0000000092600000, 0x0000000092600000, 0x0000000092700000|  0%| F|  |TAMS 0x0000000092600000, 0x0000000092600000| Untracked 
| 295|0x0000000092700000, 0x0000000092700000, 0x0000000092800000|  0%| F|  |TAMS 0x0000000092700000, 0x0000000092700000| Untracked 
| 296|0x0000000092800000, 0x0000000092852a40, 0x0000000092900000| 32%| S|CS|TAMS 0x0000000092800000, 0x0000000092800000| Complete 
| 297|0x0000000092900000, 0x0000000092a00000, 0x0000000092a00000|100%| S|CS|TAMS 0x0000000092900000, 0x0000000092900000| Complete 
| 298|0x0000000092a00000, 0x0000000092a00000, 0x0000000092b00000|  0%| F|  |TAMS 0x0000000092a00000, 0x0000000092a00000| Untracked 
| 299|0x0000000092b00000, 0x0000000092b00000, 0x0000000092c00000|  0%| F|  |TAMS 0x0000000092b00000, 0x0000000092b00000| Untracked 
| 300|0x0000000092c00000, 0x0000000092c00000, 0x0000000092d00000|  0%| F|  |TAMS 0x0000000092c00000, 0x0000000092c00000| Untracked 

Card table byte_map: [0x0000021df9150000,0x0000021df9550000] _byte_map_base: 0x0000021df8d50000

Marking Bits (Prev, Next): (CMBitMap*) 0x0000021de252e820, (CMBitMap*) 0x0000021de252e860
 Prev Bits: [0x0000021df9950000, 0x0000021dfb950000)
 Next Bits: [0x0000021dfb950000, 0x0000021dfd950000)

Polling page: 0x0000021de0230000

Metaspace:

Usage:
  Non-class:     71.03 MB used.
      Class:     10.92 MB used.
       Both:     81.94 MB used.

Virtual space:
  Non-class space:       72.00 MB reserved,      71.50 MB (>99%) committed,  9 nodes.
      Class space:      412.00 MB reserved,      11.25 MB (  3%) committed,  1 nodes.
             Both:      484.00 MB reserved,      82.75 MB ( 17%) committed. 

Chunk freelists:
   Non-Class:  16.00 KB
       Class:  704.00 KB
        Both:  720.00 KB

MaxMetaspaceSize: 512.00 MB
CompressedClassSpaceSize: 412.00 MB
Initial GC threshold: 21.00 MB
Current GC threshold: 137.94 MB
CDS: on
MetaspaceReclaimPolicy: balanced
 - commit_granule_bytes: 65536.
 - commit_granule_words: 8192.
 - virtual_space_node_default_size: 1048576.
 - enlarge_chunks_in_place: 1.
 - new_chunks_are_fully_committed: 0.
 - uncommit_free_chunks: 1.
 - use_allocation_guard: 0.
 - handle_deallocations: 1.


Internal statistics:

num_allocs_failed_limit: 6.
num_arena_births: 1060.
num_arena_deaths: 0.
num_vsnodes_births: 10.
num_vsnodes_deaths: 0.
num_space_committed: 1324.
num_space_uncommitted: 0.
num_chunks_returned_to_freelist: 6.
num_chunks_taken_from_freelist: 4489.
num_chunk_merges: 6.
num_chunk_splits: 2988.
num_chunks_enlarged: 1964.
num_purges: 0.
num_inconsistent_stats: 0.

CodeHeap 'non-profiled nmethods': size=120000Kb used=5335Kb max_used=5531Kb free=114664Kb
 bounds [0x0000021df1820000, 0x0000021df1d90000, 0x0000021df8d50000]
CodeHeap 'profiled nmethods': size=120000Kb used=22541Kb max_used=22541Kb free=97458Kb
 bounds [0x0000021dea2f0000, 0x0000021deb900000, 0x0000021df1820000]
CodeHeap 'non-nmethods': size=5760Kb used=2413Kb max_used=2458Kb free=3346Kb
 bounds [0x0000021de9d50000, 0x0000021de9fd0000, 0x0000021dea2f0000]
 total_blobs=12165 nmethods=11214 adapters=862
 compilation: enabled
              stopped_count=0, restarted_count=0
 full_count=0

Compilation events (20 events):
Event: 1751.686 Thread 0x0000021dffe192a0 13052       2       com.google.common.collect.RegularImmutableMap::makeImmutable (44 bytes)
Event: 1751.686 Thread 0x0000021dffe192a0 nmethod 13052 0x0000021deb8f4a10 code [0x0000021deb8f4bc0, 0x0000021deb8f4f38]
Event: 1751.686 Thread 0x0000021dffe192a0 13054       2       com.google.common.collect.RegularImmutableMap::makeImmutable (17 bytes)
Event: 1751.687 Thread 0x0000021dffe192a0 nmethod 13054 0x0000021deb8f5090 code [0x0000021deb8f5240, 0x0000021deb8f53a8]
Event: 1751.687 Thread 0x0000021dffe192a0 13053       1       com.google.common.collect.ImmutableMapEntry::isReusable (2 bytes)
Event: 1751.687 Thread 0x0000021dffe192a0 nmethod 13053 0x0000021df1babe90 code [0x0000021df1bac020, 0x0000021df1bac0f8]
Event: 1751.687 Thread 0x0000021dffe192a0 13056       1       com.google.common.collect.ImmutableMapEntry$NonTerminalImmutableMapEntry::isReusable (2 bytes)
Event: 1751.687 Thread 0x0000021dffe192a0 nmethod 13056 0x0000021df1babb90 code [0x0000021df1babd20, 0x0000021df1babdf8]
Event: 1751.700 Thread 0x0000021dffe192a0 13057       2       org.gradle.internal.operations.DefaultBuildOperationQueue$WorkerRunnable::run (22 bytes)
Event: 1751.701 Thread 0x0000021dffe192a0 nmethod 13057 0x0000021deb8f5490 code [0x0000021deb8f5640, 0x0000021deb8f5808]
Event: 1751.701 Thread 0x0000021dffe192a0 13058   !   2       org.gradle.internal.operations.DefaultBuildOperationQueue$WorkerRunnable::shutDown (45 bytes)
Event: 1751.702 Thread 0x0000021dffe192a0 nmethod 13058 0x0000021deb8f5910 code [0x0000021deb8f5b00, 0x0000021deb8f5df8]
Event: 1751.702 Thread 0x0000021dffe192a0 13059       2       org.gradle.internal.operations.DefaultBuildOperationQueue::access$1010 (12 bytes)
Event: 1751.702 Thread 0x0000021dffe192a0 nmethod 13059 0x0000021deb8f6110 code [0x0000021deb8f62a0, 0x0000021deb8f6398]
Event: 1751.712 Thread 0x0000021dffe192a0 13060       2       com.google.common.collect.ArrayListMultimap::put (7 bytes)
Event: 1751.712 Thread 0x0000021dffe192a0 nmethod 13060 0x0000021deb8f6490 code [0x0000021deb8f6620, 0x0000021deb8f6748]
Event: 1751.713 Thread 0x0000021dffe192a0 13061       2       org.gradle.api.internal.tasks.compile.incremental.deps.ClassSetAnalysisData$$Lambda$1419/0x00000008017491e8::accept (18 bytes)
Event: 1751.713 Thread 0x0000021dffe192a0 nmethod 13061 0x0000021deb8f6810 code [0x0000021deb8f69c0, 0x0000021deb8f6b68]
Event: 1751.713 Thread 0x0000021dffe192a0 13062       2       com.google.common.collect.ImmutableMapEntrySet$RegularEntrySet::<init> (15 bytes)
Event: 1751.714 Thread 0x0000021dffe192a0 nmethod 13062 0x0000021deb8f6c90 code [0x0000021deb8f6e20, 0x0000021deb8f6fd8]

GC Heap History (20 events):
Event: 43.263 GC heap after
{Heap after GC invocations=34 (full 0):
 garbage-first heap   total 139264K, used 73490K [0x0000000080000000, 0x0000000100000000)
  region size 1024K, 1 young (1024K), 1 survivors (1024K)
 Metaspace       used 69650K, committed 70336K, reserved 487424K
  class space    used 9499K, committed 9792K, reserved 421888K
}
Event: 1175.833 GC heap before
{Heap before GC invocations=34 (full 0):
 garbage-first heap   total 139264K, used 110354K [0x0000000080000000, 0x0000000100000000)
  region size 1024K, 38 young (38912K), 1 survivors (1024K)
 Metaspace       used 70694K, committed 71424K, reserved 487424K
  class space    used 9606K, committed 9920K, reserved 421888K
}
Event: 1176.106 GC heap after
{Heap after GC invocations=35 (full 0):
 garbage-first heap   total 139264K, used 73546K [0x0000000080000000, 0x0000000100000000)
  region size 1024K, 1 young (1024K), 1 survivors (1024K)
 Metaspace       used 70694K, committed 71424K, reserved 487424K
  class space    used 9606K, committed 9920K, reserved 421888K
}
Event: 1728.863 GC heap before
{Heap before GC invocations=36 (full 0):
 garbage-first heap   total 139264K, used 112458K [0x0000000080000000, 0x0000000100000000)
  region size 1024K, 39 young (39936K), 1 survivors (1024K)
 Metaspace       used 71130K, committed 71936K, reserved 487424K
  class space    used 9624K, committed 9984K, reserved 421888K
}
Event: 1728.902 GC heap after
{Heap after GC invocations=37 (full 0):
 garbage-first heap   total 308224K, used 76656K [0x0000000080000000, 0x0000000100000000)
  region size 1024K, 4 young (4096K), 4 survivors (4096K)
 Metaspace       used 71130K, committed 71936K, reserved 487424K
  class space    used 9624K, committed 9984K, reserved 421888K
}
Event: 1729.826 GC heap before
{Heap before GC invocations=37 (full 0):
 garbage-first heap   total 308224K, used 86896K [0x0000000080000000, 0x0000000100000000)
  region size 1024K, 15 young (15360K), 4 survivors (4096K)
 Metaspace       used 71527K, committed 72256K, reserved 487424K
  class space    used 9669K, committed 9984K, reserved 421888K
}
Event: 1729.882 GC heap after
{Heap after GC invocations=38 (full 0):
 garbage-first heap   total 308224K, used 77090K [0x0000000080000000, 0x0000000100000000)
  region size 1024K, 2 young (2048K), 2 survivors (2048K)
 Metaspace       used 71527K, committed 72256K, reserved 487424K
  class space    used 9669K, committed 9984K, reserved 421888K
}
Event: 1746.335 GC heap before
{Heap before GC invocations=38 (full 0):
 garbage-first heap   total 308224K, used 94498K [0x0000000080000000, 0x0000000100000000)
  region size 1024K, 20 young (20480K), 2 survivors (2048K)
 Metaspace       used 75198K, committed 75968K, reserved 495616K
  class space    used 10184K, committed 10560K, reserved 421888K
}
Event: 1746.345 GC heap after
{Heap after GC invocations=39 (full 0):
 garbage-first heap   total 308224K, used 78186K [0x0000000080000000, 0x0000000100000000)
  region size 1024K, 3 young (3072K), 3 survivors (3072K)
 Metaspace       used 75198K, committed 75968K, reserved 495616K
  class space    used 10184K, committed 10560K, reserved 421888K
}
Event: 1750.181 GC heap before
{Heap before GC invocations=40 (full 0):
 garbage-first heap   total 301056K, used 201066K [0x0000000080000000, 0x0000000100000000)
  region size 1024K, 106 young (108544K), 3 survivors (3072K)
 Metaspace       used 83184K, committed 84032K, reserved 495616K
  class space    used 11107K, committed 11456K, reserved 421888K
}
Event: 1750.232 GC heap after
{Heap after GC invocations=41 (full 0):
 garbage-first heap   total 301056K, used 115033K [0x0000000080000000, 0x0000000100000000)
  region size 1024K, 14 young (14336K), 14 survivors (14336K)
 Metaspace       used 83184K, committed 84032K, reserved 495616K
  class space    used 11107K, committed 11456K, reserved 421888K
}
Event: 1750.272 GC heap before
{Heap before GC invocations=41 (full 0):
 garbage-first heap   total 301056K, used 116057K [0x0000000080000000, 0x0000000100000000)
  region size 1024K, 15 young (15360K), 14 survivors (14336K)
 Metaspace       used 83225K, committed 84096K, reserved 495616K
  class space    used 11115K, committed 11456K, reserved 421888K
}
Event: 1750.303 GC heap after
{Heap after GC invocations=42 (full 0):
 garbage-first heap   total 301056K, used 116151K [0x0000000080000000, 0x0000000100000000)
  region size 1024K, 2 young (2048K), 2 survivors (2048K)
 Metaspace       used 83225K, committed 84096K, reserved 495616K
  class space    used 11115K, committed 11456K, reserved 421888K
}
Event: 1750.974 GC heap before
{Heap before GC invocations=42 (full 0):
 garbage-first heap   total 301056K, used 134583K [0x0000000080000000, 0x0000000100000000)
  region size 1024K, 22 young (22528K), 2 survivors (2048K)
 Metaspace       used 83879K, committed 84736K, reserved 495616K
  class space    used 11173K, committed 11520K, reserved 421888K
}
Event: 1750.987 GC heap after
{Heap after GC invocations=43 (full 0):
 garbage-first heap   total 301056K, used 112064K [0x0000000080000000, 0x0000000100000000)
  region size 1024K, 4 young (4096K), 4 survivors (4096K)
 Metaspace       used 83879K, committed 84736K, reserved 495616K
  class space    used 11173K, committed 11520K, reserved 421888K
}
Event: 1751.721 GC heap before
{Heap before GC invocations=44 (full 0):
 garbage-first heap   total 301056K, used 211392K [0x0000000080000000, 0x0000000100000000)
  region size 1024K, 97 young (99328K), 4 survivors (4096K)
 Metaspace       used 83910K, committed 84736K, reserved 495616K
  class space    used 11179K, committed 11520K, reserved 421888K
}
Event: 1751.802 GC heap after
{Heap after GC invocations=45 (full 0):
 garbage-first heap   total 301056K, used 145535K [0x0000000080000000, 0x0000000100000000)
  region size 1024K, 13 young (13312K), 13 survivors (13312K)
 Metaspace       used 83910K, committed 84736K, reserved 495616K
  class space    used 11179K, committed 11520K, reserved 421888K
}
Event: 1751.826 GC heap before
{Heap before GC invocations=45 (full 0):
 garbage-first heap   total 301056K, used 146559K [0x0000000080000000, 0x0000000100000000)
  region size 1024K, 14 young (14336K), 13 survivors (13312K)
 Metaspace       used 83910K, committed 84736K, reserved 495616K
  class space    used 11179K, committed 11520K, reserved 421888K
}
Event: 1751.878 GC heap after
{Heap after GC invocations=46 (full 0):
 garbage-first heap   total 301056K, used 141417K [0x0000000080000000, 0x0000000100000000)
  region size 1024K, 2 young (2048K), 2 survivors (2048K)
 Metaspace       used 83910K, committed 84736K, reserved 495616K
  class space    used 11179K, committed 11520K, reserved 421888K
}
Event: 1751.879 GC heap before
{Heap before GC invocations=46 (full 0):
 garbage-first heap   total 301056K, used 141417K [0x0000000080000000, 0x0000000100000000)
  region size 1024K, 3 young (3072K), 2 survivors (2048K)
 Metaspace       used 83910K, committed 84736K, reserved 495616K
  class space    used 11179K, committed 11520K, reserved 421888K
}

Deoptimization events (20 events):
Event: 1750.547 Thread 0x0000021d89dd40b0 DEOPT PACKING pc=0x0000021df1b5dcdc sp=0x000000336eaf6b00
Event: 1750.547 Thread 0x0000021d89dd40b0 DEOPT UNPACKING pc=0x0000021de9da23a3 sp=0x000000336eaf6aa0 mode 2
Event: 1750.609 Thread 0x0000021d89dd40b0 Uncommon trap: trap_request=0xffffff45 fr.pc=0x0000021df1d37cd8 relative=0x0000000000000998
Event: 1750.609 Thread 0x0000021d89dd40b0 Uncommon trap: reason=unstable_if action=reinterpret pc=0x0000021df1d37cd8 method=com.sun.tools.javac.code.Types$15.visitClassType(Lcom/sun/tools/javac/code/Type$ClassType;Ljava/lang/Void;)Lcom/sun/tools/javac/code/Type; @ 43 c2
Event: 1750.609 Thread 0x0000021d89dd40b0 DEOPT PACKING pc=0x0000021df1d37cd8 sp=0x000000336eaf9140
Event: 1750.609 Thread 0x0000021d89dd40b0 DEOPT UNPACKING pc=0x0000021de9da23a3 sp=0x000000336eaf9090 mode 2
Event: 1750.806 Thread 0x0000021d8167dc40 DEOPT PACKING pc=0x0000021deb629ec9 sp=0x000000336b1fe6c0
Event: 1750.806 Thread 0x0000021d8167dc40 DEOPT UNPACKING pc=0x0000021de9da2b43 sp=0x000000336b1fdb60 mode 0
Event: 1751.656 Thread 0x0000021d83f30ed0 Uncommon trap: trap_request=0xffffff45 fr.pc=0x0000021df1c98bb0 relative=0x0000000000002370
Event: 1751.656 Thread 0x0000021d83f30ed0 Uncommon trap: reason=unstable_if action=reinterpret pc=0x0000021df1c98bb0 method=com.google.common.collect.MapMakerInternalMap$Segment.getEntry(Ljava/lang/Object;I)Lcom/google/common/collect/MapMakerInternalMap$InternalEntry; @ 63 c2
Event: 1751.656 Thread 0x0000021d83f30ed0 DEOPT PACKING pc=0x0000021df1c98bb0 sp=0x000000336fafe570
Event: 1751.656 Thread 0x0000021d83f30ed0 DEOPT UNPACKING pc=0x0000021de9da23a3 sp=0x000000336fafe490 mode 2
Event: 1751.657 Thread 0x0000021d83f30ed0 Uncommon trap: trap_request=0xffffff45 fr.pc=0x0000021df1b2e1e4 relative=0x00000000000001a4
Event: 1751.657 Thread 0x0000021d83f30ed0 Uncommon trap: reason=unstable_if action=reinterpret pc=0x0000021df1b2e1e4 method=com.google.common.collect.MapMakerInternalMap$Segment.getEntry(Ljava/lang/Object;I)Lcom/google/common/collect/MapMakerInternalMap$InternalEntry; @ 63 c2
Event: 1751.657 Thread 0x0000021d83f30ed0 DEOPT PACKING pc=0x0000021df1b2e1e4 sp=0x000000336fafe4a0
Event: 1751.657 Thread 0x0000021d83f30ed0 DEOPT UNPACKING pc=0x0000021de9da23a3 sp=0x000000336fafe458 mode 2
Event: 1751.685 Thread 0x0000021d83f30ed0 Uncommon trap: trap_request=0xffffff45 fr.pc=0x0000021df1cef970 relative=0x00000000000000d0
Event: 1751.685 Thread 0x0000021d83f30ed0 Uncommon trap: reason=unstable_if action=reinterpret pc=0x0000021df1cef970 method=com.google.common.collect.RegularImmutableMap.makeImmutable(Ljava/util/Map$Entry;Ljava/lang/Object;Ljava/lang/Object;)Lcom/google/common/collect/ImmutableMapEntry; @ 4 c2
Event: 1751.685 Thread 0x0000021d83f30ed0 DEOPT PACKING pc=0x0000021df1cef970 sp=0x000000336fafe2c0
Event: 1751.685 Thread 0x0000021d83f30ed0 DEOPT UNPACKING pc=0x0000021de9da23a3 sp=0x000000336fafe268 mode 2

Classes unloaded (0 events):
No events

Classes redefined (0 events):
No events

Internal exceptions (20 events):
Event: 1750.053 Thread 0x0000021d89dd40b0 Exception <a 'sun/nio/fs/WindowsException'{0x000000008bfeb290}> (0x000000008bfeb290) 
thrown [t:\workspace\open\src\hotspot\share\prims\jni.cpp, line 516]
Event: 1750.072 Thread 0x0000021d89dd40b0 Exception <a 'sun/nio/fs/WindowsException'{0x000000008be12548}> (0x000000008be12548) 
thrown [t:\workspace\open\src\hotspot\share\prims\jni.cpp, line 516]
Event: 1750.077 Thread 0x0000021d89dd40b0 Exception <a 'sun/nio/fs/WindowsException'{0x000000008be1cd18}> (0x000000008be1cd18) 
thrown [t:\workspace\open\src\hotspot\share\prims\jni.cpp, line 516]
Event: 1750.245 Thread 0x0000021d89dd40b0 Implicit null exception at 0x0000021df1d6d66d to 0x0000021df1d6e000
Event: 1750.341 Thread 0x0000021d89dd40b0 Exception <a 'sun/nio/fs/WindowsException'{0x0000000092cefdf8}> (0x0000000092cefdf8) 
thrown [t:\workspace\open\src\hotspot\share\prims\jni.cpp, line 516]
Event: 1750.356 Thread 0x0000021d89dd40b0 Exception <a 'sun/nio/fs/WindowsException'{0x000000009291f1e8}> (0x000000009291f1e8) 
thrown [t:\workspace\open\src\hotspot\share\prims\jni.cpp, line 516]
Event: 1750.369 Thread 0x0000021d89dd40b0 Exception <a 'sun/nio/fs/WindowsException'{0x0000000092944190}> (0x0000000092944190) 
thrown [t:\workspace\open\src\hotspot\share\prims\jni.cpp, line 516]
Event: 1750.408 Thread 0x0000021d89dd40b0 Exception <a 'sun/nio/fs/WindowsException'{0x000000009287c9f8}> (0x000000009287c9f8) 
thrown [t:\workspace\open\src\hotspot\share\prims\jni.cpp, line 516]
Event: 1750.415 Thread 0x0000021d89dd40b0 Exception <a 'sun/nio/fs/WindowsException'{0x000000009288c420}> (0x000000009288c420) 
thrown [t:\workspace\open\src\hotspot\share\prims\jni.cpp, line 516]
Event: 1750.425 Thread 0x0000021d89dd40b0 Exception <a 'sun/nio/fs/WindowsException'{0x00000000928a60f8}> (0x00000000928a60f8) 
thrown [t:\workspace\open\src\hotspot\share\prims\jni.cpp, line 516]
Event: 1750.436 Thread 0x0000021d89dd40b0 Exception <a 'sun/nio/fs/WindowsException'{0x00000000928c3c70}> (0x00000000928c3c70) 
thrown [t:\workspace\open\src\hotspot\share\prims\jni.cpp, line 516]
Event: 1750.449 Thread 0x0000021d89dd40b0 Exception <a 'sun/nio/fs/WindowsException'{0x00000000928e71c8}> (0x00000000928e71c8) 
thrown [t:\workspace\open\src\hotspot\share\prims\jni.cpp, line 516]
Event: 1750.457 Thread 0x0000021d89dd40b0 Exception <a 'sun/nio/fs/WindowsException'{0x00000000928f2360}> (0x00000000928f2360) 
thrown [t:\workspace\open\src\hotspot\share\prims\jni.cpp, line 516]
Event: 1750.465 Thread 0x0000021d89dd40b0 Exception <a 'sun/nio/fs/WindowsException'{0x000000009200a010}> (0x000000009200a010) 
thrown [t:\workspace\open\src\hotspot\share\prims\jni.cpp, line 516]
Event: 1750.484 Thread 0x0000021d89dd40b0 Exception <a 'sun/nio/fs/WindowsException'{0x0000000092051618}> (0x0000000092051618) 
thrown [t:\workspace\open\src\hotspot\share\prims\jni.cpp, line 516]
Event: 1750.500 Thread 0x0000021d89dd40b0 Exception <a 'sun/nio/fs/WindowsException'{0x0000000092075788}> (0x0000000092075788) 
thrown [t:\workspace\open\src\hotspot\share\prims\jni.cpp, line 516]
Event: 1750.507 Thread 0x0000021d89dd40b0 Exception <a 'sun/nio/fs/WindowsException'{0x000000009208ef40}> (0x000000009208ef40) 
thrown [t:\workspace\open\src\hotspot\share\prims\jni.cpp, line 516]
Event: 1750.524 Thread 0x0000021d89dd40b0 Exception <a 'sun/nio/fs/WindowsException'{0x00000000920b2828}> (0x00000000920b2828) 
thrown [t:\workspace\open\src\hotspot\share\prims\jni.cpp, line 516]
Event: 1750.524 Thread 0x0000021d89dd40b0 Exception <a 'sun/nio/fs/WindowsException'{0x00000000920b2c00}> (0x00000000920b2c00) 
thrown [t:\workspace\open\src\hotspot\share\prims\jni.cpp, line 516]
Event: 1750.637 Thread 0x0000021d89dd40b0 Exception <a 'sun/nio/fs/WindowsException'{0x0000000091d4e350}> (0x0000000091d4e350) 
thrown [t:\workspace\open\src\hotspot\share\prims\jni.cpp, line 516]

VM Operations (20 events):
Event: 1750.232 Executing VM operation: G1CollectForAllocation done
Event: 1750.272 Executing VM operation: G1CollectForAllocation
Event: 1750.303 Executing VM operation: G1CollectForAllocation done
Event: 1750.513 Executing VM operation: ICBufferFull
Event: 1750.513 Executing VM operation: ICBufferFull done
Event: 1750.515 Executing VM operation: HandshakeAllThreads
Event: 1750.516 Executing VM operation: HandshakeAllThreads done
Event: 1750.884 Executing VM operation: ICBufferFull
Event: 1750.884 Executing VM operation: ICBufferFull done
Event: 1750.974 Executing VM operation: G1TryInitiateConcMark
Event: 1750.987 Executing VM operation: G1TryInitiateConcMark done
Event: 1751.228 Executing VM operation: G1Concurrent
Event: 1751.238 Executing VM operation: G1Concurrent done
Event: 1751.364 Executing VM operation: G1Concurrent
Event: 1751.364 Executing VM operation: G1Concurrent done
Event: 1751.721 Executing VM operation: G1CollectForAllocation
Event: 1751.802 Executing VM operation: G1CollectForAllocation done
Event: 1751.826 Executing VM operation: G1CollectForAllocation
Event: 1751.878 Executing VM operation: G1CollectForAllocation done
Event: 1751.879 Executing VM operation: G1TryInitiateConcMark

Events (20 events):
Event: 1749.559 Thread 0x0000021dffe270c0 flushing nmethod 0x0000021deb7cda10
Event: 1749.559 Thread 0x0000021dffe270c0 flushing nmethod 0x0000021deb7cdd90
Event: 1749.559 Thread 0x0000021dffe270c0 flushing nmethod 0x0000021deb7d9e90
Event: 1749.559 Thread 0x0000021dffe270c0 flushing nmethod 0x0000021deb7e7010
Event: 1749.559 Thread 0x0000021dffe270c0 flushing nmethod 0x0000021deb7f9710
Event: 1749.559 Thread 0x0000021dffe270c0 flushing nmethod 0x0000021deb803210
Event: 1750.659 loading class java/util/EnumMap$Values
Event: 1750.660 loading class java/util/EnumMap$Values done
Event: 1750.660 loading class java/util/EnumMap$ValueIterator
Event: 1750.660 loading class java/util/EnumMap$ValueIterator done
Event: 1750.757 loading class java/util/PrimitiveIterator$OfInt
Event: 1750.758 loading class java/util/PrimitiveIterator
Event: 1750.758 loading class java/util/PrimitiveIterator done
Event: 1750.758 loading class java/util/PrimitiveIterator$OfInt done
Event: 1750.778 loading class java/util/concurrent/RecursiveAction
Event: 1750.780 loading class java/util/concurrent/RecursiveAction done
Event: 1750.870 Thread 0x0000021d83f30060 Thread added: 0x0000021d83f30060
Event: 1750.870 Thread 0x0000021d83f2fb90 Thread added: 0x0000021d83f2fb90
Event: 1750.870 Thread 0x0000021d83f30530 Thread added: 0x0000021d83f30530
Event: 1750.870 Thread 0x0000021d83f31870 Thread added: 0x0000021d83f31870


Dynamic libraries:
0x00007ff781000000 - 0x00007ff781010000 	C:\Program Files\Java\jdk-17.0.3.1\bin\java.exe
0x00007ffd9fc30000 - 0x00007ffd9fe27000 	C:\Windows\SYSTEM32\ntdll.dll
0x00007ffd9f4d0000 - 0x00007ffd9f58d000 	C:\Windows\System32\KERNEL32.DLL
0x00007ffd9d810000 - 0x00007ffd9dadd000 	C:\Windows\System32\KERNELBASE.dll
0x00007ffd9db60000 - 0x00007ffd9dc60000 	C:\Windows\System32\ucrtbase.dll
0x00007ffd97930000 - 0x00007ffd97948000 	C:\Program Files\Java\jdk-17.0.3.1\bin\jli.dll
0x00007ffd9f3f0000 - 0x00007ffd9f49e000 	C:\Windows\System32\ADVAPI32.dll
0x00007ffd9dee0000 - 0x00007ffd9df7e000 	C:\Windows\System32\msvcrt.dll
0x00007ffd9dca0000 - 0x00007ffd9dd3c000 	C:\Windows\System32\sechost.dll
0x00007ffd9e4b0000 - 0x00007ffd9e5d5000 	C:\Windows\System32\RPCRT4.dll
0x00007ffd9dd40000 - 0x00007ffd9dee0000 	C:\Windows\System32\USER32.dll
0x00007ffd9dc60000 - 0x00007ffd9dc82000 	C:\Windows\System32\win32u.dll
0x00007ffd9e120000 - 0x00007ffd9e14a000 	C:\Windows\System32\GDI32.dll
0x00007ffd9d5a0000 - 0x00007ffd9d6ab000 	C:\Windows\System32\gdi32full.dll
0x00007ffd9d3c0000 - 0x00007ffd9d45d000 	C:\Windows\System32\msvcp_win.dll
0x00007ffd8eb70000 - 0x00007ffd8ee0a000 	C:\Windows\WinSxS\amd64_microsoft.windows.common-controls_6595b64144ccf1df_6.0.19041.1110_none_60b5254171f9507e\COMCTL32.dll
0x00007ffd8bda0000 - 0x00007ffd8bdaa000 	C:\Windows\SYSTEM32\VERSION.dll
0x00007ffd97190000 - 0x00007ffd971aa000 	C:\Program Files\Java\jdk-17.0.3.1\bin\VCRUNTIME140.dll
0x00007ffd9f4a0000 - 0x00007ffd9f4d0000 	C:\Windows\System32\IMM32.DLL
0x00007ffd97ee0000 - 0x00007ffd97eec000 	C:\Program Files\Java\jdk-17.0.3.1\bin\vcruntime140_1.dll
0x00007ffd87b50000 - 0x00007ffd87bdd000 	C:\Program Files\Java\jdk-17.0.3.1\bin\msvcp140.dll
0x00007ffd77c10000 - 0x00007ffd787d0000 	C:\Program Files\Java\jdk-17.0.3.1\bin\server\jvm.dll
0x00007ffd9df80000 - 0x00007ffd9df88000 	C:\Windows\System32\PSAPI.DLL
0x00007ffd88a20000 - 0x00007ffd88a29000 	C:\Windows\SYSTEM32\WSOCK32.dll
0x00007ffd9e440000 - 0x00007ffd9e4ab000 	C:\Windows\System32\WS2_32.dll
0x00007ffd894d0000 - 0x00007ffd894f7000 	C:\Windows\SYSTEM32\WINMM.dll
0x00007ffd9bbe0000 - 0x00007ffd9bbf2000 	C:\Windows\SYSTEM32\kernel.appcore.dll
0x00007ffd97180000 - 0x00007ffd9718a000 	C:\Program Files\Java\jdk-17.0.3.1\bin\jimage.dll
0x00007ffd82d30000 - 0x00007ffd82f14000 	C:\Windows\SYSTEM32\DBGHELP.DLL
0x00007ffd82ce0000 - 0x00007ffd82d0c000 	C:\Windows\SYSTEM32\dbgcore.DLL
0x00007ffd9d460000 - 0x00007ffd9d4e2000 	C:\Windows\System32\bcryptPrimitives.dll
0x00007ffd8dff0000 - 0x00007ffd8e015000 	C:\Program Files\Java\jdk-17.0.3.1\bin\java.dll
0x00007ffd87450000 - 0x00007ffd87526000 	C:\Program Files\Java\jdk-17.0.3.1\bin\jsvml.dll
0x00007ffd9e5e0000 - 0x00007ffd9ed24000 	C:\Windows\System32\SHELL32.dll
0x00007ffd9b180000 - 0x00007ffd9b914000 	C:\Windows\SYSTEM32\windows.storage.dll
0x00007ffd9ed30000 - 0x00007ffd9f084000 	C:\Windows\System32\combase.dll
0x00007ffd9cce0000 - 0x00007ffd9cd0c000 	C:\Windows\SYSTEM32\Wldp.dll
0x00007ffd9e2d0000 - 0x00007ffd9e37d000 	C:\Windows\System32\SHCORE.dll
0x00007ffd9e380000 - 0x00007ffd9e3d5000 	C:\Windows\System32\shlwapi.dll
0x00007ffd9d290000 - 0x00007ffd9d2af000 	C:\Windows\SYSTEM32\profapi.dll
0x00007ffd93aa0000 - 0x00007ffd93ab9000 	C:\Program Files\Java\jdk-17.0.3.1\bin\net.dll
0x00007ffd90c80000 - 0x00007ffd90d8a000 	C:\Windows\SYSTEM32\WINHTTP.dll
0x00007ffd9ca40000 - 0x00007ffd9caaa000 	C:\Windows\system32\mswsock.dll
0x00007ffd8de70000 - 0x00007ffd8de86000 	C:\Program Files\Java\jdk-17.0.3.1\bin\nio.dll
0x00007ffd8de10000 - 0x00007ffd8de28000 	C:\Program Files\Java\jdk-17.0.3.1\bin\zip.dll
0x00007ffd93a80000 - 0x00007ffd93a90000 	C:\Program Files\Java\jdk-17.0.3.1\bin\verify.dll
0x00007ffd87c30000 - 0x00007ffd87c57000 	C:\Users\rgvoz\.gradle\native\e1d6ef7f7dcc3fd88c89a11ec53ec762bb8ba0a96d01ffa2cd45eb1d1d8dd5c5\windows-amd64\native-platform.dll
0x00007ffd6f860000 - 0x00007ffd6f9a4000 	C:\Users\rgvoz\.gradle\native\5664cfc778a61ccfe75a443a1ab52a65af34e5dc3c78e0209fed803814484fcb\windows-amd64\native-platform-file-events.dll
0x00007ffd8de00000 - 0x00007ffd8de09000 	C:\Program Files\Java\jdk-17.0.3.1\bin\management.dll
0x00007ffd8ddf0000 - 0x00007ffd8ddfb000 	C:\Program Files\Java\jdk-17.0.3.1\bin\management_ext.dll
0x00007ffd9cc30000 - 0x00007ffd9cc48000 	C:\Windows\SYSTEM32\CRYPTSP.dll
0x00007ffd9c3c0000 - 0x00007ffd9c3f4000 	C:\Windows\system32\rsaenh.dll
0x00007ffd9db30000 - 0x00007ffd9db57000 	C:\Windows\System32\bcrypt.dll
0x00007ffd9d250000 - 0x00007ffd9d27e000 	C:\Windows\SYSTEM32\USERENV.dll
0x00007ffd9cc50000 - 0x00007ffd9cc5c000 	C:\Windows\SYSTEM32\CRYPTBASE.dll
0x00007ffd9c730000 - 0x00007ffd9c76b000 	C:\Windows\SYSTEM32\IPHLPAPI.DLL
0x00007ffd9e110000 - 0x00007ffd9e118000 	C:\Windows\System32\NSI.dll
0x00007ffd95370000 - 0x00007ffd95387000 	C:\Windows\SYSTEM32\dhcpcsvc6.DLL
0x00007ffd948f0000 - 0x00007ffd9490d000 	C:\Windows\SYSTEM32\dhcpcsvc.DLL
0x00007ffd9c770000 - 0x00007ffd9c83b000 	C:\Windows\SYSTEM32\DNSAPI.dll
0x00007ffd8dde0000 - 0x00007ffd8ddee000 	C:\Program Files\Java\jdk-17.0.3.1\bin\sunmscapi.dll
0x00007ffd9d6b0000 - 0x00007ffd9d806000 	C:\Windows\System32\CRYPT32.dll
0x00007ffd9cdb0000 - 0x00007ffd9cdd7000 	C:\Windows\SYSTEM32\ncrypt.dll
0x00007ffd9cd10000 - 0x00007ffd9cd4b000 	C:\Windows\SYSTEM32\NTASN1.dll
0x00007ffd8ddb0000 - 0x00007ffd8ddb7000 	C:\Windows\system32\wshunix.dll
0x00007ffd8db40000 - 0x00007ffd8db47000 	C:\Program Files\Java\jdk-17.0.3.1\bin\rmi.dll

dbghelp: loaded successfully - version: 4.0.5 - missing functions: none
symbol engine: initialized successfully - sym options: 0x614 - pdb path: .;C:\Program Files\Java\jdk-17.0.3.1\bin;C:\Windows\SYSTEM32;C:\Windows\WinSxS\amd64_microsoft.windows.common-controls_6595b64144ccf1df_6.0.19041.1110_none_60b5254171f9507e;C:\Program Files\Java\jdk-17.0.3.1\bin\server;C:\Users\rgvoz\.gradle\native\e1d6ef7f7dcc3fd88c89a11ec53ec762bb8ba0a96d01ffa2cd45eb1d1d8dd5c5\windows-amd64;C:\Users\rgvoz\.gradle\native\5664cfc778a61ccfe75a443a1ab52a65af34e5dc3c78e0209fed803814484fcb\windows-amd64

VM Arguments:
jvm_args: -XX:MaxMetaspaceSize=512m --add-opens=java.base/java.util=ALL-UNNAMED --add-opens=java.base/java.lang=ALL-UNNAMED --add-opens=java.base/java.lang.invoke=ALL-UNNAMED --add-opens=java.base/java.util=ALL-UNNAMED --add-opens=java.prefs/java.util.prefs=ALL-UNNAMED --add-opens=java.prefs/java.util.prefs=ALL-UNNAMED --add-opens=java.base/java.nio.charset=ALL-UNNAMED --add-opens=java.base/java.net=ALL-UNNAMED --add-opens=java.base/java.util.concurrent.atomic=ALL-UNNAMED -Xmx2048m -Dfile.encoding=windows-1251 -Duser.country=UA -Duser.language=uk -Duser.variant 
java_command: org.gradle.launcher.daemon.bootstrap.GradleDaemon 7.3.3
java_class_path (initial): C:\Users\rgvoz\.gradle\wrapper\dists\gradle-7.3.3-all\4295vidhdd9hd3gbjyw1xqxpo\gradle-7.3.3\lib\gradle-launcher-7.3.3.jar
Launcher Type: SUN_STANDARD

[Global flags]
     intx CICompilerCount                          = 3                                         {product} {ergonomic}
   size_t CompressedClassSpaceSize                 = 432013312                                 {product} {ergonomic}
     uint ConcGCThreads                            = 1                                         {product} {ergonomic}
     uint G1ConcRefinementThreads                  = 4                                         {product} {ergonomic}
   size_t G1HeapRegionSize                         = 1048576                                   {product} {ergonomic}
    uintx GCDrainStackTargetSize                   = 64                                        {product} {ergonomic}
   size_t InitialHeapSize                          = 67108864                                  {product} {ergonomic}
   size_t MarkStackSize                            = 4194304                                   {product} {ergonomic}
   size_t MaxHeapSize                              = 2147483648                                {product} {command line}
   size_t MaxMetaspaceSize                         = 536870912                                 {product} {command line}
   size_t MaxNewSize                               = 1287651328                                {product} {ergonomic}
   size_t MinHeapDeltaBytes                        = 1048576                                   {product} {ergonomic}
   size_t MinHeapSize                              = 8388608                                   {product} {ergonomic}
    uintx NonNMethodCodeHeapSize                   = 5832780                                {pd product} {ergonomic}
    uintx NonProfiledCodeHeapSize                  = 122912730                              {pd product} {ergonomic}
    uintx ProfiledCodeHeapSize                     = 122912730                              {pd product} {ergonomic}
    uintx ReservedCodeCacheSize                    = 251658240                              {pd product} {ergonomic}
     bool SegmentedCodeCache                       = true                                      {product} {ergonomic}
   size_t SoftMaxHeapSize                          = 2147483648                             {manageable} {ergonomic}
     bool UseCompressedClassPointers               = true                           {product lp64_product} {ergonomic}
     bool UseCompressedOops                        = true                           {product lp64_product} {ergonomic}
     bool UseG1GC                                  = true                                      {product} {ergonomic}
     bool UseLargePagesIndividualAllocation        = false                                  {pd product} {ergonomic}

Logging:
Log output configuration:
 #0: stdout all=warning uptime,level,tags
 #1: stderr all=off uptime,level,tags

Environment Variables:
CLASSPATH=R:\Project\CefionMobile\android\\gradle\wrapper\gradle-wrapper.jar
PATH=R:\Project\CefionMobile\android\node_modules\.bin;R:\Project\CefionMobile\node_modules\.bin;R:\Project\node_modules\.bin;R:\node_modules\.bin;C:\Program Files\nodejs;R:\Project\CefionMobile\node_modules\.bin;R:\Project\node_modules\.bin;R:\node_modules\.bin;C:\Program Files\nodejs\node_modules\npm\node_modules\@npmcli\run-script\lib\node-gyp-bin;C:\Program Files\Common Files\Oracle\Java\javapath;C:\Program Files (x86)\Common Files\Oracle\Java\javapath;C:\ProgramData\Oracle\Java\javapath;C:\Windows\system32;C:\Windows;C:\Windows\System32\Wbem;C:\Windows\System32\WindowsPowerShell\v1.0\;C:\Windows\System32\OpenSSH\;C:\Program Files (x86)\NVIDIA Corporation\PhysX\Common;C:\Program Files\Git\cmd;C:\ProgramData\chocolatey\bin;C:\Program Files\nodejs\;C:\Users\rgvoz\AppData\Local\Microsoft\WindowsApps;;R:\Microsoft VS Code\bin;C:\Users\rgvoz\AppData\Roaming\npm;R:\Project\CefionMobile\node_modules\.bin
USERNAME=rgvoz
OS=Windows_NT
PROCESSOR_IDENTIFIER=Intel64 Family 6 Model 42 Stepping 7, GenuineIntel



---------------  S Y S T E M  ---------------

OS:
 Windows 10 , 64 bit Build 19041 (10.0.19041.1741)
OS uptime: 0 days 17:15 hours

CPU: total 4 (initial active 4) (2 cores per cpu, 2 threads per core) family 6 model 42 stepping 7 microcode 0x2f, cx8, cmov, fxsr, ht, mmx, sse, sse2, sse3, ssse3, sse4.1, sse4.2, popcnt, tsc, tscinvbit, avx, clmul, vzeroupper, clflush

Memory: 4k page, system-wide physical 4010M (236M free)
TotalPageFile size 8106M (AvailPageFile size 463M)
current process WorkingSet (physical memory assigned to process): 448M, peak: 448M
current process commit charge ("private bytes"): 587M, peak: 1168M

vm_info: Java HotSpot(TM) 64-Bit Server VM (17.0.3.1+2-LTS-6) for windows-amd64 JRE (17.0.3.1+2-LTS-6), built on Apr 25 2022 22:04:21 by "mach5one" with MS VC++ 16.8 / 16.9 (VS2019)

END.
