#
# There is insufficient memory for the Java Runtime Environment to continue.
# Native memory allocation (malloc) failed to allocate 32744 bytes for ChunkPool::allocate
# Possible reasons:
#   The system is out of physical RAM or swap space
#   The process is running with CompressedOops enabled, and the Java Heap may be blocking the growth of the native heap
# Possible solutions:
#   Reduce memory load on the system
#   Increase physical memory or swap space
#   Check if swap backing store is full
#   Decrease Java heap size (-Xmx/-Xms)
#   Decrease number of Java threads
#   Decrease Java thread stack sizes (-Xss)
#   Set larger code cache with -XX:ReservedCodeCacheSize=
#   JVM is running with Unscaled Compressed Oops mode in which the Java heap is
#     placed in the first 4GB address space. The Java Heap base address is the
#     maximum limit for the native heap growth. Please use -XX:HeapBaseMinAddress
#     to set the Java Heap base and to place the Java Heap above 4GB virtual address.
# This output file may be truncated or incomplete.
#
#  Out of Memory Error (arena.cpp:78), pid=5208, tid=9000
#
# JRE version: Java(TM) SE Runtime Environment (17.0.3.1+2) (build 17.0.3.1+2-LTS-6)
# Java VM: Java HotSpot(TM) 64-Bit Server VM (17.0.3.1+2-LTS-6, mixed mode, sharing, tiered, compressed oops, compressed class ptrs, g1 gc, windows-amd64)
# No core dump will be written. Minidumps are not enabled by default on client versions of Windows
#

---------------  S U M M A R Y ------------

Command Line: -XX:MaxMetaspaceSize=512m --add-opens=java.base/java.util=ALL-UNNAMED --add-opens=java.base/java.lang=ALL-UNNAMED --add-opens=java.base/java.lang.invoke=ALL-UNNAMED --add-opens=java.base/java.util=ALL-UNNAMED --add-opens=java.prefs/java.util.prefs=ALL-UNNAMED --add-opens=java.prefs/java.util.prefs=ALL-UNNAMED --add-opens=java.base/java.nio.charset=ALL-UNNAMED --add-opens=java.base/java.net=ALL-UNNAMED --add-opens=java.base/java.util.concurrent.atomic=ALL-UNNAMED -Xmx2048m -Dfile.encoding=windows-1251 -Duser.country=UA -Duser.language=uk -Duser.variant org.gradle.launcher.daemon.bootstrap.GradleDaemon 7.3.3

Host: Intel(R) Core(TM) i3-2330M CPU @ 2.20GHz, 4 cores, 3G,  Windows 10 , 64 bit Build 19041 (10.0.19041.1741)
Time: Sat Jul  2 15:35:18 2022  Windows 10 , 64 bit Build 19041 (10.0.19041.1741) elapsed time: 239.258825 seconds (0d 0h 3m 59s)

---------------  T H R E A D  ---------------

Current thread (0x0000017cc3ab43b0):  JavaThread "C1 CompilerThread0" daemon [_thread_in_native, id=9000, stack(0x00000014ce200000,0x00000014ce300000)]


Current CompileTask:
C1: 239259 13702       3       org.gradle.internal.logging.text.AbstractLineChoppingStyledTextOutput$3::execute (73 bytes)

Stack: [0x00000014ce200000,0x00000014ce300000]
Native frames: (J=compiled Java code, j=interpreted, Vv=VM code, C=native code)
V  [jvm.dll+0x6711ba]
V  [jvm.dll+0x7d0834]
V  [jvm.dll+0x7d1fde]
V  [jvm.dll+0x7d2643]
V  [jvm.dll+0x242c85]
V  [jvm.dll+0xaa7c0]
V  [jvm.dll+0xaab0c]
V  [jvm.dll+0x14185d]
V  [jvm.dll+0x144b39]
V  [jvm.dll+0x144555]
V  [jvm.dll+0x13bd99]
V  [jvm.dll+0x13e395]
V  [jvm.dll+0x13c674]
V  [jvm.dll+0x13664f]
V  [jvm.dll+0x146186]
V  [jvm.dll+0x131d40]
V  [jvm.dll+0x1320a0]
V  [jvm.dll+0x132366]
V  [jvm.dll+0x1317fa]
V  [jvm.dll+0x1334c1]
V  [jvm.dll+0x2249c8]
V  [jvm.dll+0x222b2c]
V  [jvm.dll+0x78650b]
V  [jvm.dll+0x780aca]
V  [jvm.dll+0x670045]
C  [ucrtbase.dll+0x21bb2]
C  [KERNEL32.DLL+0x17034]
C  [ntdll.dll+0x52651]


---------------  P R O C E S S  ---------------

Threads class SMR info:
_java_thread_list=0x0000017cc6ffe290, length=92, elements={
0x0000017ca400b7b0, 0x0000017cc3a8b740, 0x0000017cc3a8c4c0, 0x0000017cc3aa1330,
0x0000017cc3aa4c10, 0x0000017cc3aa54d0, 0x0000017cc3aa5d90, 0x0000017cc3aa9e80,
0x0000017cc3ab43b0, 0x0000017cc3abe8c0, 0x0000017cc458b0e0, 0x0000017cc458e000,
0x0000017cc5c80c80, 0x0000017cc76f00f0, 0x0000017cc76f0f60, 0x0000017cc76f1430,
0x0000017cc76eda70, 0x0000017cc76ef750, 0x0000017cc76eedb0, 0x0000017cc76edf40,
0x0000017cc76ee410, 0x0000017cc76f05c0, 0x0000017cc76f0a90, 0x0000017cc76efc20,
0x0000017cc76ee8e0, 0x0000017cc76ef280, 0x0000017cc7cc27a0, 0x0000017cc7cbede0,
0x0000017cc7cbdaa0, 0x0000017cc7cbc760, 0x0000017cc7cbc290, 0x0000017cc7cbd5d0,
0x0000017cc7cc05f0, 0x0000017cc7cc0ac0, 0x0000017cc7cbe440, 0x0000017cc7cbcc30,
0x0000017cc7cbdf70, 0x0000017cc7cbe910, 0x0000017cc7cc1930, 0x0000017cc7cbbdc0,
0x0000017cc7cc1e00, 0x0000017cc7cbf780, 0x0000017cc7cbfc50, 0x0000017cc7cc0120,
0x0000017cc7cbd100, 0x0000017cc9d7fe80, 0x0000017cc9d80350, 0x0000017cc9d80820,
0x0000017cc9d7bff0, 0x0000017cc9d80cf0, 0x0000017cc9d811c0, 0x0000017cc9d7ce60,
0x0000017cc9d7a310, 0x0000017cc9d81690, 0x0000017cc9d7f9b0, 0x0000017cc9d7b650,
0x0000017cc9d81b60, 0x0000017cc9d7f4e0, 0x0000017cc9d7a7e0, 0x0000017cc9d7acb0,
0x0000017cc9d7b180, 0x0000017cc9d7bb20, 0x0000017cc9d7c4c0, 0x0000017cc9d7f010,
0x0000017cc9d7c990, 0x0000017cc9d7eb40, 0x0000017cc9d7d330, 0x0000017cc9d7d800,
0x0000017cc9d7dcd0, 0x0000017cc9d7e1a0, 0x0000017cc9d7e670, 0x0000017cc6678bd0,
0x0000017cc667a8b0, 0x0000017cc66773c0, 0x0000017cc667c0c0, 0x0000017cc667ad80,
0x0000017cc6679a40, 0x0000017cc6676a20, 0x0000017cc667b720, 0x0000017cc6676ef0,
0x0000017cc6676080, 0x0000017cc6678700, 0x0000017cc6677d60, 0x0000017cc667c590,
0x0000017cc9d5cc50, 0x0000017cc462a190, 0x0000017cc4628e50, 0x0000017cc4629320,
0x0000017cc9d60fb0, 0x0000017cc9d60ae0, 0x0000017cccc4d710, 0x0000017cccc4bf00
}

Java Threads: ( => current thread )
  0x0000017ca400b7b0 JavaThread "main" [_thread_blocked, id=1332, stack(0x00000014cd400000,0x00000014cd500000)]
  0x0000017cc3a8b740 JavaThread "Reference Handler" daemon [_thread_blocked, id=12980, stack(0x00000014cdb00000,0x00000014cdc00000)]
  0x0000017cc3a8c4c0 JavaThread "Finalizer" daemon [_thread_blocked, id=8572, stack(0x00000014cdc00000,0x00000014cdd00000)]
  0x0000017cc3aa1330 JavaThread "Signal Dispatcher" daemon [_thread_blocked, id=10496, stack(0x00000014cdd00000,0x00000014cde00000)]
  0x0000017cc3aa4c10 JavaThread "Attach Listener" daemon [_thread_blocked, id=7388, stack(0x00000014cde00000,0x00000014cdf00000)]
  0x0000017cc3aa54d0 JavaThread "Service Thread" daemon [_thread_blocked, id=12700, stack(0x00000014cdf00000,0x00000014ce000000)]
  0x0000017cc3aa5d90 JavaThread "Monitor Deflation Thread" daemon [_thread_blocked, id=8532, stack(0x00000014ce000000,0x00000014ce100000)]
  0x0000017cc3aa9e80 JavaThread "C2 CompilerThread0" daemon [_thread_blocked, id=3020, stack(0x00000014ce100000,0x00000014ce200000)]
=>0x0000017cc3ab43b0 JavaThread "C1 CompilerThread0" daemon [_thread_in_native, id=9000, stack(0x00000014ce200000,0x00000014ce300000)]
  0x0000017cc3abe8c0 JavaThread "Sweeper thread" daemon [_thread_blocked, id=12020, stack(0x00000014ce300000,0x00000014ce400000)]
  0x0000017cc458b0e0 JavaThread "Common-Cleaner" daemon [_thread_blocked, id=4444, stack(0x00000014ce400000,0x00000014ce500000)]
  0x0000017cc458e000 JavaThread "Notification Thread" daemon [_thread_blocked, id=7904, stack(0x00000014ce500000,0x00000014ce600000)]
  0x0000017cc5c80c80 JavaThread "Daemon health stats" [_thread_blocked, id=10232, stack(0x00000014ceb00000,0x00000014cec00000)]
  0x0000017cc76f00f0 JavaThread "Incoming local TCP Connector on port 51017" [_thread_in_native, id=8044, stack(0x00000014cea00000,0x00000014ceb00000)]
  0x0000017cc76f0f60 JavaThread "Daemon periodic checks" [_thread_blocked, id=11284, stack(0x00000014cec00000,0x00000014ced00000)]
  0x0000017cc76f1430 JavaThread "Daemon" [_thread_blocked, id=4864, stack(0x00000014cee00000,0x00000014cef00000)]
  0x0000017cc76eda70 JavaThread "Handler for socket connection from /127.0.0.1:51017 to /127.0.0.1:51019" [_thread_in_native, id=11036, stack(0x00000014cef00000,0x00000014cf000000)]
  0x0000017cc76ef750 JavaThread "Cancel handler" [_thread_blocked, id=4644, stack(0x00000014ced00000,0x00000014cee00000)]
  0x0000017cc76eedb0 JavaThread "Daemon worker" [_thread_blocked, id=8140, stack(0x00000014cf000000,0x00000014cf100000)]
  0x0000017cc76edf40 JavaThread "Asynchronous log dispatcher for DefaultDaemonConnection: socket connection from /127.0.0.1:51017 to /127.0.0.1:51019" [_thread_blocked, id=10868, stack(0x00000014cf100000,0x00000014cf200000)]
  0x0000017cc76ee410 JavaThread "Stdin handler" [_thread_blocked, id=8100, stack(0x00000014cf200000,0x00000014cf300000)]
  0x0000017cc76f05c0 JavaThread "Daemon client event forwarder" [_thread_blocked, id=4028, stack(0x00000014cf300000,0x00000014cf400000)]
  0x0000017cc76f0a90 JavaThread "Cache worker for journal cache (C:\Users\rgvoz\.gradle\caches\journal-1)" [_thread_blocked, id=10928, stack(0x00000014cf500000,0x00000014cf600000)]
  0x0000017cc76efc20 JavaThread "File lock request listener" [_thread_in_native, id=3428, stack(0x00000014cf600000,0x00000014cf700000)]
  0x0000017cc76ee8e0 JavaThread "Cache worker for file hash cache (C:\Users\rgvoz\.gradle\caches\7.3.3\fileHashes)" [_thread_blocked, id=4856, stack(0x00000014cf700000,0x00000014cf800000)]
  0x0000017cc76ef280 JavaThread "Cache worker for file hash cache (R:\Project\CefionMobile\android\.gradle\7.3.3\fileHashes)" [_thread_blocked, id=9096, stack(0x00000014cf900000,0x00000014cfa00000)]
  0x0000017cc7cc27a0 JavaThread "File watcher server" daemon [_thread_in_native, id=13208, stack(0x00000014cfa00000,0x00000014cfb00000)]
  0x0000017cc7cbede0 JavaThread "File watcher consumer" daemon [_thread_blocked, id=140, stack(0x00000014cfb00000,0x00000014cfc00000)]
  0x0000017cc7cbdaa0 JavaThread "Cache worker for checksums cache (R:\Project\CefionMobile\android\.gradle\7.3.3\checksums)" [_thread_blocked, id=10800, stack(0x00000014cfc00000,0x00000014cfd00000)]
  0x0000017cc7cbc760 JavaThread "Cache worker for cache directory md-supplier (C:\Users\rgvoz\.gradle\caches\7.3.3\md-supplier)" [_thread_blocked, id=7072, stack(0x00000014cfd00000,0x00000014cfe00000)]
  0x0000017cc7cbc290 JavaThread "Cache worker for cache directory md-rule (C:\Users\rgvoz\.gradle\caches\7.3.3\md-rule)" [_thread_blocked, id=11824, stack(0x00000014cfe00000,0x00000014cff00000)]
  0x0000017cc7cbd5d0 JavaThread "Cache worker for execution history cache (C:\Users\rgvoz\.gradle\caches\7.3.3\executionHistory)" [_thread_blocked, id=1108, stack(0x00000014cff00000,0x00000014d0000000)]
  0x0000017cc7cc05f0 JavaThread "jar transforms" [_thread_blocked, id=7868, stack(0x00000014d0000000,0x00000014d0100000)]
  0x0000017cc7cc0ac0 JavaThread "jar transforms Thread 2" [_thread_blocked, id=5976, stack(0x00000014d0100000,0x00000014d0200000)]
  0x0000017cc7cbe440 JavaThread "Cache worker for file content cache (C:\Users\rgvoz\.gradle\caches\7.3.3\fileContent)" [_thread_blocked, id=6224, stack(0x00000014d0200000,0x00000014d0300000)]
  0x0000017cc7cbcc30 JavaThread "jar transforms Thread 3" [_thread_blocked, id=13184, stack(0x00000014d0300000,0x00000014d0400000)]
  0x0000017cc7cbdf70 JavaThread "jar transforms Thread 4" [_thread_blocked, id=7248, stack(0x00000014d0400000,0x00000014d0500000)]
  0x0000017cc7cbe910 JavaThread "Cache worker for kotlin-dsl (C:\Users\rgvoz\.gradle\caches\7.3.3\kotlin-dsl)" [_thread_blocked, id=9240, stack(0x00000014d0600000,0x00000014d0700000)]
  0x0000017cc7cc1930 JavaThread "Cache worker for dependencies-accessors (R:\Project\CefionMobile\android\.gradle\7.3.3\dependencies-accessors)" [_thread_blocked, id=1364, stack(0x00000014d0700000,0x00000014d0800000)]
  0x0000017cc7cbbdc0 JavaThread "Cache worker for Build Output Cleanup Cache (R:\Project\CefionMobile\node_modules\react-native-gradle-plugin\.gradle\buildOutputCleanup)" [_thread_blocked, id=2160, stack(0x00000014d0800000,0x00000014d0900000)]
  0x0000017cc7cc1e00 JavaThread "Unconstrained build operations" [_thread_blocked, id=8400, stack(0x00000014d0900000,0x00000014d0a00000)]
  0x0000017cc7cbf780 JavaThread "Unconstrained build operations Thread 2" [_thread_blocked, id=3520, stack(0x00000014d0a00000,0x00000014d0b00000)]
  0x0000017cc7cbfc50 JavaThread "Unconstrained build operations Thread 3" [_thread_blocked, id=3036, stack(0x00000014d0b00000,0x00000014d0c00000)]
  0x0000017cc7cc0120 JavaThread "Unconstrained build operations Thread 4" [_thread_blocked, id=6244, stack(0x00000014d0c00000,0x00000014d0d00000)]
  0x0000017cc7cbd100 JavaThread "Unconstrained build operations Thread 5" [_thread_blocked, id=9600, stack(0x00000014d0d00000,0x00000014d0e00000)]
  0x0000017cc9d7fe80 JavaThread "Unconstrained build operations Thread 6" [_thread_blocked, id=4872, stack(0x00000014d0e00000,0x00000014d0f00000)]
  0x0000017cc9d80350 JavaThread "Unconstrained build operations Thread 7" [_thread_blocked, id=12884, stack(0x00000014d0f00000,0x00000014d1000000)]
  0x0000017cc9d80820 JavaThread "Unconstrained build operations Thread 8" [_thread_blocked, id=352, stack(0x00000014d1000000,0x00000014d1100000)]
  0x0000017cc9d7bff0 JavaThread "Unconstrained build operations Thread 9" [_thread_blocked, id=1868, stack(0x00000014d1100000,0x00000014d1200000)]
  0x0000017cc9d80cf0 JavaThread "Unconstrained build operations Thread 10" [_thread_blocked, id=8576, stack(0x00000014d1200000,0x00000014d1300000)]
  0x0000017cc9d811c0 JavaThread "Unconstrained build operations Thread 11" [_thread_blocked, id=8260, stack(0x00000014d1300000,0x00000014d1400000)]
  0x0000017cc9d7ce60 JavaThread "Unconstrained build operations Thread 12" [_thread_blocked, id=9120, stack(0x00000014d1400000,0x00000014d1500000)]
  0x0000017cc9d7a310 JavaThread "Unconstrained build operations Thread 13" [_thread_blocked, id=1272, stack(0x00000014d1500000,0x00000014d1600000)]
  0x0000017cc9d81690 JavaThread "Unconstrained build operations Thread 14" [_thread_blocked, id=4116, stack(0x00000014d1600000,0x00000014d1700000)]
  0x0000017cc9d7f9b0 JavaThread "Unconstrained build operations Thread 15" [_thread_blocked, id=10636, stack(0x00000014d1700000,0x00000014d1800000)]
  0x0000017cc9d7b650 JavaThread "Unconstrained build operations Thread 16" [_thread_blocked, id=7988, stack(0x00000014d1800000,0x00000014d1900000)]
  0x0000017cc9d81b60 JavaThread "Unconstrained build operations Thread 17" [_thread_blocked, id=8116, stack(0x00000014d1900000,0x00000014d1a00000)]
  0x0000017cc9d7f4e0 JavaThread "Unconstrained build operations Thread 18" [_thread_blocked, id=8712, stack(0x00000014d1a00000,0x00000014d1b00000)]
  0x0000017cc9d7a7e0 JavaThread "Unconstrained build operations Thread 19" [_thread_blocked, id=368, stack(0x00000014d1b00000,0x00000014d1c00000)]
  0x0000017cc9d7acb0 JavaThread "Unconstrained build operations Thread 20" [_thread_blocked, id=11880, stack(0x00000014d1c00000,0x00000014d1d00000)]
  0x0000017cc9d7b180 JavaThread "Unconstrained build operations Thread 21" [_thread_blocked, id=3736, stack(0x00000014d1d00000,0x00000014d1e00000)]
  0x0000017cc9d7bb20 JavaThread "Unconstrained build operations Thread 22" [_thread_blocked, id=7696, stack(0x00000014d1e00000,0x00000014d1f00000)]
  0x0000017cc9d7c4c0 JavaThread "Unconstrained build operations Thread 23" [_thread_blocked, id=6836, stack(0x00000014d1f00000,0x00000014d2000000)]
  0x0000017cc9d7f010 JavaThread "Unconstrained build operations Thread 24" [_thread_blocked, id=11792, stack(0x00000014d2000000,0x00000014d2100000)]
  0x0000017cc9d7c990 JavaThread "Unconstrained build operations Thread 25" [_thread_blocked, id=2380, stack(0x00000014d2100000,0x00000014d2200000)]
  0x0000017cc9d7eb40 JavaThread "Unconstrained build operations Thread 26" [_thread_blocked, id=1120, stack(0x00000014d2200000,0x00000014d2300000)]
  0x0000017cc9d7d330 JavaThread "Unconstrained build operations Thread 27" [_thread_blocked, id=6672, stack(0x00000014d2300000,0x00000014d2400000)]
  0x0000017cc9d7d800 JavaThread "Unconstrained build operations Thread 28" [_thread_blocked, id=10016, stack(0x00000014d2400000,0x00000014d2500000)]
  0x0000017cc9d7dcd0 JavaThread "Unconstrained build operations Thread 29" [_thread_blocked, id=8252, stack(0x00000014d2500000,0x00000014d2600000)]
  0x0000017cc9d7e1a0 JavaThread "Unconstrained build operations Thread 30" [_thread_blocked, id=10512, stack(0x00000014d2600000,0x00000014d2700000)]
  0x0000017cc9d7e670 JavaThread "Unconstrained build operations Thread 31" [_thread_blocked, id=10228, stack(0x00000014d2700000,0x00000014d2800000)]
  0x0000017cc6678bd0 JavaThread "Unconstrained build operations Thread 32" [_thread_blocked, id=11464, stack(0x00000014d2800000,0x00000014d2900000)]
  0x0000017cc667a8b0 JavaThread "Unconstrained build operations Thread 33" [_thread_blocked, id=9248, stack(0x00000014d2900000,0x00000014d2a00000)]
  0x0000017cc66773c0 JavaThread "build event listener" [_thread_blocked, id=10976, stack(0x00000014d2a00000,0x00000014d2b00000)]
  0x0000017cc667c0c0 JavaThread "Memory manager" [_thread_blocked, id=3372, stack(0x00000014d2b00000,0x00000014d2c00000)]
  0x0000017cc667ad80 JavaThread "Cache worker for Build Output Cleanup Cache (R:\Project\CefionMobile\android\.gradle\buildOutputCleanup)" [_thread_blocked, id=804, stack(0x00000014d2c00000,0x00000014d2d00000)]
  0x0000017cc6679a40 JavaThread "Cache worker for execution history cache (R:\Project\CefionMobile\node_modules\react-native-gradle-plugin\.gradle\7.3.3\executionHistory)" [_thread_blocked, id=4876, stack(0x00000014d3100000,0x00000014d3200000)]
  0x0000017cc6676a20 JavaThread "Unconstrained build operations Thread 34" [_thread_blocked, id=11536, stack(0x00000014d3200000,0x00000014d3300000)]
  0x0000017cc667b720 JavaThread "Unconstrained build operations Thread 35" [_thread_blocked, id=3076, stack(0x00000014d3300000,0x00000014d3400000)]
  0x0000017cc6676ef0 JavaThread "Unconstrained build operations Thread 36" [_thread_blocked, id=10656, stack(0x00000014d3400000,0x00000014d3500000)]
  0x0000017cc6676080 JavaThread "Unconstrained build operations Thread 37" [_thread_blocked, id=5476, stack(0x00000014d3500000,0x00000014d3600000)]
  0x0000017cc6678700 JavaThread "Unconstrained build operations Thread 38" [_thread_blocked, id=7228, stack(0x00000014d3600000,0x00000014d3700000)]
  0x0000017cc6677d60 JavaThread "Unconstrained build operations Thread 39" [_thread_blocked, id=8752, stack(0x00000014d3700000,0x00000014d3800000)]
  0x0000017cc667c590 JavaThread "Unconstrained build operations Thread 40" [_thread_blocked, id=8824, stack(0x00000014d3800000,0x00000014d3900000)]
  0x0000017cc9d5cc50 JavaThread "build event listener" [_thread_blocked, id=3364, stack(0x00000014cd300000,0x00000014cd400000)]
  0x0000017cc462a190 JavaThread "Execution worker for ':'" [_thread_blocked, id=11952, stack(0x00000014d0500000,0x00000014d0600000)]
  0x0000017cc4628e50 JavaThread "Execution worker for ':' Thread 2" [_thread_blocked, id=2988, stack(0x00000014d2e00000,0x00000014d2f00000)]
  0x0000017cc4629320 JavaThread "Execution worker for ':' Thread 3" [_thread_blocked, id=12420, stack(0x00000014d2f00000,0x00000014d3000000)]
  0x0000017cc9d60fb0 JavaThread "Cache worker for execution history cache (R:\Project\CefionMobile\android\.gradle\7.3.3\executionHistory)" [_thread_blocked, id=12160, stack(0x00000014d3000000,0x00000014d3100000)]
  0x0000017cc9d60ae0 JavaThread "Exec process" [_thread_in_native, id=1776, stack(0x00000014cd100000,0x00000014cd200000)]
  0x0000017cccc4d710 JavaThread "Exec process Thread 2" [_thread_in_native, id=1876, stack(0x00000014d3900000,0x00000014d3a00000)]
  0x0000017cccc4bf00 JavaThread "Exec process Thread 3" [_thread_in_native, id=3040, stack(0x00000014d3a00000,0x00000014d3b00000)]

Other Threads:
  0x0000017cc3a85930 VMThread "VM Thread" [stack: 0x00000014cda00000,0x00000014cdb00000] [id=11508]
  0x0000017cc4592d00 WatcherThread [stack: 0x00000014ce600000,0x00000014ce700000] [id=10528]
  0x0000017ca6209600 GCTaskThread "GC Thread#0" [stack: 0x00000014cd500000,0x00000014cd600000] [id=4240]
  0x0000017cc4b73b50 GCTaskThread "GC Thread#1" [stack: 0x00000014ce800000,0x00000014ce900000] [id=6780]
  0x0000017cc4782520 GCTaskThread "GC Thread#2" [stack: 0x00000014ce900000,0x00000014cea00000] [id=12484]
  0x0000017cc50877c0 GCTaskThread "GC Thread#3" [stack: 0x00000014ce700000,0x00000014ce800000] [id=9436]
  0x0000017ca621b460 ConcurrentGCThread "G1 Main Marker" [stack: 0x00000014cd600000,0x00000014cd700000] [id=1436]
  0x0000017ca621d530 ConcurrentGCThread "G1 Conc#0" [stack: 0x00000014cd700000,0x00000014cd800000] [id=11664]
  0x0000017ca626ef80 ConcurrentGCThread "G1 Refine#0" [stack: 0x00000014cd800000,0x00000014cd900000] [id=2912]
  0x0000017cc5170840 ConcurrentGCThread "G1 Refine#1" [stack: 0x00000014cf400000,0x00000014cf500000] [id=1620]
  0x0000017ca626f8b0 ConcurrentGCThread "G1 Service" [stack: 0x00000014cd900000,0x00000014cda00000] [id=8968]

Threads with active compile tasks:
C1 CompilerThread0   239344 13702       3       org.gradle.internal.logging.text.AbstractLineChoppingStyledTextOutput$3::execute (73 bytes)

VM state: not at safepoint (normal execution)

VM Mutex/Monitor currently owned by a thread: None

Heap address: 0x0000000080000000, size: 2048 MB, Compressed Oops mode: 32-bit

CDS archive(s) mapped at: [0x0000000800000000-0x0000000800bc0000-0x0000000800bc0000), size 12320768, SharedBaseAddress: 0x0000000800000000, ArchiveRelocationMode: 0.
Compressed class space mapped at: 0x0000000800c00000-0x000000081a800000, reserved size: 432013312
Narrow klass base: 0x0000000800000000, Narrow klass shift: 0, Narrow klass range: 0x100000000

GC Precious Log:
 CPUs: 4 total, 4 available
 Memory: 4010M
 Large Page Support: Disabled
 NUMA Support: Disabled
 Compressed Oops: Enabled (32-bit)
 Heap Region Size: 1M
 Heap Min Capacity: 8M
 Heap Initial Capacity: 64M
 Heap Max Capacity: 2G
 Pre-touch: Disabled
 Parallel Workers: 4
 Concurrent Workers: 1
 Concurrent Refinement Workers: 4
 Periodic GC: Disabled

Heap:
 garbage-first heap   total 305152K, used 242681K [0x0000000080000000, 0x0000000100000000)
  region size 1024K, 90 young (92160K), 8 survivors (8192K)
 Metaspace       used 95262K, committed 96384K, reserved 512000K
  class space    used 12972K, committed 13440K, reserved 421888K

Heap Regions: E=young(eden), S=young(survivor), O=old, HS=humongous(starts), HC=humongous(continues), CS=collection set, F=free, OA=open archive, CA=closed archive, TAMS=top-at-mark-start (previous, next)
|   0|0x0000000080000000, 0x0000000080100000, 0x0000000080100000|100%|HS|  |TAMS 0x0000000080100000, 0x0000000080000000| Complete 
|   1|0x0000000080100000, 0x0000000080200000, 0x0000000080200000|100%|HC|  |TAMS 0x0000000080200000, 0x0000000080100000| Complete 
|   2|0x0000000080200000, 0x0000000080300000, 0x0000000080300000|100%|HC|  |TAMS 0x0000000080300000, 0x0000000080200000| Complete 
|   3|0x0000000080300000, 0x0000000080400000, 0x0000000080400000|100%| O|  |TAMS 0x0000000080400000, 0x0000000080300000| Untracked 
|   4|0x0000000080400000, 0x0000000080500000, 0x0000000080500000|100%| O|  |TAMS 0x0000000080500000, 0x0000000080400000| Untracked 
|   5|0x0000000080500000, 0x0000000080600000, 0x0000000080600000|100%| O|  |TAMS 0x0000000080600000, 0x0000000080500000| Untracked 
|   6|0x0000000080600000, 0x0000000080700000, 0x0000000080700000|100%| O|  |TAMS 0x0000000080700000, 0x0000000080600000| Untracked 
|   7|0x0000000080700000, 0x0000000080800000, 0x0000000080800000|100%| O|  |TAMS 0x0000000080800000, 0x0000000080700000| Untracked 
|   8|0x0000000080800000, 0x0000000080900000, 0x0000000080900000|100%| O|  |TAMS 0x0000000080900000, 0x0000000080800000| Untracked 
|   9|0x0000000080900000, 0x0000000080a00000, 0x0000000080a00000|100%| O|  |TAMS 0x0000000080a00000, 0x0000000080900000| Untracked 
|  10|0x0000000080a00000, 0x0000000080b00000, 0x0000000080b00000|100%| O|  |TAMS 0x0000000080b00000, 0x0000000080a00000| Untracked 
|  11|0x0000000080b00000, 0x0000000080c00000, 0x0000000080c00000|100%| O|  |TAMS 0x0000000080c00000, 0x0000000080b00000| Untracked 
|  12|0x0000000080c00000, 0x0000000080d00000, 0x0000000080d00000|100%| O|  |TAMS 0x0000000080d00000, 0x0000000080c00000| Untracked 
|  13|0x0000000080d00000, 0x0000000080e00000, 0x0000000080e00000|100%| O|  |TAMS 0x0000000080e00000, 0x0000000080d00000| Untracked 
|  14|0x0000000080e00000, 0x0000000080f00000, 0x0000000080f00000|100%| O|  |TAMS 0x0000000080f00000, 0x0000000080e00000| Untracked 
|  15|0x0000000080f00000, 0x0000000081000000, 0x0000000081000000|100%| O|  |TAMS 0x0000000081000000, 0x0000000080f00000| Untracked 
|  16|0x0000000081000000, 0x0000000081100000, 0x0000000081100000|100%| O|  |TAMS 0x0000000081100000, 0x0000000081000000| Untracked 
|  17|0x0000000081100000, 0x0000000081200000, 0x0000000081200000|100%| O|  |TAMS 0x0000000081200000, 0x0000000081100000| Untracked 
|  18|0x0000000081200000, 0x0000000081300000, 0x0000000081300000|100%| O|  |TAMS 0x0000000081300000, 0x0000000081200000| Untracked 
|  19|0x0000000081300000, 0x0000000081400000, 0x0000000081400000|100%| O|  |TAMS 0x0000000081400000, 0x0000000081300000| Untracked 
|  20|0x0000000081400000, 0x0000000081500000, 0x0000000081500000|100%| O|  |TAMS 0x0000000081500000, 0x0000000081400000| Untracked 
|  21|0x0000000081500000, 0x0000000081600000, 0x0000000081600000|100%| O|  |TAMS 0x0000000081600000, 0x0000000081500000| Untracked 
|  22|0x0000000081600000, 0x0000000081700000, 0x0000000081700000|100%| O|  |TAMS 0x0000000081700000, 0x0000000081600000| Untracked 
|  23|0x0000000081700000, 0x0000000081800000, 0x0000000081800000|100%| O|  |TAMS 0x0000000081800000, 0x0000000081700000| Untracked 
|  24|0x0000000081800000, 0x0000000081900000, 0x0000000081900000|100%| O|  |TAMS 0x0000000081900000, 0x0000000081800000| Untracked 
|  25|0x0000000081900000, 0x0000000081a00000, 0x0000000081a00000|100%| O|  |TAMS 0x0000000081a00000, 0x0000000081900000| Untracked 
|  26|0x0000000081a00000, 0x0000000081b00000, 0x0000000081b00000|100%| O|  |TAMS 0x0000000081b00000, 0x0000000081a00000| Untracked 
|  27|0x0000000081b00000, 0x0000000081c00000, 0x0000000081c00000|100%| O|  |TAMS 0x0000000081c00000, 0x0000000081b00000| Untracked 
|  28|0x0000000081c00000, 0x0000000081d00000, 0x0000000081d00000|100%| O|  |TAMS 0x0000000081d00000, 0x0000000081c00000| Untracked 
|  29|0x0000000081d00000, 0x0000000081e00000, 0x0000000081e00000|100%| O|  |TAMS 0x0000000081e00000, 0x0000000081d00000| Untracked 
|  30|0x0000000081e00000, 0x0000000081f00000, 0x0000000081f00000|100%| O|  |TAMS 0x0000000081f00000, 0x0000000081e00000| Untracked 
|  31|0x0000000081f00000, 0x0000000082000000, 0x0000000082000000|100%|HS|  |TAMS 0x0000000082000000, 0x0000000081f00000| Complete 
|  32|0x0000000082000000, 0x0000000082100000, 0x0000000082100000|100%| O|  |TAMS 0x0000000082100000, 0x0000000082000000| Untracked 
|  33|0x0000000082100000, 0x0000000082200000, 0x0000000082200000|100%|HS|  |TAMS 0x0000000082200000, 0x0000000082100000| Complete 
|  34|0x0000000082200000, 0x0000000082300000, 0x0000000082300000|100%|HC|  |TAMS 0x0000000082300000, 0x0000000082200000| Complete 
|  35|0x0000000082300000, 0x0000000082400000, 0x0000000082400000|100%|HC|  |TAMS 0x0000000082400000, 0x0000000082300000| Complete 
|  36|0x0000000082400000, 0x0000000082500000, 0x0000000082500000|100%| O|  |TAMS 0x0000000082500000, 0x0000000082400000| Untracked 
|  37|0x0000000082500000, 0x0000000082600000, 0x0000000082600000|100%| O|  |TAMS 0x0000000082600000, 0x0000000082500000| Untracked 
|  38|0x0000000082600000, 0x0000000082700000, 0x0000000082700000|100%| O|  |TAMS 0x0000000082700000, 0x0000000082600000| Untracked 
|  39|0x0000000082700000, 0x0000000082800000, 0x0000000082800000|100%| O|  |TAMS 0x0000000082800000, 0x0000000082700000| Untracked 
|  40|0x0000000082800000, 0x0000000082900000, 0x0000000082900000|100%| O|  |TAMS 0x0000000082900000, 0x0000000082800000| Untracked 
|  41|0x0000000082900000, 0x0000000082a00000, 0x0000000082a00000|100%| O|  |TAMS 0x0000000082a00000, 0x0000000082900000| Untracked 
|  42|0x0000000082a00000, 0x0000000082b00000, 0x0000000082b00000|100%| O|  |TAMS 0x0000000082b00000, 0x0000000082a00000| Untracked 
|  43|0x0000000082b00000, 0x0000000082c00000, 0x0000000082c00000|100%| O|  |TAMS 0x0000000082c00000, 0x0000000082b00000| Untracked 
|  44|0x0000000082c00000, 0x0000000082d00000, 0x0000000082d00000|100%| O|  |TAMS 0x0000000082d00000, 0x0000000082c00000| Untracked 
|  45|0x0000000082d00000, 0x0000000082e00000, 0x0000000082e00000|100%| O|  |TAMS 0x0000000082e00000, 0x0000000082d00000| Untracked 
|  46|0x0000000082e00000, 0x0000000082f00000, 0x0000000082f00000|100%| O|  |TAMS 0x0000000082f00000, 0x0000000082e00000| Untracked 
|  47|0x0000000082f00000, 0x0000000083000000, 0x0000000083000000|100%| O|  |TAMS 0x0000000083000000, 0x0000000082f00000| Untracked 
|  48|0x0000000083000000, 0x0000000083100000, 0x0000000083100000|100%| O|  |TAMS 0x0000000083100000, 0x0000000083000000| Untracked 
|  49|0x0000000083100000, 0x0000000083200000, 0x0000000083200000|100%| O|  |TAMS 0x0000000083200000, 0x0000000083100000| Untracked 
|  50|0x0000000083200000, 0x0000000083300000, 0x0000000083300000|100%| O|  |TAMS 0x0000000083300000, 0x0000000083200000| Untracked 
|  51|0x0000000083300000, 0x0000000083400000, 0x0000000083400000|100%| O|  |TAMS 0x0000000083400000, 0x0000000083300000| Untracked 
|  52|0x0000000083400000, 0x0000000083500000, 0x0000000083500000|100%| O|  |TAMS 0x0000000083500000, 0x0000000083400000| Untracked 
|  53|0x0000000083500000, 0x0000000083600000, 0x0000000083600000|100%| O|  |TAMS 0x0000000083600000, 0x0000000083500000| Untracked 
|  54|0x0000000083600000, 0x0000000083700000, 0x0000000083700000|100%| O|  |TAMS 0x0000000083700000, 0x0000000083600000| Untracked 
|  55|0x0000000083700000, 0x0000000083800000, 0x0000000083800000|100%|HS|  |TAMS 0x0000000083800000, 0x0000000083700000| Complete 
|  56|0x0000000083800000, 0x0000000083900000, 0x0000000083900000|100%|HS|  |TAMS 0x0000000083900000, 0x0000000083800000| Complete 
|  57|0x0000000083900000, 0x0000000083a00000, 0x0000000083a00000|100%| O|  |TAMS 0x0000000083a00000, 0x0000000083900000| Untracked 
|  58|0x0000000083a00000, 0x0000000083b00000, 0x0000000083b00000|100%| O|  |TAMS 0x0000000083b00000, 0x0000000083a00000| Untracked 
|  59|0x0000000083b00000, 0x0000000083c00000, 0x0000000083c00000|100%|HS|  |TAMS 0x0000000083c00000, 0x0000000083b00000| Complete 
|  60|0x0000000083c00000, 0x0000000083d00000, 0x0000000083d00000|100%|HC|  |TAMS 0x0000000083d00000, 0x0000000083c00000| Complete 
|  61|0x0000000083d00000, 0x0000000083e00000, 0x0000000083e00000|100%| O|  |TAMS 0x0000000083e00000, 0x0000000083d00000| Untracked 
|  62|0x0000000083e00000, 0x0000000083f00000, 0x0000000083f00000|100%| O|  |TAMS 0x0000000083f00000, 0x0000000083e00000| Untracked 
|  63|0x0000000083f00000, 0x0000000084000000, 0x0000000084000000|100%| O|  |TAMS 0x0000000084000000, 0x0000000083f00000| Untracked 
|  64|0x0000000084000000, 0x0000000084100000, 0x0000000084100000|100%| O|  |TAMS 0x0000000084100000, 0x0000000084000000| Untracked 
|  65|0x0000000084100000, 0x0000000084200000, 0x0000000084200000|100%| O|  |TAMS 0x0000000084100000, 0x0000000084100000| Untracked 
|  66|0x0000000084200000, 0x0000000084300000, 0x0000000084300000|100%| O|  |TAMS 0x0000000084300000, 0x0000000084200000| Untracked 
|  67|0x0000000084300000, 0x0000000084400000, 0x0000000084400000|100%| O|  |TAMS 0x0000000084400000, 0x0000000084300000| Untracked 
|  68|0x0000000084400000, 0x0000000084500000, 0x0000000084500000|100%| O|  |TAMS 0x0000000084500000, 0x0000000084400000| Untracked 
|  69|0x0000000084500000, 0x0000000084600000, 0x0000000084600000|100%|HS|  |TAMS 0x0000000084500000, 0x0000000084500000| Complete 
|  70|0x0000000084600000, 0x0000000084700000, 0x0000000084700000|100%| O|  |TAMS 0x0000000084700000, 0x0000000084600000| Untracked 
|  71|0x0000000084700000, 0x0000000084800000, 0x0000000084800000|100%| O|  |TAMS 0x0000000084800000, 0x0000000084700000| Untracked 
|  72|0x0000000084800000, 0x0000000084900000, 0x0000000084900000|100%| O|  |TAMS 0x0000000084900000, 0x0000000084800000| Untracked 
|  73|0x0000000084900000, 0x0000000084a00000, 0x0000000084a00000|100%| O|  |TAMS 0x0000000084a00000, 0x0000000084900000| Untracked 
|  74|0x0000000084a00000, 0x0000000084b00000, 0x0000000084b00000|100%| O|  |TAMS 0x0000000084b00000, 0x0000000084a00000| Untracked 
|  75|0x0000000084b00000, 0x0000000084c00000, 0x0000000084c00000|100%| O|  |TAMS 0x0000000084b84200, 0x0000000084b00000| Untracked 
|  76|0x0000000084c00000, 0x0000000084d00000, 0x0000000084d00000|100%| O|  |TAMS 0x0000000084c00000, 0x0000000084c00000| Untracked 
|  77|0x0000000084d00000, 0x0000000084e00000, 0x0000000084e00000|100%| O|  |TAMS 0x0000000084d00000, 0x0000000084d00000| Untracked 
|  78|0x0000000084e00000, 0x0000000084f00000, 0x0000000084f00000|100%| O|  |TAMS 0x0000000084e00000, 0x0000000084e00000| Untracked 
|  79|0x0000000084f00000, 0x0000000085000000, 0x0000000085000000|100%| O|  |TAMS 0x0000000084f00000, 0x0000000084f00000| Untracked 
|  80|0x0000000085000000, 0x0000000085100000, 0x0000000085100000|100%| O|  |TAMS 0x0000000085000000, 0x0000000085000000| Untracked 
|  81|0x0000000085100000, 0x0000000085200000, 0x0000000085200000|100%| O|  |TAMS 0x0000000085100000, 0x0000000085100000| Untracked 
|  82|0x0000000085200000, 0x0000000085300000, 0x0000000085300000|100%|HS|  |TAMS 0x0000000085200000, 0x0000000085200000| Complete 
|  83|0x0000000085300000, 0x0000000085400000, 0x0000000085400000|100%|HC|  |TAMS 0x0000000085300000, 0x0000000085300000| Complete 
|  84|0x0000000085400000, 0x0000000085500000, 0x0000000085500000|100%|HC|  |TAMS 0x0000000085400000, 0x0000000085400000| Complete 
|  85|0x0000000085500000, 0x0000000085600000, 0x0000000085600000|100%|HS|  |TAMS 0x0000000085500000, 0x0000000085500000| Complete 
|  86|0x0000000085600000, 0x0000000085700000, 0x0000000085700000|100%|HS|  |TAMS 0x0000000085600000, 0x0000000085600000| Complete 
|  87|0x0000000085700000, 0x0000000085800000, 0x0000000085800000|100%|HC|  |TAMS 0x0000000085700000, 0x0000000085700000| Complete 
|  88|0x0000000085800000, 0x0000000085900000, 0x0000000085900000|100%|HC|  |TAMS 0x0000000085800000, 0x0000000085800000| Complete 
|  89|0x0000000085900000, 0x0000000085a00000, 0x0000000085a00000|100%|HS|  |TAMS 0x0000000085900000, 0x0000000085900000| Complete 
|  90|0x0000000085a00000, 0x0000000085b00000, 0x0000000085b00000|100%|HC|  |TAMS 0x0000000085a00000, 0x0000000085a00000| Complete 
|  91|0x0000000085b00000, 0x0000000085c00000, 0x0000000085c00000|100%|HC|  |TAMS 0x0000000085b00000, 0x0000000085b00000| Complete 
|  92|0x0000000085c00000, 0x0000000085d00000, 0x0000000085d00000|100%| O|  |TAMS 0x0000000085c00000, 0x0000000085c00000| Untracked 
|  93|0x0000000085d00000, 0x0000000085e00000, 0x0000000085e00000|100%| O|  |TAMS 0x0000000085d00000, 0x0000000085d00000| Untracked 
|  94|0x0000000085e00000, 0x0000000085f00000, 0x0000000085f00000|100%| O|  |TAMS 0x0000000085e00000, 0x0000000085e00000| Untracked 
|  95|0x0000000085f00000, 0x0000000086000000, 0x0000000086000000|100%| O|  |TAMS 0x0000000085f00000, 0x0000000085f00000| Untracked 
|  96|0x0000000086000000, 0x0000000086100000, 0x0000000086100000|100%| O|  |TAMS 0x0000000086000000, 0x0000000086000000| Untracked 
|  97|0x0000000086100000, 0x0000000086200000, 0x0000000086200000|100%| O|  |TAMS 0x0000000086100000, 0x0000000086100000| Untracked 
|  98|0x0000000086200000, 0x0000000086300000, 0x0000000086300000|100%| O|  |TAMS 0x0000000086200000, 0x0000000086200000| Untracked 
|  99|0x0000000086300000, 0x0000000086400000, 0x0000000086400000|100%| O|  |TAMS 0x0000000086300000, 0x0000000086300000| Untracked 
| 100|0x0000000086400000, 0x0000000086500000, 0x0000000086500000|100%| O|  |TAMS 0x0000000086400000, 0x0000000086400000| Untracked 
| 101|0x0000000086500000, 0x0000000086600000, 0x0000000086600000|100%| O|  |TAMS 0x0000000086500000, 0x0000000086500000| Untracked 
| 102|0x0000000086600000, 0x0000000086700000, 0x0000000086700000|100%| O|  |TAMS 0x0000000086600000, 0x0000000086600000| Untracked 
| 103|0x0000000086700000, 0x0000000086800000, 0x0000000086800000|100%| O|  |TAMS 0x0000000086700000, 0x0000000086700000| Untracked 
| 104|0x0000000086800000, 0x0000000086900000, 0x0000000086900000|100%| O|  |TAMS 0x0000000086800000, 0x0000000086800000| Untracked 
| 105|0x0000000086900000, 0x0000000086a00000, 0x0000000086a00000|100%| O|  |TAMS 0x0000000086900000, 0x0000000086900000| Untracked 
| 106|0x0000000086a00000, 0x0000000086b00000, 0x0000000086b00000|100%| O|  |TAMS 0x0000000086a00000, 0x0000000086a00000| Untracked 
| 107|0x0000000086b00000, 0x0000000086c00000, 0x0000000086c00000|100%| O|  |TAMS 0x0000000086b00000, 0x0000000086b00000| Untracked 
| 108|0x0000000086c00000, 0x0000000086d00000, 0x0000000086d00000|100%| O|  |TAMS 0x0000000086c00000, 0x0000000086c00000| Untracked 
| 109|0x0000000086d00000, 0x0000000086e00000, 0x0000000086e00000|100%| O|  |TAMS 0x0000000086d00000, 0x0000000086d00000| Untracked 
| 110|0x0000000086e00000, 0x0000000086f00000, 0x0000000086f00000|100%| O|  |TAMS 0x0000000086e00000, 0x0000000086e00000| Untracked 
| 111|0x0000000086f00000, 0x0000000087000000, 0x0000000087000000|100%| O|  |TAMS 0x0000000086f00000, 0x0000000086f00000| Untracked 
| 112|0x0000000087000000, 0x0000000087100000, 0x0000000087100000|100%| O|  |TAMS 0x0000000087000000, 0x0000000087000000| Untracked 
| 113|0x0000000087100000, 0x0000000087200000, 0x0000000087200000|100%| O|  |TAMS 0x0000000087100000, 0x0000000087100000| Untracked 
| 114|0x0000000087200000, 0x0000000087300000, 0x0000000087300000|100%| O|  |TAMS 0x0000000087200000, 0x0000000087200000| Untracked 
| 115|0x0000000087300000, 0x0000000087400000, 0x0000000087400000|100%| O|  |TAMS 0x0000000087300000, 0x0000000087300000| Untracked 
| 116|0x0000000087400000, 0x0000000087500000, 0x0000000087500000|100%| O|  |TAMS 0x0000000087400000, 0x0000000087400000| Untracked 
| 117|0x0000000087500000, 0x0000000087600000, 0x0000000087600000|100%| O|  |TAMS 0x0000000087500000, 0x0000000087500000| Untracked 
| 118|0x0000000087600000, 0x0000000087700000, 0x0000000087700000|100%| O|  |TAMS 0x0000000087600000, 0x0000000087600000| Untracked 
| 119|0x0000000087700000, 0x0000000087800000, 0x0000000087800000|100%| O|  |TAMS 0x0000000087700000, 0x0000000087700000| Untracked 
| 120|0x0000000087800000, 0x0000000087900000, 0x0000000087900000|100%| O|  |TAMS 0x0000000087800000, 0x0000000087800000| Untracked 
| 121|0x0000000087900000, 0x0000000087a00000, 0x0000000087a00000|100%| O|  |TAMS 0x0000000087900000, 0x0000000087900000| Untracked 
| 122|0x0000000087a00000, 0x0000000087b00000, 0x0000000087b00000|100%| O|  |TAMS 0x0000000087a00000, 0x0000000087a00000| Untracked 
| 123|0x0000000087b00000, 0x0000000087c00000, 0x0000000087c00000|100%| O|  |TAMS 0x0000000087b00000, 0x0000000087b00000| Untracked 
| 124|0x0000000087c00000, 0x0000000087d00000, 0x0000000087d00000|100%| O|  |TAMS 0x0000000087c00000, 0x0000000087c00000| Untracked 
| 125|0x0000000087d00000, 0x0000000087e00000, 0x0000000087e00000|100%| O|  |TAMS 0x0000000087d00000, 0x0000000087d00000| Untracked 
| 126|0x0000000087e00000, 0x0000000087f00000, 0x0000000087f00000|100%| O|  |TAMS 0x0000000087e00000, 0x0000000087e00000| Untracked 
| 127|0x0000000087f00000, 0x0000000088000000, 0x0000000088000000|100%| O|  |TAMS 0x0000000087f00000, 0x0000000087f00000| Untracked 
| 128|0x0000000088000000, 0x0000000088100000, 0x0000000088100000|100%| O|  |TAMS 0x0000000088000000, 0x0000000088000000| Untracked 
| 129|0x0000000088100000, 0x0000000088200000, 0x0000000088200000|100%| O|  |TAMS 0x0000000088100000, 0x0000000088100000| Untracked 
| 130|0x0000000088200000, 0x0000000088300000, 0x0000000088300000|100%| O|  |TAMS 0x0000000088200000, 0x0000000088200000| Untracked 
| 131|0x0000000088300000, 0x0000000088400000, 0x0000000088400000|100%| O|  |TAMS 0x0000000088300000, 0x0000000088300000| Untracked 
| 132|0x0000000088400000, 0x0000000088500000, 0x0000000088500000|100%| O|  |TAMS 0x0000000088400000, 0x0000000088400000| Untracked 
| 133|0x0000000088500000, 0x0000000088600000, 0x0000000088600000|100%| O|  |TAMS 0x0000000088500000, 0x0000000088500000| Untracked 
| 134|0x0000000088600000, 0x0000000088700000, 0x0000000088700000|100%| O|  |TAMS 0x0000000088600000, 0x0000000088600000| Untracked 
| 135|0x0000000088700000, 0x0000000088800000, 0x0000000088800000|100%| O|  |TAMS 0x0000000088700000, 0x0000000088700000| Untracked 
| 136|0x0000000088800000, 0x0000000088900000, 0x0000000088900000|100%| O|  |TAMS 0x0000000088800000, 0x0000000088800000| Untracked 
| 137|0x0000000088900000, 0x0000000088a00000, 0x0000000088a00000|100%| O|  |TAMS 0x0000000088900000, 0x0000000088900000| Untracked 
| 138|0x0000000088a00000, 0x0000000088b00000, 0x0000000088b00000|100%| O|  |TAMS 0x0000000088a00000, 0x0000000088a00000| Untracked 
| 139|0x0000000088b00000, 0x0000000088c00000, 0x0000000088c00000|100%| O|  |TAMS 0x0000000088b00000, 0x0000000088b00000| Untracked 
| 140|0x0000000088c00000, 0x0000000088d00000, 0x0000000088d00000|100%| O|  |TAMS 0x0000000088c00000, 0x0000000088c00000| Untracked 
| 141|0x0000000088d00000, 0x0000000088e00000, 0x0000000088e00000|100%| O|  |TAMS 0x0000000088d00000, 0x0000000088d00000| Untracked 
| 142|0x0000000088e00000, 0x0000000088f00000, 0x0000000088f00000|100%| O|  |TAMS 0x0000000088e00000, 0x0000000088e00000| Untracked 
| 143|0x0000000088f00000, 0x0000000089000000, 0x0000000089000000|100%| O|  |TAMS 0x0000000088f00000, 0x0000000088f00000| Untracked 
| 144|0x0000000089000000, 0x0000000089100000, 0x0000000089100000|100%| O|  |TAMS 0x0000000089000000, 0x0000000089000000| Untracked 
| 145|0x0000000089100000, 0x0000000089200000, 0x0000000089200000|100%| O|  |TAMS 0x0000000089100000, 0x0000000089100000| Untracked 
| 146|0x0000000089200000, 0x0000000089300000, 0x0000000089300000|100%| O|  |TAMS 0x0000000089200000, 0x0000000089200000| Untracked 
| 147|0x0000000089300000, 0x0000000089400000, 0x0000000089400000|100%| O|  |TAMS 0x0000000089300000, 0x0000000089300000| Untracked 
| 148|0x0000000089400000, 0x000000008947e400, 0x0000000089500000| 49%| O|  |TAMS 0x0000000089400000, 0x0000000089400000| Untracked 
| 149|0x0000000089500000, 0x0000000089500000, 0x0000000089600000|  0%| F|  |TAMS 0x0000000089500000, 0x0000000089500000| Untracked 
| 150|0x0000000089600000, 0x0000000089600000, 0x0000000089700000|  0%| F|  |TAMS 0x0000000089600000, 0x0000000089600000| Untracked 
| 151|0x0000000089700000, 0x0000000089700000, 0x0000000089800000|  0%| F|  |TAMS 0x0000000089700000, 0x0000000089700000| Untracked 
| 152|0x0000000089800000, 0x0000000089800000, 0x0000000089900000|  0%| F|  |TAMS 0x0000000089800000, 0x0000000089800000| Untracked 
| 153|0x0000000089900000, 0x0000000089900000, 0x0000000089a00000|  0%| F|  |TAMS 0x0000000089900000, 0x0000000089900000| Untracked 
| 154|0x0000000089a00000, 0x0000000089a00000, 0x0000000089b00000|  0%| F|  |TAMS 0x0000000089a00000, 0x0000000089a00000| Untracked 
| 155|0x0000000089b00000, 0x0000000089b00000, 0x0000000089c00000|  0%| F|  |TAMS 0x0000000089b00000, 0x0000000089b00000| Untracked 
| 156|0x0000000089c00000, 0x0000000089c00000, 0x0000000089d00000|  0%| F|  |TAMS 0x0000000089c00000, 0x0000000089c00000| Untracked 
| 157|0x0000000089d00000, 0x0000000089d00000, 0x0000000089e00000|  0%| F|  |TAMS 0x0000000089d00000, 0x0000000089d00000| Untracked 
| 158|0x0000000089e00000, 0x0000000089e00000, 0x0000000089f00000|  0%| F|  |TAMS 0x0000000089e00000, 0x0000000089e00000| Untracked 
| 159|0x0000000089f00000, 0x0000000089f00000, 0x000000008a000000|  0%| F|  |TAMS 0x0000000089f00000, 0x0000000089f00000| Untracked 
| 160|0x000000008a000000, 0x000000008a000000, 0x000000008a100000|  0%| F|  |TAMS 0x000000008a000000, 0x000000008a000000| Untracked 
| 161|0x000000008a100000, 0x000000008a100000, 0x000000008a200000|  0%| F|  |TAMS 0x000000008a100000, 0x000000008a100000| Untracked 
| 162|0x000000008a200000, 0x000000008a200000, 0x000000008a300000|  0%| F|  |TAMS 0x000000008a200000, 0x000000008a200000| Untracked 
| 163|0x000000008a300000, 0x000000008a300000, 0x000000008a400000|  0%| F|  |TAMS 0x000000008a300000, 0x000000008a300000| Untracked 
| 164|0x000000008a400000, 0x000000008a400000, 0x000000008a500000|  0%| F|  |TAMS 0x000000008a400000, 0x000000008a400000| Untracked 
| 165|0x000000008a500000, 0x000000008a500000, 0x000000008a600000|  0%| F|  |TAMS 0x000000008a500000, 0x000000008a500000| Untracked 
| 166|0x000000008a600000, 0x000000008a600000, 0x000000008a700000|  0%| F|  |TAMS 0x000000008a600000, 0x000000008a600000| Untracked 
| 167|0x000000008a700000, 0x000000008a700000, 0x000000008a800000|  0%| F|  |TAMS 0x000000008a700000, 0x000000008a700000| Untracked 
| 168|0x000000008a800000, 0x000000008a800000, 0x000000008a900000|  0%| F|  |TAMS 0x000000008a800000, 0x000000008a800000| Untracked 
| 169|0x000000008a900000, 0x000000008a900000, 0x000000008aa00000|  0%| F|  |TAMS 0x000000008a900000, 0x000000008a900000| Untracked 
| 170|0x000000008aa00000, 0x000000008aa00000, 0x000000008ab00000|  0%| F|  |TAMS 0x000000008aa00000, 0x000000008aa00000| Untracked 
| 171|0x000000008ab00000, 0x000000008ab00000, 0x000000008ac00000|  0%| F|  |TAMS 0x000000008ab00000, 0x000000008ab00000| Untracked 
| 172|0x000000008ac00000, 0x000000008ac00000, 0x000000008ad00000|  0%| F|  |TAMS 0x000000008ac00000, 0x000000008ac00000| Untracked 
| 173|0x000000008ad00000, 0x000000008ad00000, 0x000000008ae00000|  0%| F|  |TAMS 0x000000008ad00000, 0x000000008ad00000| Untracked 
| 174|0x000000008ae00000, 0x000000008ae00000, 0x000000008af00000|  0%| F|  |TAMS 0x000000008ae00000, 0x000000008ae00000| Untracked 
| 175|0x000000008af00000, 0x000000008af00000, 0x000000008b000000|  0%| F|  |TAMS 0x000000008af00000, 0x000000008af00000| Untracked 
| 176|0x000000008b000000, 0x000000008b000000, 0x000000008b100000|  0%| F|  |TAMS 0x000000008b000000, 0x000000008b000000| Untracked 
| 177|0x000000008b100000, 0x000000008b100000, 0x000000008b200000|  0%| F|  |TAMS 0x000000008b100000, 0x000000008b100000| Untracked 
| 178|0x000000008b200000, 0x000000008b200000, 0x000000008b300000|  0%| F|  |TAMS 0x000000008b200000, 0x000000008b200000| Untracked 
| 179|0x000000008b300000, 0x000000008b300000, 0x000000008b400000|  0%| F|  |TAMS 0x000000008b300000, 0x000000008b300000| Untracked 
| 180|0x000000008b400000, 0x000000008b400000, 0x000000008b500000|  0%| F|  |TAMS 0x000000008b400000, 0x000000008b400000| Untracked 
| 181|0x000000008b500000, 0x000000008b500000, 0x000000008b600000|  0%| F|  |TAMS 0x000000008b500000, 0x000000008b500000| Untracked 
| 182|0x000000008b600000, 0x000000008b600000, 0x000000008b700000|  0%| F|  |TAMS 0x000000008b600000, 0x000000008b600000| Untracked 
| 183|0x000000008b700000, 0x000000008b700000, 0x000000008b800000|  0%| F|  |TAMS 0x000000008b700000, 0x000000008b700000| Untracked 
| 184|0x000000008b800000, 0x000000008b800000, 0x000000008b900000|  0%| F|  |TAMS 0x000000008b800000, 0x000000008b800000| Untracked 
| 185|0x000000008b900000, 0x000000008b900000, 0x000000008ba00000|  0%| F|  |TAMS 0x000000008b900000, 0x000000008b900000| Untracked 
| 186|0x000000008ba00000, 0x000000008ba00000, 0x000000008bb00000|  0%| F|  |TAMS 0x000000008ba00000, 0x000000008ba00000| Untracked 
| 187|0x000000008bb00000, 0x000000008bb00000, 0x000000008bc00000|  0%| F|  |TAMS 0x000000008bb00000, 0x000000008bb00000| Untracked 
| 188|0x000000008bc00000, 0x000000008bc00000, 0x000000008bd00000|  0%| F|  |TAMS 0x000000008bc00000, 0x000000008bc00000| Untracked 
| 189|0x000000008bd00000, 0x000000008bd00000, 0x000000008be00000|  0%| F|  |TAMS 0x000000008bd00000, 0x000000008bd00000| Untracked 
| 190|0x000000008be00000, 0x000000008be00000, 0x000000008bf00000|  0%| F|  |TAMS 0x000000008be00000, 0x000000008be00000| Untracked 
| 191|0x000000008bf00000, 0x000000008bf00000, 0x000000008c000000|  0%| F|  |TAMS 0x000000008bf00000, 0x000000008bf00000| Untracked 
| 192|0x000000008c000000, 0x000000008c000000, 0x000000008c100000|  0%| F|  |TAMS 0x000000008c000000, 0x000000008c000000| Untracked 
| 193|0x000000008c100000, 0x000000008c100000, 0x000000008c200000|  0%| F|  |TAMS 0x000000008c100000, 0x000000008c100000| Untracked 
| 194|0x000000008c200000, 0x000000008c200000, 0x000000008c300000|  0%| F|  |TAMS 0x000000008c200000, 0x000000008c200000| Untracked 
| 195|0x000000008c300000, 0x000000008c300000, 0x000000008c400000|  0%| F|  |TAMS 0x000000008c300000, 0x000000008c300000| Untracked 
| 196|0x000000008c400000, 0x000000008c400000, 0x000000008c500000|  0%| F|  |TAMS 0x000000008c400000, 0x000000008c400000| Untracked 
| 197|0x000000008c500000, 0x000000008c580000, 0x000000008c600000| 50%| S|CS|TAMS 0x000000008c500000, 0x000000008c500000| Complete 
| 198|0x000000008c600000, 0x000000008c700000, 0x000000008c700000|100%| S|CS|TAMS 0x000000008c600000, 0x000000008c600000| Complete 
| 199|0x000000008c700000, 0x000000008c800000, 0x000000008c800000|100%| S|CS|TAMS 0x000000008c700000, 0x000000008c700000| Complete 
| 200|0x000000008c800000, 0x000000008c800000, 0x000000008c900000|  0%| F|  |TAMS 0x000000008c800000, 0x000000008c800000| Untracked 
| 201|0x000000008c900000, 0x000000008c900000, 0x000000008ca00000|  0%| F|  |TAMS 0x000000008c900000, 0x000000008c900000| Untracked 
| 202|0x000000008ca00000, 0x000000008ca00000, 0x000000008cb00000|  0%| F|  |TAMS 0x000000008ca00000, 0x000000008ca00000| Untracked 
| 203|0x000000008cb00000, 0x000000008cc00000, 0x000000008cc00000|100%| S|CS|TAMS 0x000000008cb00000, 0x000000008cb00000| Complete 
| 204|0x000000008cc00000, 0x000000008cd00000, 0x000000008cd00000|100%| S|CS|TAMS 0x000000008cc00000, 0x000000008cc00000| Complete 
| 205|0x000000008cd00000, 0x000000008ce00000, 0x000000008ce00000|100%| S|CS|TAMS 0x000000008cd00000, 0x000000008cd00000| Complete 
| 206|0x000000008ce00000, 0x000000008cf00000, 0x000000008cf00000|100%| S|CS|TAMS 0x000000008ce00000, 0x000000008ce00000| Complete 
| 207|0x000000008cf00000, 0x000000008d000000, 0x000000008d000000|100%| S|CS|TAMS 0x000000008cf00000, 0x000000008cf00000| Complete 
| 208|0x000000008d000000, 0x000000008d000000, 0x000000008d100000|  0%| F|  |TAMS 0x000000008d000000, 0x000000008d000000| Untracked 
| 209|0x000000008d100000, 0x000000008d100000, 0x000000008d200000|  0%| F|  |TAMS 0x000000008d100000, 0x000000008d100000| Untracked 
| 210|0x000000008d200000, 0x000000008d200000, 0x000000008d300000|  0%| F|  |TAMS 0x000000008d200000, 0x000000008d200000| Untracked 
| 211|0x000000008d300000, 0x000000008d300000, 0x000000008d400000|  0%| F|  |TAMS 0x000000008d300000, 0x000000008d300000| Untracked 
| 212|0x000000008d400000, 0x000000008d400000, 0x000000008d500000|  0%| F|  |TAMS 0x000000008d400000, 0x000000008d400000| Untracked 
| 213|0x000000008d500000, 0x000000008d500000, 0x000000008d600000|  0%| F|  |TAMS 0x000000008d500000, 0x000000008d500000| Untracked 
| 214|0x000000008d600000, 0x000000008d600000, 0x000000008d700000|  0%| F|  |TAMS 0x000000008d600000, 0x000000008d600000| Untracked 
| 215|0x000000008d700000, 0x000000008d700000, 0x000000008d800000|  0%| F|  |TAMS 0x000000008d700000, 0x000000008d700000| Untracked 
| 216|0x000000008d800000, 0x000000008d85da80, 0x000000008d900000| 36%| E|  |TAMS 0x000000008d800000, 0x000000008d800000| Complete 
| 217|0x000000008d900000, 0x000000008da00000, 0x000000008da00000|100%| E|CS|TAMS 0x000000008d900000, 0x000000008d900000| Complete 
| 218|0x000000008da00000, 0x000000008db00000, 0x000000008db00000|100%| E|CS|TAMS 0x000000008da00000, 0x000000008da00000| Complete 
| 219|0x000000008db00000, 0x000000008dc00000, 0x000000008dc00000|100%| E|CS|TAMS 0x000000008db00000, 0x000000008db00000| Complete 
| 220|0x000000008dc00000, 0x000000008dd00000, 0x000000008dd00000|100%| E|CS|TAMS 0x000000008dc00000, 0x000000008dc00000| Complete 
| 221|0x000000008dd00000, 0x000000008de00000, 0x000000008de00000|100%| E|CS|TAMS 0x000000008dd00000, 0x000000008dd00000| Complete 
| 222|0x000000008de00000, 0x000000008df00000, 0x000000008df00000|100%| E|CS|TAMS 0x000000008de00000, 0x000000008de00000| Complete 
| 223|0x000000008df00000, 0x000000008e000000, 0x000000008e000000|100%| E|CS|TAMS 0x000000008df00000, 0x000000008df00000| Complete 
| 224|0x000000008e000000, 0x000000008e100000, 0x000000008e100000|100%| E|CS|TAMS 0x000000008e000000, 0x000000008e000000| Complete 
| 225|0x000000008e100000, 0x000000008e200000, 0x000000008e200000|100%| E|CS|TAMS 0x000000008e100000, 0x000000008e100000| Complete 
| 226|0x000000008e200000, 0x000000008e300000, 0x000000008e300000|100%| E|CS|TAMS 0x000000008e200000, 0x000000008e200000| Complete 
| 227|0x000000008e300000, 0x000000008e400000, 0x000000008e400000|100%| E|CS|TAMS 0x000000008e300000, 0x000000008e300000| Complete 
| 228|0x000000008e400000, 0x000000008e500000, 0x000000008e500000|100%| E|CS|TAMS 0x000000008e400000, 0x000000008e400000| Complete 
| 229|0x000000008e500000, 0x000000008e600000, 0x000000008e600000|100%| E|CS|TAMS 0x000000008e500000, 0x000000008e500000| Complete 
| 230|0x000000008e600000, 0x000000008e700000, 0x000000008e700000|100%| E|CS|TAMS 0x000000008e600000, 0x000000008e600000| Complete 
| 231|0x000000008e700000, 0x000000008e800000, 0x000000008e800000|100%| E|CS|TAMS 0x000000008e700000, 0x000000008e700000| Complete 
| 232|0x000000008e800000, 0x000000008e900000, 0x000000008e900000|100%| E|CS|TAMS 0x000000008e800000, 0x000000008e800000| Complete 
| 233|0x000000008e900000, 0x000000008ea00000, 0x000000008ea00000|100%| E|CS|TAMS 0x000000008e900000, 0x000000008e900000| Complete 
| 234|0x000000008ea00000, 0x000000008eb00000, 0x000000008eb00000|100%| E|CS|TAMS 0x000000008ea00000, 0x000000008ea00000| Complete 
| 235|0x000000008eb00000, 0x000000008ec00000, 0x000000008ec00000|100%| E|CS|TAMS 0x000000008eb00000, 0x000000008eb00000| Complete 
| 236|0x000000008ec00000, 0x000000008ed00000, 0x000000008ed00000|100%| E|CS|TAMS 0x000000008ec00000, 0x000000008ec00000| Complete 
| 237|0x000000008ed00000, 0x000000008ee00000, 0x000000008ee00000|100%| E|CS|TAMS 0x000000008ed00000, 0x000000008ed00000| Complete 
| 238|0x000000008ee00000, 0x000000008ef00000, 0x000000008ef00000|100%| E|CS|TAMS 0x000000008ee00000, 0x000000008ee00000| Complete 
| 239|0x000000008ef00000, 0x000000008f000000, 0x000000008f000000|100%| E|CS|TAMS 0x000000008ef00000, 0x000000008ef00000| Complete 
| 240|0x000000008f000000, 0x000000008f100000, 0x000000008f100000|100%| E|CS|TAMS 0x000000008f000000, 0x000000008f000000| Complete 
| 241|0x000000008f100000, 0x000000008f200000, 0x000000008f200000|100%| E|CS|TAMS 0x000000008f100000, 0x000000008f100000| Complete 
| 242|0x000000008f200000, 0x000000008f300000, 0x000000008f300000|100%| E|CS|TAMS 0x000000008f200000, 0x000000008f200000| Complete 
| 243|0x000000008f300000, 0x000000008f400000, 0x000000008f400000|100%| E|CS|TAMS 0x000000008f300000, 0x000000008f300000| Complete 
| 244|0x000000008f400000, 0x000000008f500000, 0x000000008f500000|100%| E|CS|TAMS 0x000000008f400000, 0x000000008f400000| Complete 
| 245|0x000000008f500000, 0x000000008f600000, 0x000000008f600000|100%| E|CS|TAMS 0x000000008f500000, 0x000000008f500000| Complete 
| 246|0x000000008f600000, 0x000000008f700000, 0x000000008f700000|100%| E|CS|TAMS 0x000000008f600000, 0x000000008f600000| Complete 
| 247|0x000000008f700000, 0x000000008f800000, 0x000000008f800000|100%| E|CS|TAMS 0x000000008f700000, 0x000000008f700000| Complete 
| 248|0x000000008f800000, 0x000000008f900000, 0x000000008f900000|100%| E|CS|TAMS 0x000000008f800000, 0x000000008f800000| Complete 
| 249|0x000000008f900000, 0x000000008fa00000, 0x000000008fa00000|100%| E|CS|TAMS 0x000000008f900000, 0x000000008f900000| Complete 
| 250|0x000000008fa00000, 0x000000008fb00000, 0x000000008fb00000|100%| E|CS|TAMS 0x000000008fa00000, 0x000000008fa00000| Complete 
| 251|0x000000008fb00000, 0x000000008fc00000, 0x000000008fc00000|100%| E|CS|TAMS 0x000000008fb00000, 0x000000008fb00000| Complete 
| 252|0x000000008fc00000, 0x000000008fd00000, 0x000000008fd00000|100%| E|CS|TAMS 0x000000008fc00000, 0x000000008fc00000| Complete 
| 253|0x000000008fd00000, 0x000000008fe00000, 0x000000008fe00000|100%| E|CS|TAMS 0x000000008fd00000, 0x000000008fd00000| Complete 
| 254|0x000000008fe00000, 0x000000008ff00000, 0x000000008ff00000|100%| E|CS|TAMS 0x000000008fe00000, 0x000000008fe00000| Complete 
| 255|0x000000008ff00000, 0x0000000090000000, 0x0000000090000000|100%| E|CS|TAMS 0x000000008ff00000, 0x000000008ff00000| Complete 
| 256|0x0000000090000000, 0x0000000090100000, 0x0000000090100000|100%| E|CS|TAMS 0x0000000090000000, 0x0000000090000000| Complete 
| 257|0x0000000090100000, 0x0000000090200000, 0x0000000090200000|100%| E|CS|TAMS 0x0000000090100000, 0x0000000090100000| Complete 
| 258|0x0000000090200000, 0x0000000090300000, 0x0000000090300000|100%| E|CS|TAMS 0x0000000090200000, 0x0000000090200000| Complete 
| 259|0x0000000090300000, 0x0000000090400000, 0x0000000090400000|100%| E|CS|TAMS 0x0000000090300000, 0x0000000090300000| Complete 
| 260|0x0000000090400000, 0x0000000090500000, 0x0000000090500000|100%| E|CS|TAMS 0x0000000090400000, 0x0000000090400000| Complete 
| 261|0x0000000090500000, 0x0000000090600000, 0x0000000090600000|100%| E|CS|TAMS 0x0000000090500000, 0x0000000090500000| Complete 
| 262|0x0000000090600000, 0x0000000090700000, 0x0000000090700000|100%| E|CS|TAMS 0x0000000090600000, 0x0000000090600000| Complete 
| 263|0x0000000090700000, 0x0000000090800000, 0x0000000090800000|100%| E|CS|TAMS 0x0000000090700000, 0x0000000090700000| Complete 
| 264|0x0000000090800000, 0x0000000090900000, 0x0000000090900000|100%| E|CS|TAMS 0x0000000090800000, 0x0000000090800000| Complete 
| 265|0x0000000090900000, 0x0000000090a00000, 0x0000000090a00000|100%| E|CS|TAMS 0x0000000090900000, 0x0000000090900000| Complete 
| 266|0x0000000090a00000, 0x0000000090b00000, 0x0000000090b00000|100%| E|CS|TAMS 0x0000000090a00000, 0x0000000090a00000| Complete 
| 267|0x0000000090b00000, 0x0000000090c00000, 0x0000000090c00000|100%| E|CS|TAMS 0x0000000090b00000, 0x0000000090b00000| Complete 
| 268|0x0000000090c00000, 0x0000000090d00000, 0x0000000090d00000|100%| E|CS|TAMS 0x0000000090c00000, 0x0000000090c00000| Complete 
| 269|0x0000000090d00000, 0x0000000090e00000, 0x0000000090e00000|100%| E|CS|TAMS 0x0000000090d00000, 0x0000000090d00000| Complete 
| 270|0x0000000090e00000, 0x0000000090f00000, 0x0000000090f00000|100%| E|CS|TAMS 0x0000000090e00000, 0x0000000090e00000| Complete 
| 271|0x0000000090f00000, 0x0000000091000000, 0x0000000091000000|100%| E|CS|TAMS 0x0000000090f00000, 0x0000000090f00000| Complete 
| 272|0x0000000091000000, 0x0000000091100000, 0x0000000091100000|100%| E|CS|TAMS 0x0000000091000000, 0x0000000091000000| Complete 
| 273|0x0000000091100000, 0x0000000091200000, 0x0000000091200000|100%| E|CS|TAMS 0x0000000091100000, 0x0000000091100000| Complete 
| 274|0x0000000091200000, 0x0000000091300000, 0x0000000091300000|100%| E|CS|TAMS 0x0000000091200000, 0x0000000091200000| Complete 
| 275|0x0000000091300000, 0x0000000091400000, 0x0000000091400000|100%| E|CS|TAMS 0x0000000091300000, 0x0000000091300000| Complete 
| 276|0x0000000091400000, 0x0000000091500000, 0x0000000091500000|100%| E|CS|TAMS 0x0000000091400000, 0x0000000091400000| Complete 
| 277|0x0000000091500000, 0x0000000091600000, 0x0000000091600000|100%| E|CS|TAMS 0x0000000091500000, 0x0000000091500000| Complete 
| 278|0x0000000091600000, 0x0000000091700000, 0x0000000091700000|100%| E|CS|TAMS 0x0000000091600000, 0x0000000091600000| Complete 
| 279|0x0000000091700000, 0x0000000091800000, 0x0000000091800000|100%| E|CS|TAMS 0x0000000091700000, 0x0000000091700000| Complete 
| 280|0x0000000091800000, 0x0000000091900000, 0x0000000091900000|100%| E|CS|TAMS 0x0000000091800000, 0x0000000091800000| Complete 
| 281|0x0000000091900000, 0x0000000091a00000, 0x0000000091a00000|100%| E|CS|TAMS 0x0000000091900000, 0x0000000091900000| Complete 
| 282|0x0000000091a00000, 0x0000000091b00000, 0x0000000091b00000|100%| E|CS|TAMS 0x0000000091a00000, 0x0000000091a00000| Complete 
| 283|0x0000000091b00000, 0x0000000091c00000, 0x0000000091c00000|100%| E|CS|TAMS 0x0000000091b00000, 0x0000000091b00000| Complete 
| 284|0x0000000091c00000, 0x0000000091d00000, 0x0000000091d00000|100%| E|CS|TAMS 0x0000000091c00000, 0x0000000091c00000| Complete 
| 285|0x0000000091d00000, 0x0000000091e00000, 0x0000000091e00000|100%| E|CS|TAMS 0x0000000091d00000, 0x0000000091d00000| Complete 
| 286|0x0000000091e00000, 0x0000000091f00000, 0x0000000091f00000|100%| E|CS|TAMS 0x0000000091e00000, 0x0000000091e00000| Complete 
| 287|0x0000000091f00000, 0x0000000092000000, 0x0000000092000000|100%| E|CS|TAMS 0x0000000091f00000, 0x0000000091f00000| Complete 
| 288|0x0000000092000000, 0x0000000092100000, 0x0000000092100000|100%| E|CS|TAMS 0x0000000092000000, 0x0000000092000000| Complete 
| 289|0x0000000092100000, 0x0000000092200000, 0x0000000092200000|100%| E|CS|TAMS 0x0000000092100000, 0x0000000092100000| Complete 
| 290|0x0000000092200000, 0x0000000092300000, 0x0000000092300000|100%| E|CS|TAMS 0x0000000092200000, 0x0000000092200000| Complete 
| 291|0x0000000092300000, 0x0000000092400000, 0x0000000092400000|100%| E|CS|TAMS 0x0000000092300000, 0x0000000092300000| Complete 
| 292|0x0000000092400000, 0x0000000092500000, 0x0000000092500000|100%| E|CS|TAMS 0x0000000092400000, 0x0000000092400000| Complete 
| 293|0x0000000092500000, 0x0000000092600000, 0x0000000092600000|100%| E|CS|TAMS 0x0000000092500000, 0x0000000092500000| Complete 
| 294|0x0000000092600000, 0x0000000092700000, 0x0000000092700000|100%| E|CS|TAMS 0x0000000092600000, 0x0000000092600000| Complete 
| 295|0x0000000092700000, 0x0000000092800000, 0x0000000092800000|100%| E|CS|TAMS 0x0000000092700000, 0x0000000092700000| Complete 
| 296|0x0000000092800000, 0x0000000092900000, 0x0000000092900000|100%| E|CS|TAMS 0x0000000092800000, 0x0000000092800000| Complete 
| 297|0x0000000092900000, 0x0000000092a00000, 0x0000000092a00000|100%| E|CS|TAMS 0x0000000092900000, 0x0000000092900000| Complete 

Card table byte_map: [0x0000017cbce30000,0x0000017cbd230000] _byte_map_base: 0x0000017cbca30000

Marking Bits (Prev, Next): (CMBitMap*) 0x0000017ca620ab30, (CMBitMap*) 0x0000017ca620ab70
 Prev Bits: [0x0000017cbd630000, 0x0000017cbf630000)
 Next Bits: [0x0000017cbf630000, 0x0000017cc1630000)

Polling page: 0x0000017ca40f0000

Metaspace:

Usage:
  Non-class:     80.36 MB used.
      Class:     12.67 MB used.
       Both:     93.03 MB used.

Virtual space:
  Non-class space:       88.00 MB reserved,      81.00 MB ( 92%) committed,  11 nodes.
      Class space:      412.00 MB reserved,      13.12 MB (  3%) committed,  1 nodes.
             Both:      500.00 MB reserved,      94.12 MB ( 19%) committed. 

Chunk freelists:
   Non-Class:  3.05 MB
       Class:  2.88 MB
        Both:  5.92 MB

MaxMetaspaceSize: 512.00 MB
CompressedClassSpaceSize: 412.00 MB
Initial GC threshold: 21.00 MB
Current GC threshold: 122.12 MB
CDS: on
MetaspaceReclaimPolicy: balanced
 - commit_granule_bytes: 65536.
 - commit_granule_words: 8192.
 - virtual_space_node_default_size: 1048576.
 - enlarge_chunks_in_place: 1.
 - new_chunks_are_fully_committed: 0.
 - uncommit_free_chunks: 1.
 - use_allocation_guard: 0.
 - handle_deallocations: 1.


Internal statistics:

num_allocs_failed_limit: 6.
num_arena_births: 1256.
num_arena_deaths: 0.
num_vsnodes_births: 12.
num_vsnodes_deaths: 0.
num_space_committed: 1506.
num_space_uncommitted: 0.
num_chunks_returned_to_freelist: 6.
num_chunks_taken_from_freelist: 5332.
num_chunk_merges: 6.
num_chunk_splits: 3477.
num_chunks_enlarged: 2230.
num_purges: 0.
num_inconsistent_stats: 0.

CodeHeap 'non-profiled nmethods': size=120000Kb used=8193Kb max_used=8193Kb free=111806Kb
 bounds [0x0000017cb5500000, 0x0000017cb5d10000, 0x0000017cbca30000]
CodeHeap 'profiled nmethods': size=120000Kb used=24008Kb max_used=24008Kb free=95991Kb
 bounds [0x0000017cadfd0000, 0x0000017caf750000, 0x0000017cb5500000]
CodeHeap 'non-nmethods': size=5760Kb used=2394Kb max_used=2473Kb free=3365Kb
 bounds [0x0000017cada30000, 0x0000017cadcb0000, 0x0000017cadfd0000]
 total_blobs=12957 nmethods=12032 adapters=837
 compilation: enabled
              stopped_count=0, restarted_count=0
 full_count=0

Compilation events (20 events):
Event: 206.716 Thread 0x0000017cc3aa9e80 nmethod 13627 0x0000017cb5cf8110 code [0x0000017cb5cf8280, 0x0000017cb5cf8318]
Event: 206.850 Thread 0x0000017ccec5afd0 nmethod 13626 0x0000017cb5cf8410 code [0x0000017cb5cf88c0, 0x0000017cb5cfca48]
Event: 207.069 Thread 0x0000017ccec5afd0 13694       4       javax.management.ObjectName::getDomainLength (9 bytes)
Event: 207.069 Thread 0x0000017ccec5afd0 nmethod 13694 0x0000017cb5cfe710 code [0x0000017cb5cfe880, 0x0000017cb5cfe8f8]
Event: 207.380 Thread 0x0000017cc3ab43b0 13695       3       java.util.concurrent.ScheduledThreadPoolExecutor$DelayedWorkQueue::finishPoll (43 bytes)
Event: 207.380 Thread 0x0000017cc3ab43b0 nmethod 13695 0x0000017caf73da90 code [0x0000017caf73dc60, 0x0000017caf73e268]
Event: 207.381 Thread 0x0000017cc3ab43b0 13696       3       java.util.concurrent.ScheduledThreadPoolExecutor$ScheduledFutureTask::run (57 bytes)
Event: 207.382 Thread 0x0000017cc3ab43b0 nmethod 13696 0x0000017caf73e410 code [0x0000017caf73e620, 0x0000017caf73eab8]
Event: 207.382 Thread 0x0000017cc3ab43b0 13697   !   3       java.util.concurrent.FutureTask::runAndReset (125 bytes)
Event: 207.387 Thread 0x0000017cc3ab43b0 nmethod 13697 0x0000017caf73ec10 code [0x0000017caf73f080, 0x0000017caf741388]
Event: 215.498 Thread 0x0000017cc3ab43b0 13698       1       org.gradle.cache.internal.DefaultFileLockManager$DefaultFileLock::access$500 (5 bytes)
Event: 215.499 Thread 0x0000017cc3ab43b0 nmethod 13698 0x0000017cb5cfea10 code [0x0000017cb5cfeba0, 0x0000017cb5cfec58]
Event: 215.499 Thread 0x0000017cc3ab43b0 13699       3       java.util.LinkedHashMap$LinkedValues::toArray (18 bytes)
Event: 215.500 Thread 0x0000017cc3ab43b0 nmethod 13699 0x0000017caf741e90 code [0x0000017caf742040, 0x0000017caf742228]
Event: 239.246 Thread 0x0000017cc3aa9e80 13700       4       org.gradle.internal.io.LineBufferingOutputStream::write (59 bytes)
Event: 239.250 Thread 0x0000017cc3ab43b0 13701       3       org.gradle.internal.logging.text.AbstractLineChoppingStyledTextOutput$3::execute (9 bytes)
Event: 239.250 Thread 0x0000017cc3ab43b0 nmethod 13701 0x0000017caf742310 code [0x0000017caf7424c0, 0x0000017caf742708]
Event: 239.250 Thread 0x0000017cc3ab43b0 13705       3       org.gradle.internal.operations.DefaultBuildOperationListenerManager$1::progress (47 bytes)
Event: 239.251 Thread 0x0000017cc3ab43b0 nmethod 13705 0x0000017caf742810 code [0x0000017caf742a00, 0x0000017caf742f88]
Event: 239.251 Thread 0x0000017cc3ab43b0 13702       3       org.gradle.internal.logging.text.AbstractLineChoppingStyledTextOutput$3::execute (73 bytes)

GC Heap History (20 events):
Event: 51.934 GC heap before
{Heap before GC invocations=38 (full 0):
 garbage-first heap   total 152576K, used 79174K [0x0000000080000000, 0x0000000100000000)
  region size 1024K, 7 young (7168K), 5 survivors (5120K)
 Metaspace       used 69743K, committed 70400K, reserved 487424K
  class space    used 9507K, committed 9792K, reserved 421888K
}
Event: 51.944 GC heap after
{Heap after GC invocations=39 (full 0):
 garbage-first heap   total 152576K, used 77162K [0x0000000080000000, 0x0000000100000000)
  region size 1024K, 1 young (1024K), 1 survivors (1024K)
 Metaspace       used 69743K, committed 70400K, reserved 487424K
  class space    used 9507K, committed 9792K, reserved 421888K
}
Event: 72.660 GC heap before
{Heap before GC invocations=39 (full 0):
 garbage-first heap   total 152576K, used 115050K [0x0000000080000000, 0x0000000100000000)
  region size 1024K, 38 young (38912K), 1 survivors (1024K)
 Metaspace       used 73673K, committed 74304K, reserved 487424K
  class space    used 10197K, committed 10496K, reserved 421888K
}
Event: 72.671 GC heap after
{Heap after GC invocations=40 (full 0):
 garbage-first heap   total 152576K, used 79568K [0x0000000080000000, 0x0000000100000000)
  region size 1024K, 4 young (4096K), 4 survivors (4096K)
 Metaspace       used 73673K, committed 74304K, reserved 487424K
  class space    used 10197K, committed 10496K, reserved 421888K
}
Event: 73.881 GC heap before
{Heap before GC invocations=41 (full 0):
 garbage-first heap   total 152576K, used 117456K [0x0000000080000000, 0x0000000100000000)
  region size 1024K, 41 young (41984K), 4 survivors (4096K)
 Metaspace       used 75585K, committed 76352K, reserved 495616K
  class space    used 10466K, committed 10816K, reserved 421888K
}
Event: 73.896 GC heap after
{Heap after GC invocations=42 (full 0):
 garbage-first heap   total 152576K, used 83241K [0x0000000080000000, 0x0000000100000000)
  region size 1024K, 6 young (6144K), 6 survivors (6144K)
 Metaspace       used 75585K, committed 76352K, reserved 495616K
  class space    used 10466K, committed 10816K, reserved 421888K
}
Event: 73.911 GC heap before
{Heap before GC invocations=42 (full 0):
 garbage-first heap   total 152576K, used 84265K [0x0000000080000000, 0x0000000100000000)
  region size 1024K, 7 young (7168K), 6 survivors (6144K)
 Metaspace       used 75593K, committed 76352K, reserved 495616K
  class space    used 10468K, committed 10816K, reserved 421888K
}
Event: 73.927 GC heap after
{Heap after GC invocations=43 (full 0):
 garbage-first heap   total 305152K, used 83806K [0x0000000080000000, 0x0000000100000000)
  region size 1024K, 1 young (1024K), 1 survivors (1024K)
 Metaspace       used 75593K, committed 76352K, reserved 495616K
  class space    used 10468K, committed 10816K, reserved 421888K
}
Event: 79.180 GC heap before
{Heap before GC invocations=43 (full 0):
 garbage-first heap   total 305152K, used 237406K [0x0000000080000000, 0x0000000100000000)
  region size 1024K, 141 young (144384K), 1 survivors (1024K)
 Metaspace       used 84220K, committed 85248K, reserved 503808K
  class space    used 11610K, committed 12096K, reserved 421888K
}
Event: 79.214 GC heap after
{Heap after GC invocations=44 (full 0):
 garbage-first heap   total 305152K, used 118503K [0x0000000080000000, 0x0000000100000000)
  region size 1024K, 18 young (18432K), 18 survivors (18432K)
 Metaspace       used 84220K, committed 85248K, reserved 503808K
  class space    used 11610K, committed 12096K, reserved 421888K
}
Event: 82.197 GC heap before
{Heap before GC invocations=44 (full 0):
 garbage-first heap   total 305152K, used 218855K [0x0000000080000000, 0x0000000100000000)
  region size 1024K, 116 young (118784K), 18 survivors (18432K)
 Metaspace       used 91980K, committed 93056K, reserved 503808K
  class space    used 12615K, committed 13120K, reserved 421888K
}
Event: 82.247 GC heap after
{Heap after GC invocations=45 (full 0):
 garbage-first heap   total 305152K, used 127715K [0x0000000080000000, 0x0000000100000000)
  region size 1024K, 10 young (10240K), 10 survivors (10240K)
 Metaspace       used 91980K, committed 93056K, reserved 503808K
  class space    used 12615K, committed 13120K, reserved 421888K
}
Event: 85.172 GC heap before
{Heap before GC invocations=45 (full 0):
 garbage-first heap   total 305152K, used 224995K [0x0000000080000000, 0x0000000100000000)
  region size 1024K, 105 young (107520K), 10 survivors (10240K)
 Metaspace       used 95013K, committed 96128K, reserved 512000K
  class space    used 12947K, committed 13440K, reserved 421888K
}
Event: 85.216 GC heap after
{Heap after GC invocations=46 (full 0):
 garbage-first heap   total 305152K, used 138670K [0x0000000080000000, 0x0000000100000000)
  region size 1024K, 11 young (11264K), 11 survivors (11264K)
 Metaspace       used 95013K, committed 96128K, reserved 512000K
  class space    used 12947K, committed 13440K, reserved 421888K
}
Event: 87.043 GC heap before
{Heap before GC invocations=46 (full 0):
 garbage-first heap   total 305152K, used 231854K [0x0000000080000000, 0x0000000100000000)
  region size 1024K, 103 young (105472K), 11 survivors (11264K)
 Metaspace       used 95028K, committed 96128K, reserved 512000K
  class space    used 12947K, committed 13440K, reserved 421888K
}
Event: 87.100 GC heap after
{Heap after GC invocations=47 (full 0):
 garbage-first heap   total 305152K, used 146836K [0x0000000080000000, 0x0000000100000000)
  region size 1024K, 8 young (8192K), 8 survivors (8192K)
 Metaspace       used 95028K, committed 96128K, reserved 512000K
  class space    used 12947K, committed 13440K, reserved 421888K
}
Event: 88.275 GC heap before
{Heap before GC invocations=47 (full 0):
 garbage-first heap   total 305152K, used 241044K [0x0000000080000000, 0x0000000100000000)
  region size 1024K, 100 young (102400K), 8 survivors (8192K)
 Metaspace       used 95028K, committed 96128K, reserved 512000K
  class space    used 12947K, committed 13440K, reserved 421888K
}
Event: 88.303 GC heap after
{Heap after GC invocations=48 (full 0):
 garbage-first heap   total 305152K, used 152576K [0x0000000080000000, 0x0000000100000000)
  region size 1024K, 13 young (13312K), 13 survivors (13312K)
 Metaspace       used 95028K, committed 96128K, reserved 512000K
  class space    used 12947K, committed 13440K, reserved 421888K
}
Event: 89.333 GC heap before
{Heap before GC invocations=48 (full 0):
 garbage-first heap   total 305152K, used 244736K [0x0000000080000000, 0x0000000100000000)
  region size 1024K, 103 young (105472K), 13 survivors (13312K)
 Metaspace       used 95029K, committed 96128K, reserved 512000K
  class space    used 12947K, committed 13440K, reserved 421888K
}
Event: 89.370 GC heap after
{Heap after GC invocations=49 (full 0):
 garbage-first heap   total 305152K, used 159737K [0x0000000080000000, 0x0000000100000000)
  region size 1024K, 8 young (8192K), 8 survivors (8192K)
 Metaspace       used 95029K, committed 96128K, reserved 512000K
  class space    used 12947K, committed 13440K, reserved 421888K
}

Deoptimization events (20 events):
Event: 98.359 Thread 0x0000017cccc4bf00 Uncommon trap: trap_request=0xffffff45 fr.pc=0x0000017cb58f52e8 relative=0x0000000000000388
Event: 98.359 Thread 0x0000017cccc4bf00 Uncommon trap: reason=unstable_if action=reinterpret pc=0x0000017cb58f52e8 method=org.gradle.internal.logging.text.AbstractLineChoppingStyledTextOutput$2.execute(Lorg/gradle/internal/logging/text/AbstractLineChoppingStyledTextOutput$StateContext;)V @ 34 c
Event: 98.359 Thread 0x0000017cccc4bf00 DEOPT PACKING pc=0x0000017cb58f52e8 sp=0x00000014d3afdde0
Event: 98.359 Thread 0x0000017cccc4bf00 DEOPT UNPACKING pc=0x0000017cada823a3 sp=0x00000014d3afdda0 mode 2
Event: 98.359 Thread 0x0000017cccc4bf00 Uncommon trap: trap_request=0xffffffde fr.pc=0x0000017cb5ae45e8 relative=0x00000000000003e8
Event: 98.359 Thread 0x0000017cccc4bf00 Uncommon trap: reason=class_check action=maybe_recompile pc=0x0000017cb5ae45e8 method=org.gradle.internal.operations.logging.LoggingBuildOperationProgressBroadcaster.onOutput(Lorg/gradle/internal/logging/events/OutputEvent;)V @ 8 c2
Event: 98.360 Thread 0x0000017cccc4bf00 DEOPT PACKING pc=0x0000017cb5ae45e8 sp=0x00000014d3afe970
Event: 98.360 Thread 0x0000017cccc4bf00 DEOPT UNPACKING pc=0x0000017cada823a3 sp=0x00000014d3afe8e0 mode 2
Event: 98.360 Thread 0x0000017cccc4bf00 Uncommon trap: trap_request=0xffffffde fr.pc=0x0000017cb5adf28c relative=0x0000000000002dcc
Event: 98.360 Thread 0x0000017cccc4bf00 Uncommon trap: reason=class_check action=maybe_recompile pc=0x0000017cb5adf28c method=org.gradle.internal.logging.sink.OutputEventTransformer.onOutput(Lorg/gradle/internal/logging/events/OutputEvent;)V @ 328 c2
Event: 98.360 Thread 0x0000017cccc4bf00 DEOPT PACKING pc=0x0000017cb5adf28c sp=0x00000014d3afe8d0
Event: 98.360 Thread 0x0000017cccc4bf00 DEOPT UNPACKING pc=0x0000017cada823a3 sp=0x00000014d3afe8b8 mode 2
Event: 98.360 Thread 0x0000017cccc4bf00 Uncommon trap: trap_request=0xffffffde fr.pc=0x0000017cb5ae45e8 relative=0x00000000000003e8
Event: 98.360 Thread 0x0000017cccc4bf00 Uncommon trap: reason=class_check action=maybe_recompile pc=0x0000017cb5ae45e8 method=org.gradle.internal.operations.logging.LoggingBuildOperationProgressBroadcaster.onOutput(Lorg/gradle/internal/logging/events/OutputEvent;)V @ 8 c2
Event: 98.360 Thread 0x0000017cccc4bf00 DEOPT PACKING pc=0x0000017cb5ae45e8 sp=0x00000014d3afe970
Event: 98.360 Thread 0x0000017cccc4bf00 DEOPT UNPACKING pc=0x0000017cada823a3 sp=0x00000014d3afe8e0 mode 2
Event: 98.360 Thread 0x0000017cccc4bf00 Uncommon trap: trap_request=0xffffffde fr.pc=0x0000017cb5aa8ce8 relative=0x00000000000000c8
Event: 98.360 Thread 0x0000017cccc4bf00 Uncommon trap: reason=class_check action=maybe_recompile pc=0x0000017cb5aa8ce8 method=org.gradle.internal.operations.logging.LoggingBuildOperationProgressBroadcaster.onOutput(Lorg/gradle/internal/logging/events/OutputEvent;)V @ 8 c2
Event: 98.361 Thread 0x0000017cccc4bf00 DEOPT PACKING pc=0x0000017cb5aa8ce8 sp=0x00000014d3afe950
Event: 98.361 Thread 0x0000017cccc4bf00 DEOPT UNPACKING pc=0x0000017cada823a3 sp=0x00000014d3afe8e0 mode 2

Classes unloaded (0 events):
No events

Classes redefined (0 events):
No events

Internal exceptions (20 events):
Event: 81.594 Thread 0x0000017cc76eedb0 Exception <a 'sun/nio/fs/WindowsException'{0x000000008d9027c0}> (0x000000008d9027c0) 
thrown [t:\workspace\open\src\hotspot\share\prims\jni.cpp, line 516]
Event: 81.821 Thread 0x0000017cc76eedb0 Exception <a 'java/lang/NullPointerException'{0x000000008d3b0858}> (0x000000008d3b0858) 
thrown [t:\workspace\open\src\hotspot\share\interpreter\linkResolver.cpp, line 1440]
Event: 81.999 Thread 0x0000017cc76eedb0 Implicit null exception at 0x0000017cb5917bdb to 0x0000017cb591a074
Event: 82.345 Thread 0x0000017cc76eedb0 Exception <a 'sun/nio/fs/WindowsException'{0x0000000092899518}> (0x0000000092899518) 
thrown [t:\workspace\open\src\hotspot\share\prims\jni.cpp, line 516]
Event: 82.351 Thread 0x0000017cc76eedb0 Exception <a 'sun/nio/fs/WindowsException'{0x000000009289a8a8}> (0x000000009289a8a8) 
thrown [t:\workspace\open\src\hotspot\share\prims\jni.cpp, line 516]
Event: 82.351 Thread 0x0000017cc76eedb0 Exception <a 'sun/nio/fs/WindowsException'{0x000000009289bc70}> (0x000000009289bc70) 
thrown [t:\workspace\open\src\hotspot\share\prims\jni.cpp, line 516]
Event: 82.352 Thread 0x0000017cc76eedb0 Exception <a 'sun/nio/fs/WindowsException'{0x000000009289d038}> (0x000000009289d038) 
thrown [t:\workspace\open\src\hotspot\share\prims\jni.cpp, line 516]
Event: 84.585 Thread 0x0000017cc76eedb0 Implicit null exception at 0x0000017cb57c54ee to 0x0000017cb57c5c34
Event: 84.613 Thread 0x0000017cc462a190 Exception <a 'java/lang/NoSuchMethodError'{0x000000008d78eae0}: 'void java.lang.invoke.DirectMethodHandle$Holder.invokeVirtual(java.lang.Object, java.lang.Object)'> (0x000000008d78eae0) 
thrown [t:\workspace\open\src\hotspot\share\interpreter\linkResolver.cpp, line 766]
Event: 84.661 Thread 0x0000017cc462a190 Exception <a 'java/lang/ClassNotFoundException'{0x000000008d69e8d8}: groovy/util/FileTreeBuilderBeanInfo> (0x000000008d69e8d8) 
thrown [t:\workspace\open\src\hotspot\share\classfile\systemDictionary.cpp, line 256]
Event: 84.662 Thread 0x0000017cc462a190 Exception <a 'java/lang/ClassNotFoundException'{0x000000008d6ff508}: groovy/util/FileTreeBuilderCustomizer> (0x000000008d6ff508) 
thrown [t:\workspace\open\src\hotspot\share\classfile\systemDictionary.cpp, line 256]
Event: 84.683 Thread 0x0000017cc462a190 Exception <a 'java/lang/ClassNotFoundException'{0x000000008d53d798}: java/io/BufferedWriterBeanInfo> (0x000000008d53d798) 
thrown [t:\workspace\open\src\hotspot\share\classfile\systemDictionary.cpp, line 256]
Event: 84.684 Thread 0x0000017cc462a190 Exception <a 'java/lang/ClassNotFoundException'{0x000000008d542e50}: java/io/WriterBeanInfo> (0x000000008d542e50) 
thrown [t:\workspace\open\src\hotspot\share\classfile\systemDictionary.cpp, line 256]
Event: 84.684 Thread 0x0000017cc462a190 Exception <a 'java/lang/ClassNotFoundException'{0x000000008d5482c8}: java/io/WriterCustomizer> (0x000000008d5482c8) 
thrown [t:\workspace\open\src\hotspot\share\classfile\systemDictionary.cpp, line 256]
Event: 84.686 Thread 0x0000017cc462a190 Exception <a 'java/lang/ClassNotFoundException'{0x000000008d5563f8}: java/io/BufferedWriterCustomizer> (0x000000008d5563f8) 
thrown [t:\workspace\open\src\hotspot\share\classfile\systemDictionary.cpp, line 256]
Event: 84.720 Thread 0x0000017cc462a190 Implicit null exception at 0x0000017cb57ac560 to 0x0000017cb57ac990
Event: 85.216 Thread 0x0000017cc3a8c4c0 Implicit null exception at 0x0000017cb5ab43fd to 0x0000017cb5ab4a40
Event: 90.237 Thread 0x0000017cc462a190 Implicit null exception at 0x0000017cb5c8b2e3 to 0x0000017cb5c90b9c
Event: 90.347 Thread 0x0000017cc462a190 Implicit null exception at 0x0000017cb5c775d8 to 0x0000017cb5c7c344
Event: 90.358 Thread 0x0000017cc462a190 Exception <a 'java/io/IOException'{0x000000008de47f90}> (0x000000008de47f90) 
thrown [t:\workspace\open\src\hotspot\share\prims\jni.cpp, line 516]

VM Operations (20 events):
Event: 96.515 Executing VM operation: Cleanup
Event: 96.516 Executing VM operation: Cleanup done
Event: 98.534 Executing VM operation: Cleanup
Event: 98.534 Executing VM operation: Cleanup done
Event: 99.548 Executing VM operation: Cleanup
Event: 99.548 Executing VM operation: Cleanup done
Event: 133.911 Executing VM operation: Cleanup
Event: 133.911 Executing VM operation: Cleanup done
Event: 146.013 Executing VM operation: Cleanup
Event: 146.013 Executing VM operation: Cleanup done
Event: 151.055 Executing VM operation: Cleanup
Event: 151.055 Executing VM operation: Cleanup done
Event: 166.183 Executing VM operation: Cleanup
Event: 166.183 Executing VM operation: Cleanup done
Event: 185.369 Executing VM operation: Cleanup
Event: 185.369 Executing VM operation: Cleanup done
Event: 206.575 Executing VM operation: Cleanup
Event: 206.576 Executing VM operation: Cleanup done
Event: 207.584 Executing VM operation: Cleanup
Event: 207.584 Executing VM operation: Cleanup done

Events (20 events):
Event: 84.684 loading class java/io/WriterCustomizer
Event: 84.684 loading class java/io/WriterCustomizer done
Event: 84.684 loading class java/io/WriterCustomizer
Event: 84.684 loading class java/io/WriterCustomizer done
Event: 84.685 loading class java/io/BufferedWriterCustomizer
Event: 84.685 loading class java/io/BufferedWriterCustomizer done
Event: 84.686 loading class java/io/BufferedWriterCustomizer
Event: 84.686 loading class java/io/BufferedWriterCustomizer done
Event: 84.687 Thread 0x0000017cc3abe8c0 flushing nmethod 0x0000017cae945a10
Event: 84.689 Thread 0x0000017cc3abe8c0 flushing nmethod 0x0000017caea96e10
Event: 84.689 Thread 0x0000017cc3abe8c0 flushing nmethod 0x0000017caeab6f90
Event: 84.689 Thread 0x0000017cc3abe8c0 flushing nmethod 0x0000017caeacf110
Event: 84.692 Thread 0x0000017cc3abe8c0 flushing nmethod 0x0000017caed59310
Event: 87.656 Thread 0x0000017cc6702940 Thread exited: 0x0000017cc6702940
Event: 90.387 Thread 0x0000017cc9d60ae0 Thread added: 0x0000017cc9d60ae0
Event: 90.397 Thread 0x0000017cccc4d710 Thread added: 0x0000017cccc4d710
Event: 90.397 Thread 0x0000017cccc4bf00 Thread added: 0x0000017cccc4bf00
Event: 107.209 Thread 0x0000017cc667b250 Thread exited: 0x0000017cc667b250
Event: 206.491 Thread 0x0000017ccec5afd0 Thread added: 0x0000017ccec5afd0
Event: 207.380 Thread 0x0000017ccec5afd0 Thread exited: 0x0000017ccec5afd0


Dynamic libraries:
0x00007ff758d80000 - 0x00007ff758d90000 	C:\Program Files\Java\jdk-17.0.3.1\bin\java.exe
0x00007ffcaa450000 - 0x00007ffcaa647000 	C:\Windows\SYSTEM32\ntdll.dll
0x00007ffca9c00000 - 0x00007ffca9cbd000 	C:\Windows\System32\KERNEL32.DLL
0x00007ffca7f30000 - 0x00007ffca81fd000 	C:\Windows\System32\KERNELBASE.dll
0x00007ffca7ba0000 - 0x00007ffca7ca0000 	C:\Windows\System32\ucrtbase.dll
0x00007ffca3200000 - 0x00007ffca3218000 	C:\Program Files\Java\jdk-17.0.3.1\bin\jli.dll
0x00007ffca2640000 - 0x00007ffca265a000 	C:\Program Files\Java\jdk-17.0.3.1\bin\VCRUNTIME140.dll
0x00007ffca9aa0000 - 0x00007ffca9b4e000 	C:\Windows\System32\ADVAPI32.dll
0x00007ffca8510000 - 0x00007ffca85ae000 	C:\Windows\System32\msvcrt.dll
0x00007ffca9680000 - 0x00007ffca971c000 	C:\Windows\System32\sechost.dll
0x00007ffca85b0000 - 0x00007ffca86d5000 	C:\Windows\System32\RPCRT4.dll
0x00007ffca88c0000 - 0x00007ffca8a60000 	C:\Windows\System32\USER32.dll
0x00007ffca7ca0000 - 0x00007ffca7cc2000 	C:\Windows\System32\win32u.dll
0x00007ffc992a0000 - 0x00007ffc9953a000 	C:\Windows\WinSxS\amd64_microsoft.windows.common-controls_6595b64144ccf1df_6.0.19041.1110_none_60b5254171f9507e\COMCTL32.dll
0x00007ffca86e0000 - 0x00007ffca870a000 	C:\Windows\System32\GDI32.dll
0x00007ffca7cd0000 - 0x00007ffca7ddb000 	C:\Windows\System32\gdi32full.dll
0x00007ffca7e90000 - 0x00007ffca7f2d000 	C:\Windows\System32\msvcp_win.dll
0x00007ffca53d0000 - 0x00007ffca53da000 	C:\Windows\SYSTEM32\VERSION.dll
0x00007ffca8800000 - 0x00007ffca8830000 	C:\Windows\System32\IMM32.DLL
0x00007ffca31e0000 - 0x00007ffca31ec000 	C:\Program Files\Java\jdk-17.0.3.1\bin\vcruntime140_1.dll
0x00007ffc90f90000 - 0x00007ffc9101d000 	C:\Program Files\Java\jdk-17.0.3.1\bin\msvcp140.dll
0x00007ffc70010000 - 0x00007ffc70bd0000 	C:\Program Files\Java\jdk-17.0.3.1\bin\server\jvm.dll
0x00007ffca9a90000 - 0x00007ffca9a98000 	C:\Windows\System32\PSAPI.DLL
0x00007ffc93800000 - 0x00007ffc93809000 	C:\Windows\SYSTEM32\WSOCK32.dll
0x00007ffca8790000 - 0x00007ffca87fb000 	C:\Windows\System32\WS2_32.dll
0x00007ffc936a0000 - 0x00007ffc936c7000 	C:\Windows\SYSTEM32\WINMM.dll
0x00007ffca6450000 - 0x00007ffca6462000 	C:\Windows\SYSTEM32\kernel.appcore.dll
0x00007ffca31a0000 - 0x00007ffca31aa000 	C:\Program Files\Java\jdk-17.0.3.1\bin\jimage.dll
0x00007ffc8e700000 - 0x00007ffc8e8e4000 	C:\Windows\SYSTEM32\DBGHELP.DLL
0x00007ffca1590000 - 0x00007ffca15bc000 	C:\Windows\SYSTEM32\dbgcore.DLL
0x00007ffca8270000 - 0x00007ffca82f2000 	C:\Windows\System32\bcryptPrimitives.dll
0x00007ffc98b60000 - 0x00007ffc98b85000 	C:\Program Files\Java\jdk-17.0.3.1\bin\java.dll
0x00007ffc90eb0000 - 0x00007ffc90f86000 	C:\Program Files\Java\jdk-17.0.3.1\bin\jsvml.dll
0x00007ffca9cc0000 - 0x00007ffcaa404000 	C:\Windows\System32\SHELL32.dll
0x00007ffca59a0000 - 0x00007ffca6134000 	C:\Windows\SYSTEM32\windows.storage.dll
0x00007ffca91f0000 - 0x00007ffca9544000 	C:\Windows\System32\combase.dll
0x00007ffca7560000 - 0x00007ffca758c000 	C:\Windows\SYSTEM32\Wldp.dll
0x00007ffca9b50000 - 0x00007ffca9bfd000 	C:\Windows\System32\SHCORE.dll
0x00007ffca9550000 - 0x00007ffca95a5000 	C:\Windows\System32\shlwapi.dll
0x00007ffca7ab0000 - 0x00007ffca7acf000 	C:\Windows\SYSTEM32\profapi.dll
0x00007ffc9f920000 - 0x00007ffc9f939000 	C:\Program Files\Java\jdk-17.0.3.1\bin\net.dll
0x00007ffc9a850000 - 0x00007ffc9a95a000 	C:\Windows\SYSTEM32\WINHTTP.dll
0x00007ffca7260000 - 0x00007ffca72ca000 	C:\Windows\system32\mswsock.dll
0x00007ffc9d780000 - 0x00007ffc9d796000 	C:\Program Files\Java\jdk-17.0.3.1\bin\nio.dll
0x00007ffc98b40000 - 0x00007ffc98b58000 	C:\Program Files\Java\jdk-17.0.3.1\bin\zip.dll
0x00007ffca1bf0000 - 0x00007ffca1c00000 	C:\Program Files\Java\jdk-17.0.3.1\bin\verify.dll
0x00007ffc9b050000 - 0x00007ffc9b077000 	C:\Users\rgvoz\.gradle\native\e1d6ef7f7dcc3fd88c89a11ec53ec762bb8ba0a96d01ffa2cd45eb1d1d8dd5c5\windows-amd64\native-platform.dll
0x00007ffc6fec0000 - 0x00007ffc70004000 	C:\Users\rgvoz\.gradle\native\5664cfc778a61ccfe75a443a1ab52a65af34e5dc3c78e0209fed803814484fcb\windows-amd64\native-platform-file-events.dll
0x00007ffca0000000 - 0x00007ffca0009000 	C:\Program Files\Java\jdk-17.0.3.1\bin\management.dll
0x00007ffc9fec0000 - 0x00007ffc9fecb000 	C:\Program Files\Java\jdk-17.0.3.1\bin\management_ext.dll
0x00007ffca7450000 - 0x00007ffca7468000 	C:\Windows\SYSTEM32\CRYPTSP.dll
0x00007ffca6be0000 - 0x00007ffca6c14000 	C:\Windows\system32\rsaenh.dll
0x00007ffca7b70000 - 0x00007ffca7b97000 	C:\Windows\System32\bcrypt.dll
0x00007ffca7a70000 - 0x00007ffca7a9e000 	C:\Windows\SYSTEM32\USERENV.dll
0x00007ffca7470000 - 0x00007ffca747c000 	C:\Windows\SYSTEM32\CRYPTBASE.dll
0x00007ffca6f50000 - 0x00007ffca6f8b000 	C:\Windows\SYSTEM32\IPHLPAPI.DLL
0x00007ffca9720000 - 0x00007ffca9728000 	C:\Windows\System32\NSI.dll
0x00007ffc9e2e0000 - 0x00007ffc9e2f7000 	C:\Windows\SYSTEM32\dhcpcsvc6.DLL
0x00007ffc9e190000 - 0x00007ffc9e1ad000 	C:\Windows\SYSTEM32\dhcpcsvc.DLL
0x00007ffca6f90000 - 0x00007ffca705b000 	C:\Windows\SYSTEM32\DNSAPI.dll
0x00007ffc9b030000 - 0x00007ffc9b03e000 	C:\Program Files\Java\jdk-17.0.3.1\bin\sunmscapi.dll
0x00007ffca8350000 - 0x00007ffca84a6000 	C:\Windows\System32\CRYPT32.dll
0x00007ffca75d0000 - 0x00007ffca75f7000 	C:\Windows\SYSTEM32\ncrypt.dll
0x00007ffca7590000 - 0x00007ffca75cb000 	C:\Windows\SYSTEM32\NTASN1.dll
0x00007ffc98b30000 - 0x00007ffc98b37000 	C:\Windows\system32\wshunix.dll

dbghelp: loaded successfully - version: 4.0.5 - missing functions: none
symbol engine: initialized successfully - sym options: 0x614 - pdb path: .;C:\Program Files\Java\jdk-17.0.3.1\bin;C:\Windows\SYSTEM32;C:\Windows\WinSxS\amd64_microsoft.windows.common-controls_6595b64144ccf1df_6.0.19041.1110_none_60b5254171f9507e;C:\Program Files\Java\jdk-17.0.3.1\bin\server;C:\Users\rgvoz\.gradle\native\e1d6ef7f7dcc3fd88c89a11ec53ec762bb8ba0a96d01ffa2cd45eb1d1d8dd5c5\windows-amd64;C:\Users\rgvoz\.gradle\native\5664cfc778a61ccfe75a443a1ab52a65af34e5dc3c78e0209fed803814484fcb\windows-amd64

VM Arguments:
jvm_args: -XX:MaxMetaspaceSize=512m --add-opens=java.base/java.util=ALL-UNNAMED --add-opens=java.base/java.lang=ALL-UNNAMED --add-opens=java.base/java.lang.invoke=ALL-UNNAMED --add-opens=java.base/java.util=ALL-UNNAMED --add-opens=java.prefs/java.util.prefs=ALL-UNNAMED --add-opens=java.prefs/java.util.prefs=ALL-UNNAMED --add-opens=java.base/java.nio.charset=ALL-UNNAMED --add-opens=java.base/java.net=ALL-UNNAMED --add-opens=java.base/java.util.concurrent.atomic=ALL-UNNAMED -Xmx2048m -Dfile.encoding=windows-1251 -Duser.country=UA -Duser.language=uk -Duser.variant 
java_command: org.gradle.launcher.daemon.bootstrap.GradleDaemon 7.3.3
java_class_path (initial): C:\Users\rgvoz\.gradle\wrapper\dists\gradle-7.3.3-all\4295vidhdd9hd3gbjyw1xqxpo\gradle-7.3.3\lib\gradle-launcher-7.3.3.jar
Launcher Type: SUN_STANDARD

[Global flags]
     intx CICompilerCount                          = 3                                         {product} {ergonomic}
   size_t CompressedClassSpaceSize                 = 432013312                                 {product} {ergonomic}
     uint ConcGCThreads                            = 1                                         {product} {ergonomic}
     uint G1ConcRefinementThreads                  = 4                                         {product} {ergonomic}
   size_t G1HeapRegionSize                         = 1048576                                   {product} {ergonomic}
    uintx GCDrainStackTargetSize                   = 64                                        {product} {ergonomic}
   size_t InitialHeapSize                          = 67108864                                  {product} {ergonomic}
   size_t MarkStackSize                            = 4194304                                   {product} {ergonomic}
   size_t MaxHeapSize                              = 2147483648                                {product} {command line}
   size_t MaxMetaspaceSize                         = 536870912                                 {product} {command line}
   size_t MaxNewSize                               = 1287651328                                {product} {ergonomic}
   size_t MinHeapDeltaBytes                        = 1048576                                   {product} {ergonomic}
   size_t MinHeapSize                              = 8388608                                   {product} {ergonomic}
    uintx NonNMethodCodeHeapSize                   = 5832780                                {pd product} {ergonomic}
    uintx NonProfiledCodeHeapSize                  = 122912730                              {pd product} {ergonomic}
    uintx ProfiledCodeHeapSize                     = 122912730                              {pd product} {ergonomic}
    uintx ReservedCodeCacheSize                    = 251658240                              {pd product} {ergonomic}
     bool SegmentedCodeCache                       = true                                      {product} {ergonomic}
   size_t SoftMaxHeapSize                          = 2147483648                             {manageable} {ergonomic}
     bool UseCompressedClassPointers               = true                           {product lp64_product} {ergonomic}
     bool UseCompressedOops                        = true                           {product lp64_product} {ergonomic}
     bool UseG1GC                                  = true                                      {product} {ergonomic}
     bool UseLargePagesIndividualAllocation        = false                                  {pd product} {ergonomic}

Logging:
Log output configuration:
 #0: stdout all=warning uptime,level,tags
 #1: stderr all=off uptime,level,tags

Environment Variables:
CLASSPATH=R:\Project\CefionMobile\android\\gradle\wrapper\gradle-wrapper.jar
PATH=C:\Program Files\Common Files\Oracle\Java\javapath;C:\Program Files (x86)\Common Files\Oracle\Java\javapath;C:\ProgramData\Oracle\Java\javapath;C:\Windows\system32;C:\Windows;C:\Windows\System32\Wbem;C:\Windows\System32\WindowsPowerShell\v1.0\;C:\Windows\System32\OpenSSH\;C:\Program Files (x86)\NVIDIA Corporation\PhysX\Common;C:\Program Files\Git\cmd;C:\ProgramData\chocolatey\bin;C:\Program Files\nodejs\;C:\Users\rgvoz\AppData\Local\Microsoft\WindowsApps;;R:\Microsoft VS Code\bin;C:\Users\rgvoz\AppData\Roaming\npm
USERNAME=rgvoz
LANG=uk_UA.UTF-8
OS=Windows_NT
PROCESSOR_IDENTIFIER=Intel64 Family 6 Model 42 Stepping 7, GenuineIntel



---------------  S Y S T E M  ---------------

OS:
 Windows 10 , 64 bit Build 19041 (10.0.19041.1741)
OS uptime: 0 days 23:30 hours

CPU: total 4 (initial active 4) (2 cores per cpu, 2 threads per core) family 6 model 42 stepping 7 microcode 0x2f, cx8, cmov, fxsr, ht, mmx, sse, sse2, sse3, ssse3, sse4.1, sse4.2, popcnt, tsc, tscinvbit, avx, clmul, vzeroupper, clflush

Memory: 4k page, system-wide physical 4010M (740M free)
TotalPageFile size 8106M (AvailPageFile size 0M)
current process WorkingSet (physical memory assigned to process): 290M, peak: 570M
current process commit charge ("private bytes"): 584M, peak: 616M

vm_info: Java HotSpot(TM) 64-Bit Server VM (17.0.3.1+2-LTS-6) for windows-amd64 JRE (17.0.3.1+2-LTS-6), built on Apr 25 2022 22:04:21 by "mach5one" with MS VC++ 16.8 / 16.9 (VS2019)

END.
