#
# There is insufficient memory for the Java Runtime Environment to continue.
# Native memory allocation (malloc) failed to allocate 2925776 bytes for Chunk::new
# Possible reasons:
#   The system is out of physical RAM or swap space
#   The process is running with CompressedOops enabled, and the Java Heap may be blocking the growth of the native heap
# Possible solutions:
#   Reduce memory load on the system
#   Increase physical memory or swap space
#   Check if swap backing store is full
#   Decrease Java heap size (-Xmx/-Xms)
#   Decrease number of Java threads
#   Decrease Java thread stack sizes (-Xss)
#   Set larger code cache with -XX:ReservedCodeCacheSize=
#   JVM is running with Unscaled Compressed Oops mode in which the Java heap is
#     placed in the first 4GB address space. The Java Heap base address is the
#     maximum limit for the native heap growth. Please use -XX:HeapBaseMinAddress
#     to set the Java Heap base and to place the Java Heap above 4GB virtual address.
# This output file may be truncated or incomplete.
#
#  Out of Memory Error (arena.cpp:189), pid=8816, tid=5740
#
# JRE version: Java(TM) SE Runtime Environment (17.0.3.1+2) (build 17.0.3.1+2-LTS-6)
# Java VM: Java HotSpot(TM) 64-Bit Server VM (17.0.3.1+2-LTS-6, mixed mode, sharing, tiered, compressed oops, compressed class ptrs, g1 gc, windows-amd64)
# No core dump will be written. Minidumps are not enabled by default on client versions of Windows
#

---------------  S U M M A R Y ------------

Command Line: org.jetbrains.kotlin.cli.jvm.K2JVMCompiler @R:\Project\CefionMobile\node_modules\react-native-gesture-handler\android\build\20220627_9319540981496826173.compiler.options

Host: Intel(R) Core(TM) i3-2330M CPU @ 2.20GHz, 4 cores, 3G,  Windows 10 , 64 bit Build 19041 (10.0.19041.1741)
Time: Mon Jun 27 10:36:03 2022  Windows 10 , 64 bit Build 19041 (10.0.19041.1741) elapsed time: 30.216724 seconds (0d 0h 0m 30s)

---------------  T H R E A D  ---------------

Current thread (0x0000028b0fd190d0):  JavaThread "C2 CompilerThread0" daemon [_thread_in_native, id=5740, stack(0x0000009a27200000,0x0000009a27300000)]


Current CompileTask:
C2:  30217 8679       4       org.jetbrains.kotlin.descriptors.impl.FunctionDescriptorImpl::getSubstitutedValueParameters (270 bytes)

Stack: [0x0000009a27200000,0x0000009a27300000]
Native frames: (J=compiled Java code, j=interpreted, Vv=VM code, C=native code)
V  [jvm.dll+0x6711ba]
V  [jvm.dll+0x7d0834]
V  [jvm.dll+0x7d1fde]
V  [jvm.dll+0x7d2643]
V  [jvm.dll+0x242c85]
V  [jvm.dll+0xaa57b]
V  [jvm.dll+0xaab0c]
V  [jvm.dll+0x35ff22]
V  [jvm.dll+0x1b9ca8]
V  [jvm.dll+0x215eb9]
V  [jvm.dll+0x215181]
V  [jvm.dll+0x1a1c3d]
V  [jvm.dll+0x2249c8]
V  [jvm.dll+0x222b2c]
V  [jvm.dll+0x78650b]
V  [jvm.dll+0x780aca]
V  [jvm.dll+0x670045]
C  [ucrtbase.dll+0x21bb2]
C  [KERNEL32.DLL+0x17034]
C  [ntdll.dll+0x52651]


---------------  P R O C E S S  ---------------

Threads class SMR info:
_java_thread_list=0x0000028b2b97b670, length=12, elements={
0x0000028b0fc447e0, 0x0000028b2aeb04a0, 0x0000028b0fcfdac0, 0x0000028b0fd14510,
0x0000028b0fd16fe0, 0x0000028b0fd17990, 0x0000028b0fd18340, 0x0000028b0fd190d0,
0x0000028b0fd19f60, 0x0000028b0fd1e580, 0x0000028b2b9a0390, 0x0000028b2b9a6b20
}

Java Threads: ( => current thread )
  0x0000028b0fc447e0 JavaThread "main" [_thread_in_Java, id=5112, stack(0x0000009a26500000,0x0000009a26600000)]
  0x0000028b2aeb04a0 JavaThread "Reference Handler" daemon [_thread_blocked, id=9088, stack(0x0000009a26c00000,0x0000009a26d00000)]
  0x0000028b0fcfdac0 JavaThread "Finalizer" daemon [_thread_blocked, id=1000, stack(0x0000009a26d00000,0x0000009a26e00000)]
  0x0000028b0fd14510 JavaThread "Signal Dispatcher" daemon [_thread_blocked, id=2372, stack(0x0000009a26e00000,0x0000009a26f00000)]
  0x0000028b0fd16fe0 JavaThread "Attach Listener" daemon [_thread_blocked, id=1272, stack(0x0000009a26f00000,0x0000009a27000000)]
  0x0000028b0fd17990 JavaThread "Service Thread" daemon [_thread_blocked, id=7192, stack(0x0000009a27000000,0x0000009a27100000)]
  0x0000028b0fd18340 JavaThread "Monitor Deflation Thread" daemon [_thread_blocked, id=13284, stack(0x0000009a27100000,0x0000009a27200000)]
=>0x0000028b0fd190d0 JavaThread "C2 CompilerThread0" daemon [_thread_in_native, id=5740, stack(0x0000009a27200000,0x0000009a27300000)]
  0x0000028b0fd19f60 JavaThread "C1 CompilerThread0" daemon [_thread_blocked, id=5172, stack(0x0000009a27300000,0x0000009a27400000)]
  0x0000028b0fd1e580 JavaThread "Sweeper thread" daemon [_thread_blocked, id=2140, stack(0x0000009a27400000,0x0000009a27500000)]
  0x0000028b2b9a0390 JavaThread "Notification Thread" daemon [_thread_blocked, id=3744, stack(0x0000009a27500000,0x0000009a27600000)]
  0x0000028b2b9a6b20 JavaThread "Common-Cleaner" daemon [_thread_blocked, id=888, stack(0x0000009a27700000,0x0000009a27800000)]

Other Threads:
  0x0000028b2aeaf010 VMThread "VM Thread" [stack: 0x0000009a26b00000,0x0000009a26c00000] [id=8220]
  0x0000028b2b9a4880 WatcherThread [stack: 0x0000009a27600000,0x0000009a27700000] [id=8420]
  0x0000028b0fc7cfe0 GCTaskThread "GC Thread#0" [stack: 0x0000009a26600000,0x0000009a26700000] [id=1212]
  0x0000028b2bd85f00 GCTaskThread "GC Thread#1" [stack: 0x0000009a27800000,0x0000009a27900000] [id=10828]
  0x0000028b2bdd0ad0 GCTaskThread "GC Thread#2" [stack: 0x0000009a27900000,0x0000009a27a00000] [id=5144]
  0x0000028b2bdd0d80 GCTaskThread "GC Thread#3" [stack: 0x0000009a27a00000,0x0000009a27b00000] [id=12340]
  0x0000028b0fc85ca0 ConcurrentGCThread "G1 Main Marker" [stack: 0x0000009a26700000,0x0000009a26800000] [id=368]
  0x0000028b0fc866b0 ConcurrentGCThread "G1 Conc#0" [stack: 0x0000009a26800000,0x0000009a26900000] [id=3896]
  0x0000028b0fcda180 ConcurrentGCThread "G1 Refine#0" [stack: 0x0000009a26900000,0x0000009a26a00000] [id=12520]
  0x0000028b2d0eea90 ConcurrentGCThread "G1 Refine#1" [stack: 0x0000009a27b00000,0x0000009a27c00000] [id=10484]
  0x0000028b0fcdaba0 ConcurrentGCThread "G1 Service" [stack: 0x0000009a26a00000,0x0000009a26b00000] [id=6104]

Threads with active compile tasks:
C2 CompilerThread0    30325 8679       4       org.jetbrains.kotlin.descriptors.impl.FunctionDescriptorImpl::getSubstitutedValueParameters (270 bytes)
C1 CompilerThread0    30325 8944       2       org.jetbrains.kotlin.resolve.calls.checkers.ConstructorHeaderCallChecker::check (321 bytes)

VM state: not at safepoint (normal execution)

VM Mutex/Monitor currently owned by a thread: None

Heap address: 0x00000000c1400000, size: 1004 MB, Compressed Oops mode: 32-bit

CDS archive(s) mapped at: [0x0000000800000000-0x0000000800bc0000-0x0000000800bc0000), size 12320768, SharedBaseAddress: 0x0000000800000000, ArchiveRelocationMode: 0.
Compressed class space mapped at: 0x0000000800c00000-0x0000000840c00000, reserved size: 1073741824
Narrow klass base: 0x0000000800000000, Narrow klass shift: 0, Narrow klass range: 0x100000000

GC Precious Log:
 CPUs: 4 total, 4 available
 Memory: 4010M
 Large Page Support: Disabled
 NUMA Support: Disabled
 Compressed Oops: Enabled (32-bit)
 Heap Region Size: 1M
 Heap Min Capacity: 8M
 Heap Initial Capacity: 64M
 Heap Max Capacity: 1004M
 Pre-touch: Disabled
 Parallel Workers: 4
 Concurrent Workers: 1
 Concurrent Refinement Workers: 4
 Periodic GC: Disabled

Heap:
 garbage-first heap   total 214016K, used 87976K [0x00000000c1400000, 0x0000000100000000)
  region size 1024K, 31 young (31744K), 1 survivors (1024K)
 Metaspace       used 53258K, committed 53568K, reserved 1097728K
  class space    used 6302K, committed 6464K, reserved 1048576K

Heap Regions: E=young(eden), S=young(survivor), O=old, HS=humongous(starts), HC=humongous(continues), CS=collection set, F=free, OA=open archive, CA=closed archive, TAMS=top-at-mark-start (previous, next)
|   0|0x00000000c1400000, 0x00000000c1500000, 0x00000000c1500000|100%|HS|  |TAMS 0x00000000c1500000, 0x00000000c1400000| Complete 
|   1|0x00000000c1500000, 0x00000000c1600000, 0x00000000c1600000|100%|HC|  |TAMS 0x00000000c1600000, 0x00000000c1500000| Complete 
|   2|0x00000000c1600000, 0x00000000c1700000, 0x00000000c1700000|100%|HC|  |TAMS 0x00000000c1700000, 0x00000000c1600000| Complete 
|   3|0x00000000c1700000, 0x00000000c1800000, 0x00000000c1800000|100%| O|  |TAMS 0x00000000c1800000, 0x00000000c1700000| Untracked 
|   4|0x00000000c1800000, 0x00000000c1900000, 0x00000000c1900000|100%| O|  |TAMS 0x00000000c1900000, 0x00000000c1800000| Untracked 
|   5|0x00000000c1900000, 0x00000000c1a00000, 0x00000000c1a00000|100%| O|  |TAMS 0x00000000c1a00000, 0x00000000c1900000| Untracked 
|   6|0x00000000c1a00000, 0x00000000c1b00000, 0x00000000c1b00000|100%|HS|  |TAMS 0x00000000c1b00000, 0x00000000c1a00000| Complete 
|   7|0x00000000c1b00000, 0x00000000c1c00000, 0x00000000c1c00000|100%|HC|  |TAMS 0x00000000c1c00000, 0x00000000c1b00000| Complete 
|   8|0x00000000c1c00000, 0x00000000c1d00000, 0x00000000c1d00000|100%|HC|  |TAMS 0x00000000c1d00000, 0x00000000c1c00000| Complete 
|   9|0x00000000c1d00000, 0x00000000c1e00000, 0x00000000c1e00000|100%|HS|  |TAMS 0x00000000c1e00000, 0x00000000c1d00000| Complete 
|  10|0x00000000c1e00000, 0x00000000c1f00000, 0x00000000c1f00000|100%|HC|  |TAMS 0x00000000c1f00000, 0x00000000c1e00000| Complete 
|  11|0x00000000c1f00000, 0x00000000c2000000, 0x00000000c2000000|100%|HC|  |TAMS 0x00000000c2000000, 0x00000000c1f00000| Complete 
|  12|0x00000000c2000000, 0x00000000c2100000, 0x00000000c2100000|100%| O|  |TAMS 0x00000000c2100000, 0x00000000c2000000| Untracked 
|  13|0x00000000c2100000, 0x00000000c2200000, 0x00000000c2200000|100%| O|  |TAMS 0x00000000c2200000, 0x00000000c2100000| Untracked 
|  14|0x00000000c2200000, 0x00000000c2300000, 0x00000000c2300000|100%| O|  |TAMS 0x00000000c2300000, 0x00000000c2200000| Untracked 
|  15|0x00000000c2300000, 0x00000000c2400000, 0x00000000c2400000|100%| O|  |TAMS 0x00000000c2400000, 0x00000000c2300000| Untracked 
|  16|0x00000000c2400000, 0x00000000c2500000, 0x00000000c2500000|100%| O|  |TAMS 0x00000000c2500000, 0x00000000c2400000| Untracked 
|  17|0x00000000c2500000, 0x00000000c2600000, 0x00000000c2600000|100%| O|  |TAMS 0x00000000c2600000, 0x00000000c2500000| Untracked 
|  18|0x00000000c2600000, 0x00000000c2700000, 0x00000000c2700000|100%| O|  |TAMS 0x00000000c2700000, 0x00000000c2600000| Untracked 
|  19|0x00000000c2700000, 0x00000000c2800000, 0x00000000c2800000|100%| O|  |TAMS 0x00000000c2800000, 0x00000000c2700000| Untracked 
|  20|0x00000000c2800000, 0x00000000c2900000, 0x00000000c2900000|100%| O|  |TAMS 0x00000000c2900000, 0x00000000c2800000| Untracked 
|  21|0x00000000c2900000, 0x00000000c2a00000, 0x00000000c2a00000|100%| O|  |TAMS 0x00000000c2a00000, 0x00000000c2900000| Untracked 
|  22|0x00000000c2a00000, 0x00000000c2b00000, 0x00000000c2b00000|100%| O|  |TAMS 0x00000000c2b00000, 0x00000000c2a00000| Untracked 
|  23|0x00000000c2b00000, 0x00000000c2c00000, 0x00000000c2c00000|100%| O|  |TAMS 0x00000000c2c00000, 0x00000000c2b00000| Untracked 
|  24|0x00000000c2c00000, 0x00000000c2d00000, 0x00000000c2d00000|100%| O|  |TAMS 0x00000000c2d00000, 0x00000000c2c00000| Untracked 
|  25|0x00000000c2d00000, 0x00000000c2e00000, 0x00000000c2e00000|100%| O|  |TAMS 0x00000000c2d00000, 0x00000000c2d00000| Untracked 
|  26|0x00000000c2e00000, 0x00000000c2f00000, 0x00000000c2f00000|100%| O|  |TAMS 0x00000000c2f00000, 0x00000000c2e00000| Untracked 
|  27|0x00000000c2f00000, 0x00000000c3000000, 0x00000000c3000000|100%| O|  |TAMS 0x00000000c3000000, 0x00000000c2f00000| Untracked 
|  28|0x00000000c3000000, 0x00000000c3100000, 0x00000000c3100000|100%| O|  |TAMS 0x00000000c3100000, 0x00000000c3000000| Untracked 
|  29|0x00000000c3100000, 0x00000000c3200000, 0x00000000c3200000|100%| O|  |TAMS 0x00000000c3200000, 0x00000000c3100000| Untracked 
|  30|0x00000000c3200000, 0x00000000c3300000, 0x00000000c3300000|100%| O|  |TAMS 0x00000000c3300000, 0x00000000c3200000| Untracked 
|  31|0x00000000c3300000, 0x00000000c3400000, 0x00000000c3400000|100%| O|  |TAMS 0x00000000c3400000, 0x00000000c3300000| Untracked 
|  32|0x00000000c3400000, 0x00000000c3500000, 0x00000000c3500000|100%|HS|  |TAMS 0x00000000c3500000, 0x00000000c3400000| Complete 
|  33|0x00000000c3500000, 0x00000000c3600000, 0x00000000c3600000|100%|HC|  |TAMS 0x00000000c3600000, 0x00000000c3500000| Complete 
|  34|0x00000000c3600000, 0x00000000c3700000, 0x00000000c3700000|100%| O|  |TAMS 0x00000000c3700000, 0x00000000c3600000| Untracked 
|  35|0x00000000c3700000, 0x00000000c3800000, 0x00000000c3800000|100%| O|  |TAMS 0x00000000c3800000, 0x00000000c3700000| Untracked 
|  36|0x00000000c3800000, 0x00000000c3900000, 0x00000000c3900000|100%| O|  |TAMS 0x00000000c3900000, 0x00000000c3800000| Untracked 
|  37|0x00000000c3900000, 0x00000000c3a00000, 0x00000000c3a00000|100%| O|  |TAMS 0x00000000c3a00000, 0x00000000c3900000| Untracked 
|  38|0x00000000c3a00000, 0x00000000c3b00000, 0x00000000c3b00000|100%| O|  |TAMS 0x00000000c3b00000, 0x00000000c3a00000| Untracked 
|  39|0x00000000c3b00000, 0x00000000c3c00000, 0x00000000c3c00000|100%| O|  |TAMS 0x00000000c3b00000, 0x00000000c3b00000| Untracked 
|  40|0x00000000c3c00000, 0x00000000c3c00000, 0x00000000c3d00000|  0%| F|  |TAMS 0x00000000c3c00000, 0x00000000c3c00000| Untracked 
|  41|0x00000000c3d00000, 0x00000000c3e00000, 0x00000000c3e00000|100%| O|  |TAMS 0x00000000c3e00000, 0x00000000c3d00000| Untracked 
|  42|0x00000000c3e00000, 0x00000000c3f00000, 0x00000000c3f00000|100%| O|  |TAMS 0x00000000c3e00000, 0x00000000c3e00000| Untracked 
|  43|0x00000000c3f00000, 0x00000000c4000000, 0x00000000c4000000|100%| O|  |TAMS 0x00000000c4000000, 0x00000000c3f00000| Untracked 
|  44|0x00000000c4000000, 0x00000000c4100000, 0x00000000c4100000|100%| O|  |TAMS 0x00000000c4100000, 0x00000000c4000000| Untracked 
|  45|0x00000000c4100000, 0x00000000c4200000, 0x00000000c4200000|100%| O|  |TAMS 0x00000000c4200000, 0x00000000c4100000| Untracked 
|  46|0x00000000c4200000, 0x00000000c4300000, 0x00000000c4300000|100%| O|  |TAMS 0x00000000c4300000, 0x00000000c4200000| Untracked 
|  47|0x00000000c4300000, 0x00000000c4400000, 0x00000000c4400000|100%| O|  |TAMS 0x00000000c4400000, 0x00000000c4300000| Untracked 
|  48|0x00000000c4400000, 0x00000000c4500000, 0x00000000c4500000|100%| O|  |TAMS 0x00000000c4500000, 0x00000000c4400000| Untracked 
|  49|0x00000000c4500000, 0x00000000c4600000, 0x00000000c4600000|100%| O|  |TAMS 0x00000000c4600000, 0x00000000c4500000| Untracked 
|  50|0x00000000c4600000, 0x00000000c4700000, 0x00000000c4700000|100%| O|  |TAMS 0x00000000c4700000, 0x00000000c4600000| Untracked 
|  51|0x00000000c4700000, 0x00000000c4800000, 0x00000000c4800000|100%| O|  |TAMS 0x00000000c4800000, 0x00000000c4700000| Untracked 
|  52|0x00000000c4800000, 0x00000000c4900000, 0x00000000c4900000|100%| O|  |TAMS 0x00000000c4900000, 0x00000000c4800000| Untracked 
|  53|0x00000000c4900000, 0x00000000c4a00000, 0x00000000c4a00000|100%| O|  |TAMS 0x00000000c4a00000, 0x00000000c4900000| Untracked 
|  54|0x00000000c4a00000, 0x00000000c4b00000, 0x00000000c4b00000|100%| O|  |TAMS 0x00000000c4aabc00, 0x00000000c4a00000| Untracked 
|  55|0x00000000c4b00000, 0x00000000c4c00000, 0x00000000c4c00000|100%| O|  |TAMS 0x00000000c4b00000, 0x00000000c4b00000| Untracked 
|  56|0x00000000c4c00000, 0x00000000c4d00000, 0x00000000c4d00000|100%| O|  |TAMS 0x00000000c4c00000, 0x00000000c4c00000| Untracked 
|  57|0x00000000c4d00000, 0x00000000c4d73e00, 0x00000000c4e00000| 45%| O|  |TAMS 0x00000000c4d00000, 0x00000000c4d00000| Untracked 
|  58|0x00000000c4e00000, 0x00000000c4e00000, 0x00000000c4f00000|  0%| F|  |TAMS 0x00000000c4e00000, 0x00000000c4e00000| Untracked 
|  59|0x00000000c4f00000, 0x00000000c4f00000, 0x00000000c5000000|  0%| F|  |TAMS 0x00000000c4f00000, 0x00000000c4f00000| Untracked 
|  60|0x00000000c5000000, 0x00000000c5000000, 0x00000000c5100000|  0%| F|  |TAMS 0x00000000c5000000, 0x00000000c5000000| Untracked 
|  61|0x00000000c5100000, 0x00000000c5100000, 0x00000000c5200000|  0%| F|  |TAMS 0x00000000c5100000, 0x00000000c5100000| Untracked 
|  62|0x00000000c5200000, 0x00000000c5200000, 0x00000000c5300000|  0%| F|  |TAMS 0x00000000c5200000, 0x00000000c5200000| Untracked 
|  63|0x00000000c5300000, 0x00000000c5300000, 0x00000000c5400000|  0%| F|  |TAMS 0x00000000c5300000, 0x00000000c5300000| Untracked 
|  64|0x00000000c5400000, 0x00000000c5400000, 0x00000000c5500000|  0%| F|  |TAMS 0x00000000c5400000, 0x00000000c5400000| Untracked 
|  65|0x00000000c5500000, 0x00000000c5500000, 0x00000000c5600000|  0%| F|  |TAMS 0x00000000c5500000, 0x00000000c5500000| Untracked 
|  66|0x00000000c5600000, 0x00000000c5600000, 0x00000000c5700000|  0%| F|  |TAMS 0x00000000c5600000, 0x00000000c5600000| Untracked 
|  67|0x00000000c5700000, 0x00000000c5700000, 0x00000000c5800000|  0%| F|  |TAMS 0x00000000c5700000, 0x00000000c5700000| Untracked 
|  68|0x00000000c5800000, 0x00000000c5800000, 0x00000000c5900000|  0%| F|  |TAMS 0x00000000c5800000, 0x00000000c5800000| Untracked 
|  69|0x00000000c5900000, 0x00000000c5900000, 0x00000000c5a00000|  0%| F|  |TAMS 0x00000000c5900000, 0x00000000c5900000| Untracked 
|  70|0x00000000c5a00000, 0x00000000c5a00000, 0x00000000c5b00000|  0%| F|  |TAMS 0x00000000c5a00000, 0x00000000c5a00000| Untracked 
|  71|0x00000000c5b00000, 0x00000000c5b00000, 0x00000000c5c00000|  0%| F|  |TAMS 0x00000000c5b00000, 0x00000000c5b00000| Untracked 
|  72|0x00000000c5c00000, 0x00000000c5c00000, 0x00000000c5d00000|  0%| F|  |TAMS 0x00000000c5c00000, 0x00000000c5c00000| Untracked 
|  73|0x00000000c5d00000, 0x00000000c5d00000, 0x00000000c5e00000|  0%| F|  |TAMS 0x00000000c5d00000, 0x00000000c5d00000| Untracked 
|  74|0x00000000c5e00000, 0x00000000c5e00000, 0x00000000c5f00000|  0%| F|  |TAMS 0x00000000c5e00000, 0x00000000c5e00000| Untracked 
|  75|0x00000000c5f00000, 0x00000000c5f00000, 0x00000000c6000000|  0%| F|  |TAMS 0x00000000c5f00000, 0x00000000c5f00000| Untracked 
|  76|0x00000000c6000000, 0x00000000c6000000, 0x00000000c6100000|  0%| F|  |TAMS 0x00000000c6000000, 0x00000000c6000000| Untracked 
|  77|0x00000000c6100000, 0x00000000c6100000, 0x00000000c6200000|  0%| F|  |TAMS 0x00000000c6100000, 0x00000000c6100000| Untracked 
|  78|0x00000000c6200000, 0x00000000c6200000, 0x00000000c6300000|  0%| F|  |TAMS 0x00000000c6200000, 0x00000000c6200000| Untracked 
|  79|0x00000000c6300000, 0x00000000c6300000, 0x00000000c6400000|  0%| F|  |TAMS 0x00000000c6300000, 0x00000000c6300000| Untracked 
|  80|0x00000000c6400000, 0x00000000c6400000, 0x00000000c6500000|  0%| F|  |TAMS 0x00000000c6400000, 0x00000000c6400000| Untracked 
|  81|0x00000000c6500000, 0x00000000c6500000, 0x00000000c6600000|  0%| F|  |TAMS 0x00000000c6500000, 0x00000000c6500000| Untracked 
|  82|0x00000000c6600000, 0x00000000c6600000, 0x00000000c6700000|  0%| F|  |TAMS 0x00000000c6600000, 0x00000000c6600000| Untracked 
|  83|0x00000000c6700000, 0x00000000c6700000, 0x00000000c6800000|  0%| F|  |TAMS 0x00000000c6700000, 0x00000000c6700000| Untracked 
|  84|0x00000000c6800000, 0x00000000c6800000, 0x00000000c6900000|  0%| F|  |TAMS 0x00000000c6800000, 0x00000000c6800000| Untracked 
|  85|0x00000000c6900000, 0x00000000c6900000, 0x00000000c6a00000|  0%| F|  |TAMS 0x00000000c6900000, 0x00000000c6900000| Untracked 
|  86|0x00000000c6a00000, 0x00000000c6a00000, 0x00000000c6b00000|  0%| F|  |TAMS 0x00000000c6a00000, 0x00000000c6a00000| Untracked 
|  87|0x00000000c6b00000, 0x00000000c6b00000, 0x00000000c6c00000|  0%| F|  |TAMS 0x00000000c6b00000, 0x00000000c6b00000| Untracked 
|  88|0x00000000c6c00000, 0x00000000c6c00000, 0x00000000c6d00000|  0%| F|  |TAMS 0x00000000c6c00000, 0x00000000c6c00000| Untracked 
|  89|0x00000000c6d00000, 0x00000000c6d00000, 0x00000000c6e00000|  0%| F|  |TAMS 0x00000000c6d00000, 0x00000000c6d00000| Untracked 
|  90|0x00000000c6e00000, 0x00000000c6e00000, 0x00000000c6f00000|  0%| F|  |TAMS 0x00000000c6e00000, 0x00000000c6e00000| Untracked 
|  91|0x00000000c6f00000, 0x00000000c6f00000, 0x00000000c7000000|  0%| F|  |TAMS 0x00000000c6f00000, 0x00000000c6f00000| Untracked 
|  92|0x00000000c7000000, 0x00000000c7000000, 0x00000000c7100000|  0%| F|  |TAMS 0x00000000c7000000, 0x00000000c7000000| Untracked 
|  93|0x00000000c7100000, 0x00000000c7100000, 0x00000000c7200000|  0%| F|  |TAMS 0x00000000c7100000, 0x00000000c7100000| Untracked 
|  94|0x00000000c7200000, 0x00000000c7200000, 0x00000000c7300000|  0%| F|  |TAMS 0x00000000c7200000, 0x00000000c7200000| Untracked 
|  95|0x00000000c7300000, 0x00000000c7300000, 0x00000000c7400000|  0%| F|  |TAMS 0x00000000c7300000, 0x00000000c7300000| Untracked 
|  96|0x00000000c7400000, 0x00000000c7400000, 0x00000000c7500000|  0%| F|  |TAMS 0x00000000c7400000, 0x00000000c7400000| Untracked 
|  97|0x00000000c7500000, 0x00000000c7576390, 0x00000000c7600000| 46%| S|CS|TAMS 0x00000000c7500000, 0x00000000c7500000| Complete 
|  98|0x00000000c7600000, 0x00000000c7600000, 0x00000000c7700000|  0%| F|  |TAMS 0x00000000c7600000, 0x00000000c7600000| Untracked 
|  99|0x00000000c7700000, 0x00000000c7700000, 0x00000000c7800000|  0%| F|  |TAMS 0x00000000c7700000, 0x00000000c7700000| Untracked 
| 100|0x00000000c7800000, 0x00000000c7800000, 0x00000000c7900000|  0%| F|  |TAMS 0x00000000c7800000, 0x00000000c7800000| Untracked 
| 101|0x00000000c7900000, 0x00000000c7900000, 0x00000000c7a00000|  0%| F|  |TAMS 0x00000000c7900000, 0x00000000c7900000| Untracked 
| 102|0x00000000c7a00000, 0x00000000c7a00000, 0x00000000c7b00000|  0%| F|  |TAMS 0x00000000c7a00000, 0x00000000c7a00000| Untracked 
| 103|0x00000000c7b00000, 0x00000000c7b00000, 0x00000000c7c00000|  0%| F|  |TAMS 0x00000000c7b00000, 0x00000000c7b00000| Untracked 
| 104|0x00000000c7c00000, 0x00000000c7c00000, 0x00000000c7d00000|  0%| F|  |TAMS 0x00000000c7c00000, 0x00000000c7c00000| Untracked 
| 105|0x00000000c7d00000, 0x00000000c7d00000, 0x00000000c7e00000|  0%| F|  |TAMS 0x00000000c7d00000, 0x00000000c7d00000| Untracked 
| 106|0x00000000c7e00000, 0x00000000c7e00000, 0x00000000c7f00000|  0%| F|  |TAMS 0x00000000c7e00000, 0x00000000c7e00000| Untracked 
| 107|0x00000000c7f00000, 0x00000000c7f00000, 0x00000000c8000000|  0%| F|  |TAMS 0x00000000c7f00000, 0x00000000c7f00000| Untracked 
| 108|0x00000000c8000000, 0x00000000c8000000, 0x00000000c8100000|  0%| F|  |TAMS 0x00000000c8000000, 0x00000000c8000000| Untracked 
| 109|0x00000000c8100000, 0x00000000c8100000, 0x00000000c8200000|  0%| F|  |TAMS 0x00000000c8100000, 0x00000000c8100000| Untracked 
| 110|0x00000000c8200000, 0x00000000c8200000, 0x00000000c8300000|  0%| F|  |TAMS 0x00000000c8200000, 0x00000000c8200000| Untracked 
| 111|0x00000000c8300000, 0x00000000c8300000, 0x00000000c8400000|  0%| F|  |TAMS 0x00000000c8300000, 0x00000000c8300000| Untracked 
| 112|0x00000000c8400000, 0x00000000c8400000, 0x00000000c8500000|  0%| F|  |TAMS 0x00000000c8400000, 0x00000000c8400000| Untracked 
| 113|0x00000000c8500000, 0x00000000c8500000, 0x00000000c8600000|  0%| F|  |TAMS 0x00000000c8500000, 0x00000000c8500000| Untracked 
| 114|0x00000000c8600000, 0x00000000c8600000, 0x00000000c8700000|  0%| F|  |TAMS 0x00000000c8600000, 0x00000000c8600000| Untracked 
| 115|0x00000000c8700000, 0x00000000c8700000, 0x00000000c8800000|  0%| F|  |TAMS 0x00000000c8700000, 0x00000000c8700000| Untracked 
| 116|0x00000000c8800000, 0x00000000c8800000, 0x00000000c8900000|  0%| F|  |TAMS 0x00000000c8800000, 0x00000000c8800000| Untracked 
| 117|0x00000000c8900000, 0x00000000c8900000, 0x00000000c8a00000|  0%| F|  |TAMS 0x00000000c8900000, 0x00000000c8900000| Untracked 
| 118|0x00000000c8a00000, 0x00000000c8a00000, 0x00000000c8b00000|  0%| F|  |TAMS 0x00000000c8a00000, 0x00000000c8a00000| Untracked 
| 119|0x00000000c8b00000, 0x00000000c8b00000, 0x00000000c8c00000|  0%| F|  |TAMS 0x00000000c8b00000, 0x00000000c8b00000| Untracked 
| 120|0x00000000c8c00000, 0x00000000c8c00000, 0x00000000c8d00000|  0%| F|  |TAMS 0x00000000c8c00000, 0x00000000c8c00000| Untracked 
| 121|0x00000000c8d00000, 0x00000000c8d00000, 0x00000000c8e00000|  0%| F|  |TAMS 0x00000000c8d00000, 0x00000000c8d00000| Untracked 
| 122|0x00000000c8e00000, 0x00000000c8e00000, 0x00000000c8f00000|  0%| F|  |TAMS 0x00000000c8e00000, 0x00000000c8e00000| Untracked 
| 123|0x00000000c8f00000, 0x00000000c8f00000, 0x00000000c9000000|  0%| F|  |TAMS 0x00000000c8f00000, 0x00000000c8f00000| Untracked 
| 124|0x00000000c9000000, 0x00000000c9000000, 0x00000000c9100000|  0%| F|  |TAMS 0x00000000c9000000, 0x00000000c9000000| Untracked 
| 125|0x00000000c9100000, 0x00000000c9100000, 0x00000000c9200000|  0%| F|  |TAMS 0x00000000c9100000, 0x00000000c9100000| Untracked 
| 126|0x00000000c9200000, 0x00000000c9200000, 0x00000000c9300000|  0%| F|  |TAMS 0x00000000c9200000, 0x00000000c9200000| Untracked 
| 127|0x00000000c9300000, 0x00000000c9300000, 0x00000000c9400000|  0%| F|  |TAMS 0x00000000c9300000, 0x00000000c9300000| Untracked 
| 128|0x00000000c9400000, 0x00000000c9400000, 0x00000000c9500000|  0%| F|  |TAMS 0x00000000c9400000, 0x00000000c9400000| Untracked 
| 129|0x00000000c9500000, 0x00000000c9500000, 0x00000000c9600000|  0%| F|  |TAMS 0x00000000c9500000, 0x00000000c9500000| Untracked 
| 130|0x00000000c9600000, 0x00000000c9600000, 0x00000000c9700000|  0%| F|  |TAMS 0x00000000c9600000, 0x00000000c9600000| Untracked 
| 131|0x00000000c9700000, 0x00000000c9700000, 0x00000000c9800000|  0%| F|  |TAMS 0x00000000c9700000, 0x00000000c9700000| Untracked 
| 132|0x00000000c9800000, 0x00000000c9800000, 0x00000000c9900000|  0%| F|  |TAMS 0x00000000c9800000, 0x00000000c9800000| Untracked 
| 133|0x00000000c9900000, 0x00000000c9900000, 0x00000000c9a00000|  0%| F|  |TAMS 0x00000000c9900000, 0x00000000c9900000| Untracked 
| 134|0x00000000c9a00000, 0x00000000c9a00000, 0x00000000c9b00000|  0%| F|  |TAMS 0x00000000c9a00000, 0x00000000c9a00000| Untracked 
| 135|0x00000000c9b00000, 0x00000000c9b00000, 0x00000000c9c00000|  0%| F|  |TAMS 0x00000000c9b00000, 0x00000000c9b00000| Untracked 
| 136|0x00000000c9c00000, 0x00000000c9c00000, 0x00000000c9d00000|  0%| F|  |TAMS 0x00000000c9c00000, 0x00000000c9c00000| Untracked 
| 137|0x00000000c9d00000, 0x00000000c9d00000, 0x00000000c9e00000|  0%| F|  |TAMS 0x00000000c9d00000, 0x00000000c9d00000| Untracked 
| 138|0x00000000c9e00000, 0x00000000c9e00000, 0x00000000c9f00000|  0%| F|  |TAMS 0x00000000c9e00000, 0x00000000c9e00000| Untracked 
| 139|0x00000000c9f00000, 0x00000000c9f00000, 0x00000000ca000000|  0%| F|  |TAMS 0x00000000c9f00000, 0x00000000c9f00000| Untracked 
| 140|0x00000000ca000000, 0x00000000ca000000, 0x00000000ca100000|  0%| F|  |TAMS 0x00000000ca000000, 0x00000000ca000000| Untracked 
| 141|0x00000000ca100000, 0x00000000ca100000, 0x00000000ca200000|  0%| F|  |TAMS 0x00000000ca100000, 0x00000000ca100000| Untracked 
| 142|0x00000000ca200000, 0x00000000ca200000, 0x00000000ca300000|  0%| F|  |TAMS 0x00000000ca200000, 0x00000000ca200000| Untracked 
| 143|0x00000000ca300000, 0x00000000ca300000, 0x00000000ca400000|  0%| F|  |TAMS 0x00000000ca300000, 0x00000000ca300000| Untracked 
| 144|0x00000000ca400000, 0x00000000ca400000, 0x00000000ca500000|  0%| F|  |TAMS 0x00000000ca400000, 0x00000000ca400000| Untracked 
| 145|0x00000000ca500000, 0x00000000ca500000, 0x00000000ca600000|  0%| F|  |TAMS 0x00000000ca500000, 0x00000000ca500000| Untracked 
| 146|0x00000000ca600000, 0x00000000ca600000, 0x00000000ca700000|  0%| F|  |TAMS 0x00000000ca600000, 0x00000000ca600000| Untracked 
| 147|0x00000000ca700000, 0x00000000ca700000, 0x00000000ca800000|  0%| F|  |TAMS 0x00000000ca700000, 0x00000000ca700000| Untracked 
| 148|0x00000000ca800000, 0x00000000ca800000, 0x00000000ca900000|  0%| F|  |TAMS 0x00000000ca800000, 0x00000000ca800000| Untracked 
| 149|0x00000000ca900000, 0x00000000ca900000, 0x00000000caa00000|  0%| F|  |TAMS 0x00000000ca900000, 0x00000000ca900000| Untracked 
| 150|0x00000000caa00000, 0x00000000caa00000, 0x00000000cab00000|  0%| F|  |TAMS 0x00000000caa00000, 0x00000000caa00000| Untracked 
| 151|0x00000000cab00000, 0x00000000cab00000, 0x00000000cac00000|  0%| F|  |TAMS 0x00000000cab00000, 0x00000000cab00000| Untracked 
| 152|0x00000000cac00000, 0x00000000cac00000, 0x00000000cad00000|  0%| F|  |TAMS 0x00000000cac00000, 0x00000000cac00000| Untracked 
| 153|0x00000000cad00000, 0x00000000cad00000, 0x00000000cae00000|  0%| F|  |TAMS 0x00000000cad00000, 0x00000000cad00000| Untracked 
| 154|0x00000000cae00000, 0x00000000cae00000, 0x00000000caf00000|  0%| F|  |TAMS 0x00000000cae00000, 0x00000000cae00000| Untracked 
| 155|0x00000000caf00000, 0x00000000caf00000, 0x00000000cb000000|  0%| F|  |TAMS 0x00000000caf00000, 0x00000000caf00000| Untracked 
| 156|0x00000000cb000000, 0x00000000cb000000, 0x00000000cb100000|  0%| F|  |TAMS 0x00000000cb000000, 0x00000000cb000000| Untracked 
| 157|0x00000000cb100000, 0x00000000cb100000, 0x00000000cb200000|  0%| F|  |TAMS 0x00000000cb100000, 0x00000000cb100000| Untracked 
| 158|0x00000000cb200000, 0x00000000cb200000, 0x00000000cb300000|  0%| F|  |TAMS 0x00000000cb200000, 0x00000000cb200000| Untracked 
| 159|0x00000000cb300000, 0x00000000cb300000, 0x00000000cb400000|  0%| F|  |TAMS 0x00000000cb300000, 0x00000000cb300000| Untracked 
| 160|0x00000000cb400000, 0x00000000cb400000, 0x00000000cb500000|  0%| F|  |TAMS 0x00000000cb400000, 0x00000000cb400000| Untracked 
| 161|0x00000000cb500000, 0x00000000cb500000, 0x00000000cb600000|  0%| F|  |TAMS 0x00000000cb500000, 0x00000000cb500000| Untracked 
| 162|0x00000000cb600000, 0x00000000cb600000, 0x00000000cb700000|  0%| F|  |TAMS 0x00000000cb600000, 0x00000000cb600000| Untracked 
| 163|0x00000000cb700000, 0x00000000cb700000, 0x00000000cb800000|  0%| F|  |TAMS 0x00000000cb700000, 0x00000000cb700000| Untracked 
| 164|0x00000000cb800000, 0x00000000cb800000, 0x00000000cb900000|  0%| F|  |TAMS 0x00000000cb800000, 0x00000000cb800000| Untracked 
| 165|0x00000000cb900000, 0x00000000cb900000, 0x00000000cba00000|  0%| F|  |TAMS 0x00000000cb900000, 0x00000000cb900000| Untracked 
| 166|0x00000000cba00000, 0x00000000cba00000, 0x00000000cbb00000|  0%| F|  |TAMS 0x00000000cba00000, 0x00000000cba00000| Untracked 
| 167|0x00000000cbb00000, 0x00000000cbb00000, 0x00000000cbc00000|  0%| F|  |TAMS 0x00000000cbb00000, 0x00000000cbb00000| Untracked 
| 168|0x00000000cbc00000, 0x00000000cbc00000, 0x00000000cbd00000|  0%| F|  |TAMS 0x00000000cbc00000, 0x00000000cbc00000| Untracked 
| 169|0x00000000cbd00000, 0x00000000cbd00000, 0x00000000cbe00000|  0%| F|  |TAMS 0x00000000cbd00000, 0x00000000cbd00000| Untracked 
| 170|0x00000000cbe00000, 0x00000000cbe00000, 0x00000000cbf00000|  0%| F|  |TAMS 0x00000000cbe00000, 0x00000000cbe00000| Untracked 
| 171|0x00000000cbf00000, 0x00000000cbf00000, 0x00000000cc000000|  0%| F|  |TAMS 0x00000000cbf00000, 0x00000000cbf00000| Untracked 
| 172|0x00000000cc000000, 0x00000000cc000000, 0x00000000cc100000|  0%| F|  |TAMS 0x00000000cc000000, 0x00000000cc000000| Untracked 
| 173|0x00000000cc100000, 0x00000000cc100000, 0x00000000cc200000|  0%| F|  |TAMS 0x00000000cc100000, 0x00000000cc100000| Untracked 
| 174|0x00000000cc200000, 0x00000000cc200000, 0x00000000cc300000|  0%| F|  |TAMS 0x00000000cc200000, 0x00000000cc200000| Untracked 
| 175|0x00000000cc300000, 0x00000000cc300000, 0x00000000cc400000|  0%| F|  |TAMS 0x00000000cc300000, 0x00000000cc300000| Untracked 
| 176|0x00000000cc400000, 0x00000000cc400000, 0x00000000cc500000|  0%| F|  |TAMS 0x00000000cc400000, 0x00000000cc400000| Untracked 
| 177|0x00000000cc500000, 0x00000000cc500000, 0x00000000cc600000|  0%| F|  |TAMS 0x00000000cc500000, 0x00000000cc500000| Untracked 
| 178|0x00000000cc600000, 0x00000000cc600000, 0x00000000cc700000|  0%| F|  |TAMS 0x00000000cc600000, 0x00000000cc600000| Untracked 
| 179|0x00000000cc700000, 0x00000000cc800000, 0x00000000cc800000|100%| E|  |TAMS 0x00000000cc700000, 0x00000000cc700000| Complete 
| 180|0x00000000cc800000, 0x00000000cc900000, 0x00000000cc900000|100%| E|CS|TAMS 0x00000000cc800000, 0x00000000cc800000| Complete 
| 181|0x00000000cc900000, 0x00000000cca00000, 0x00000000cca00000|100%| E|CS|TAMS 0x00000000cc900000, 0x00000000cc900000| Complete 
| 182|0x00000000cca00000, 0x00000000ccb00000, 0x00000000ccb00000|100%| E|CS|TAMS 0x00000000cca00000, 0x00000000cca00000| Complete 
| 183|0x00000000ccb00000, 0x00000000ccc00000, 0x00000000ccc00000|100%| E|CS|TAMS 0x00000000ccb00000, 0x00000000ccb00000| Complete 
| 184|0x00000000ccc00000, 0x00000000ccd00000, 0x00000000ccd00000|100%| E|CS|TAMS 0x00000000ccc00000, 0x00000000ccc00000| Complete 
| 185|0x00000000ccd00000, 0x00000000cce00000, 0x00000000cce00000|100%| E|CS|TAMS 0x00000000ccd00000, 0x00000000ccd00000| Complete 
| 186|0x00000000cce00000, 0x00000000ccf00000, 0x00000000ccf00000|100%| E|CS|TAMS 0x00000000cce00000, 0x00000000cce00000| Complete 
| 187|0x00000000ccf00000, 0x00000000cd000000, 0x00000000cd000000|100%| E|CS|TAMS 0x00000000ccf00000, 0x00000000ccf00000| Complete 
| 188|0x00000000cd000000, 0x00000000cd100000, 0x00000000cd100000|100%| E|CS|TAMS 0x00000000cd000000, 0x00000000cd000000| Complete 
| 189|0x00000000cd100000, 0x00000000cd200000, 0x00000000cd200000|100%| E|CS|TAMS 0x00000000cd100000, 0x00000000cd100000| Complete 
| 190|0x00000000cd200000, 0x00000000cd300000, 0x00000000cd300000|100%| E|CS|TAMS 0x00000000cd200000, 0x00000000cd200000| Complete 
| 191|0x00000000cd300000, 0x00000000cd400000, 0x00000000cd400000|100%| E|CS|TAMS 0x00000000cd300000, 0x00000000cd300000| Complete 
| 192|0x00000000cd400000, 0x00000000cd500000, 0x00000000cd500000|100%| E|CS|TAMS 0x00000000cd400000, 0x00000000cd400000| Complete 
| 193|0x00000000cd500000, 0x00000000cd600000, 0x00000000cd600000|100%| E|CS|TAMS 0x00000000cd500000, 0x00000000cd500000| Complete 
| 194|0x00000000cd600000, 0x00000000cd700000, 0x00000000cd700000|100%| E|CS|TAMS 0x00000000cd600000, 0x00000000cd600000| Complete 
| 195|0x00000000cd700000, 0x00000000cd800000, 0x00000000cd800000|100%| E|CS|TAMS 0x00000000cd700000, 0x00000000cd700000| Complete 
| 196|0x00000000cd800000, 0x00000000cd900000, 0x00000000cd900000|100%| E|CS|TAMS 0x00000000cd800000, 0x00000000cd800000| Complete 
| 197|0x00000000cd900000, 0x00000000cda00000, 0x00000000cda00000|100%| E|CS|TAMS 0x00000000cd900000, 0x00000000cd900000| Complete 
| 198|0x00000000cda00000, 0x00000000cdb00000, 0x00000000cdb00000|100%| E|CS|TAMS 0x00000000cda00000, 0x00000000cda00000| Complete 
| 199|0x00000000cdb00000, 0x00000000cdc00000, 0x00000000cdc00000|100%| E|CS|TAMS 0x00000000cdb00000, 0x00000000cdb00000| Complete 
| 200|0x00000000cdc00000, 0x00000000cdd00000, 0x00000000cdd00000|100%| E|CS|TAMS 0x00000000cdc00000, 0x00000000cdc00000| Complete 
| 201|0x00000000cdd00000, 0x00000000cde00000, 0x00000000cde00000|100%| E|CS|TAMS 0x00000000cdd00000, 0x00000000cdd00000| Complete 
| 202|0x00000000cde00000, 0x00000000cdf00000, 0x00000000cdf00000|100%| E|CS|TAMS 0x00000000cde00000, 0x00000000cde00000| Complete 
| 203|0x00000000cdf00000, 0x00000000ce000000, 0x00000000ce000000|100%| E|CS|TAMS 0x00000000cdf00000, 0x00000000cdf00000| Complete 
| 204|0x00000000ce000000, 0x00000000ce100000, 0x00000000ce100000|100%| E|CS|TAMS 0x00000000ce000000, 0x00000000ce000000| Complete 
| 205|0x00000000ce100000, 0x00000000ce200000, 0x00000000ce200000|100%| E|CS|TAMS 0x00000000ce100000, 0x00000000ce100000| Complete 
| 206|0x00000000ce200000, 0x00000000ce300000, 0x00000000ce300000|100%| E|CS|TAMS 0x00000000ce200000, 0x00000000ce200000| Complete 
| 207|0x00000000ce300000, 0x00000000ce400000, 0x00000000ce400000|100%| E|CS|TAMS 0x00000000ce300000, 0x00000000ce300000| Complete 
| 208|0x00000000ce400000, 0x00000000ce500000, 0x00000000ce500000|100%| E|CS|TAMS 0x00000000ce400000, 0x00000000ce400000| Complete 

Card table byte_map: [0x0000028b266c0000,0x0000028b268c0000] _byte_map_base: 0x0000028b260b6000

Marking Bits (Prev, Next): (CMBitMap*) 0x0000028b0fc7d630, (CMBitMap*) 0x0000028b0fc7d5f0
 Prev Bits: [0x0000028b27a70000, 0x0000028b28a20000)
 Next Bits: [0x0000028b26ac0000, 0x0000028b27a70000)

Polling page: 0x0000028b0db20000

Metaspace:

Usage:
  Non-class:     45.86 MB used.
      Class:      6.15 MB used.
       Both:     52.01 MB used.

Virtual space:
  Non-class space:       48.00 MB reserved,      46.00 MB ( 96%) committed,  6 nodes.
      Class space:        1.00 GB reserved,       6.31 MB ( <1%) committed,  1 nodes.
             Both:        1.05 GB reserved,      52.31 MB (  5%) committed. 

Chunk freelists:
   Non-Class:  1.80 MB
       Class:  1.61 MB
        Both:  3.41 MB

MaxMetaspaceSize: unlimited
CompressedClassSpaceSize: 1.00 GB
Initial GC threshold: 21.00 MB
Current GC threshold: 82.31 MB
CDS: on
MetaspaceReclaimPolicy: balanced
 - commit_granule_bytes: 65536.
 - commit_granule_words: 8192.
 - virtual_space_node_default_size: 1048576.
 - enlarge_chunks_in_place: 1.
 - new_chunks_are_fully_committed: 0.
 - uncommit_free_chunks: 1.
 - use_allocation_guard: 0.
 - handle_deallocations: 1.


Internal statistics:

num_allocs_failed_limit: 6.
num_arena_births: 258.
num_arena_deaths: 0.
num_vsnodes_births: 7.
num_vsnodes_deaths: 0.
num_space_committed: 835.
num_space_uncommitted: 0.
num_chunks_returned_to_freelist: 6.
num_chunks_taken_from_freelist: 2168.
num_chunk_merges: 6.
num_chunk_splits: 1702.
num_chunks_enlarged: 1484.
num_purges: 0.
num_inconsistent_stats: 0.

CodeHeap 'non-profiled nmethods': size=120000Kb used=3371Kb max_used=3371Kb free=116628Kb
 bounds [0x0000028b1ef90000, 0x0000028b1f2e0000, 0x0000028b264c0000]
CodeHeap 'profiled nmethods': size=120000Kb used=19127Kb max_used=19127Kb free=100872Kb
 bounds [0x0000028b17a60000, 0x0000028b18d10000, 0x0000028b1ef90000]
CodeHeap 'non-nmethods': size=5760Kb used=1295Kb max_used=1347Kb free=4464Kb
 bounds [0x0000028b174c0000, 0x0000028b17730000, 0x0000028b17a60000]
 total_blobs=8498 nmethods=7892 adapters=517
 compilation: enabled
              stopped_count=0, restarted_count=0
 full_count=0

Compilation events (20 events):
Event: 30.153 Thread 0x0000028b0fd19f60 nmethod 8917 0x0000028b18cf4310 code [0x0000028b18cf44e0, 0x0000028b18cf46e8]
Event: 30.153 Thread 0x0000028b0fd19f60 8918       2       org.jetbrains.kotlin.resolve.jvm.checkers.JvmArrayVariableInLoopAssignmentChecker::checkType (318 bytes)
Event: 30.158 Thread 0x0000028b0fd19f60 nmethod 8918 0x0000028b18cf4890 code [0x0000028b18cf4d20, 0x0000028b18cf6068]
Event: 30.165 Thread 0x0000028b0fd19f60 8919       1       org.jetbrains.kotlin.resolve.calls.util.FakeCallableDescriptorForObject::getExtensionReceiverParameter (2 bytes)
Event: 30.166 Thread 0x0000028b0fd19f60 nmethod 8919 0x0000028b1f2da690 code [0x0000028b1f2da820, 0x0000028b1f2da8f8]
Event: 30.166 Thread 0x0000028b0fd19f60 8920       1       org.jetbrains.kotlin.resolve.scopes.LexicalScope$Base::getImplicitReceiver (2 bytes)
Event: 30.167 Thread 0x0000028b0fd19f60 nmethod 8920 0x0000028b1f2da990 code [0x0000028b1f2dab20, 0x0000028b1f2dabf8]
Event: 30.169 Thread 0x0000028b0fd19f60 8921       2       org.jetbrains.kotlin.resolve.calls.checkers.InlineCheckerWrapper::check (88 bytes)
Event: 30.171 Thread 0x0000028b0fd19f60 nmethod 8921 0x0000028b18cf6c10 code [0x0000028b18cf6ee0, 0x0000028b18cf77d8]
Event: 30.171 Thread 0x0000028b0fd19f60 8922       2       org.jetbrains.kotlin.builtins.KotlinBuiltIns::isNullableNothing (30 bytes)
Event: 30.172 Thread 0x0000028b0fd19f60 nmethod 8922 0x0000028b18cf7d90 code [0x0000028b18cf7f60, 0x0000028b18cf8178]
Event: 30.189 Thread 0x0000028b0fd19f60 8923       2       org.jetbrains.kotlin.util.slicedMap.SlicedMapImpl::put (187 bytes)
Event: 30.191 Thread 0x0000028b0fd19f60 nmethod 8923 0x0000028b18cf8310 code [0x0000028b18cf85c0, 0x0000028b18cf8f98]
Event: 30.192 Thread 0x0000028b0fd19f60 8924       2       org.jetbrains.kotlin.util.slicedMap.BasicWritableSlice::afterPut (1 bytes)
Event: 30.192 Thread 0x0000028b0fd19f60 nmethod 8924 0x0000028b18cf9410 code [0x0000028b18cf95a0, 0x0000028b18cf9698]
Event: 30.192 Thread 0x0000028b0fd19f60 8925       2       org.jetbrains.kotlin.psi.KtQualifiedExpression$DefaultImpls::getOperationSign (21 bytes)
Event: 30.193 Thread 0x0000028b0fd19f60 nmethod 8925 0x0000028b18cf9710 code [0x0000028b18cf9900, 0x0000028b18cf9c58]
Event: 30.200 Thread 0x0000028b0fd19f60 8926       2       org.jetbrains.kotlin.builtins.KotlinBuiltIns::isPrimitiveClass (22 bytes)
Event: 30.202 Thread 0x0000028b0fd19f60 nmethod 8926 0x0000028b18cf9e90 code [0x0000028b18cfa040, 0x0000028b18cfa198]
Event: 30.204 Thread 0x0000028b0fd19f60 8927       2       org.jetbrains.kotlin.resolve.calls.smartcasts.DataFlowValueFactoryImpl::createDataFlowValueForStableReceiver (42 bytes)

GC Heap History (20 events):
Event: 14.050 GC heap before
{Heap before GC invocations=14 (full 0):
 garbage-first heap   total 65536K, used 48519K [0x00000000c1400000, 0x0000000100000000)
  region size 1024K, 17 young (17408K), 3 survivors (3072K)
 Metaspace       used 41031K, committed 41344K, reserved 1089536K
  class space    used 4979K, committed 5120K, reserved 1048576K
}
Event: 14.072 GC heap after
{Heap after GC invocations=15 (full 0):
 garbage-first heap   total 65536K, used 38825K [0x00000000c1400000, 0x0000000100000000)
  region size 1024K, 3 young (3072K), 3 survivors (3072K)
 Metaspace       used 41031K, committed 41344K, reserved 1089536K
  class space    used 4979K, committed 5120K, reserved 1048576K
}
Event: 14.424 GC heap before
{Heap before GC invocations=16 (full 0):
 garbage-first heap   total 73728K, used 51113K [0x00000000c1400000, 0x0000000100000000)
  region size 1024K, 15 young (15360K), 3 survivors (3072K)
 Metaspace       used 41144K, committed 41408K, reserved 1089536K
  class space    used 4979K, committed 5120K, reserved 1048576K
}
Event: 14.445 GC heap after
{Heap after GC invocations=17 (full 0):
 garbage-first heap   total 89088K, used 42688K [0x00000000c1400000, 0x0000000100000000)
  region size 1024K, 2 young (2048K), 2 survivors (2048K)
 Metaspace       used 41144K, committed 41408K, reserved 1089536K
  class space    used 4979K, committed 5120K, reserved 1048576K
}
Event: 15.806 GC heap before
{Heap before GC invocations=17 (full 0):
 garbage-first heap   total 89088K, used 65216K [0x00000000c1400000, 0x0000000100000000)
  region size 1024K, 25 young (25600K), 2 survivors (2048K)
 Metaspace       used 44561K, committed 44800K, reserved 1089536K
  class space    used 5451K, committed 5568K, reserved 1048576K
}
Event: 15.822 GC heap after
{Heap after GC invocations=18 (full 0):
 garbage-first heap   total 89088K, used 44736K [0x00000000c1400000, 0x0000000100000000)
  region size 1024K, 4 young (4096K), 4 survivors (4096K)
 Metaspace       used 44561K, committed 44800K, reserved 1089536K
  class space    used 5451K, committed 5568K, reserved 1048576K
}
Event: 18.139 GC heap before
{Heap before GC invocations=19 (full 0):
 garbage-first heap   total 89088K, used 67264K [0x00000000c1400000, 0x0000000100000000)
  region size 1024K, 27 young (27648K), 4 survivors (4096K)
 Metaspace       used 47448K, committed 47744K, reserved 1097728K
  class space    used 5860K, committed 6016K, reserved 1048576K
}
Event: 18.163 GC heap after
{Heap after GC invocations=20 (full 0):
 garbage-first heap   total 89088K, used 47896K [0x00000000c1400000, 0x0000000100000000)
  region size 1024K, 4 young (4096K), 4 survivors (4096K)
 Metaspace       used 47448K, committed 47744K, reserved 1097728K
  class space    used 5860K, committed 6016K, reserved 1048576K
}
Event: 22.023 GC heap before
{Heap before GC invocations=20 (full 0):
 garbage-first heap   total 89088K, used 68376K [0x00000000c1400000, 0x0000000100000000)
  region size 1024K, 24 young (24576K), 4 survivors (4096K)
 Metaspace       used 49731K, committed 49984K, reserved 1097728K
  class space    used 6061K, committed 6208K, reserved 1048576K
}
Event: 22.052 GC heap after
{Heap after GC invocations=21 (full 0):
 garbage-first heap   total 89088K, used 51493K [0x00000000c1400000, 0x0000000100000000)
  region size 1024K, 3 young (3072K), 3 survivors (3072K)
 Metaspace       used 49731K, committed 49984K, reserved 1097728K
  class space    used 6061K, committed 6208K, reserved 1048576K
}
Event: 24.110 GC heap before
{Heap before GC invocations=22 (full 0):
 garbage-first heap   total 89088K, used 69925K [0x00000000c1400000, 0x0000000100000000)
  region size 1024K, 21 young (21504K), 3 survivors (3072K)
 Metaspace       used 50247K, committed 50496K, reserved 1097728K
  class space    used 6078K, committed 6208K, reserved 1048576K
}
Event: 24.147 GC heap after
{Heap after GC invocations=23 (full 0):
 garbage-first heap   total 89088K, used 55296K [0x00000000c1400000, 0x0000000100000000)
  region size 1024K, 3 young (3072K), 3 survivors (3072K)
 Metaspace       used 50247K, committed 50496K, reserved 1097728K
  class space    used 6078K, committed 6208K, reserved 1048576K
}
Event: 24.182 GC heap before
{Heap before GC invocations=23 (full 0):
 garbage-first heap   total 89088K, used 56320K [0x00000000c1400000, 0x0000000100000000)
  region size 1024K, 4 young (4096K), 3 survivors (3072K)
 Metaspace       used 50252K, committed 50496K, reserved 1097728K
  class space    used 6078K, committed 6208K, reserved 1048576K
}
Event: 24.202 GC heap after
{Heap after GC invocations=24 (full 0):
 garbage-first heap   total 89088K, used 53525K [0x00000000c1400000, 0x0000000100000000)
  region size 1024K, 1 young (1024K), 1 survivors (1024K)
 Metaspace       used 50252K, committed 50496K, reserved 1097728K
  class space    used 6078K, committed 6208K, reserved 1048576K
}
Event: 25.143 GC heap before
{Heap before GC invocations=24 (full 0):
 garbage-first heap   total 89088K, used 69909K [0x00000000c1400000, 0x0000000100000000)
  region size 1024K, 17 young (17408K), 1 survivors (1024K)
 Metaspace       used 50312K, committed 50560K, reserved 1097728K
  class space    used 6079K, committed 6208K, reserved 1048576K
}
Event: 25.162 GC heap after
{Heap after GC invocations=25 (full 0):
 garbage-first heap   total 89088K, used 55960K [0x00000000c1400000, 0x0000000100000000)
  region size 1024K, 3 young (3072K), 3 survivors (3072K)
 Metaspace       used 50312K, committed 50560K, reserved 1097728K
  class space    used 6079K, committed 6208K, reserved 1048576K
}
Event: 25.778 GC heap before
{Heap before GC invocations=26 (full 0):
 garbage-first heap   total 102400K, used 71320K [0x00000000c1400000, 0x0000000100000000)
  region size 1024K, 18 young (18432K), 3 survivors (3072K)
 Metaspace       used 50456K, committed 50688K, reserved 1097728K
  class space    used 6092K, committed 6208K, reserved 1048576K
}
Event: 25.804 GC heap after
{Heap after GC invocations=27 (full 0):
 garbage-first heap   total 102400K, used 58335K [0x00000000c1400000, 0x0000000100000000)
  region size 1024K, 3 young (3072K), 3 survivors (3072K)
 Metaspace       used 50456K, committed 50688K, reserved 1097728K
  class space    used 6092K, committed 6208K, reserved 1048576K
}
Event: 25.929 GC heap before
{Heap before GC invocations=27 (full 0):
 garbage-first heap   total 102400K, used 60383K [0x00000000c1400000, 0x0000000100000000)
  region size 1024K, 5 young (5120K), 3 survivors (3072K)
 Metaspace       used 50766K, committed 51072K, reserved 1097728K
  class space    used 6134K, committed 6272K, reserved 1048576K
}
Event: 25.949 GC heap after
{Heap after GC invocations=28 (full 0):
 garbage-first heap   total 214016K, used 58280K [0x00000000c1400000, 0x0000000100000000)
  region size 1024K, 1 young (1024K), 1 survivors (1024K)
 Metaspace       used 50766K, committed 51072K, reserved 1097728K
  class space    used 6134K, committed 6272K, reserved 1048576K
}

Deoptimization events (20 events):
Event: 29.223 Thread 0x0000028b0fc447e0 DEOPT PACKING pc=0x0000028b1f04de20 sp=0x0000009a265fc140
Event: 29.223 Thread 0x0000028b0fc447e0 DEOPT UNPACKING pc=0x0000028b175123a3 sp=0x0000009a265fc050 mode 2
Event: 29.337 Thread 0x0000028b0fc447e0 DEOPT PACKING pc=0x0000028b18461691 sp=0x0000009a265fa720
Event: 29.337 Thread 0x0000028b0fc447e0 DEOPT UNPACKING pc=0x0000028b17512b43 sp=0x0000009a265f9cb0 mode 0
Event: 29.507 Thread 0x0000028b0fc447e0 Uncommon trap: trap_request=0xffffff45 fr.pc=0x0000028b1f250eb4 relative=0x0000000000000f54
Event: 29.507 Thread 0x0000028b0fc447e0 Uncommon trap: reason=unstable_if action=reinterpret pc=0x0000028b1f250eb4 method=org.jetbrains.kotlin.util.slicedMap.SlicedMapImpl.put(Lorg/jetbrains/kotlin/util/slicedMap/WritableSlice;Ljava/lang/Object;Ljava/lang/Object;)V @ 134 c2
Event: 29.507 Thread 0x0000028b0fc447e0 DEOPT PACKING pc=0x0000028b1f250eb4 sp=0x0000009a265fb6a0
Event: 29.507 Thread 0x0000028b0fc447e0 DEOPT UNPACKING pc=0x0000028b175123a3 sp=0x0000009a265fb670 mode 2
Event: 29.511 Thread 0x0000028b0fc447e0 Uncommon trap: trap_request=0xffffff45 fr.pc=0x0000028b1f2cc548 relative=0x00000000000011c8
Event: 29.511 Thread 0x0000028b0fc447e0 Uncommon trap: reason=unstable_if action=reinterpret pc=0x0000028b1f2cc548 method=org.jetbrains.kotlin.types.AbstractTypeConstructor.hashCode()I @ 21 c2
Event: 29.511 Thread 0x0000028b0fc447e0 DEOPT PACKING pc=0x0000028b1f2cc548 sp=0x0000009a265fb560
Event: 29.511 Thread 0x0000028b0fc447e0 DEOPT UNPACKING pc=0x0000028b175123a3 sp=0x0000009a265fb4f8 mode 2
Event: 29.636 Thread 0x0000028b0fc447e0 Uncommon trap: trap_request=0xffffff45 fr.pc=0x0000028b1f2aff0c relative=0x000000000000076c
Event: 29.640 Thread 0x0000028b0fc447e0 Uncommon trap: reason=unstable_if action=reinterpret pc=0x0000028b1f2aff0c method=org.jetbrains.kotlin.config.LanguageVersionSettingsImpl.getFeatureSupport(Lorg/jetbrains/kotlin/config/LanguageFeature;)Lorg/jetbrains/kotlin/config/LanguageFeature$State; @
Event: 29.642 Thread 0x0000028b0fc447e0 DEOPT PACKING pc=0x0000028b1f2aff0c sp=0x0000009a265fbe20
Event: 29.642 Thread 0x0000028b0fc447e0 DEOPT UNPACKING pc=0x0000028b175123a3 sp=0x0000009a265fbdb0 mode 2
Event: 30.168 Thread 0x0000028b0fc447e0 Uncommon trap: trap_request=0xffffff45 fr.pc=0x0000028b1f247b64 relative=0x0000000000000684
Event: 30.168 Thread 0x0000028b0fc447e0 Uncommon trap: reason=unstable_if action=reinterpret pc=0x0000028b1f247b64 method=org.jetbrains.kotlin.protobuf.GeneratedMessageLite$ExtendableMessage$ExtensionWriter.writeUntil(ILorg/jetbrains/kotlin/protobuf/CodedOutputStream;)V @ 109 c2
Event: 30.168 Thread 0x0000028b0fc447e0 DEOPT PACKING pc=0x0000028b1f247b64 sp=0x0000009a265fa2c0
Event: 30.168 Thread 0x0000028b0fc447e0 DEOPT UNPACKING pc=0x0000028b175123a3 sp=0x0000009a265fa2c8 mode 2

Classes unloaded (0 events):
No events

Classes redefined (0 events):
No events

Internal exceptions (20 events):
Event: 12.435 Thread 0x0000028b0fc447e0 Exception <a 'java/lang/NoSuchMethodError'{0x00000000c479aa70}: 'java.lang.Object java.lang.invoke.DirectMethodHandle$Holder.newInvokeSpecial(java.lang.Object, java.lang.Object, java.lang.Object, java.lang.Object, java.lang.Object, java.lang.Object)'> (0x00000000c479aa70) 
thrown [t:\workspace\open\src\hotspot\share\interpreter\linkResolver.cpp, line 766]
Event: 16.207 Thread 0x0000028b0fc447e0 Exception <a 'java/lang/NoSuchMethodError'{0x00000000c67a5008}: 'int java.lang.invoke.DirectMethodHandle$Holder.invokeVirtual(java.lang.Object, java.lang.Object, java.lang.Object)'> (0x00000000c67a5008) 
thrown [t:\workspace\open\src\hotspot\share\interpreter\linkResolver.cpp, line 766]
Event: 16.226 Thread 0x0000028b0fc447e0 Exception <a 'java/lang/NoSuchMethodError'{0x00000000c67dff98}: 'java.lang.Object java.lang.invoke.DirectMethodHandle$Holder.invokeStatic(java.lang.Object, java.lang.Object, java.lang.Object, java.lang.Object, int)'> (0x00000000c67dff98) 
thrown [t:\workspace\open\src\hotspot\share\interpreter\linkResolver.cpp, line 766]
Event: 16.228 Thread 0x0000028b0fc447e0 Exception <a 'java/lang/NoSuchMethodError'{0x00000000c67e9988}: 'java.lang.Object java.lang.invoke.DirectMethodHandle$Holder.newInvokeSpecial(java.lang.Object, java.lang.Object, java.lang.Object, java.lang.Object, int)'> (0x00000000c67e9988) 
thrown [t:\workspace\open\src\hotspot\share\interpreter\linkResolver.cpp, line 766]
Event: 16.229 Thread 0x0000028b0fc447e0 Exception <a 'java/lang/NoSuchMethodError'{0x00000000c67edf68}: 'java.lang.Object java.lang.invoke.DirectMethodHandle$Holder.invokeSpecial(java.lang.Object, java.lang.Object, java.lang.Object, java.lang.Object, java.lang.Object, int)'> (0x00000000c67edf68) 
thrown [t:\workspace\open\src\hotspot\share\interpreter\linkResolver.cpp, line 766]
Event: 16.230 Thread 0x0000028b0fc447e0 Exception <a 'java/lang/NoSuchMethodError'{0x00000000c67f1ef8}: 'java.lang.Object java.lang.invoke.Invokers$Holder.linkToTargetMethod(java.lang.Object, java.lang.Object, java.lang.Object, int, java.lang.Object)'> (0x00000000c67f1ef8) 
thrown [t:\workspace\open\src\hotspot\share\interpreter\linkResolver.cpp, line 766]
Event: 17.404 Thread 0x0000028b0fc447e0 Exception <a 'java/lang/NoSuchMethodError'{0x00000000c5800348}: 'java.lang.Object java.lang.invoke.DirectMethodHandle$Holder.invokeStaticInit(java.lang.Object, java.lang.Object, java.lang.Object)'> (0x00000000c5800348) 
thrown [t:\workspace\open\src\hotspot\share\interpreter\linkResolver.cpp, line 766]
Event: 17.659 Thread 0x0000028b0fc447e0 Exception <a 'java/lang/NoSuchMethodError'{0x00000000c58f2740}: 'int java.lang.invoke.DirectMethodHandle$Holder.invokeSpecialIFC(java.lang.Object, java.lang.Object, java.lang.Object, java.lang.Object, java.lang.Object)'> (0x00000000c58f2740) 
thrown [t:\workspace\open\src\hotspot\share\interpreter\linkResolver.cpp, line 766]
Event: 17.671 Thread 0x0000028b0fc447e0 Exception <a 'java/lang/NoSuchMethodError'{0x00000000c58fd100}: 'java.lang.Object java.lang.invoke.DirectMethodHandle$Holder.invokeStatic(java.lang.Object, java.lang.Object, int)'> (0x00000000c58fd100) 
thrown [t:\workspace\open\src\hotspot\share\interpreter\linkResolver.cpp, line 766]
Event: 17.706 Thread 0x0000028b0fc447e0 Exception <a 'java/lang/NoSuchMethodError'{0x00000000c5718c68}: 'int java.lang.invoke.DirectMethodHandle$Holder.invokeStaticInit(java.lang.Object, int)'> (0x00000000c5718c68) 
thrown [t:\workspace\open\src\hotspot\share\interpreter\linkResolver.cpp, line 766]
Event: 17.713 Thread 0x0000028b0fc447e0 Exception <a 'java/lang/NoSuchMethodError'{0x00000000c571ee90}: 'void java.lang.invoke.DirectMethodHandle$Holder.invokeInterface(java.lang.Object, java.lang.Object, java.lang.Object)'> (0x00000000c571ee90) 
thrown [t:\workspace\open\src\hotspot\share\interpreter\linkResolver.cpp, line 766]
Event: 17.753 Thread 0x0000028b0fc447e0 Implicit null exception at 0x0000028b1f1a5050 to 0x0000028b1f1a52a8
Event: 21.501 Thread 0x0000028b0fc447e0 Exception <a 'java/lang/NoSuchMethodError'{0x00000000c59a7068}: 'int java.lang.invoke.DirectMethodHandle$Holder.invokeInterface(java.lang.Object, java.lang.Object)'> (0x00000000c59a7068) 
thrown [t:\workspace\open\src\hotspot\share\interpreter\linkResolver.cpp, line 766]
Event: 22.354 Thread 0x0000028b0fc447e0 Exception <a 'java/lang/NoSuchMethodError'{0x00000000c6961e50}: 'java.lang.Object java.lang.invoke.DirectMethodHandle$Holder.newInvokeSpecial(java.lang.Object, int, java.lang.Object)'> (0x00000000c6961e50) 
thrown [t:\workspace\open\src\hotspot\share\interpreter\linkResolver.cpp, line 766]
Event: 25.916 Thread 0x0000028b0fc447e0 Exception <a 'java/lang/NoSuchMethodError'{0x00000000c76b2298}: 'java.lang.Object java.lang.invoke.DirectMethodHandle$Holder.invokeInterface(java.lang.Object, java.lang.Object, java.lang.Object)'> (0x00000000c76b2298) 
thrown [t:\workspace\open\src\hotspot\share\interpreter\linkResolver.cpp, line 766]
Event: 25.917 Thread 0x0000028b0fc447e0 Exception <a 'java/lang/IncompatibleClassChangeError'{0x00000000c76b5c08}: Found class java.lang.Object, but interface was expected> (0x00000000c76b5c08) 
thrown [t:\workspace\open\src\hotspot\share\interpreter\linkResolver.cpp, line 833]
Event: 26.289 Thread 0x0000028b0fc447e0 Exception <a 'java/lang/NoSuchMethodError'{0x00000000cde34b38}: 'java.lang.Object java.lang.invoke.DirectMethodHandle$Holder.newInvokeSpecial(java.lang.Object, java.lang.Object, java.lang.Object, java.lang.Object, java.lang.Object, java.lang.Object, java.lang.Object)'> (0x00000000cde34b38) 
thrown [t:\workspace\open\src\hotspot\share\interpreter\linkResolver.cpp, line 766]
Event: 26.290 Thread 0x0000028b0fc447e0 Exception <a 'java/lang/NoSuchMethodError'{0x00000000cde396f0}: 'java.lang.Object java.lang.invoke.Invokers$Holder.linkToTargetMethod(java.lang.Object, java.lang.Object, java.lang.Object, java.lang.Object, java.lang.Object, java.lang.Object, java.lang.Object)'> (0x00000000cde396f0) 
thrown [t:\workspace\open\src\hotspot\share\interpreter\linkResolver.cpp, line 766]
Event: 27.051 Thread 0x0000028b0fc447e0 Implicit null exception at 0x0000028b1f0c8698 to 0x0000028b1f0c9868
Event: 29.507 Thread 0x0000028b0fc447e0 Implicit null exception at 0x0000028b1f250585 to 0x0000028b1f250ea4

VM Operations (20 events):
Event: 28.355 Executing VM operation: ICBufferFull
Event: 28.356 Executing VM operation: ICBufferFull done
Event: 28.751 Executing VM operation: ICBufferFull
Event: 28.751 Executing VM operation: ICBufferFull done
Event: 28.989 Executing VM operation: ICBufferFull
Event: 28.990 Executing VM operation: ICBufferFull done
Event: 29.443 Executing VM operation: HandshakeAllThreads
Event: 29.443 Executing VM operation: HandshakeAllThreads done
Event: 29.447 Executing VM operation: HandshakeAllThreads
Event: 29.447 Executing VM operation: HandshakeAllThreads done
Event: 29.449 Executing VM operation: HandshakeAllThreads
Event: 29.450 Executing VM operation: HandshakeAllThreads done
Event: 29.471 Executing VM operation: HandshakeAllThreads
Event: 29.472 Executing VM operation: HandshakeAllThreads done
Event: 29.501 Executing VM operation: HandshakeAllThreads
Event: 29.501 Executing VM operation: HandshakeAllThreads done
Event: 29.504 Executing VM operation: HandshakeAllThreads
Event: 29.504 Executing VM operation: HandshakeAllThreads done
Event: 29.508 Executing VM operation: ICBufferFull
Event: 29.509 Executing VM operation: ICBufferFull done

Events (20 events):
Event: 22.542 Thread 0x0000028b0fd1e580 flushing nmethod 0x0000028b18561910
Event: 22.542 Thread 0x0000028b0fd1e580 flushing nmethod 0x0000028b1856ec10
Event: 22.542 Thread 0x0000028b0fd1e580 flushing nmethod 0x0000028b1856f110
Event: 22.542 Thread 0x0000028b0fd1e580 flushing nmethod 0x0000028b18570310
Event: 22.542 Thread 0x0000028b0fd1e580 flushing nmethod 0x0000028b1857cc90
Event: 22.542 Thread 0x0000028b0fd1e580 flushing nmethod 0x0000028b18597590
Event: 22.542 Thread 0x0000028b0fd1e580 flushing nmethod 0x0000028b185b2c90
Event: 22.543 Thread 0x0000028b0fd1e580 flushing nmethod 0x0000028b185ccb90
Event: 22.543 Thread 0x0000028b0fd1e580 flushing nmethod 0x0000028b18614690
Event: 22.544 Thread 0x0000028b0fd1e580 flushing nmethod 0x0000028b18676390
Event: 22.544 Thread 0x0000028b0fd1e580 flushing nmethod 0x0000028b18689d10
Event: 22.544 Thread 0x0000028b0fd1e580 flushing nmethod 0x0000028b1868a090
Event: 22.544 Thread 0x0000028b0fd1e580 flushing nmethod 0x0000028b186a7d90
Event: 22.544 Thread 0x0000028b0fd1e580 flushing nmethod 0x0000028b186a8310
Event: 22.544 Thread 0x0000028b0fd1e580 flushing nmethod 0x0000028b186aae10
Event: 22.546 Thread 0x0000028b0fd1e580 flushing nmethod 0x0000028b18778410
Event: 22.546 Thread 0x0000028b0fd1e580 flushing nmethod 0x0000028b187e2410
Event: 22.547 Thread 0x0000028b0fd1e580 flushing nmethod 0x0000028b18841410
Event: 29.004 loading class java/lang/Short$ShortCache
Event: 29.006 loading class java/lang/Short$ShortCache done


Dynamic libraries:
0x00007ff719b40000 - 0x00007ff719b50000 	C:\Program Files\Java\jdk-17.0.3.1\bin\java.exe
0x00007fff9f090000 - 0x00007fff9f287000 	C:\Windows\SYSTEM32\ntdll.dll
0x00007fff9eeb0000 - 0x00007fff9ef6d000 	C:\Windows\System32\KERNEL32.DLL
0x00007fff9ccf0000 - 0x00007fff9cfbd000 	C:\Windows\System32\KERNELBASE.dll
0x00007fff9cfc0000 - 0x00007fff9d0c0000 	C:\Windows\System32\ucrtbase.dll
0x00007fff982b0000 - 0x00007fff982ca000 	C:\Program Files\Java\jdk-17.0.3.1\bin\VCRUNTIME140.dll
0x00007fff964e0000 - 0x00007fff964f8000 	C:\Program Files\Java\jdk-17.0.3.1\bin\jli.dll
0x00007fff9dab0000 - 0x00007fff9db5e000 	C:\Windows\System32\ADVAPI32.dll
0x00007fff9ec00000 - 0x00007fff9ec9e000 	C:\Windows\System32\msvcrt.dll
0x00007fff9dbf0000 - 0x00007fff9dc8c000 	C:\Windows\System32\sechost.dll
0x00007fff9d840000 - 0x00007fff9d965000 	C:\Windows\System32\RPCRT4.dll
0x00007fff9dc90000 - 0x00007fff9de30000 	C:\Windows\System32\USER32.dll
0x00007fff9d0c0000 - 0x00007fff9d0e2000 	C:\Windows\System32\win32u.dll
0x00007fff9de30000 - 0x00007fff9de5a000 	C:\Windows\System32\GDI32.dll
0x00007fff9c7e0000 - 0x00007fff9c8eb000 	C:\Windows\System32\gdi32full.dll
0x00007fff9cb90000 - 0x00007fff9cc2d000 	C:\Windows\System32\msvcp_win.dll
0x00007fff8e0e0000 - 0x00007fff8e37a000 	C:\Windows\WinSxS\amd64_microsoft.windows.common-controls_6595b64144ccf1df_6.0.19041.1110_none_60b5254171f9507e\COMCTL32.dll
0x00007fff94b90000 - 0x00007fff94b9a000 	C:\Windows\SYSTEM32\VERSION.dll
0x00007fff9d9f0000 - 0x00007fff9da20000 	C:\Windows\System32\IMM32.DLL
0x00007fff982e0000 - 0x00007fff982ec000 	C:\Program Files\Java\jdk-17.0.3.1\bin\vcruntime140_1.dll
0x00007fff85090000 - 0x00007fff8511d000 	C:\Program Files\Java\jdk-17.0.3.1\bin\msvcp140.dll
0x00007fff690c0000 - 0x00007fff69c80000 	C:\Program Files\Java\jdk-17.0.3.1\bin\server\jvm.dll
0x00007fff9d9e0000 - 0x00007fff9d9e8000 	C:\Windows\System32\PSAPI.DLL
0x00007fff87a60000 - 0x00007fff87a69000 	C:\Windows\SYSTEM32\WSOCK32.dll
0x00007fff9d970000 - 0x00007fff9d9db000 	C:\Windows\System32\WS2_32.dll
0x00007fff87a20000 - 0x00007fff87a47000 	C:\Windows\SYSTEM32\WINMM.dll
0x00007fff9a6b0000 - 0x00007fff9a6c2000 	C:\Windows\SYSTEM32\kernel.appcore.dll
0x00007fff98290000 - 0x00007fff9829a000 	C:\Program Files\Java\jdk-17.0.3.1\bin\jimage.dll
0x00007fff81c10000 - 0x00007fff81df4000 	C:\Windows\SYSTEM32\DBGHELP.DLL
0x00007fff83f50000 - 0x00007fff83f7c000 	C:\Windows\SYSTEM32\dbgcore.DLL
0x00007fff9c8f0000 - 0x00007fff9c972000 	C:\Windows\System32\bcryptPrimitives.dll
0x00007fff92880000 - 0x00007fff928a5000 	C:\Program Files\Java\jdk-17.0.3.1\bin\java.dll
0x00007fff84fb0000 - 0x00007fff85086000 	C:\Program Files\Java\jdk-17.0.3.1\bin\jsvml.dll
0x00007fff9e4b0000 - 0x00007fff9ebf4000 	C:\Windows\System32\SHELL32.dll
0x00007fff9a8b0000 - 0x00007fff9b044000 	C:\Windows\SYSTEM32\windows.storage.dll
0x00007fff9d330000 - 0x00007fff9d684000 	C:\Windows\System32\combase.dll
0x00007fff9c1a0000 - 0x00007fff9c1cc000 	C:\Windows\SYSTEM32\Wldp.dll
0x00007fff9e400000 - 0x00007fff9e4ad000 	C:\Windows\System32\SHCORE.dll
0x00007fff9d1c0000 - 0x00007fff9d215000 	C:\Windows\System32\shlwapi.dll
0x00007fff9c6f0000 - 0x00007fff9c70f000 	C:\Windows\SYSTEM32\profapi.dll
0x00007fff8e3e0000 - 0x00007fff8e3f9000 	C:\Program Files\Java\jdk-17.0.3.1\bin\net.dll
0x00007fff8e490000 - 0x00007fff8e59a000 	C:\Windows\SYSTEM32\WINHTTP.dll
0x00007fff9bea0000 - 0x00007fff9bf0a000 	C:\Windows\system32\mswsock.dll
0x00007fff8e3c0000 - 0x00007fff8e3d6000 	C:\Program Files\Java\jdk-17.0.3.1\bin\nio.dll
0x00007fff8e3a0000 - 0x00007fff8e3b8000 	C:\Program Files\Java\jdk-17.0.3.1\bin\zip.dll
0x00007fff979e0000 - 0x00007fff979f0000 	C:\Program Files\Java\jdk-17.0.3.1\bin\verify.dll

dbghelp: loaded successfully - version: 4.0.5 - missing functions: none
symbol engine: initialized successfully - sym options: 0x614 - pdb path: .;C:\Program Files\Java\jdk-17.0.3.1\bin;C:\Windows\SYSTEM32;C:\Windows\WinSxS\amd64_microsoft.windows.common-controls_6595b64144ccf1df_6.0.19041.1110_none_60b5254171f9507e;C:\Program Files\Java\jdk-17.0.3.1\bin\server

VM Arguments:
java_command: org.jetbrains.kotlin.cli.jvm.K2JVMCompiler @R:\Project\CefionMobile\node_modules\react-native-gesture-handler\android\build\20220627_9319540981496826173.compiler.options
java_class_path (initial): C:\Users\rgvoz\.gradle\caches\modules-2\files-2.1\org.jetbrains.kotlin\kotlin-compiler-embeddable\1.5.20\1900e8b9aca0a9caffd45b99b36e3720a0a284f8\kotlin-compiler-embeddable-1.5.20.jar;C:\Users\rgvoz\.gradle\caches\modules-2\files-2.1\org.jetbrains.kotlin\kotlin-reflect\1.5.20\63810951f09a27f7827977f1bc21094042a915e\kotlin-reflect-1.5.20.jar;C:\Users\rgvoz\.gradle\caches\modules-2\files-2.1\org.jetbrains.kotlin\kotlin-stdlib\1.5.20\9de35cc611bcecec8edce1d56d8e659953806751\kotlin-stdlib-1.5.20.jar;C:\Users\rgvoz\.gradle\caches\modules-2\files-2.1\org.jetbrains.kotlin\kotlin-script-runtime\1.5.20\4381bb58d37b84d4d1afe55ec35542dd9b77e101\kotlin-script-runtime-1.5.20.jar;C:\Users\rgvoz\.gradle\caches\modules-2\files-2.1\org.jetbrains.kotlin\kotlin-daemon-embeddable\1.5.20\36c38cda019834dcd2959cc33a12768adcd94256\kotlin-daemon-embeddable-1.5.20.jar;C:\Users\rgvoz\.gradle\caches\modules-2\files-2.1\org.jetbrains.intellij.deps\trove4j\1.0.20181211\216c2e14b070f334479d800987affe4054cd563f\trove4j-1.0.20181211.jar;C:\Users\rgvoz\.gradle\caches\modules-2\files-2.1\org.jetbrains\annotations\13.0\919f0dfe192fb4e063e7dacadee7f8bb9a2672a9\annotations-13.0.jar;C:\Users\rgvoz\.gradle\caches\modules-2\files-2.1\org.jetbrains.kotlin\kotlin-stdlib-common\1.5.20\3d79dbd48bf605f4aac1e7028981a1953e245cbb\kotlin-stdlib-common-1.5.20.jar
Launcher Type: SUN_STANDARD

[Global flags]
     intx CICompilerCount                          = 3                                         {product} {ergonomic}
     uint ConcGCThreads                            = 1                                         {product} {ergonomic}
     uint G1ConcRefinementThreads                  = 4                                         {product} {ergonomic}
   size_t G1HeapRegionSize                         = 1048576                                   {product} {ergonomic}
    uintx GCDrainStackTargetSize                   = 64                                        {product} {ergonomic}
   size_t InitialHeapSize                          = 67108864                                  {product} {ergonomic}
   size_t MarkStackSize                            = 4194304                                   {product} {ergonomic}
   size_t MaxHeapSize                              = 1052770304                                {product} {ergonomic}
   size_t MaxNewSize                               = 631242752                                 {product} {ergonomic}
   size_t MinHeapDeltaBytes                        = 1048576                                   {product} {ergonomic}
   size_t MinHeapSize                              = 8388608                                   {product} {ergonomic}
    uintx NonNMethodCodeHeapSize                   = 5832780                                {pd product} {ergonomic}
    uintx NonProfiledCodeHeapSize                  = 122912730                              {pd product} {ergonomic}
    uintx ProfiledCodeHeapSize                     = 122912730                              {pd product} {ergonomic}
    uintx ReservedCodeCacheSize                    = 251658240                              {pd product} {ergonomic}
     bool SegmentedCodeCache                       = true                                      {product} {ergonomic}
   size_t SoftMaxHeapSize                          = 1052770304                             {manageable} {ergonomic}
     bool UseCompressedClassPointers               = true                           {product lp64_product} {ergonomic}
     bool UseCompressedOops                        = true                           {product lp64_product} {ergonomic}
     bool UseG1GC                                  = true                                      {product} {ergonomic}
     bool UseLargePagesIndividualAllocation        = false                                  {pd product} {ergonomic}

Logging:
Log output configuration:
 #0: stdout all=warning uptime,level,tags
 #1: stderr all=off uptime,level,tags

Environment Variables:
CLASSPATH=R:\Project\CefionMobile\android\\gradle\wrapper\gradle-wrapper.jar
PATH=R:\Project\CefionMobile\android\node_modules\.bin;R:\Project\CefionMobile\node_modules\.bin;R:\Project\node_modules\.bin;R:\node_modules\.bin;C:\Program Files\nodejs;R:\Project\CefionMobile\node_modules\.bin;R:\Project\node_modules\.bin;R:\node_modules\.bin;C:\Program Files\nodejs\node_modules\npm\node_modules\@npmcli\run-script\lib\node-gyp-bin;C:\Program Files\Common Files\Oracle\Java\javapath;C:\Program Files (x86)\Common Files\Oracle\Java\javapath;C:\ProgramData\Oracle\Java\javapath;C:\Windows\system32;C:\Windows;C:\Windows\System32\Wbem;C:\Windows\System32\WindowsPowerShell\v1.0\;C:\Windows\System32\OpenSSH\;C:\Program Files (x86)\NVIDIA Corporation\PhysX\Common;C:\Program Files\Git\cmd;C:\ProgramData\chocolatey\bin;C:\Program Files\nodejs\;C:\Users\rgvoz\AppData\Local\Microsoft\WindowsApps;;R:\Microsoft VS Code\bin;C:\Users\rgvoz\AppData\Roaming\npm;R:\Project\CefionMobile\node_modules\.bin
USERNAME=rgvoz
OS=Windows_NT
PROCESSOR_IDENTIFIER=Intel64 Family 6 Model 42 Stepping 7, GenuineIntel



---------------  S Y S T E M  ---------------

OS:
 Windows 10 , 64 bit Build 19041 (10.0.19041.1741)
OS uptime: 1 days 19:52 hours

CPU: total 4 (initial active 4) (2 cores per cpu, 2 threads per core) family 6 model 42 stepping 7 microcode 0x2f, cx8, cmov, fxsr, ht, mmx, sse, sse2, sse3, ssse3, sse4.1, sse4.2, popcnt, tsc, tscinvbit, avx, clmul, vzeroupper, clflush

Memory: 4k page, system-wide physical 4010M (242M free)
TotalPageFile size 8106M (AvailPageFile size 15M)
current process WorkingSet (physical memory assigned to process): 207M, peak: 231M
current process commit charge ("private bytes"): 414M, peak: 420M

vm_info: Java HotSpot(TM) 64-Bit Server VM (17.0.3.1+2-LTS-6) for windows-amd64 JRE (17.0.3.1+2-LTS-6), built on Apr 25 2022 22:04:21 by "mach5one" with MS VC++ 16.8 / 16.9 (VS2019)

END.
