#
# There is insufficient memory for the Java Runtime Environment to continue.
# Native memory allocation (malloc) failed to allocate 842256 bytes for Chunk::new
# Possible reasons:
#   The system is out of physical RAM or swap space
#   The process is running with CompressedOops enabled, and the Java Heap may be blocking the growth of the native heap
# Possible solutions:
#   Reduce memory load on the system
#   Increase physical memory or swap space
#   Check if swap backing store is full
#   Decrease Java heap size (-Xmx/-Xms)
#   Decrease number of Java threads
#   Decrease Java thread stack sizes (-Xss)
#   Set larger code cache with -XX:ReservedCodeCacheSize=
#   JVM is running with Unscaled Compressed Oops mode in which the Java heap is
#     placed in the first 4GB address space. The Java Heap base address is the
#     maximum limit for the native heap growth. Please use -XX:HeapBaseMinAddress
#     to set the Java Heap base and to place the Java Heap above 4GB virtual address.
# This output file may be truncated or incomplete.
#
#  Out of Memory Error (arena.cpp:189), pid=8976, tid=3764
#
# JRE version: Java(TM) SE Runtime Environment (17.0.3.1+2) (build 17.0.3.1+2-LTS-6)
# Java VM: Java HotSpot(TM) 64-Bit Server VM (17.0.3.1+2-LTS-6, mixed mode, sharing, tiered, compressed oops, compressed class ptrs, g1 gc, windows-amd64)
# No core dump will be written. Minidumps are not enabled by default on client versions of Windows
#

---------------  S U M M A R Y ------------

Command Line: org.jetbrains.kotlin.cli.jvm.K2JVMCompiler @R:\Project\CefionMobile\node_modules\react-native-gesture-handler\android\build\20220627_11203519507073104953.compiler.options

Host: Intel(R) Core(TM) i3-2330M CPU @ 2.20GHz, 4 cores, 3G,  Windows 10 , 64 bit Build 19041 (10.0.19041.1741)
Time: Mon Jun 27 10:44:52 2022  Windows 10 , 64 bit Build 19041 (10.0.19041.1741) elapsed time: 16.254375 seconds (0d 0h 0m 16s)

---------------  T H R E A D  ---------------

Current thread (0x000002bda19db920):  JavaThread "C2 CompilerThread0" daemon [_thread_in_native, id=3764, stack(0x000000bf2f800000,0x000000bf2f900000)]


Current CompileTask:
C2:  16254 9649       4       org.jetbrains.kotlin.metadata.ProtoBuf$Type::writeTo (354 bytes)

Stack: [0x000000bf2f800000,0x000000bf2f900000]
Native frames: (J=compiled Java code, j=interpreted, Vv=VM code, C=native code)
V  [jvm.dll+0x6711ba]
V  [jvm.dll+0x7d0834]
V  [jvm.dll+0x7d1fde]
V  [jvm.dll+0x7d2643]
V  [jvm.dll+0x242c85]
V  [jvm.dll+0xaa57b]
V  [jvm.dll+0xaab0c]
V  [jvm.dll+0x35ff22]
V  [jvm.dll+0x32a581]
V  [jvm.dll+0x329a2a]
V  [jvm.dll+0x215d61]
V  [jvm.dll+0x215181]
V  [jvm.dll+0x1a1c3d]
V  [jvm.dll+0x2249c8]
V  [jvm.dll+0x222b2c]
V  [jvm.dll+0x78650b]
V  [jvm.dll+0x780aca]
V  [jvm.dll+0x670045]
C  [ucrtbase.dll+0x21bb2]
C  [KERNEL32.DLL+0x17034]
C  [ntdll.dll+0x52651]


---------------  P R O C E S S  ---------------

Threads class SMR info:
_java_thread_list=0x000002bda245aa60, length=12, elements={
0x000002bd867a2ec0, 0x000002bd8685cc60, 0x000002bd8685de80, 0x000002bd86876d80,
0x000002bd86877540, 0x000002bd8687a2b0, 0x000002bd8687b010, 0x000002bda19db920,
0x000002bd8687b4e0, 0x000002bd8687da00, 0x000002bda2455160, 0x000002bda245b030
}

Java Threads: ( => current thread )
  0x000002bd867a2ec0 JavaThread "main" [_thread_in_Java, id=4748, stack(0x000000bf2eb00000,0x000000bf2ec00000)]
  0x000002bd8685cc60 JavaThread "Reference Handler" daemon [_thread_blocked, id=12596, stack(0x000000bf2f200000,0x000000bf2f300000)]
  0x000002bd8685de80 JavaThread "Finalizer" daemon [_thread_blocked, id=9728, stack(0x000000bf2f300000,0x000000bf2f400000)]
  0x000002bd86876d80 JavaThread "Signal Dispatcher" daemon [_thread_blocked, id=3340, stack(0x000000bf2f400000,0x000000bf2f500000)]
  0x000002bd86877540 JavaThread "Attach Listener" daemon [_thread_blocked, id=12320, stack(0x000000bf2f500000,0x000000bf2f600000)]
  0x000002bd8687a2b0 JavaThread "Service Thread" daemon [_thread_blocked, id=2828, stack(0x000000bf2f600000,0x000000bf2f700000)]
  0x000002bd8687b010 JavaThread "Monitor Deflation Thread" daemon [_thread_blocked, id=1624, stack(0x000000bf2f700000,0x000000bf2f800000)]
=>0x000002bda19db920 JavaThread "C2 CompilerThread0" daemon [_thread_in_native, id=3764, stack(0x000000bf2f800000,0x000000bf2f900000)]
  0x000002bd8687b4e0 JavaThread "C1 CompilerThread0" daemon [_thread_in_vm, id=10752, stack(0x000000bf2f900000,0x000000bf2fa00000)]
  0x000002bd8687da00 JavaThread "Sweeper thread" daemon [_thread_blocked, id=11272, stack(0x000000bf2fa00000,0x000000bf2fb00000)]
  0x000002bda2455160 JavaThread "Notification Thread" daemon [_thread_blocked, id=10548, stack(0x000000bf2fb00000,0x000000bf2fc00000)]
  0x000002bda245b030 JavaThread "Common-Cleaner" daemon [_thread_blocked, id=8988, stack(0x000000bf2fd00000,0x000000bf2fe00000)]

Other Threads:
  0x000002bd86858010 VMThread "VM Thread" [stack: 0x000000bf2f100000,0x000000bf2f200000] [id=7360]
  0x000002bd867eed80 WatcherThread [stack: 0x000000bf2fc00000,0x000000bf2fd00000] [id=4656]
  0x000002bd867dc900 GCTaskThread "GC Thread#0" [stack: 0x000000bf2ec00000,0x000000bf2ed00000] [id=616]
  0x000002bda27e4aa0 GCTaskThread "GC Thread#1" [stack: 0x000000bf2fe00000,0x000000bf2ff00000] [id=4084]
  0x000002bda2825120 GCTaskThread "GC Thread#2" [stack: 0x000000bf2ff00000,0x000000bf30000000] [id=13040]
  0x000002bda28354d0 GCTaskThread "GC Thread#3" [stack: 0x000000bf30000000,0x000000bf30100000] [id=8032]
  0x000002bd867e55c0 ConcurrentGCThread "G1 Main Marker" [stack: 0x000000bf2ed00000,0x000000bf2ee00000] [id=2884]
  0x000002bd867e6770 ConcurrentGCThread "G1 Conc#0" [stack: 0x000000bf2ee00000,0x000000bf2ef00000] [id=6804]
  0x000002bd86835ca0 ConcurrentGCThread "G1 Refine#0" [stack: 0x000000bf2ef00000,0x000000bf2f000000] [id=1140]
  0x000002bda5b12500 ConcurrentGCThread "G1 Refine#1" [stack: 0x000000bf30100000,0x000000bf30200000] [id=6520]
  0x000002bd868382e0 ConcurrentGCThread "G1 Service" [stack: 0x000000bf2f000000,0x000000bf2f100000] [id=10916]

Threads with active compile tasks:
C2 CompilerThread0    16327 9649       4       org.jetbrains.kotlin.metadata.ProtoBuf$Type::writeTo (354 bytes)
C1 CompilerThread0    16327 10065       2       org.jetbrains.kotlin.contracts.EffectsExtractingVisitor::visitKtElement (314 bytes)

VM state: not at safepoint (normal execution)

VM Mutex/Monitor currently owned by a thread: None

Heap address: 0x00000000c1400000, size: 1004 MB, Compressed Oops mode: 32-bit

CDS archive(s) mapped at: [0x0000000800000000-0x0000000800bc0000-0x0000000800bc0000), size 12320768, SharedBaseAddress: 0x0000000800000000, ArchiveRelocationMode: 0.
Compressed class space mapped at: 0x0000000800c00000-0x0000000840c00000, reserved size: 1073741824
Narrow klass base: 0x0000000800000000, Narrow klass shift: 0, Narrow klass range: 0x100000000

GC Precious Log:
 CPUs: 4 total, 4 available
 Memory: 4010M
 Large Page Support: Disabled
 NUMA Support: Disabled
 Compressed Oops: Enabled (32-bit)
 Heap Region Size: 1M
 Heap Min Capacity: 8M
 Heap Initial Capacity: 64M
 Heap Max Capacity: 1004M
 Pre-touch: Disabled
 Parallel Workers: 4
 Concurrent Workers: 1
 Concurrent Refinement Workers: 4
 Periodic GC: Disabled

Heap:
 garbage-first heap   total 143360K, used 67584K [0x00000000c1400000, 0x0000000100000000)
  region size 1024K, 6 young (6144K), 4 survivors (4096K)
 Metaspace       used 55046K, committed 55360K, reserved 1097728K
  class space    used 6460K, committed 6592K, reserved 1048576K

Heap Regions: E=young(eden), S=young(survivor), O=old, HS=humongous(starts), HC=humongous(continues), CS=collection set, F=free, OA=open archive, CA=closed archive, TAMS=top-at-mark-start (previous, next)
|   0|0x00000000c1400000, 0x00000000c1500000, 0x00000000c1500000|100%|HS|  |TAMS 0x00000000c1500000, 0x00000000c1400000| Complete 
|   1|0x00000000c1500000, 0x00000000c1600000, 0x00000000c1600000|100%|HC|  |TAMS 0x00000000c1600000, 0x00000000c1500000| Complete 
|   2|0x00000000c1600000, 0x00000000c1700000, 0x00000000c1700000|100%|HC|  |TAMS 0x00000000c1700000, 0x00000000c1600000| Complete 
|   3|0x00000000c1700000, 0x00000000c1800000, 0x00000000c1800000|100%| O|  |TAMS 0x00000000c1800000, 0x00000000c1700000| Untracked 
|   4|0x00000000c1800000, 0x00000000c1900000, 0x00000000c1900000|100%| O|  |TAMS 0x00000000c1900000, 0x00000000c1800000| Untracked 
|   5|0x00000000c1900000, 0x00000000c1a00000, 0x00000000c1a00000|100%| O|  |TAMS 0x00000000c1a00000, 0x00000000c1900000| Untracked 
|   6|0x00000000c1a00000, 0x00000000c1b00000, 0x00000000c1b00000|100%|HS|  |TAMS 0x00000000c1b00000, 0x00000000c1a00000| Complete 
|   7|0x00000000c1b00000, 0x00000000c1c00000, 0x00000000c1c00000|100%|HC|  |TAMS 0x00000000c1c00000, 0x00000000c1b00000| Complete 
|   8|0x00000000c1c00000, 0x00000000c1d00000, 0x00000000c1d00000|100%|HC|  |TAMS 0x00000000c1d00000, 0x00000000c1c00000| Complete 
|   9|0x00000000c1d00000, 0x00000000c1e00000, 0x00000000c1e00000|100%|HS|  |TAMS 0x00000000c1e00000, 0x00000000c1d00000| Complete 
|  10|0x00000000c1e00000, 0x00000000c1f00000, 0x00000000c1f00000|100%|HC|  |TAMS 0x00000000c1f00000, 0x00000000c1e00000| Complete 
|  11|0x00000000c1f00000, 0x00000000c2000000, 0x00000000c2000000|100%|HC|  |TAMS 0x00000000c2000000, 0x00000000c1f00000| Complete 
|  12|0x00000000c2000000, 0x00000000c2100000, 0x00000000c2100000|100%| O|  |TAMS 0x00000000c2100000, 0x00000000c2000000| Untracked 
|  13|0x00000000c2100000, 0x00000000c2200000, 0x00000000c2200000|100%| O|  |TAMS 0x00000000c2200000, 0x00000000c2100000| Untracked 
|  14|0x00000000c2200000, 0x00000000c2300000, 0x00000000c2300000|100%| O|  |TAMS 0x00000000c2300000, 0x00000000c2200000| Untracked 
|  15|0x00000000c2300000, 0x00000000c2400000, 0x00000000c2400000|100%| O|  |TAMS 0x00000000c2400000, 0x00000000c2300000| Untracked 
|  16|0x00000000c2400000, 0x00000000c2500000, 0x00000000c2500000|100%| O|  |TAMS 0x00000000c2500000, 0x00000000c2400000| Untracked 
|  17|0x00000000c2500000, 0x00000000c2600000, 0x00000000c2600000|100%| O|  |TAMS 0x00000000c2600000, 0x00000000c2500000| Untracked 
|  18|0x00000000c2600000, 0x00000000c2700000, 0x00000000c2700000|100%| O|  |TAMS 0x00000000c2700000, 0x00000000c2600000| Updating 
|  19|0x00000000c2700000, 0x00000000c2800000, 0x00000000c2800000|100%| O|  |TAMS 0x00000000c2800000, 0x00000000c2700000| Updating 
|  20|0x00000000c2800000, 0x00000000c2900000, 0x00000000c2900000|100%| O|  |TAMS 0x00000000c2900000, 0x00000000c2800000| Untracked 
|  21|0x00000000c2900000, 0x00000000c2a00000, 0x00000000c2a00000|100%| O|  |TAMS 0x00000000c2a00000, 0x00000000c2900000| Untracked 
|  22|0x00000000c2a00000, 0x00000000c2b00000, 0x00000000c2b00000|100%|HS|  |TAMS 0x00000000c2b00000, 0x00000000c2a00000| Complete 
|  23|0x00000000c2b00000, 0x00000000c2c00000, 0x00000000c2c00000|100%|HC|  |TAMS 0x00000000c2c00000, 0x00000000c2b00000| Complete 
|  24|0x00000000c2c00000, 0x00000000c2d00000, 0x00000000c2d00000|100%| O|  |TAMS 0x00000000c2d00000, 0x00000000c2c00000| Untracked 
|  25|0x00000000c2d00000, 0x00000000c2e00000, 0x00000000c2e00000|100%| O|  |TAMS 0x00000000c2e00000, 0x00000000c2d00000| Updating 
|  26|0x00000000c2e00000, 0x00000000c2f00000, 0x00000000c2f00000|100%| O|  |TAMS 0x00000000c2f00000, 0x00000000c2e00000| Updating 
|  27|0x00000000c2f00000, 0x00000000c3000000, 0x00000000c3000000|100%| O|  |TAMS 0x00000000c3000000, 0x00000000c2f00000| Updating 
|  28|0x00000000c3000000, 0x00000000c3100000, 0x00000000c3100000|100%| O|  |TAMS 0x00000000c3100000, 0x00000000c3000000| Untracked 
|  29|0x00000000c3100000, 0x00000000c3200000, 0x00000000c3200000|100%| O|  |TAMS 0x00000000c3200000, 0x00000000c3100000| Updating 
|  30|0x00000000c3200000, 0x00000000c3300000, 0x00000000c3300000|100%| O|  |TAMS 0x00000000c3300000, 0x00000000c3200000| Updating 
|  31|0x00000000c3300000, 0x00000000c3400000, 0x00000000c3400000|100%| O|  |TAMS 0x00000000c3400000, 0x00000000c3300000| Untracked 
|  32|0x00000000c3400000, 0x00000000c3500000, 0x00000000c3500000|100%| O|  |TAMS 0x00000000c3500000, 0x00000000c3400000| Untracked 
|  33|0x00000000c3500000, 0x00000000c3600000, 0x00000000c3600000|100%| O|  |TAMS 0x00000000c3600000, 0x00000000c3500000| Untracked 
|  34|0x00000000c3600000, 0x00000000c3700000, 0x00000000c3700000|100%| O|  |TAMS 0x00000000c3700000, 0x00000000c3600000| Untracked 
|  35|0x00000000c3700000, 0x00000000c3800000, 0x00000000c3800000|100%| O|  |TAMS 0x00000000c3800000, 0x00000000c3700000| Untracked 
|  36|0x00000000c3800000, 0x00000000c3900000, 0x00000000c3900000|100%| O|  |TAMS 0x00000000c3900000, 0x00000000c3800000| Untracked 
|  37|0x00000000c3900000, 0x00000000c3a00000, 0x00000000c3a00000|100%| O|  |TAMS 0x00000000c3a00000, 0x00000000c3900000| Untracked 
|  38|0x00000000c3a00000, 0x00000000c3b00000, 0x00000000c3b00000|100%| O|  |TAMS 0x00000000c3b00000, 0x00000000c3a00000| Updating 
|  39|0x00000000c3b00000, 0x00000000c3c00000, 0x00000000c3c00000|100%| O|  |TAMS 0x00000000c3c00000, 0x00000000c3b00000| Untracked 
|  40|0x00000000c3c00000, 0x00000000c3d00000, 0x00000000c3d00000|100%| O|  |TAMS 0x00000000c3d00000, 0x00000000c3c00000| Untracked 
|  41|0x00000000c3d00000, 0x00000000c3e00000, 0x00000000c3e00000|100%| O|  |TAMS 0x00000000c3e00000, 0x00000000c3d00000| Untracked 
|  42|0x00000000c3e00000, 0x00000000c3f00000, 0x00000000c3f00000|100%| O|  |TAMS 0x00000000c3f00000, 0x00000000c3e00000| Untracked 
|  43|0x00000000c3f00000, 0x00000000c4000000, 0x00000000c4000000|100%| O|  |TAMS 0x00000000c4000000, 0x00000000c3f00000| Untracked 
|  44|0x00000000c4000000, 0x00000000c4100000, 0x00000000c4100000|100%| O|  |TAMS 0x00000000c4100000, 0x00000000c4000000| Updating 
|  45|0x00000000c4100000, 0x00000000c4200000, 0x00000000c4200000|100%| O|  |TAMS 0x00000000c4200000, 0x00000000c4100000| Untracked 
|  46|0x00000000c4200000, 0x00000000c4300000, 0x00000000c4300000|100%| O|  |TAMS 0x00000000c4300000, 0x00000000c4200000| Untracked 
|  47|0x00000000c4300000, 0x00000000c4400000, 0x00000000c4400000|100%| O|  |TAMS 0x00000000c4400000, 0x00000000c4300000| Untracked 
|  48|0x00000000c4400000, 0x00000000c4500000, 0x00000000c4500000|100%| O|  |TAMS 0x00000000c4500000, 0x00000000c4400000| Untracked 
|  49|0x00000000c4500000, 0x00000000c4600000, 0x00000000c4600000|100%| O|  |TAMS 0x00000000c4600000, 0x00000000c4500000| Untracked 
|  50|0x00000000c4600000, 0x00000000c4700000, 0x00000000c4700000|100%| O|  |TAMS 0x00000000c4700000, 0x00000000c4600000| Updating 
|  51|0x00000000c4700000, 0x00000000c4800000, 0x00000000c4800000|100%| O|  |TAMS 0x00000000c4800000, 0x00000000c4700000| Updating 
|  52|0x00000000c4800000, 0x00000000c4900000, 0x00000000c4900000|100%| O|  |TAMS 0x00000000c4900000, 0x00000000c4800000| Untracked 
|  53|0x00000000c4900000, 0x00000000c4a00000, 0x00000000c4a00000|100%| O|  |TAMS 0x00000000c4a00000, 0x00000000c4900000| Untracked 
|  54|0x00000000c4a00000, 0x00000000c4b00000, 0x00000000c4b00000|100%| O|  |TAMS 0x00000000c4b00000, 0x00000000c4a00000| Untracked 
|  55|0x00000000c4b00000, 0x00000000c4c00000, 0x00000000c4c00000|100%| O|  |TAMS 0x00000000c4c00000, 0x00000000c4b00000| Untracked 
|  56|0x00000000c4c00000, 0x00000000c4d00000, 0x00000000c4d00000|100%| O|  |TAMS 0x00000000c4d00000, 0x00000000c4c00000| Updating 
|  57|0x00000000c4d00000, 0x00000000c4e00000, 0x00000000c4e00000|100%| O|  |TAMS 0x00000000c4d80000, 0x00000000c4d00000| Updating 
|  58|0x00000000c4e00000, 0x00000000c4f00000, 0x00000000c4f00000|100%| O|  |TAMS 0x00000000c4e00000, 0x00000000c4e00000| Untracked 
|  59|0x00000000c4f00000, 0x00000000c5000000, 0x00000000c5000000|100%| O|  |TAMS 0x00000000c4f00000, 0x00000000c4f00000| Untracked 
|  60|0x00000000c5000000, 0x00000000c5100000, 0x00000000c5100000|100%| O|  |TAMS 0x00000000c5000000, 0x00000000c5000000| Untracked 
|  61|0x00000000c5100000, 0x00000000c5100000, 0x00000000c5200000|  0%| F|  |TAMS 0x00000000c5100000, 0x00000000c5100000| Untracked 
|  62|0x00000000c5200000, 0x00000000c5200000, 0x00000000c5300000|  0%| F|  |TAMS 0x00000000c5200000, 0x00000000c5200000| Untracked 
|  63|0x00000000c5300000, 0x00000000c5300000, 0x00000000c5400000|  0%| F|  |TAMS 0x00000000c5300000, 0x00000000c5300000| Untracked 
|  64|0x00000000c5400000, 0x00000000c5400000, 0x00000000c5500000|  0%| F|  |TAMS 0x00000000c5400000, 0x00000000c5400000| Untracked 
|  65|0x00000000c5500000, 0x00000000c5500000, 0x00000000c5600000|  0%| F|  |TAMS 0x00000000c5500000, 0x00000000c5500000| Untracked 
|  66|0x00000000c5600000, 0x00000000c5600000, 0x00000000c5700000|  0%| F|  |TAMS 0x00000000c5600000, 0x00000000c5600000| Untracked 
|  67|0x00000000c5700000, 0x00000000c5700000, 0x00000000c5800000|  0%| F|  |TAMS 0x00000000c5700000, 0x00000000c5700000| Untracked 
|  68|0x00000000c5800000, 0x00000000c5800000, 0x00000000c5900000|  0%| F|  |TAMS 0x00000000c5800000, 0x00000000c5800000| Untracked 
|  69|0x00000000c5900000, 0x00000000c5900000, 0x00000000c5a00000|  0%| F|  |TAMS 0x00000000c5900000, 0x00000000c5900000| Untracked 
|  70|0x00000000c5a00000, 0x00000000c5a00000, 0x00000000c5b00000|  0%| F|  |TAMS 0x00000000c5a00000, 0x00000000c5a00000| Untracked 
|  71|0x00000000c5b00000, 0x00000000c5b00000, 0x00000000c5c00000|  0%| F|  |TAMS 0x00000000c5b00000, 0x00000000c5b00000| Untracked 
|  72|0x00000000c5c00000, 0x00000000c5c00000, 0x00000000c5d00000|  0%| F|  |TAMS 0x00000000c5c00000, 0x00000000c5c00000| Untracked 
|  73|0x00000000c5d00000, 0x00000000c5d00000, 0x00000000c5e00000|  0%| F|  |TAMS 0x00000000c5d00000, 0x00000000c5d00000| Untracked 
|  74|0x00000000c5e00000, 0x00000000c5e00000, 0x00000000c5f00000|  0%| F|  |TAMS 0x00000000c5e00000, 0x00000000c5e00000| Untracked 
|  75|0x00000000c5f00000, 0x00000000c5f00000, 0x00000000c6000000|  0%| F|  |TAMS 0x00000000c5f00000, 0x00000000c5f00000| Untracked 
|  76|0x00000000c6000000, 0x00000000c6000000, 0x00000000c6100000|  0%| F|  |TAMS 0x00000000c6000000, 0x00000000c6000000| Untracked 
|  77|0x00000000c6100000, 0x00000000c6100000, 0x00000000c6200000|  0%| F|  |TAMS 0x00000000c6100000, 0x00000000c6100000| Untracked 
|  78|0x00000000c6200000, 0x00000000c6200000, 0x00000000c6300000|  0%| F|  |TAMS 0x00000000c6200000, 0x00000000c6200000| Untracked 
|  79|0x00000000c6300000, 0x00000000c6400000, 0x00000000c6400000|100%| S|CS|TAMS 0x00000000c6300000, 0x00000000c6300000| Complete 
|  80|0x00000000c6400000, 0x00000000c6500000, 0x00000000c6500000|100%| S|CS|TAMS 0x00000000c6400000, 0x00000000c6400000| Complete 
|  81|0x00000000c6500000, 0x00000000c6500000, 0x00000000c6600000|  0%| F|  |TAMS 0x00000000c6500000, 0x00000000c6500000| Untracked 
|  82|0x00000000c6600000, 0x00000000c6600000, 0x00000000c6700000|  0%| F|  |TAMS 0x00000000c6600000, 0x00000000c6600000| Untracked 
|  83|0x00000000c6700000, 0x00000000c6700000, 0x00000000c6800000|  0%| F|  |TAMS 0x00000000c6700000, 0x00000000c6700000| Untracked 
|  84|0x00000000c6800000, 0x00000000c6800000, 0x00000000c6900000|  0%| F|  |TAMS 0x00000000c6800000, 0x00000000c6800000| Untracked 
|  85|0x00000000c6900000, 0x00000000c6a00000, 0x00000000c6a00000|100%| S|CS|TAMS 0x00000000c6900000, 0x00000000c6900000| Complete 
|  86|0x00000000c6a00000, 0x00000000c6b00000, 0x00000000c6b00000|100%| S|CS|TAMS 0x00000000c6a00000, 0x00000000c6a00000| Complete 
|  87|0x00000000c6b00000, 0x00000000c6b00000, 0x00000000c6c00000|  0%| F|  |TAMS 0x00000000c6b00000, 0x00000000c6b00000| Untracked 
|  88|0x00000000c6c00000, 0x00000000c6c00000, 0x00000000c6d00000|  0%| F|  |TAMS 0x00000000c6c00000, 0x00000000c6c00000| Untracked 
|  89|0x00000000c6d00000, 0x00000000c6d00000, 0x00000000c6e00000|  0%| F|  |TAMS 0x00000000c6d00000, 0x00000000c6d00000| Untracked 
|  90|0x00000000c6e00000, 0x00000000c6e00000, 0x00000000c6f00000|  0%| F|  |TAMS 0x00000000c6e00000, 0x00000000c6e00000| Untracked 
|  91|0x00000000c6f00000, 0x00000000c6f00000, 0x00000000c7000000|  0%| F|  |TAMS 0x00000000c6f00000, 0x00000000c6f00000| Untracked 
|  92|0x00000000c7000000, 0x00000000c7000000, 0x00000000c7100000|  0%| F|  |TAMS 0x00000000c7000000, 0x00000000c7000000| Untracked 
|  93|0x00000000c7100000, 0x00000000c7100000, 0x00000000c7200000|  0%| F|  |TAMS 0x00000000c7100000, 0x00000000c7100000| Untracked 
|  94|0x00000000c7200000, 0x00000000c7200000, 0x00000000c7300000|  0%| F|  |TAMS 0x00000000c7200000, 0x00000000c7200000| Untracked 
|  95|0x00000000c7300000, 0x00000000c7300000, 0x00000000c7400000|  0%| F|  |TAMS 0x00000000c7300000, 0x00000000c7300000| Untracked 
|  96|0x00000000c7400000, 0x00000000c7400000, 0x00000000c7500000|  0%| F|  |TAMS 0x00000000c7400000, 0x00000000c7400000| Untracked 
|  97|0x00000000c7500000, 0x00000000c7500000, 0x00000000c7600000|  0%| F|  |TAMS 0x00000000c7500000, 0x00000000c7500000| Untracked 
|  98|0x00000000c7600000, 0x00000000c7600000, 0x00000000c7700000|  0%| F|  |TAMS 0x00000000c7600000, 0x00000000c7600000| Untracked 
|  99|0x00000000c7700000, 0x00000000c7700000, 0x00000000c7800000|  0%| F|  |TAMS 0x00000000c7700000, 0x00000000c7700000| Untracked 
| 100|0x00000000c7800000, 0x00000000c7800000, 0x00000000c7900000|  0%| F|  |TAMS 0x00000000c7800000, 0x00000000c7800000| Untracked 
| 101|0x00000000c7900000, 0x00000000c7900000, 0x00000000c7a00000|  0%| F|  |TAMS 0x00000000c7900000, 0x00000000c7900000| Untracked 
| 102|0x00000000c7a00000, 0x00000000c7a00000, 0x00000000c7b00000|  0%| F|  |TAMS 0x00000000c7a00000, 0x00000000c7a00000| Untracked 
| 103|0x00000000c7b00000, 0x00000000c7b00000, 0x00000000c7c00000|  0%| F|  |TAMS 0x00000000c7b00000, 0x00000000c7b00000| Untracked 
| 104|0x00000000c7c00000, 0x00000000c7c00000, 0x00000000c7d00000|  0%| F|  |TAMS 0x00000000c7c00000, 0x00000000c7c00000| Untracked 
| 105|0x00000000c7d00000, 0x00000000c7d00000, 0x00000000c7e00000|  0%| F|  |TAMS 0x00000000c7d00000, 0x00000000c7d00000| Untracked 
| 106|0x00000000c7e00000, 0x00000000c7e00000, 0x00000000c7f00000|  0%| F|  |TAMS 0x00000000c7e00000, 0x00000000c7e00000| Untracked 
| 107|0x00000000c7f00000, 0x00000000c7f00000, 0x00000000c8000000|  0%| F|  |TAMS 0x00000000c7f00000, 0x00000000c7f00000| Untracked 
| 108|0x00000000c8000000, 0x00000000c8000000, 0x00000000c8100000|  0%| F|  |TAMS 0x00000000c8000000, 0x00000000c8000000| Untracked 
| 109|0x00000000c8100000, 0x00000000c8100000, 0x00000000c8200000|  0%| F|  |TAMS 0x00000000c8100000, 0x00000000c8100000| Untracked 
| 110|0x00000000c8200000, 0x00000000c8200000, 0x00000000c8300000|  0%| F|  |TAMS 0x00000000c8200000, 0x00000000c8200000| Untracked 
| 111|0x00000000c8300000, 0x00000000c8300000, 0x00000000c8400000|  0%| F|  |TAMS 0x00000000c8300000, 0x00000000c8300000| Untracked 
| 112|0x00000000c8400000, 0x00000000c8400000, 0x00000000c8500000|  0%| F|  |TAMS 0x00000000c8400000, 0x00000000c8400000| Untracked 
| 113|0x00000000c8500000, 0x00000000c8500000, 0x00000000c8600000|  0%| F|  |TAMS 0x00000000c8500000, 0x00000000c8500000| Untracked 
| 114|0x00000000c8600000, 0x00000000c8600000, 0x00000000c8700000|  0%| F|  |TAMS 0x00000000c8600000, 0x00000000c8600000| Untracked 
| 115|0x00000000c8700000, 0x00000000c8700000, 0x00000000c8800000|  0%| F|  |TAMS 0x00000000c8700000, 0x00000000c8700000| Untracked 
| 116|0x00000000c8800000, 0x00000000c8800000, 0x00000000c8900000|  0%| F|  |TAMS 0x00000000c8800000, 0x00000000c8800000| Untracked 
| 117|0x00000000c8900000, 0x00000000c8900000, 0x00000000c8a00000|  0%| F|  |TAMS 0x00000000c8900000, 0x00000000c8900000| Untracked 
| 118|0x00000000c8a00000, 0x00000000c8a00000, 0x00000000c8b00000|  0%| F|  |TAMS 0x00000000c8a00000, 0x00000000c8a00000| Untracked 
| 119|0x00000000c8b00000, 0x00000000c8b00000, 0x00000000c8c00000|  0%| F|  |TAMS 0x00000000c8b00000, 0x00000000c8b00000| Untracked 
| 120|0x00000000c8c00000, 0x00000000c8c00000, 0x00000000c8d00000|  0%| F|  |TAMS 0x00000000c8c00000, 0x00000000c8c00000| Untracked 
| 121|0x00000000c8d00000, 0x00000000c8d00000, 0x00000000c8e00000|  0%| F|  |TAMS 0x00000000c8d00000, 0x00000000c8d00000| Untracked 
| 122|0x00000000c8e00000, 0x00000000c8e00000, 0x00000000c8f00000|  0%| F|  |TAMS 0x00000000c8e00000, 0x00000000c8e00000| Untracked 
| 123|0x00000000c8f00000, 0x00000000c8f00000, 0x00000000c9000000|  0%| F|  |TAMS 0x00000000c8f00000, 0x00000000c8f00000| Untracked 
| 124|0x00000000c9000000, 0x00000000c9000000, 0x00000000c9100000|  0%| F|  |TAMS 0x00000000c9000000, 0x00000000c9000000| Untracked 
| 125|0x00000000c9100000, 0x00000000c9100000, 0x00000000c9200000|  0%| F|  |TAMS 0x00000000c9100000, 0x00000000c9100000| Untracked 
| 126|0x00000000c9200000, 0x00000000c9200000, 0x00000000c9300000|  0%| F|  |TAMS 0x00000000c9200000, 0x00000000c9200000| Untracked 
| 127|0x00000000c9300000, 0x00000000c9300000, 0x00000000c9400000|  0%| F|  |TAMS 0x00000000c9300000, 0x00000000c9300000| Untracked 
| 128|0x00000000c9400000, 0x00000000c9400000, 0x00000000c9500000|  0%| F|  |TAMS 0x00000000c9400000, 0x00000000c9400000| Untracked 
| 129|0x00000000c9500000, 0x00000000c9500000, 0x00000000c9600000|  0%| F|  |TAMS 0x00000000c9500000, 0x00000000c9500000| Untracked 
| 130|0x00000000c9600000, 0x00000000c9600000, 0x00000000c9700000|  0%| F|  |TAMS 0x00000000c9600000, 0x00000000c9600000| Untracked 
| 131|0x00000000c9700000, 0x00000000c9700000, 0x00000000c9800000|  0%| F|  |TAMS 0x00000000c9700000, 0x00000000c9700000| Untracked 
| 132|0x00000000c9800000, 0x00000000c9800000, 0x00000000c9900000|  0%| F|  |TAMS 0x00000000c9800000, 0x00000000c9800000| Untracked 
| 133|0x00000000c9900000, 0x00000000c9900000, 0x00000000c9a00000|  0%| F|  |TAMS 0x00000000c9900000, 0x00000000c9900000| Untracked 
| 134|0x00000000c9a00000, 0x00000000c9a00000, 0x00000000c9b00000|  0%| F|  |TAMS 0x00000000c9a00000, 0x00000000c9a00000| Untracked 
| 135|0x00000000c9b00000, 0x00000000c9b00000, 0x00000000c9c00000|  0%| F|  |TAMS 0x00000000c9b00000, 0x00000000c9b00000| Untracked 
| 136|0x00000000c9c00000, 0x00000000c9c00000, 0x00000000c9d00000|  0%| F|  |TAMS 0x00000000c9c00000, 0x00000000c9c00000| Untracked 
| 137|0x00000000c9d00000, 0x00000000c9d00000, 0x00000000c9e00000|  0%| F|  |TAMS 0x00000000c9d00000, 0x00000000c9d00000| Untracked 
| 138|0x00000000c9e00000, 0x00000000c9e80800, 0x00000000c9f00000| 50%| E|  |TAMS 0x00000000c9e00000, 0x00000000c9e00000| Complete 
| 139|0x00000000c9f00000, 0x00000000ca000000, 0x00000000ca000000|100%| E|CS|TAMS 0x00000000c9f00000, 0x00000000c9f00000| Complete 

Card table byte_map: [0x000002bd9d220000,0x000002bd9d420000] _byte_map_base: 0x000002bd9cc16000

Marking Bits (Prev, Next): (CMBitMap*) 0x000002bd867dcf50, (CMBitMap*) 0x000002bd867dcf10
 Prev Bits: [0x000002bd9e5d0000, 0x000002bd9f580000)
 Next Bits: [0x000002bd9d620000, 0x000002bd9e5d0000)

Polling page: 0x000002bd84790000

Metaspace:

Usage:
  Non-class:     47.45 MB used.
      Class:      6.31 MB used.
       Both:     53.76 MB used.

Virtual space:
  Non-class space:       48.00 MB reserved,      47.62 MB (>99%) committed,  6 nodes.
      Class space:        1.00 GB reserved,       6.44 MB ( <1%) committed,  1 nodes.
             Both:        1.05 GB reserved,      54.06 MB (  5%) committed. 

Chunk freelists:
   Non-Class:  240.00 KB
       Class:  1.45 MB
        Both:  1.69 MB

MaxMetaspaceSize: unlimited
CompressedClassSpaceSize: 1.00 GB
Initial GC threshold: 21.00 MB
Current GC threshold: 90.12 MB
CDS: on
MetaspaceReclaimPolicy: balanced
 - commit_granule_bytes: 65536.
 - commit_granule_words: 8192.
 - virtual_space_node_default_size: 1048576.
 - enlarge_chunks_in_place: 1.
 - new_chunks_are_fully_committed: 0.
 - uncommit_free_chunks: 1.
 - use_allocation_guard: 0.
 - handle_deallocations: 1.


Internal statistics:

num_allocs_failed_limit: 6.
num_arena_births: 266.
num_arena_deaths: 0.
num_vsnodes_births: 7.
num_vsnodes_deaths: 0.
num_space_committed: 863.
num_space_uncommitted: 0.
num_chunks_returned_to_freelist: 6.
num_chunks_taken_from_freelist: 2227.
num_chunk_merges: 6.
num_chunk_splits: 1766.
num_chunks_enlarged: 1543.
num_purges: 0.
num_inconsistent_stats: 0.

CodeHeap 'non-profiled nmethods': size=120000Kb used=3129Kb max_used=3129Kb free=116870Kb
 bounds [0x000002bd95af0000, 0x000002bd95e00000, 0x000002bd9d020000]
CodeHeap 'profiled nmethods': size=120000Kb used=21407Kb max_used=21407Kb free=98592Kb
 bounds [0x000002bd8e5c0000, 0x000002bd8fab0000, 0x000002bd95af0000]
CodeHeap 'non-nmethods': size=5760Kb used=1296Kb max_used=1340Kb free=4463Kb
 bounds [0x000002bd8e020000, 0x000002bd8e290000, 0x000002bd8e5c0000]
 total_blobs=9468 nmethods=8861 adapters=517
 compilation: enabled
              stopped_count=0, restarted_count=0
 full_count=0

Compilation events (20 events):
Event: 16.216 Thread 0x000002bd8687b4e0 10028       2       org.jetbrains.kotlin.resolve.lazy.descriptors.AbstractLazyMemberScope::doGetTypeAliases (207 bytes)
Event: 16.218 Thread 0x000002bd8687b4e0 nmethod 10028 0x000002bd8fa8a410 code [0x000002bd8fa8a680, 0x000002bd8fa8ae18]
Event: 16.221 Thread 0x000002bd8687b4e0 10029       2       org.jetbrains.kotlin.resolve.calls.components.NoArguments::process (302 bytes)
Event: 16.223 Thread 0x000002bd8687b4e0 nmethod 10029 0x000002bd8fa8b390 code [0x000002bd8fa8b640, 0x000002bd8fa8be08]
Event: 16.226 Thread 0x000002bd8687b4e0 10030       2       org.jetbrains.kotlin.resolve.scopes.receivers.ImplicitClassReceiver::equals (36 bytes)
Event: 16.227 Thread 0x000002bd8687b4e0 nmethod 10030 0x000002bd8fa8c390 code [0x000002bd8fa8c540, 0x000002bd8fa8c768]
Event: 16.227 Thread 0x000002bd8687b4e0 10031       2       org.jetbrains.kotlin.psi.KtBinaryExpression::accept (15 bytes)
Event: 16.228 Thread 0x000002bd8687b4e0 nmethod 10031 0x000002bd8fa8c890 code [0x000002bd8fa8ca40, 0x000002bd8fa8cbb8]
Event: 16.237 Thread 0x000002bd8687b4e0 10032       2       org.jetbrains.kotlin.types.expressions.DataFlowAnalyzer::checkType (51 bytes)
Event: 16.238 Thread 0x000002bd8687b4e0 nmethod 10032 0x000002bd8fa8cc90 code [0x000002bd8fa8ce60, 0x000002bd8fa8d098]
Event: 16.239 Thread 0x000002bd8687b4e0 10033       2       org.jetbrains.kotlin.resolve.calls.smartcasts.IdentifierInfo$Qualified::hashCode (19 bytes)
Event: 16.239 Thread 0x000002bd8687b4e0 nmethod 10033 0x000002bd8fa8d210 code [0x000002bd8fa8d3c0, 0x000002bd8fa8d538]
Event: 16.241 Thread 0x000002bd8687b4e0 10034       2       org.jetbrains.kotlin.resolve.calls.smartcasts.IdentifierInfo$DefaultImpls::getKind (10 bytes)
Event: 16.241 Thread 0x000002bd8687b4e0 nmethod 10034 0x000002bd8fa8d610 code [0x000002bd8fa8d7e0, 0x000002bd8fa8da78]
Event: 16.241 Thread 0x000002bd8687b4e0 10035       1       javaslang.Tuple2::_1 (5 bytes)
Event: 16.241 Thread 0x000002bd8687b4e0 nmethod 10035 0x000002bd95dfda90 code [0x000002bd95dfdc20, 0x000002bd95dfdcf8]
Event: 16.245 Thread 0x000002bd8687b4e0 10036       2       org.jetbrains.kotlin.cli.jvm.compiler.KotlinCliJavaFileManagerImpl$findVirtualFileForTopLevelClass$1$1::invoke (13 bytes)
Event: 16.247 Thread 0x000002bd8687b4e0 nmethod 10036 0x000002bd8fa8dc10 code [0x000002bd8fa8de40, 0x000002bd8fa8e348]
Event: 16.247 Thread 0x000002bd8687b4e0 10037       2       org.jetbrains.kotlin.cli.jvm.compiler.KotlinCliJavaFileManagerImpl$findVirtualFileForTopLevelClass$1$1::invoke (26 bytes)
Event: 16.248 Thread 0x000002bd8687b4e0 nmethod 10037 0x000002bd8fa8e690 code [0x000002bd8fa8e8c0, 0x000002bd8fa8ed68]

GC Heap History (20 events):
Event: 4.758 GC heap before
{Heap before GC invocations=6 (full 0):
 garbage-first heap   total 65536K, used 46196K [0x00000000c1400000, 0x0000000100000000)
  region size 1024K, 19 young (19456K), 2 survivors (2048K)
 Metaspace       used 25284K, committed 25472K, reserved 1073152K
  class space    used 3212K, committed 3264K, reserved 1048576K
}
Event: 4.765 GC heap after
{Heap after GC invocations=7 (full 0):
 garbage-first heap   total 65536K, used 27527K [0x00000000c1400000, 0x0000000100000000)
  region size 1024K, 3 young (3072K), 3 survivors (3072K)
 Metaspace       used 25284K, committed 25472K, reserved 1073152K
  class space    used 3212K, committed 3264K, reserved 1048576K
}
Event: 4.804 GC heap before
{Heap before GC invocations=7 (full 0):
 garbage-first heap   total 65536K, used 27527K [0x00000000c1400000, 0x0000000100000000)
  region size 1024K, 4 young (4096K), 3 survivors (3072K)
 Metaspace       used 25536K, committed 25728K, reserved 1073152K
  class space    used 3235K, committed 3328K, reserved 1048576K
}
Event: 4.816 GC heap after
{Heap after GC invocations=8 (full 0):
 garbage-first heap   total 65536K, used 27749K [0x00000000c1400000, 0x0000000100000000)
  region size 1024K, 1 young (1024K), 1 survivors (1024K)
 Metaspace       used 25536K, committed 25728K, reserved 1073152K
  class space    used 3235K, committed 3328K, reserved 1048576K
}
Event: 5.402 GC heap before
{Heap before GC invocations=8 (full 0):
 garbage-first heap   total 65536K, used 46181K [0x00000000c1400000, 0x0000000100000000)
  region size 1024K, 20 young (20480K), 1 survivors (1024K)
 Metaspace       used 29323K, committed 29440K, reserved 1081344K
  class space    used 3673K, committed 3712K, reserved 1048576K
}
Event: 5.409 GC heap after
{Heap after GC invocations=9 (full 0):
 garbage-first heap   total 118784K, used 29710K [0x00000000c1400000, 0x0000000100000000)
  region size 1024K, 3 young (3072K), 3 survivors (3072K)
 Metaspace       used 29323K, committed 29440K, reserved 1081344K
  class space    used 3673K, committed 3712K, reserved 1048576K
}
Event: 6.893 GC heap before
{Heap before GC invocations=9 (full 0):
 garbage-first heap   total 118784K, used 62478K [0x00000000c1400000, 0x0000000100000000)
  region size 1024K, 34 young (34816K), 3 survivors (3072K)
 Metaspace       used 36002K, committed 36160K, reserved 1081344K
  class space    used 4478K, committed 4544K, reserved 1048576K
}
Event: 6.916 GC heap after
{Heap after GC invocations=10 (full 0):
 garbage-first heap   total 118784K, used 35394K [0x00000000c1400000, 0x0000000100000000)
  region size 1024K, 6 young (6144K), 6 survivors (6144K)
 Metaspace       used 36002K, committed 36160K, reserved 1081344K
  class space    used 4478K, committed 4544K, reserved 1048576K
}
Event: 8.715 GC heap before
{Heap before GC invocations=11 (full 0):
 garbage-first heap   total 118784K, used 78402K [0x00000000c1400000, 0x0000000100000000)
  region size 1024K, 48 young (49152K), 6 survivors (6144K)
 Metaspace       used 41025K, committed 41280K, reserved 1089536K
  class space    used 4980K, committed 5120K, reserved 1048576K
}
Event: 8.745 GC heap after
{Heap after GC invocations=12 (full 0):
 garbage-first heap   total 118784K, used 40097K [0x00000000c1400000, 0x0000000100000000)
  region size 1024K, 6 young (6144K), 6 survivors (6144K)
 Metaspace       used 41025K, committed 41280K, reserved 1089536K
  class space    used 4980K, committed 5120K, reserved 1048576K
}
Event: 10.060 GC heap before
{Heap before GC invocations=12 (full 0):
 garbage-first heap   total 118784K, used 82081K [0x00000000c1400000, 0x0000000100000000)
  region size 1024K, 47 young (48128K), 6 survivors (6144K)
 Metaspace       used 46815K, committed 47168K, reserved 1097728K
  class space    used 5796K, committed 5952K, reserved 1048576K
}
Event: 10.092 GC heap after
{Heap after GC invocations=13 (full 0):
 garbage-first heap   total 118784K, used 44311K [0x00000000c1400000, 0x0000000100000000)
  region size 1024K, 5 young (5120K), 5 survivors (5120K)
 Metaspace       used 46815K, committed 47168K, reserved 1097728K
  class space    used 5796K, committed 5952K, reserved 1048576K
}
Event: 12.021 GC heap before
{Heap before GC invocations=13 (full 0):
 garbage-first heap   total 118784K, used 85271K [0x00000000c1400000, 0x0000000100000000)
  region size 1024K, 45 young (46080K), 5 survivors (5120K)
 Metaspace       used 50099K, committed 50368K, reserved 1097728K
  class space    used 6078K, committed 6208K, reserved 1048576K
}
Event: 12.070 GC heap after
{Heap after GC invocations=14 (full 0):
 garbage-first heap   total 118784K, used 52146K [0x00000000c1400000, 0x0000000100000000)
  region size 1024K, 6 young (6144K), 6 survivors (6144K)
 Metaspace       used 50099K, committed 50368K, reserved 1097728K
  class space    used 6078K, committed 6208K, reserved 1048576K
}
Event: 13.019 GC heap before
{Heap before GC invocations=14 (full 0):
 garbage-first heap   total 118784K, used 87986K [0x00000000c1400000, 0x0000000100000000)
  region size 1024K, 41 young (41984K), 6 survivors (6144K)
 Metaspace       used 50457K, committed 50688K, reserved 1097728K
  class space    used 6102K, committed 6208K, reserved 1048576K
}
Event: 13.059 GC heap after
{Heap after GC invocations=15 (full 0):
 garbage-first heap   total 118784K, used 58880K [0x00000000c1400000, 0x0000000100000000)
  region size 1024K, 6 young (6144K), 6 survivors (6144K)
 Metaspace       used 50457K, committed 50688K, reserved 1097728K
  class space    used 6102K, committed 6208K, reserved 1048576K
}
Event: 14.343 GC heap before
{Heap before GC invocations=15 (full 0):
 garbage-first heap   total 118784K, used 90624K [0x00000000c1400000, 0x0000000100000000)
  region size 1024K, 37 young (37888K), 6 survivors (6144K)
 Metaspace       used 52900K, committed 53184K, reserved 1097728K
  class space    used 6301K, committed 6464K, reserved 1048576K
}
Event: 14.376 GC heap after
{Heap after GC invocations=16 (full 0):
 garbage-first heap   total 118784K, used 62464K [0x00000000c1400000, 0x0000000100000000)
  region size 1024K, 4 young (4096K), 4 survivors (4096K)
 Metaspace       used 52900K, committed 53184K, reserved 1097728K
  class space    used 6301K, committed 6464K, reserved 1048576K
}
Event: 16.015 GC heap before
{Heap before GC invocations=16 (full 0):
 garbage-first heap   total 118784K, used 92160K [0x00000000c1400000, 0x0000000100000000)
  region size 1024K, 33 young (33792K), 4 survivors (4096K)
 Metaspace       used 54825K, committed 55104K, reserved 1097728K
  class space    used 6454K, committed 6592K, reserved 1048576K
}
Event: 16.043 GC heap after
{Heap after GC invocations=17 (full 0):
 garbage-first heap   total 143360K, used 66560K [0x00000000c1400000, 0x0000000100000000)
  region size 1024K, 4 young (4096K), 4 survivors (4096K)
 Metaspace       used 54825K, committed 55104K, reserved 1097728K
  class space    used 6454K, committed 6592K, reserved 1048576K
}

Deoptimization events (20 events):
Event: 15.329 Thread 0x000002bd867a2ec0 DEOPT PACKING pc=0x000002bd95db0608 sp=0x000000bf2ebfa1c0
Event: 15.329 Thread 0x000002bd867a2ec0 DEOPT UNPACKING pc=0x000002bd8e0723a3 sp=0x000000bf2ebfa0e8 mode 2
Event: 15.461 Thread 0x000002bd867a2ec0 Uncommon trap: trap_request=0xffffff45 fr.pc=0x000002bd95ca9760 relative=0x0000000000000140
Event: 15.461 Thread 0x000002bd867a2ec0 Uncommon trap: reason=unstable_if action=reinterpret pc=0x000002bd95ca9760 method=java.util.ArrayList.fastRemove([Ljava/lang/Object;I)V @ 19 c2
Event: 15.461 Thread 0x000002bd867a2ec0 DEOPT PACKING pc=0x000002bd95ca9760 sp=0x000000bf2ebf9440
Event: 15.461 Thread 0x000002bd867a2ec0 DEOPT UNPACKING pc=0x000002bd8e0723a3 sp=0x000000bf2ebf9380 mode 2
Event: 15.500 Thread 0x000002bd867a2ec0 Uncommon trap: trap_request=0xfffffff4 fr.pc=0x000002bd95dc8b84 relative=0x00000000000000e4
Event: 15.500 Thread 0x000002bd867a2ec0 Uncommon trap: reason=null_check action=make_not_entrant pc=0x000002bd95dc8b84 method=org.jetbrains.kotlin.psi.KtPsiUtil.deparenthesizeOnce(Lorg/jetbrains/kotlin/psi/KtExpression;Z)Lorg/jetbrains/kotlin/psi/KtExpression; @ 1 c2
Event: 15.500 Thread 0x000002bd867a2ec0 DEOPT PACKING pc=0x000002bd95dc8b84 sp=0x000000bf2ebfc720
Event: 15.500 Thread 0x000002bd867a2ec0 DEOPT UNPACKING pc=0x000002bd8e0723a3 sp=0x000000bf2ebfc6b0 mode 2
Event: 15.656 Thread 0x000002bd867a2ec0 Uncommon trap: trap_request=0xfffffff4 fr.pc=0x000002bd95de9f80 relative=0x0000000000004be0
Event: 15.656 Thread 0x000002bd867a2ec0 Uncommon trap: reason=null_check action=make_not_entrant pc=0x000002bd95de9f80 method=org.jetbrains.kotlin.types.TypeSubstitutor.substituteCompoundType(Lorg/jetbrains/kotlin/types/TypeProjection;I)Lorg/jetbrains/kotlin/types/TypeProjection; @ 24 c2
Event: 15.656 Thread 0x000002bd867a2ec0 DEOPT PACKING pc=0x000002bd95de9f80 sp=0x000000bf2ebf9980
Event: 15.656 Thread 0x000002bd867a2ec0 DEOPT UNPACKING pc=0x000002bd8e0723a3 sp=0x000000bf2ebf98a8 mode 2
Event: 15.674 Thread 0x000002bd867a2ec0 Uncommon trap: trap_request=0xffffffde fr.pc=0x000002bd95c3cdb8 relative=0x0000000000003738
Event: 15.674 Thread 0x000002bd867a2ec0 Uncommon trap: reason=class_check action=maybe_recompile pc=0x000002bd95c3cdb8 method=org.jetbrains.kotlin.resolve.OverridingUtil.determineModalityForFakeOverride(Ljava/util/Collection;Lorg/jetbrains/kotlin/descriptors/ClassDescriptor;)Lorg/jetbrains/kotl
Event: 15.674 Thread 0x000002bd867a2ec0 DEOPT PACKING pc=0x000002bd95c3cdb8 sp=0x000000bf2ebfaa60
Event: 15.674 Thread 0x000002bd867a2ec0 DEOPT UNPACKING pc=0x000002bd8e0723a3 sp=0x000000bf2ebfa9e8 mode 2
Event: 15.944 Thread 0x000002bd867a2ec0 DEOPT PACKING pc=0x000002bd8e728557 sp=0x000000bf2ebf7d30
Event: 15.944 Thread 0x000002bd867a2ec0 DEOPT UNPACKING pc=0x000002bd8e072b43 sp=0x000000bf2ebf7238 mode 0

Classes unloaded (0 events):
No events

Classes redefined (0 events):
No events

Internal exceptions (20 events):
Event: 9.605 Thread 0x000002bd867a2ec0 Exception <a 'java/lang/NoSuchMethodError'{0x00000000c6e7cce0}: 'int java.lang.invoke.DirectMethodHandle$Holder.invokeVirtual(java.lang.Object, java.lang.Object, java.lang.Object)'> (0x00000000c6e7cce0) 
thrown [t:\workspace\open\src\hotspot\share\interpreter\linkResolver.cpp, line 766]
Event: 9.616 Thread 0x000002bd867a2ec0 Exception <a 'java/lang/NoSuchMethodError'{0x00000000c6eb4ec0}: 'java.lang.Object java.lang.invoke.DirectMethodHandle$Holder.invokeStatic(java.lang.Object, java.lang.Object, java.lang.Object, java.lang.Object, int)'> (0x00000000c6eb4ec0) 
thrown [t:\workspace\open\src\hotspot\share\interpreter\linkResolver.cpp, line 766]
Event: 9.617 Thread 0x000002bd867a2ec0 Exception <a 'java/lang/NoSuchMethodError'{0x00000000c6ebe658}: 'java.lang.Object java.lang.invoke.DirectMethodHandle$Holder.newInvokeSpecial(java.lang.Object, java.lang.Object, java.lang.Object, java.lang.Object, int)'> (0x00000000c6ebe658) 
thrown [t:\workspace\open\src\hotspot\share\interpreter\linkResolver.cpp, line 766]
Event: 9.618 Thread 0x000002bd867a2ec0 Exception <a 'java/lang/NoSuchMethodError'{0x00000000c6ec2c38}: 'java.lang.Object java.lang.invoke.DirectMethodHandle$Holder.invokeSpecial(java.lang.Object, java.lang.Object, java.lang.Object, java.lang.Object, java.lang.Object, int)'> (0x00000000c6ec2c38) 
thrown [t:\workspace\open\src\hotspot\share\interpreter\linkResolver.cpp, line 766]
Event: 9.618 Thread 0x000002bd867a2ec0 Exception <a 'java/lang/NoSuchMethodError'{0x00000000c6ec6bc8}: 'java.lang.Object java.lang.invoke.Invokers$Holder.linkToTargetMethod(java.lang.Object, java.lang.Object, java.lang.Object, int, java.lang.Object)'> (0x00000000c6ec6bc8) 
thrown [t:\workspace\open\src\hotspot\share\interpreter\linkResolver.cpp, line 766]
Event: 9.991 Thread 0x000002bd867a2ec0 Exception <a 'java/lang/NoSuchMethodError'{0x00000000c60d1f90}: 'java.lang.Object java.lang.invoke.DirectMethodHandle$Holder.invokeStaticInit(java.lang.Object, java.lang.Object, java.lang.Object)'> (0x00000000c60d1f90) 
thrown [t:\workspace\open\src\hotspot\share\interpreter\linkResolver.cpp, line 766]
Event: 10.041 Thread 0x000002bd867a2ec0 Exception <a 'java/lang/NoSuchMethodError'{0x00000000c5fc4180}: 'int java.lang.invoke.DirectMethodHandle$Holder.invokeSpecialIFC(java.lang.Object, java.lang.Object, java.lang.Object, java.lang.Object, java.lang.Object)'> (0x00000000c5fc4180) 
thrown [t:\workspace\open\src\hotspot\share\interpreter\linkResolver.cpp, line 766]
Event: 10.044 Thread 0x000002bd867a2ec0 Exception <a 'java/lang/NoSuchMethodError'{0x00000000c5fceb40}: 'java.lang.Object java.lang.invoke.DirectMethodHandle$Holder.invokeStatic(java.lang.Object, java.lang.Object, int)'> (0x00000000c5fceb40) 
thrown [t:\workspace\open\src\hotspot\share\interpreter\linkResolver.cpp, line 766]
Event: 10.056 Thread 0x000002bd867a2ec0 Exception <a 'java/lang/NoSuchMethodError'{0x00000000c5fea1f0}: 'int java.lang.invoke.DirectMethodHandle$Holder.invokeStaticInit(java.lang.Object, int)'> (0x00000000c5fea1f0) 
thrown [t:\workspace\open\src\hotspot\share\interpreter\linkResolver.cpp, line 766]
Event: 10.057 Thread 0x000002bd867a2ec0 Exception <a 'java/lang/NoSuchMethodError'{0x00000000c5ff0418}: 'void java.lang.invoke.DirectMethodHandle$Holder.invokeInterface(java.lang.Object, java.lang.Object, java.lang.Object)'> (0x00000000c5ff0418) 
thrown [t:\workspace\open\src\hotspot\share\interpreter\linkResolver.cpp, line 766]
Event: 10.117 Thread 0x000002bd867a2ec0 Implicit null exception at 0x000002bd95cc83d2 to 0x000002bd95cc862c
Event: 11.319 Thread 0x000002bd867a2ec0 Exception <a 'java/lang/NoSuchMethodError'{0x00000000c728aff8}: 'int java.lang.invoke.DirectMethodHandle$Holder.invokeInterface(java.lang.Object, java.lang.Object)'> (0x00000000c728aff8) 
thrown [t:\workspace\open\src\hotspot\share\interpreter\linkResolver.cpp, line 766]
Event: 11.461 Thread 0x000002bd867a2ec0 Exception <a 'java/lang/NoSuchMethodError'{0x00000000c6e46ea0}: 'java.lang.Object java.lang.invoke.DirectMethodHandle$Holder.newInvokeSpecial(java.lang.Object, int, java.lang.Object)'> (0x00000000c6e46ea0) 
thrown [t:\workspace\open\src\hotspot\share\interpreter\linkResolver.cpp, line 766]
Event: 13.105 Thread 0x000002bd867a2ec0 Exception <a 'java/lang/NoSuchMethodError'{0x00000000c87d6540}: 'java.lang.Object java.lang.invoke.DirectMethodHandle$Holder.invokeInterface(java.lang.Object, java.lang.Object, java.lang.Object)'> (0x00000000c87d6540) 
thrown [t:\workspace\open\src\hotspot\share\interpreter\linkResolver.cpp, line 766]
Event: 13.105 Thread 0x000002bd867a2ec0 Exception <a 'java/lang/IncompatibleClassChangeError'{0x00000000c87d9eb0}: Found class java.lang.Object, but interface was expected> (0x00000000c87d9eb0) 
thrown [t:\workspace\open\src\hotspot\share\interpreter\linkResolver.cpp, line 833]
Event: 13.279 Thread 0x000002bd867a2ec0 Exception <a 'java/lang/NoSuchMethodError'{0x00000000c805a378}: 'java.lang.Object java.lang.invoke.DirectMethodHandle$Holder.newInvokeSpecial(java.lang.Object, java.lang.Object, java.lang.Object, java.lang.Object, java.lang.Object, java.lang.Object, java.lang.Object)'> (0x00000000c805a378) 
thrown [t:\workspace\open\src\hotspot\share\interpreter\linkResolver.cpp, line 766]
Event: 13.280 Thread 0x000002bd867a2ec0 Exception <a 'java/lang/NoSuchMethodError'{0x00000000c805ef30}: 'java.lang.Object java.lang.invoke.Invokers$Holder.linkToTargetMethod(java.lang.Object, java.lang.Object, java.lang.Object, java.lang.Object, java.lang.Object, java.lang.Object, java.lang.Object)'> (0x00000000c805ef30) 
thrown [t:\workspace\open\src\hotspot\share\interpreter\linkResolver.cpp, line 766]
Event: 13.513 Thread 0x000002bd867a2ec0 Implicit null exception at 0x000002bd95d86f3e to 0x000002bd95d87190
Event: 15.500 Thread 0x000002bd867a2ec0 Implicit null exception at 0x000002bd95dc8aac to 0x000002bd95dc8b74
Event: 15.656 Thread 0x000002bd867a2ec0 Implicit null exception at 0x000002bd95de7010 to 0x000002bd95de9f74

VM Operations (20 events):
Event: 14.738 Executing VM operation: ICBufferFull
Event: 14.739 Executing VM operation: ICBufferFull done
Event: 14.881 Executing VM operation: ICBufferFull
Event: 14.881 Executing VM operation: ICBufferFull done
Event: 15.046 Executing VM operation: ICBufferFull
Event: 15.046 Executing VM operation: ICBufferFull done
Event: 15.161 Executing VM operation: ICBufferFull
Event: 15.162 Executing VM operation: ICBufferFull done
Event: 15.278 Executing VM operation: ICBufferFull
Event: 15.278 Executing VM operation: ICBufferFull done
Event: 15.290 Executing VM operation: HandshakeAllThreads
Event: 15.290 Executing VM operation: HandshakeAllThreads done
Event: 15.386 Executing VM operation: ICBufferFull
Event: 15.387 Executing VM operation: ICBufferFull done
Event: 15.693 Executing VM operation: ICBufferFull
Event: 15.693 Executing VM operation: ICBufferFull done
Event: 15.965 Executing VM operation: ICBufferFull
Event: 15.965 Executing VM operation: ICBufferFull done
Event: 16.015 Executing VM operation: G1CollectForAllocation
Event: 16.043 Executing VM operation: G1CollectForAllocation done

Events (20 events):
Event: 12.914 Thread 0x000002bd8687da00 flushing nmethod 0x000002bd8f3b0490
Event: 12.914 Thread 0x000002bd8687da00 flushing nmethod 0x000002bd8f3bca10
Event: 12.915 Thread 0x000002bd8687da00 flushing nmethod 0x000002bd8f3ddc90
Event: 12.915 Thread 0x000002bd8687da00 flushing nmethod 0x000002bd8f3fd410
Event: 12.915 Thread 0x000002bd8687da00 flushing nmethod 0x000002bd8f404a90
Event: 12.915 Thread 0x000002bd8687da00 flushing nmethod 0x000002bd8f442890
Event: 12.915 Thread 0x000002bd8687da00 flushing nmethod 0x000002bd8f461790
Event: 12.915 Thread 0x000002bd8687da00 flushing nmethod 0x000002bd8f464410
Event: 14.042 loading class java/lang/Short$ShortCache
Event: 14.042 loading class java/lang/Short$ShortCache done
Event: 14.892 loading class jdk/internal/math/FloatingDecimal$ASCIIToBinaryBuffer
Event: 14.893 loading class jdk/internal/math/FloatingDecimal$ASCIIToBinaryBuffer done
Event: 15.302 Thread 0x000002bd8687da00 flushing nmethod 0x000002bd8ec96610
Event: 15.303 Thread 0x000002bd8687da00 flushing nmethod 0x000002bd8ed9e390
Event: 15.306 Thread 0x000002bd8687da00 flushing nmethod 0x000002bd8efee210
Event: 15.309 Thread 0x000002bd8687da00 flushing nmethod 0x000002bd8f16a110
Event: 15.309 Thread 0x000002bd8687da00 flushing nmethod 0x000002bd8f181610
Event: 15.309 Thread 0x000002bd8687da00 flushing nmethod 0x000002bd8f1b1c10
Event: 15.309 Thread 0x000002bd8687da00 flushing nmethod 0x000002bd8f1c7110
Event: 15.310 Thread 0x000002bd8687da00 flushing nmethod 0x000002bd8f226f90


Dynamic libraries:
0x00007ff719b40000 - 0x00007ff719b50000 	C:\Program Files\Java\jdk-17.0.3.1\bin\java.exe
0x00007fff9f090000 - 0x00007fff9f287000 	C:\Windows\SYSTEM32\ntdll.dll
0x00007fff9eeb0000 - 0x00007fff9ef6d000 	C:\Windows\System32\KERNEL32.DLL
0x00007fff9ccf0000 - 0x00007fff9cfbd000 	C:\Windows\System32\KERNELBASE.dll
0x00007fff9cfc0000 - 0x00007fff9d0c0000 	C:\Windows\System32\ucrtbase.dll
0x00007fff982b0000 - 0x00007fff982ca000 	C:\Program Files\Java\jdk-17.0.3.1\bin\VCRUNTIME140.dll
0x00007fff964e0000 - 0x00007fff964f8000 	C:\Program Files\Java\jdk-17.0.3.1\bin\jli.dll
0x00007fff9dab0000 - 0x00007fff9db5e000 	C:\Windows\System32\ADVAPI32.dll
0x00007fff9ec00000 - 0x00007fff9ec9e000 	C:\Windows\System32\msvcrt.dll
0x00007fff9dbf0000 - 0x00007fff9dc8c000 	C:\Windows\System32\sechost.dll
0x00007fff9d840000 - 0x00007fff9d965000 	C:\Windows\System32\RPCRT4.dll
0x00007fff9dc90000 - 0x00007fff9de30000 	C:\Windows\System32\USER32.dll
0x00007fff8e0e0000 - 0x00007fff8e37a000 	C:\Windows\WinSxS\amd64_microsoft.windows.common-controls_6595b64144ccf1df_6.0.19041.1110_none_60b5254171f9507e\COMCTL32.dll
0x00007fff9d0c0000 - 0x00007fff9d0e2000 	C:\Windows\System32\win32u.dll
0x00007fff9de30000 - 0x00007fff9de5a000 	C:\Windows\System32\GDI32.dll
0x00007fff9c7e0000 - 0x00007fff9c8eb000 	C:\Windows\System32\gdi32full.dll
0x00007fff9cb90000 - 0x00007fff9cc2d000 	C:\Windows\System32\msvcp_win.dll
0x00007fff94b90000 - 0x00007fff94b9a000 	C:\Windows\SYSTEM32\VERSION.dll
0x00007fff9d9f0000 - 0x00007fff9da20000 	C:\Windows\System32\IMM32.DLL
0x00007fff982e0000 - 0x00007fff982ec000 	C:\Program Files\Java\jdk-17.0.3.1\bin\vcruntime140_1.dll
0x00007fff85090000 - 0x00007fff8511d000 	C:\Program Files\Java\jdk-17.0.3.1\bin\msvcp140.dll
0x00007fff690c0000 - 0x00007fff69c80000 	C:\Program Files\Java\jdk-17.0.3.1\bin\server\jvm.dll
0x00007fff9d9e0000 - 0x00007fff9d9e8000 	C:\Windows\System32\PSAPI.DLL
0x00007fff87a60000 - 0x00007fff87a69000 	C:\Windows\SYSTEM32\WSOCK32.dll
0x00007fff87a20000 - 0x00007fff87a47000 	C:\Windows\SYSTEM32\WINMM.dll
0x00007fff9d970000 - 0x00007fff9d9db000 	C:\Windows\System32\WS2_32.dll
0x00007fff9a6b0000 - 0x00007fff9a6c2000 	C:\Windows\SYSTEM32\kernel.appcore.dll
0x00007fff98290000 - 0x00007fff9829a000 	C:\Program Files\Java\jdk-17.0.3.1\bin\jimage.dll
0x00007fff81c10000 - 0x00007fff81df4000 	C:\Windows\SYSTEM32\DBGHELP.DLL
0x00007fff83f50000 - 0x00007fff83f7c000 	C:\Windows\SYSTEM32\dbgcore.DLL
0x00007fff9c8f0000 - 0x00007fff9c972000 	C:\Windows\System32\bcryptPrimitives.dll
0x00007fff92880000 - 0x00007fff928a5000 	C:\Program Files\Java\jdk-17.0.3.1\bin\java.dll
0x00007fff84fb0000 - 0x00007fff85086000 	C:\Program Files\Java\jdk-17.0.3.1\bin\jsvml.dll
0x00007fff9e4b0000 - 0x00007fff9ebf4000 	C:\Windows\System32\SHELL32.dll
0x00007fff9a8b0000 - 0x00007fff9b044000 	C:\Windows\SYSTEM32\windows.storage.dll
0x00007fff9d330000 - 0x00007fff9d684000 	C:\Windows\System32\combase.dll
0x00007fff9c1a0000 - 0x00007fff9c1cc000 	C:\Windows\SYSTEM32\Wldp.dll
0x00007fff9e400000 - 0x00007fff9e4ad000 	C:\Windows\System32\SHCORE.dll
0x00007fff9d1c0000 - 0x00007fff9d215000 	C:\Windows\System32\shlwapi.dll
0x00007fff9c6f0000 - 0x00007fff9c70f000 	C:\Windows\SYSTEM32\profapi.dll
0x00007fff8e3e0000 - 0x00007fff8e3f9000 	C:\Program Files\Java\jdk-17.0.3.1\bin\net.dll
0x00007fff8e490000 - 0x00007fff8e59a000 	C:\Windows\SYSTEM32\WINHTTP.dll
0x00007fff9bea0000 - 0x00007fff9bf0a000 	C:\Windows\system32\mswsock.dll
0x00007fff8e3c0000 - 0x00007fff8e3d6000 	C:\Program Files\Java\jdk-17.0.3.1\bin\nio.dll
0x00007fff8e3a0000 - 0x00007fff8e3b8000 	C:\Program Files\Java\jdk-17.0.3.1\bin\zip.dll
0x00007fff979e0000 - 0x00007fff979f0000 	C:\Program Files\Java\jdk-17.0.3.1\bin\verify.dll

dbghelp: loaded successfully - version: 4.0.5 - missing functions: none
symbol engine: initialized successfully - sym options: 0x614 - pdb path: .;C:\Program Files\Java\jdk-17.0.3.1\bin;C:\Windows\SYSTEM32;C:\Windows\WinSxS\amd64_microsoft.windows.common-controls_6595b64144ccf1df_6.0.19041.1110_none_60b5254171f9507e;C:\Program Files\Java\jdk-17.0.3.1\bin\server

VM Arguments:
java_command: org.jetbrains.kotlin.cli.jvm.K2JVMCompiler @R:\Project\CefionMobile\node_modules\react-native-gesture-handler\android\build\20220627_11203519507073104953.compiler.options
java_class_path (initial): C:\Users\rgvoz\.gradle\caches\modules-2\files-2.1\org.jetbrains.kotlin\kotlin-compiler-embeddable\1.5.20\1900e8b9aca0a9caffd45b99b36e3720a0a284f8\kotlin-compiler-embeddable-1.5.20.jar;C:\Users\rgvoz\.gradle\caches\modules-2\files-2.1\org.jetbrains.kotlin\kotlin-reflect\1.5.20\63810951f09a27f7827977f1bc21094042a915e\kotlin-reflect-1.5.20.jar;C:\Users\rgvoz\.gradle\caches\modules-2\files-2.1\org.jetbrains.kotlin\kotlin-stdlib\1.5.20\9de35cc611bcecec8edce1d56d8e659953806751\kotlin-stdlib-1.5.20.jar;C:\Users\rgvoz\.gradle\caches\modules-2\files-2.1\org.jetbrains.kotlin\kotlin-script-runtime\1.5.20\4381bb58d37b84d4d1afe55ec35542dd9b77e101\kotlin-script-runtime-1.5.20.jar;C:\Users\rgvoz\.gradle\caches\modules-2\files-2.1\org.jetbrains.kotlin\kotlin-daemon-embeddable\1.5.20\36c38cda019834dcd2959cc33a12768adcd94256\kotlin-daemon-embeddable-1.5.20.jar;C:\Users\rgvoz\.gradle\caches\modules-2\files-2.1\org.jetbrains.intellij.deps\trove4j\1.0.20181211\216c2e14b070f334479d800987affe4054cd563f\trove4j-1.0.20181211.jar;C:\Users\rgvoz\.gradle\caches\modules-2\files-2.1\org.jetbrains\annotations\13.0\919f0dfe192fb4e063e7dacadee7f8bb9a2672a9\annotations-13.0.jar;C:\Users\rgvoz\.gradle\caches\modules-2\files-2.1\org.jetbrains.kotlin\kotlin-stdlib-common\1.5.20\3d79dbd48bf605f4aac1e7028981a1953e245cbb\kotlin-stdlib-common-1.5.20.jar
Launcher Type: SUN_STANDARD

[Global flags]
     intx CICompilerCount                          = 3                                         {product} {ergonomic}
     uint ConcGCThreads                            = 1                                         {product} {ergonomic}
     uint G1ConcRefinementThreads                  = 4                                         {product} {ergonomic}
   size_t G1HeapRegionSize                         = 1048576                                   {product} {ergonomic}
    uintx GCDrainStackTargetSize                   = 64                                        {product} {ergonomic}
   size_t InitialHeapSize                          = 67108864                                  {product} {ergonomic}
   size_t MarkStackSize                            = 4194304                                   {product} {ergonomic}
   size_t MaxHeapSize                              = 1052770304                                {product} {ergonomic}
   size_t MaxNewSize                               = 631242752                                 {product} {ergonomic}
   size_t MinHeapDeltaBytes                        = 1048576                                   {product} {ergonomic}
   size_t MinHeapSize                              = 8388608                                   {product} {ergonomic}
    uintx NonNMethodCodeHeapSize                   = 5832780                                {pd product} {ergonomic}
    uintx NonProfiledCodeHeapSize                  = 122912730                              {pd product} {ergonomic}
    uintx ProfiledCodeHeapSize                     = 122912730                              {pd product} {ergonomic}
    uintx ReservedCodeCacheSize                    = 251658240                              {pd product} {ergonomic}
     bool SegmentedCodeCache                       = true                                      {product} {ergonomic}
   size_t SoftMaxHeapSize                          = 1052770304                             {manageable} {ergonomic}
     bool UseCompressedClassPointers               = true                           {product lp64_product} {ergonomic}
     bool UseCompressedOops                        = true                           {product lp64_product} {ergonomic}
     bool UseG1GC                                  = true                                      {product} {ergonomic}
     bool UseLargePagesIndividualAllocation        = false                                  {pd product} {ergonomic}

Logging:
Log output configuration:
 #0: stdout all=warning uptime,level,tags
 #1: stderr all=off uptime,level,tags

Environment Variables:
CLASSPATH=R:\Project\CefionMobile\android\\gradle\wrapper\gradle-wrapper.jar
PATH=R:\Project\CefionMobile\android\node_modules\.bin;R:\Project\CefionMobile\node_modules\.bin;R:\Project\node_modules\.bin;R:\node_modules\.bin;C:\Program Files\nodejs;R:\Project\CefionMobile\node_modules\.bin;R:\Project\node_modules\.bin;R:\node_modules\.bin;C:\Program Files\nodejs\node_modules\npm\node_modules\@npmcli\run-script\lib\node-gyp-bin;C:\Program Files\Common Files\Oracle\Java\javapath;C:\Program Files (x86)\Common Files\Oracle\Java\javapath;C:\ProgramData\Oracle\Java\javapath;C:\Windows\system32;C:\Windows;C:\Windows\System32\Wbem;C:\Windows\System32\WindowsPowerShell\v1.0\;C:\Windows\System32\OpenSSH\;C:\Program Files (x86)\NVIDIA Corporation\PhysX\Common;C:\Program Files\Git\cmd;C:\ProgramData\chocolatey\bin;C:\Program Files\nodejs\;C:\Users\rgvoz\AppData\Local\Microsoft\WindowsApps;;R:\Microsoft VS Code\bin;C:\Users\rgvoz\AppData\Roaming\npm;R:\Project\CefionMobile\node_modules\.bin
USERNAME=rgvoz
OS=Windows_NT
PROCESSOR_IDENTIFIER=Intel64 Family 6 Model 42 Stepping 7, GenuineIntel



---------------  S Y S T E M  ---------------

OS:
 Windows 10 , 64 bit Build 19041 (10.0.19041.1741)
OS uptime: 1 days 20:01 hours

CPU: total 4 (initial active 4) (2 cores per cpu, 2 threads per core) family 6 model 42 stepping 7 microcode 0x2f, cx8, cmov, fxsr, ht, mmx, sse, sse2, sse3, ssse3, sse4.1, sse4.2, popcnt, tsc, tscinvbit, avx, clmul, vzeroupper, clflush

Memory: 4k page, system-wide physical 4010M (285M free)
TotalPageFile size 8106M (AvailPageFile size 61M)
current process WorkingSet (physical memory assigned to process): 278M, peak: 279M
current process commit charge ("private bytes"): 335M, peak: 335M

vm_info: Java HotSpot(TM) 64-Bit Server VM (17.0.3.1+2-LTS-6) for windows-amd64 JRE (17.0.3.1+2-LTS-6), built on Apr 25 2022 22:04:21 by "mach5one" with MS VC++ 16.8 / 16.9 (VS2019)

END.
