#
# There is insufficient memory for the Java Runtime Environment to continue.
# Native memory allocation (malloc) failed to allocate 1240656 bytes for Chunk::new
# Possible reasons:
#   The system is out of physical RAM or swap space
#   The process is running with CompressedOops enabled, and the Java Heap may be blocking the growth of the native heap
# Possible solutions:
#   Reduce memory load on the system
#   Increase physical memory or swap space
#   Check if swap backing store is full
#   Decrease Java heap size (-Xmx/-Xms)
#   Decrease number of Java threads
#   Decrease Java thread stack sizes (-Xss)
#   Set larger code cache with -XX:ReservedCodeCacheSize=
#   JVM is running with Unscaled Compressed Oops mode in which the Java heap is
#     placed in the first 4GB address space. The Java Heap base address is the
#     maximum limit for the native heap growth. Please use -XX:HeapBaseMinAddress
#     to set the Java Heap base and to place the Java Heap above 4GB virtual address.
# This output file may be truncated or incomplete.
#
#  Out of Memory Error (arena.cpp:189), pid=9680, tid=948
#
# JRE version: Java(TM) SE Runtime Environment (17.0.3.1+2) (build 17.0.3.1+2-LTS-6)
# Java VM: Java HotSpot(TM) 64-Bit Server VM (17.0.3.1+2-LTS-6, mixed mode, sharing, tiered, compressed oops, compressed class ptrs, g1 gc, windows-amd64)
# No core dump will be written. Minidumps are not enabled by default on client versions of Windows
#

---------------  S U M M A R Y ------------

Command Line: -XX:MaxMetaspaceSize=512m --add-opens=java.base/java.util=ALL-UNNAMED --add-opens=java.base/java.lang=ALL-UNNAMED --add-opens=java.base/java.lang.invoke=ALL-UNNAMED --add-opens=java.base/java.util=ALL-UNNAMED --add-opens=java.prefs/java.util.prefs=ALL-UNNAMED --add-opens=java.prefs/java.util.prefs=ALL-UNNAMED --add-opens=java.base/java.nio.charset=ALL-UNNAMED --add-opens=java.base/java.net=ALL-UNNAMED --add-opens=java.base/java.util.concurrent.atomic=ALL-UNNAMED -Xmx2048m -Dfile.encoding=windows-1251 -Duser.country=UA -Duser.language=uk -Duser.variant org.gradle.launcher.daemon.bootstrap.GradleDaemon 7.3.3

Host: Intel(R) Core(TM) i3-2330M CPU @ 2.20GHz, 4 cores, 3G,  Windows 10 , 64 bit Build 19041 (10.0.19041.1741)
Time: Tue Jun 21 14:01:17 2022  Windows 10 , 64 bit Build 19041 (10.0.19041.1741) elapsed time: 19.893060 seconds (0d 0h 0m 19s)

---------------  T H R E A D  ---------------

Current thread (0x000001f7463520f0):  JavaThread "C2 CompilerThread0" daemon [_thread_in_native, id=948, stack(0x00000009b3900000,0x00000009b3a00000)]


Current CompileTask:
C2:  19902 2463   !   4       java.net.URL::<init> (543 bytes)

Stack: [0x00000009b3900000,0x00000009b3a00000]
Native frames: (J=compiled Java code, j=interpreted, Vv=VM code, C=native code)
V  [jvm.dll+0x6711ba]
V  [jvm.dll+0x7d0834]
V  [jvm.dll+0x7d1fde]
V  [jvm.dll+0x7d2643]
V  [jvm.dll+0x242c85]
V  [jvm.dll+0xaa57b]
V  [jvm.dll+0xaab0c]
V  [jvm.dll+0x35ff22]
V  [jvm.dll+0x32a581]
V  [jvm.dll+0x329a2a]
V  [jvm.dll+0x215d61]
V  [jvm.dll+0x215181]
V  [jvm.dll+0x1a1c3d]
V  [jvm.dll+0x2249c8]
V  [jvm.dll+0x222b2c]
V  [jvm.dll+0x78650b]
V  [jvm.dll+0x780aca]
V  [jvm.dll+0x670045]
C  [ucrtbase.dll+0x21bb2]
C  [KERNEL32.DLL+0x17034]
C  [ntdll.dll+0x52651]


---------------  P R O C E S S  ---------------

Threads class SMR info:
_java_thread_list=0x000001f74a6e8110, length=31, elements={
0x000001f728a639a0, 0x000001f746333e20, 0x000001f7463350c0, 0x000001f74634a240,
0x000001f74634cb10, 0x000001f74634e3e0, 0x000001f746351450, 0x000001f7463520f0,
0x000001f746352aa0, 0x000001f7463c22f0, 0x000001f74707e7a0, 0x000001f7470884c0,
0x000001f747fc83d0, 0x000001f747c8bd60, 0x000001f7470f1760, 0x000001f747148f80,
0x000001f7485c66d0, 0x000001f747be44b0, 0x000001f74862cbc0, 0x000001f7472274b0,
0x000001f747226640, 0x000001f747227980, 0x000001f747228320, 0x000001f7472287f0,
0x000001f747227e50, 0x000001f747228cc0, 0x000001f747229190, 0x000001f747226170,
0x000001f747225ca0, 0x000001f747226b10, 0x000001f747226fe0
}

Java Threads: ( => current thread )
  0x000001f728a639a0 JavaThread "main" [_thread_blocked, id=10004, stack(0x00000009b2c00000,0x00000009b2d00000)]
  0x000001f746333e20 JavaThread "Reference Handler" daemon [_thread_blocked, id=8980, stack(0x00000009b3300000,0x00000009b3400000)]
  0x000001f7463350c0 JavaThread "Finalizer" daemon [_thread_blocked, id=8684, stack(0x00000009b3400000,0x00000009b3500000)]
  0x000001f74634a240 JavaThread "Signal Dispatcher" daemon [_thread_blocked, id=7392, stack(0x00000009b3500000,0x00000009b3600000)]
  0x000001f74634cb10 JavaThread "Attach Listener" daemon [_thread_blocked, id=10688, stack(0x00000009b3600000,0x00000009b3700000)]
  0x000001f74634e3e0 JavaThread "Service Thread" daemon [_thread_blocked, id=9572, stack(0x00000009b3700000,0x00000009b3800000)]
  0x000001f746351450 JavaThread "Monitor Deflation Thread" daemon [_thread_blocked, id=648, stack(0x00000009b3800000,0x00000009b3900000)]
=>0x000001f7463520f0 JavaThread "C2 CompilerThread0" daemon [_thread_in_native, id=948, stack(0x00000009b3900000,0x00000009b3a00000)]
  0x000001f746352aa0 JavaThread "C1 CompilerThread0" daemon [_thread_in_native, id=1320, stack(0x00000009b3a00000,0x00000009b3b00000)]
  0x000001f7463c22f0 JavaThread "Sweeper thread" daemon [_thread_blocked, id=9664, stack(0x00000009b3b00000,0x00000009b3c00000)]
  0x000001f74707e7a0 JavaThread "Common-Cleaner" daemon [_thread_blocked, id=5068, stack(0x00000009b3c00000,0x00000009b3d00000)]
  0x000001f7470884c0 JavaThread "Notification Thread" daemon [_thread_blocked, id=7356, stack(0x00000009b3d00000,0x00000009b3e00000)]
  0x000001f747fc83d0 JavaThread "Daemon health stats" [_thread_blocked, id=6736, stack(0x00000009b4200000,0x00000009b4300000)]
  0x000001f747c8bd60 JavaThread "Incoming local TCP Connector on port 64629" [_thread_in_native, id=7788, stack(0x00000009b4300000,0x00000009b4400000)]
  0x000001f7470f1760 JavaThread "Daemon periodic checks" [_thread_blocked, id=8576, stack(0x00000009b4400000,0x00000009b4500000)]
  0x000001f747148f80 JavaThread "Daemon" [_thread_blocked, id=10664, stack(0x00000009b4500000,0x00000009b4600000)]
  0x000001f7485c66d0 JavaThread "Handler for socket connection from /127.0.0.1:64629 to /127.0.0.1:64630" [_thread_in_native, id=8808, stack(0x00000009b4600000,0x00000009b4700000)]
  0x000001f747be44b0 JavaThread "Cancel handler" [_thread_blocked, id=7820, stack(0x00000009b4700000,0x00000009b4800000)]
  0x000001f74862cbc0 JavaThread "Daemon worker" [_thread_in_Java, id=9988, stack(0x00000009b4800000,0x00000009b4900000)]
  0x000001f7472274b0 JavaThread "Asynchronous log dispatcher for DefaultDaemonConnection: socket connection from /127.0.0.1:64629 to /127.0.0.1:64630" [_thread_blocked, id=11028, stack(0x00000009b4900000,0x00000009b4a00000)]
  0x000001f747226640 JavaThread "Stdin handler" [_thread_blocked, id=10720, stack(0x00000009b4a00000,0x00000009b4b00000)]
  0x000001f747227980 JavaThread "Daemon client event forwarder" [_thread_blocked, id=5892, stack(0x00000009b4b00000,0x00000009b4c00000)]
  0x000001f747228320 JavaThread "Cache worker for journal cache (C:\Users\rgvoz\.gradle\caches\journal-1)" [_thread_blocked, id=7348, stack(0x00000009b4e00000,0x00000009b4f00000)]
  0x000001f7472287f0 JavaThread "File lock request listener" [_thread_in_native, id=4384, stack(0x00000009b4f00000,0x00000009b5000000)]
  0x000001f747227e50 JavaThread "Cache worker for file hash cache (C:\Users\rgvoz\.gradle\caches\7.3.3\fileHashes)" [_thread_blocked, id=11008, stack(0x00000009b5000000,0x00000009b5100000)]
  0x000001f747228cc0 JavaThread "Cache worker for file hash cache (R:\Project\CefionMobile\android\.gradle\7.3.3\fileHashes)" [_thread_blocked, id=7144, stack(0x00000009b5100000,0x00000009b5200000)]
  0x000001f747229190 JavaThread "File lock release action executor" [_thread_blocked, id=10300, stack(0x00000009b5200000,0x00000009b5300000)]
  0x000001f747226170 JavaThread "File watcher server" daemon [_thread_in_native, id=5556, stack(0x00000009b5300000,0x00000009b5400000)]
  0x000001f747225ca0 JavaThread "File watcher consumer" daemon [_thread_blocked, id=336, stack(0x00000009b5400000,0x00000009b5500000)]
  0x000001f747226b10 JavaThread "Cache worker for checksums cache (R:\Project\CefionMobile\android\.gradle\7.3.3\checksums)" [_thread_blocked, id=10320, stack(0x00000009b5500000,0x00000009b5600000)]
  0x000001f747226fe0 JavaThread "Cache worker for cache directory md-supplier (C:\Users\rgvoz\.gradle\caches\7.3.3\md-supplier)" [_thread_blocked, id=10084, stack(0x00000009b5600000,0x00000009b5700000)]

Other Threads:
  0x000001f728b3c370 VMThread "VM Thread" [stack: 0x00000009b3200000,0x00000009b3300000] [id=244]
  0x000001f74708d5d0 WatcherThread [stack: 0x00000009b3e00000,0x00000009b3f00000] [id=2548]
  0x000001f728abcd80 GCTaskThread "GC Thread#0" [stack: 0x00000009b2d00000,0x00000009b2e00000] [id=7684]
  0x000001f7473b2370 GCTaskThread "GC Thread#1" [stack: 0x00000009b3f00000,0x00000009b4000000] [id=8840]
  0x000001f747460620 GCTaskThread "GC Thread#2" [stack: 0x00000009b4000000,0x00000009b4100000] [id=1656]
  0x000001f7463c1640 GCTaskThread "GC Thread#3" [stack: 0x00000009b4100000,0x00000009b4200000] [id=9452]
  0x000001f728acea80 ConcurrentGCThread "G1 Main Marker" [stack: 0x00000009b2e00000,0x00000009b2f00000] [id=6640]
  0x000001f728acf9e0 ConcurrentGCThread "G1 Conc#0" [stack: 0x00000009b2f00000,0x00000009b3000000] [id=7460]
  0x000001f728b171b0 ConcurrentGCThread "G1 Refine#0" [stack: 0x00000009b3000000,0x00000009b3100000] [id=9820]
  0x000001f7473df6f0 ConcurrentGCThread "G1 Refine#1" [stack: 0x00000009b4c00000,0x00000009b4d00000] [id=2144]
  0x000001f747e8f6d0 ConcurrentGCThread "G1 Refine#2" [stack: 0x00000009b4d00000,0x00000009b4e00000] [id=912]
  0x000001f728b17980 ConcurrentGCThread "G1 Service" [stack: 0x00000009b3100000,0x00000009b3200000] [id=8856]

Threads with active compile tasks:
C2 CompilerThread0    19998 2463   !   4       java.net.URL::<init> (543 bytes)

VM state: not at safepoint (normal execution)

VM Mutex/Monitor currently owned by a thread: None

Heap address: 0x0000000080000000, size: 2048 MB, Compressed Oops mode: 32-bit

CDS archive(s) mapped at: [0x0000000800000000-0x0000000800bc0000-0x0000000800bc0000), size 12320768, SharedBaseAddress: 0x0000000800000000, ArchiveRelocationMode: 0.
Compressed class space mapped at: 0x0000000800c00000-0x000000081a800000, reserved size: 432013312
Narrow klass base: 0x0000000800000000, Narrow klass shift: 0, Narrow klass range: 0x100000000

GC Precious Log:
 CPUs: 4 total, 4 available
 Memory: 4010M
 Large Page Support: Disabled
 NUMA Support: Disabled
 Compressed Oops: Enabled (32-bit)
 Heap Region Size: 1M
 Heap Min Capacity: 8M
 Heap Initial Capacity: 64M
 Heap Max Capacity: 2G
 Pre-touch: Disabled
 Parallel Workers: 4
 Concurrent Workers: 1
 Concurrent Refinement Workers: 4
 Periodic GC: Disabled

Heap:
 garbage-first heap   total 65536K, used 24576K [0x0000000080000000, 0x0000000100000000)
  region size 1024K, 8 young (8192K), 3 survivors (3072K)
 Metaspace       used 19853K, committed 20224K, reserved 446464K
  class space    used 2906K, committed 3072K, reserved 421888K

Heap Regions: E=young(eden), S=young(survivor), O=old, HS=humongous(starts), HC=humongous(continues), CS=collection set, F=free, OA=open archive, CA=closed archive, TAMS=top-at-mark-start (previous, next)
|   0|0x0000000080000000, 0x0000000080100000, 0x0000000080100000|100%|HS|  |TAMS 0x0000000080000000, 0x0000000080000000| Complete 
|   1|0x0000000080100000, 0x0000000080200000, 0x0000000080200000|100%|HC|  |TAMS 0x0000000080100000, 0x0000000080100000| Complete 
|   2|0x0000000080200000, 0x0000000080300000, 0x0000000080300000|100%|HC|  |TAMS 0x0000000080200000, 0x0000000080200000| Complete 
|   3|0x0000000080300000, 0x0000000080400000, 0x0000000080400000|100%| O|  |TAMS 0x0000000080300000, 0x0000000080300000| Untracked 
|   4|0x0000000080400000, 0x0000000080500000, 0x0000000080500000|100%| O|  |TAMS 0x0000000080400000, 0x0000000080400000| Untracked 
|   5|0x0000000080500000, 0x0000000080600000, 0x0000000080600000|100%| O|  |TAMS 0x0000000080500000, 0x0000000080500000| Untracked 
|   6|0x0000000080600000, 0x0000000080700000, 0x0000000080700000|100%| O|  |TAMS 0x0000000080600000, 0x0000000080600000| Untracked 
|   7|0x0000000080700000, 0x0000000080800000, 0x0000000080800000|100%| O|  |TAMS 0x0000000080700000, 0x0000000080700000| Untracked 
|   8|0x0000000080800000, 0x0000000080900000, 0x0000000080900000|100%| O|  |TAMS 0x0000000080800000, 0x0000000080800000| Untracked 
|   9|0x0000000080900000, 0x0000000080a00000, 0x0000000080a00000|100%| O|  |TAMS 0x0000000080900000, 0x0000000080900000| Untracked 
|  10|0x0000000080a00000, 0x0000000080b00000, 0x0000000080b00000|100%| O|  |TAMS 0x0000000080a00000, 0x0000000080a00000| Untracked 
|  11|0x0000000080b00000, 0x0000000080c00000, 0x0000000080c00000|100%| O|  |TAMS 0x0000000080b00000, 0x0000000080b00000| Untracked 
|  12|0x0000000080c00000, 0x0000000080d00000, 0x0000000080d00000|100%| O|  |TAMS 0x0000000080c00000, 0x0000000080c00000| Untracked 
|  13|0x0000000080d00000, 0x0000000080e00000, 0x0000000080e00000|100%| O|  |TAMS 0x0000000080d00000, 0x0000000080d00000| Untracked 
|  14|0x0000000080e00000, 0x0000000080f00000, 0x0000000080f00000|100%| O|  |TAMS 0x0000000080e00000, 0x0000000080e00000| Untracked 
|  15|0x0000000080f00000, 0x0000000081000000, 0x0000000081000000|100%| O|  |TAMS 0x0000000080f00000, 0x0000000080f00000| Untracked 
|  16|0x0000000081000000, 0x0000000081100000, 0x0000000081100000|100%| O|  |TAMS 0x0000000081000000, 0x0000000081000000| Untracked 
|  17|0x0000000081100000, 0x0000000081100000, 0x0000000081200000|  0%| F|  |TAMS 0x0000000081100000, 0x0000000081100000| Untracked 
|  18|0x0000000081200000, 0x0000000081200000, 0x0000000081300000|  0%| F|  |TAMS 0x0000000081200000, 0x0000000081200000| Untracked 
|  19|0x0000000081300000, 0x0000000081300000, 0x0000000081400000|  0%| F|  |TAMS 0x0000000081300000, 0x0000000081300000| Untracked 
|  20|0x0000000081400000, 0x0000000081400000, 0x0000000081500000|  0%| F|  |TAMS 0x0000000081400000, 0x0000000081400000| Untracked 
|  21|0x0000000081500000, 0x0000000081500000, 0x0000000081600000|  0%| F|  |TAMS 0x0000000081500000, 0x0000000081500000| Untracked 
|  22|0x0000000081600000, 0x0000000081600000, 0x0000000081700000|  0%| F|  |TAMS 0x0000000081600000, 0x0000000081600000| Untracked 
|  23|0x0000000081700000, 0x0000000081700000, 0x0000000081800000|  0%| F|  |TAMS 0x0000000081700000, 0x0000000081700000| Untracked 
|  24|0x0000000081800000, 0x0000000081800000, 0x0000000081900000|  0%| F|  |TAMS 0x0000000081800000, 0x0000000081800000| Untracked 
|  25|0x0000000081900000, 0x0000000081900000, 0x0000000081a00000|  0%| F|  |TAMS 0x0000000081900000, 0x0000000081900000| Untracked 
|  26|0x0000000081a00000, 0x0000000081a00000, 0x0000000081b00000|  0%| F|  |TAMS 0x0000000081a00000, 0x0000000081a00000| Untracked 
|  27|0x0000000081b00000, 0x0000000081b00000, 0x0000000081c00000|  0%| F|  |TAMS 0x0000000081b00000, 0x0000000081b00000| Untracked 
|  28|0x0000000081c00000, 0x0000000081c00000, 0x0000000081d00000|  0%| F|  |TAMS 0x0000000081c00000, 0x0000000081c00000| Untracked 
|  29|0x0000000081d00000, 0x0000000081d00000, 0x0000000081e00000|  0%| F|  |TAMS 0x0000000081d00000, 0x0000000081d00000| Untracked 
|  30|0x0000000081e00000, 0x0000000081e00000, 0x0000000081f00000|  0%| F|  |TAMS 0x0000000081e00000, 0x0000000081e00000| Untracked 
|  31|0x0000000081f00000, 0x0000000081f00000, 0x0000000082000000|  0%| F|  |TAMS 0x0000000081f00000, 0x0000000081f00000| Untracked 
|  32|0x0000000082000000, 0x0000000082000000, 0x0000000082100000|  0%| F|  |TAMS 0x0000000082000000, 0x0000000082000000| Untracked 
|  33|0x0000000082100000, 0x0000000082200000, 0x0000000082200000|100%| S|CS|TAMS 0x0000000082100000, 0x0000000082100000| Complete 
|  34|0x0000000082200000, 0x0000000082300000, 0x0000000082300000|100%| S|CS|TAMS 0x0000000082200000, 0x0000000082200000| Complete 
|  35|0x0000000082300000, 0x0000000082400000, 0x0000000082400000|100%| S|CS|TAMS 0x0000000082300000, 0x0000000082300000| Complete 
|  36|0x0000000082400000, 0x0000000082400000, 0x0000000082500000|  0%| F|  |TAMS 0x0000000082400000, 0x0000000082400000| Untracked 
|  37|0x0000000082500000, 0x0000000082500000, 0x0000000082600000|  0%| F|  |TAMS 0x0000000082500000, 0x0000000082500000| Untracked 
|  38|0x0000000082600000, 0x0000000082600000, 0x0000000082700000|  0%| F|  |TAMS 0x0000000082600000, 0x0000000082600000| Untracked 
|  39|0x0000000082700000, 0x0000000082700000, 0x0000000082800000|  0%| F|  |TAMS 0x0000000082700000, 0x0000000082700000| Untracked 
|  40|0x0000000082800000, 0x0000000082800000, 0x0000000082900000|  0%| F|  |TAMS 0x0000000082800000, 0x0000000082800000| Untracked 
|  41|0x0000000082900000, 0x0000000082900000, 0x0000000082a00000|  0%| F|  |TAMS 0x0000000082900000, 0x0000000082900000| Untracked 
|  42|0x0000000082a00000, 0x0000000082a00000, 0x0000000082b00000|  0%| F|  |TAMS 0x0000000082a00000, 0x0000000082a00000| Untracked 
|  43|0x0000000082b00000, 0x0000000082b00000, 0x0000000082c00000|  0%| F|  |TAMS 0x0000000082b00000, 0x0000000082b00000| Untracked 
|  44|0x0000000082c00000, 0x0000000082c00000, 0x0000000082d00000|  0%| F|  |TAMS 0x0000000082c00000, 0x0000000082c00000| Untracked 
|  45|0x0000000082d00000, 0x0000000082d00000, 0x0000000082e00000|  0%| F|  |TAMS 0x0000000082d00000, 0x0000000082d00000| Untracked 
|  46|0x0000000082e00000, 0x0000000082e00000, 0x0000000082f00000|  0%| F|  |TAMS 0x0000000082e00000, 0x0000000082e00000| Untracked 
|  47|0x0000000082f00000, 0x0000000082f00000, 0x0000000083000000|  0%| F|  |TAMS 0x0000000082f00000, 0x0000000082f00000| Untracked 
|  48|0x0000000083000000, 0x0000000083000000, 0x0000000083100000|  0%| F|  |TAMS 0x0000000083000000, 0x0000000083000000| Untracked 
|  49|0x0000000083100000, 0x0000000083100000, 0x0000000083200000|  0%| F|  |TAMS 0x0000000083100000, 0x0000000083100000| Untracked 
|  50|0x0000000083200000, 0x0000000083200000, 0x0000000083300000|  0%| F|  |TAMS 0x0000000083200000, 0x0000000083200000| Untracked 
|  51|0x0000000083300000, 0x0000000083300000, 0x0000000083400000|  0%| F|  |TAMS 0x0000000083300000, 0x0000000083300000| Untracked 
|  52|0x0000000083400000, 0x0000000083400000, 0x0000000083500000|  0%| F|  |TAMS 0x0000000083400000, 0x0000000083400000| Untracked 
|  53|0x0000000083500000, 0x0000000083500000, 0x0000000083600000|  0%| F|  |TAMS 0x0000000083500000, 0x0000000083500000| Untracked 
|  54|0x0000000083600000, 0x0000000083600000, 0x0000000083700000|  0%| F|  |TAMS 0x0000000083600000, 0x0000000083600000| Untracked 
|  55|0x0000000083700000, 0x0000000083700000, 0x0000000083800000|  0%| F|  |TAMS 0x0000000083700000, 0x0000000083700000| Untracked 
|  56|0x0000000083800000, 0x0000000083800000, 0x0000000083900000|  0%| F|  |TAMS 0x0000000083800000, 0x0000000083800000| Untracked 
|  57|0x0000000083900000, 0x0000000083900000, 0x0000000083a00000|  0%| F|  |TAMS 0x0000000083900000, 0x0000000083900000| Untracked 
|  58|0x0000000083a00000, 0x0000000083a00000, 0x0000000083b00000|  0%| F|  |TAMS 0x0000000083a00000, 0x0000000083a00000| Untracked 
|  59|0x0000000083b00000, 0x0000000083b64408, 0x0000000083c00000| 39%| E|  |TAMS 0x0000000083b00000, 0x0000000083b00000| Complete 
|  60|0x0000000083c00000, 0x0000000083d00000, 0x0000000083d00000|100%| E|CS|TAMS 0x0000000083c00000, 0x0000000083c00000| Complete 
|  61|0x0000000083d00000, 0x0000000083e00000, 0x0000000083e00000|100%| E|CS|TAMS 0x0000000083d00000, 0x0000000083d00000| Complete 
|  62|0x0000000083e00000, 0x0000000083f00000, 0x0000000083f00000|100%| E|CS|TAMS 0x0000000083e00000, 0x0000000083e00000| Complete 
|  63|0x0000000083f00000, 0x0000000084000000, 0x0000000084000000|100%| E|CS|TAMS 0x0000000083f00000, 0x0000000083f00000| Complete 

Card table byte_map: [0x000001f73f6e0000,0x000001f73fae0000] _byte_map_base: 0x000001f73f2e0000

Marking Bits (Prev, Next): (CMBitMap*) 0x000001f728abe150, (CMBitMap*) 0x000001f728abe190
 Prev Bits: [0x000001f73fee0000, 0x000001f741ee0000)
 Next Bits: [0x000001f741ee0000, 0x000001f743ee0000)

Polling page: 0x000001f726840000

Metaspace:

Usage:
  Non-class:     16.56 MB used.
      Class:      2.84 MB used.
       Both:     19.40 MB used.

Virtual space:
  Non-class space:       24.00 MB reserved,      16.75 MB ( 70%) committed,  3 nodes.
      Class space:      412.00 MB reserved,       3.00 MB ( <1%) committed,  1 nodes.
             Both:      436.00 MB reserved,      19.75 MB (  5%) committed. 

Chunk freelists:
   Non-Class:  2.70 MB
       Class:  1008.00 KB
        Both:  3.69 MB

MaxMetaspaceSize: 512.00 MB
CompressedClassSpaceSize: 412.00 MB
Initial GC threshold: 21.00 MB
Current GC threshold: 21.00 MB
CDS: on
MetaspaceReclaimPolicy: balanced
 - commit_granule_bytes: 65536.
 - commit_granule_words: 8192.
 - virtual_space_node_default_size: 1048576.
 - enlarge_chunks_in_place: 1.
 - new_chunks_are_fully_committed: 0.
 - uncommit_free_chunks: 1.
 - use_allocation_guard: 0.
 - handle_deallocations: 1.


Internal statistics:

num_allocs_failed_limit: 0.
num_arena_births: 214.
num_arena_deaths: 0.
num_vsnodes_births: 4.
num_vsnodes_deaths: 0.
num_space_committed: 316.
num_space_uncommitted: 0.
num_chunks_returned_to_freelist: 0.
num_chunks_taken_from_freelist: 919.
num_chunk_merges: 0.
num_chunk_splits: 618.
num_chunks_enlarged: 448.
num_purges: 0.
num_inconsistent_stats: 0.

CodeHeap 'non-profiled nmethods': size=120000Kb used=1281Kb max_used=1281Kb free=118718Kb
 bounds [0x000001f737db0000, 0x000001f738020000, 0x000001f73f2e0000]
CodeHeap 'profiled nmethods': size=120000Kb used=5255Kb max_used=5255Kb free=114745Kb
 bounds [0x000001f730880000, 0x000001f730db0000, 0x000001f737db0000]
CodeHeap 'non-nmethods': size=5760Kb used=1226Kb max_used=1265Kb free=4533Kb
 bounds [0x000001f7302e0000, 0x000001f730550000, 0x000001f730880000]
 total_blobs=3047 nmethods=2516 adapters=443
 compilation: enabled
              stopped_count=0, restarted_count=0
 full_count=0

Compilation events (20 events):
Event: 19.796 Thread 0x000001f746352aa0 2480       3       jdk.internal.reflect.ReflectionFactory::copyField (11 bytes)
Event: 19.797 Thread 0x000001f746352aa0 nmethod 2480 0x000001f730d8b890 code [0x000001f730d8ba40, 0x000001f730d8bc28]
Event: 19.797 Thread 0x000001f746352aa0 2481       3       java.lang.reflect.ReflectAccess::copyField (5 bytes)
Event: 19.797 Thread 0x000001f746352aa0 nmethod 2481 0x000001f730d8bd90 code [0x000001f730d8bf40, 0x000001f730d8c088]
Event: 19.797 Thread 0x000001f746352aa0 2482       3       org.gradle.internal.instantiation.generator.AbstractClassGenerator$DisabledAnnotationValidator::validateMethod (68 bytes)
Event: 19.798 Thread 0x000001f746352aa0 nmethod 2482 0x000001f730d8c190 code [0x000001f730d8c440, 0x000001f730d8cea8]
Event: 19.798 Thread 0x000001f746352aa0 2483       3       com.google.common.base.Preconditions::checkArgument (13 bytes)
Event: 19.799 Thread 0x000001f746352aa0 nmethod 2483 0x000001f730d8d290 code [0x000001f730d8d440, 0x000001f730d8d628]
Event: 19.799 Thread 0x000001f746352aa0 2484       3       com.google.common.collect.Iterators::forArray (51 bytes)
Event: 19.800 Thread 0x000001f746352aa0 nmethod 2484 0x000001f730d8d710 code [0x000001f730d8d940, 0x000001f730d8e138]
Event: 19.800 Thread 0x000001f746352aa0 2485       3       org.objectweb.asm.Label::<init> (5 bytes)
Event: 19.800 Thread 0x000001f746352aa0 nmethod 2485 0x000001f730d8e490 code [0x000001f730d8e620, 0x000001f730d8e778]
Event: 19.800 Thread 0x000001f746352aa0 2486       3       org.objectweb.asm.Type::appendDescriptor (90 bytes)
Event: 19.801 Thread 0x000001f746352aa0 nmethod 2486 0x000001f730d8e810 code [0x000001f730d8ea20, 0x000001f730d8ef48]
Event: 19.814 Thread 0x000001f746352aa0 2487       3       java.util.concurrent.locks.AbstractQueuedSynchronizer$ConditionNode::<init> (5 bytes)
Event: 19.814 Thread 0x000001f746352aa0 nmethod 2487 0x000001f730d8f190 code [0x000001f730d8f340, 0x000001f730d8f4f8]
Event: 19.814 Thread 0x000001f746352aa0 2488       3       java.util.concurrent.locks.AbstractQueuedSynchronizer$ConditionObject::enableWait (84 bytes)
Event: 19.815 Thread 0x000001f746352aa0 nmethod 2488 0x000001f730d8f610 code [0x000001f730d8f820, 0x000001f730d8ff68]
Event: 19.815 Thread 0x000001f746352aa0 2489       3       java.util.concurrent.locks.AbstractQueuedSynchronizer$Node::setStatusRelaxed (12 bytes)
Event: 19.815 Thread 0x000001f746352aa0 nmethod 2489 0x000001f730d90210 code [0x000001f730d903a0, 0x000001f730d904b8]

GC Heap History (12 events):
Event: 2.335 GC heap before
{Heap before GC invocations=0 (full 0):
 garbage-first heap   total 65536K, used 15360K [0x0000000080000000, 0x0000000100000000)
  region size 1024K, 13 young (13312K), 0 survivors (0K)
 Metaspace       used 962K, committed 1088K, reserved 430080K
  class space    used 74K, committed 128K, reserved 421888K
}
Event: 2.351 GC heap after
{Heap after GC invocations=1 (full 0):
 garbage-first heap   total 65536K, used 4008K [0x0000000080000000, 0x0000000100000000)
  region size 1024K, 2 young (2048K), 2 survivors (2048K)
 Metaspace       used 962K, committed 1088K, reserved 430080K
  class space    used 74K, committed 128K, reserved 421888K
}
Event: 6.292 GC heap before
{Heap before GC invocations=1 (full 0):
 garbage-first heap   total 65536K, used 20392K [0x0000000080000000, 0x0000000100000000)
  region size 1024K, 16 young (16384K), 2 survivors (2048K)
 Metaspace       used 3790K, committed 4032K, reserved 430080K
  class space    used 473K, committed 576K, reserved 421888K
}
Event: 6.301 GC heap after
{Heap after GC invocations=2 (full 0):
 garbage-first heap   total 65536K, used 9650K [0x0000000080000000, 0x0000000100000000)
  region size 1024K, 2 young (2048K), 2 survivors (2048K)
 Metaspace       used 3790K, committed 4032K, reserved 430080K
  class space    used 473K, committed 576K, reserved 421888K
}
Event: 8.224 GC heap before
{Heap before GC invocations=2 (full 0):
 garbage-first heap   total 65536K, used 29106K [0x0000000080000000, 0x0000000100000000)
  region size 1024K, 21 young (21504K), 2 survivors (2048K)
 Metaspace       used 3887K, committed 4096K, reserved 430080K
  class space    used 474K, committed 576K, reserved 421888K
}
Event: 8.230 GC heap after
{Heap after GC invocations=3 (full 0):
 garbage-first heap   total 65536K, used 11646K [0x0000000080000000, 0x0000000100000000)
  region size 1024K, 2 young (2048K), 2 survivors (2048K)
 Metaspace       used 3887K, committed 4096K, reserved 430080K
  class space    used 474K, committed 576K, reserved 421888K
}
Event: 12.366 GC heap before
{Heap before GC invocations=3 (full 0):
 garbage-first heap   total 65536K, used 44414K [0x0000000080000000, 0x0000000100000000)
  region size 1024K, 35 young (35840K), 2 survivors (2048K)
 Metaspace       used 10662K, committed 10944K, reserved 438272K
  class space    used 1490K, committed 1600K, reserved 421888K
}
Event: 12.377 GC heap after
{Heap after GC invocations=4 (full 0):
 garbage-first heap   total 65536K, used 17247K [0x0000000080000000, 0x0000000100000000)
  region size 1024K, 5 young (5120K), 5 survivors (5120K)
 Metaspace       used 10662K, committed 10944K, reserved 438272K
  class space    used 1490K, committed 1600K, reserved 421888K
}
Event: 15.769 GC heap before
{Heap before GC invocations=4 (full 0):
 garbage-first heap   total 65536K, used 41823K [0x0000000080000000, 0x0000000100000000)
  region size 1024K, 30 young (30720K), 5 survivors (5120K)
 Metaspace       used 15164K, committed 15488K, reserved 438272K
  class space    used 2167K, committed 2304K, reserved 421888K
}
Event: 15.781 GC heap after
{Heap after GC invocations=5 (full 0):
 garbage-first heap   total 65536K, used 19000K [0x0000000080000000, 0x0000000100000000)
  region size 1024K, 2 young (2048K), 2 survivors (2048K)
 Metaspace       used 15164K, committed 15488K, reserved 438272K
  class space    used 2167K, committed 2304K, reserved 421888K
}
Event: 19.631 GC heap before
{Heap before GC invocations=5 (full 0):
 garbage-first heap   total 65536K, used 45624K [0x0000000080000000, 0x0000000100000000)
  region size 1024K, 28 young (28672K), 2 survivors (2048K)
 Metaspace       used 19253K, committed 19520K, reserved 446464K
  class space    used 2817K, committed 2944K, reserved 421888K
}
Event: 19.638 GC heap after
{Heap after GC invocations=6 (full 0):
 garbage-first heap   total 65536K, used 20480K [0x0000000080000000, 0x0000000100000000)
  region size 1024K, 3 young (3072K), 3 survivors (3072K)
 Metaspace       used 19253K, committed 19520K, reserved 446464K
  class space    used 2817K, committed 2944K, reserved 421888K
}

Deoptimization events (20 events):
Event: 15.761 Thread 0x000001f74862cbc0 Uncommon trap: trap_request=0xffffff45 fr.pc=0x000001f737ea12ec relative=0x000000000000016c
Event: 15.761 Thread 0x000001f74862cbc0 Uncommon trap: reason=unstable_if action=reinterpret pc=0x000001f737ea12ec method=java.util.HashMap.getNode(Ljava/lang/Object;)Ljava/util/HashMap$Node; @ 131 c2
Event: 15.761 Thread 0x000001f74862cbc0 DEOPT PACKING pc=0x000001f737ea12ec sp=0x00000009b48fba30
Event: 15.761 Thread 0x000001f74862cbc0 DEOPT UNPACKING pc=0x000001f7303323a3 sp=0x00000009b48fb970 mode 2
Event: 15.761 Thread 0x000001f74862cbc0 Uncommon trap: trap_request=0xffffff45 fr.pc=0x000001f737de9460 relative=0x0000000000000420
Event: 15.761 Thread 0x000001f74862cbc0 Uncommon trap: reason=unstable_if action=reinterpret pc=0x000001f737de9460 method=java.util.HashMap.getNode(Ljava/lang/Object;)Ljava/util/HashMap$Node; @ 131 c2
Event: 15.761 Thread 0x000001f74862cbc0 DEOPT PACKING pc=0x000001f737de9460 sp=0x00000009b48fb9e0
Event: 15.761 Thread 0x000001f74862cbc0 DEOPT UNPACKING pc=0x000001f7303323a3 sp=0x00000009b48fb970 mode 2
Event: 15.827 Thread 0x000001f74862cbc0 Uncommon trap: trap_request=0xffffff45 fr.pc=0x000001f737e6c244 relative=0x0000000000000384
Event: 15.827 Thread 0x000001f74862cbc0 Uncommon trap: reason=unstable_if action=reinterpret pc=0x000001f737e6c244 method=java.util.concurrent.ConcurrentHashMap.get(Ljava/lang/Object;)Ljava/lang/Object; @ 76 c2
Event: 15.827 Thread 0x000001f74862cbc0 DEOPT PACKING pc=0x000001f737e6c244 sp=0x00000009b48faed0
Event: 15.827 Thread 0x000001f74862cbc0 DEOPT UNPACKING pc=0x000001f7303323a3 sp=0x00000009b48fae48 mode 2
Event: 17.915 Thread 0x000001f74862cbc0 Uncommon trap: trap_request=0xffffff76 fr.pc=0x000001f737ee3780 relative=0x0000000000000160
Event: 17.915 Thread 0x000001f74862cbc0 Uncommon trap: reason=predicate action=maybe_recompile pc=0x000001f737ee3780 method=com.google.common.base.CharMatcher.indexIn(Ljava/lang/CharSequence;I)I @ 19 c2
Event: 17.915 Thread 0x000001f74862cbc0 DEOPT PACKING pc=0x000001f737ee3780 sp=0x00000009b48fb520
Event: 17.915 Thread 0x000001f74862cbc0 DEOPT UNPACKING pc=0x000001f7303323a3 sp=0x00000009b48fb4b0 mode 2
Event: 18.294 Thread 0x000001f74862cbc0 Uncommon trap: trap_request=0xffffffc6 fr.pc=0x000001f737e25888 relative=0x0000000000000b88
Event: 18.295 Thread 0x000001f74862cbc0 Uncommon trap: reason=bimorphic_or_optimized_type_check action=maybe_recompile pc=0x000001f737e25888 method=java.util.Properties$LineReader.readLine()I @ 479 c2
Event: 18.295 Thread 0x000001f74862cbc0 DEOPT PACKING pc=0x000001f737e25888 sp=0x00000009b48fb4f0
Event: 18.295 Thread 0x000001f74862cbc0 DEOPT UNPACKING pc=0x000001f7303323a3 sp=0x00000009b48fb490 mode 2

Classes unloaded (0 events):
No events

Classes redefined (0 events):
No events

Internal exceptions (20 events):
Event: 15.915 Thread 0x000001f74862cbc0 Exception <a 'java/lang/NoSuchMethodError'{0x0000000083ef2d38}: 'void java.lang.invoke.DirectMethodHandle$Holder.invokeSpecial(java.lang.Object, java.lang.Object, java.lang.Object, java.lang.Object, java.lang.Object, java.lang.Object)'> (0x0000000083ef2d38) 
thrown [t:\workspace\open\src\hotspot\share\interpreter\linkResolver.cpp, line 766]
Event: 15.955 Thread 0x000001f74862cbc0 Exception <a 'java/lang/NoSuchMethodError'{0x0000000083d67658}: 'void java.lang.invoke.DirectMethodHandle$Holder.invokeSpecial(java.lang.Object, java.lang.Object, java.lang.Object, java.lang.Object, java.lang.Object, java.lang.Object, java.lang.Object)'> (0x0000000083d67658) 
thrown [t:\workspace\open\src\hotspot\share\interpreter\linkResolver.cpp, line 766]
Event: 15.957 Thread 0x000001f74862cbc0 Exception <a 'java/lang/NoSuchMethodError'{0x0000000083d6fde8}: 'java.lang.Object java.lang.invoke.DirectMethodHandle$Holder.newInvokeSpecial(java.lang.Object, java.lang.Object, java.lang.Object, java.lang.Object, java.lang.Object, java.lang.Object)'> (0x0000000083d6fde8) 
thrown [t:\workspace\open\src\hotspot\share\interpreter\linkResolver.cpp, line 766]
Event: 16.388 Thread 0x000001f74862cbc0 Exception <a 'java/lang/NoSuchMethodError'{0x0000000083acb4c8}: 'java.lang.Object java.lang.invoke.Invokers$Holder.invoker(java.lang.Object, java.lang.Object, java.lang.Object, java.lang.Object, java.lang.Object, java.lang.Object)'> (0x0000000083acb4c8) 
thrown [t:\workspace\open\src\hotspot\share\interpreter\linkResolver.cpp, line 766]
Event: 17.130 Thread 0x000001f74862cbc0 Exception <a 'java/lang/NoSuchMethodError'{0x0000000083717518}: 'int java.lang.invoke.DirectMethodHandle$Holder.invokeStaticInit(java.lang.Object, java.lang.Object, java.lang.Object)'> (0x0000000083717518) 
thrown [t:\workspace\open\src\hotspot\share\interpreter\linkResolver.cpp, line 766]
Event: 17.669 Thread 0x000001f74862cbc0 Exception <a 'java/lang/NoSuchMethodError'{0x0000000083325070}: 'void java.lang.invoke.DirectMethodHandle$Holder.invokeStaticInit(java.lang.Object, java.lang.Object)'> (0x0000000083325070) 
thrown [t:\workspace\open\src\hotspot\share\interpreter\linkResolver.cpp, line 766]
Event: 18.168 Thread 0x000001f74862cbc0 Exception <a 'java/lang/NoSuchMethodError'{0x0000000082f2f170}: 'void java.lang.invoke.DirectMethodHandle$Holder.invokeStatic(java.lang.Object, java.lang.Object, java.lang.Object, java.lang.Object)'> (0x0000000082f2f170) 
thrown [t:\workspace\open\src\hotspot\share\interpreter\linkResolver.cpp, line 766]
Event: 18.203 Thread 0x000001f74862cbc0 Exception <a 'java/lang/NoSuchMethodError'{0x0000000082f4f9a8}: 'java.lang.Object java.lang.invoke.DirectMethodHandle$Holder.invokeVirtual(java.lang.Object, java.lang.Object, java.lang.Object)'> (0x0000000082f4f9a8) 
thrown [t:\workspace\open\src\hotspot\share\interpreter\linkResolver.cpp, line 766]
Event: 18.206 Thread 0x000001f74862cbc0 Exception <a 'java/lang/NoSuchMethodError'{0x0000000082f70938}: 'java.lang.Object java.lang.invoke.DirectMethodHandle$Holder.invokeStaticInit(java.lang.Object, java.lang.Object, java.lang.Object)'> (0x0000000082f70938) 
thrown [t:\workspace\open\src\hotspot\share\interpreter\linkResolver.cpp, line 766]
Event: 18.211 Thread 0x000001f74862cbc0 Exception <a 'java/lang/NoSuchMethodError'{0x0000000082f82618}: 'int java.lang.invoke.DirectMethodHandle$Holder.invokeVirtual(java.lang.Object, java.lang.Object)'> (0x0000000082f82618) 
thrown [t:\workspace\open\src\hotspot\share\interpreter\linkResolver.cpp, line 766]
Event: 18.230 Thread 0x000001f74862cbc0 Exception <a 'java/lang/NoSuchMethodError'{0x0000000082fb75e8}: 'int java.lang.invoke.DirectMethodHandle$Holder.invokeVirtual(java.lang.Object, java.lang.Object, java.lang.Object)'> (0x0000000082fb75e8) 
thrown [t:\workspace\open\src\hotspot\share\interpreter\linkResolver.cpp, line 766]
Event: 19.280 Thread 0x000001f74862cbc0 Exception <a 'java/lang/NoSuchMethodError'{0x00000000828146a0}: 'java.lang.Object java.lang.invoke.DirectMethodHandle$Holder.invokeSpecialIFC(java.lang.Object, java.lang.Object, java.lang.Object, java.lang.Object)'> (0x00000000828146a0) 
thrown [t:\workspace\open\src\hotspot\share\interpreter\linkResolver.cpp, line 766]
Event: 19.296 Thread 0x000001f74862cbc0 Exception <a 'java/lang/NoSuchMethodError'{0x0000000082888c60}: 'java.lang.Object java.lang.invoke.DirectMethodHandle$Holder.invokeSpecial(java.lang.Object, java.lang.Object, java.lang.Object, java.lang.Object, java.lang.Object, java.lang.Object, java.lang.Object, java.lang.Object, java.lang.Object, java.lang.Object, java.lang.Object, java.lang.Object, java.lang.Object)'> (0x0000000082888c60) 
thrown [t:\workspace\open\src\hotspot\share\interpreter\linkResolver.cpp, line 766]
Event: 19.299 Thread 0x000001f74862cbc0 Exception <a 'java/lang/NoSuchMethodError'{0x000000008289a488}: 'java.lang.Object java.lang.invoke.DirectMethodHandle$Holder.newInvokeSpecial(java.lang.Object, java.lang.Object, java.lang.Object, java.lang.Object, java.lang.Object, java.lang.Object, java.lang.Object, java.lang.Object, java.lang.Object, java.lang.Object, java.lang.Object)'> (0x000000008289a488) 
thrown [t:\workspace\open\src\hotspot\share\interpreter\linkResolver.cpp, line 766]
Event: 19.300 Thread 0x000001f74862cbc0 Exception <a 'java/lang/NoSuchMethodError'{0x00000000828a0328}: 'java.lang.Object java.lang.invoke.DirectMethodHandle$Holder.invokeSpecial(java.lang.Object, java.lang.Object, java.lang.Object, java.lang.Object, java.lang.Object, java.lang.Object, java.lang.Object, java.lang.Object, java.lang.Object, java.lang.Object, java.lang.Object, java.lang.Object)'> (0x00000000828a0328) 
thrown [t:\workspace\open\src\hotspot\share\interpreter\linkResolver.cpp, line 766]
Event: 19.302 Thread 0x000001f74862cbc0 Exception <a 'java/lang/NoSuchMethodError'{0x00000000828a5718}: 'java.lang.Object java.lang.invoke.Invokers$Holder.linkToTargetMethod(java.lang.Object, java.lang.Object, java.lang.Object, java.lang.Object, java.lang.Object, java.lang.Object, java.lang.Object, java.lang.Object, java.lang.Object, java.lang.Object, java.lang.Object)'> (0x00000000828a5718) 
thrown [t:\workspace\open\src\hotspot\share\interpreter\linkResolver.cpp, line 766]
Event: 19.400 Thread 0x000001f74862cbc0 Exception <a 'java/lang/NoSuchMethodError'{0x000000008273aa98}: 'java.lang.Object java.lang.invoke.DirectMethodHandle$Holder.invokeSpecial(java.lang.Object, java.lang.Object, java.lang.Object, java.lang.Object, java.lang.Object, java.lang.Object, java.lang.Object, java.lang.Object, java.lang.Object, java.lang.Object, java.lang.Object, java.lang.Object, java.lang.Object, java.lang.Object)'> (0x000000008273aa98) 
thrown [t:\workspace\open\src\hotspot\share\interpreter\linkResolver.cpp, line 766]
Event: 19.402 Thread 0x000001f74862cbc0 Exception <a 'java/lang/NoSuchMethodError'{0x000000008274ce68}: 'java.lang.Object java.lang.invoke.DirectMethodHandle$Holder.newInvokeSpecial(java.lang.Object, java.lang.Object, java.lang.Object, java.lang.Object, java.lang.Object, java.lang.Object, java.lang.Object, java.lang.Object, java.lang.Object, java.lang.Object, java.lang.Object, java.lang.Object)'> (0x000000008274ce68) 
thrown [t:\workspace\open\src\hotspot\share\interpreter\linkResolver.cpp, line 766]
Event: 19.403 Thread 0x000001f74862cbc0 Exception <a 'java/lang/NoSuchMethodError'{0x00000000827528e0}: 'java.lang.Object java.lang.invoke.Invokers$Holder.linkToTargetMethod(java.lang.Object, java.lang.Object, java.lang.Object, java.lang.Object, java.lang.Object, java.lang.Object, java.lang.Object, java.lang.Object, java.lang.Object, java.lang.Object, java.lang.Object, java.lang.Object)'> (0x00000000827528e0) 
thrown [t:\workspace\open\src\hotspot\share\interpreter\linkResolver.cpp, line 766]
Event: 19.477 Thread 0x000001f74862cbc0 Exception <a 'java/lang/NoSuchMethodError'{0x00000000827e2be8}: 'java.lang.Object java.lang.invoke.DirectMethodHandle$Holder.invokeStaticInit(java.lang.Object, java.lang.Object, java.lang.Object, java.lang.Object)'> (0x00000000827e2be8) 
thrown [t:\workspace\open\src\hotspot\share\interpreter\linkResolver.cpp, line 766]

VM Operations (20 events):
Event: 13.454 Executing VM operation: Cleanup
Event: 13.454 Executing VM operation: Cleanup done
Event: 13.556 Executing VM operation: HandshakeAllThreads
Event: 13.556 Executing VM operation: HandshakeAllThreads done
Event: 13.556 Executing VM operation: HandshakeAllThreads
Event: 13.556 Executing VM operation: HandshakeAllThreads done
Event: 14.564 Executing VM operation: Cleanup
Event: 14.565 Executing VM operation: Cleanup done
Event: 15.568 Executing VM operation: Cleanup
Event: 15.568 Executing VM operation: Cleanup done
Event: 15.768 Executing VM operation: G1CollectForAllocation
Event: 15.781 Executing VM operation: G1CollectForAllocation done
Event: 16.784 Executing VM operation: Cleanup
Event: 16.803 Executing VM operation: Cleanup done
Event: 17.811 Executing VM operation: Cleanup
Event: 17.812 Executing VM operation: Cleanup done
Event: 18.821 Executing VM operation: Cleanup
Event: 18.822 Executing VM operation: Cleanup done
Event: 19.631 Executing VM operation: G1CollectForAllocation
Event: 19.639 Executing VM operation: G1CollectForAllocation done

Events (20 events):
Event: 18.150 Thread 0x000001f747226170 Thread added: 0x000001f747226170
Event: 18.150 loading class java/util/concurrent/locks/AbstractQueuedSynchronizer$SharedNode
Event: 18.150 loading class java/util/concurrent/locks/AbstractQueuedSynchronizer$SharedNode done
Event: 18.164 loading class java/io/InterruptedIOException
Event: 18.164 loading class java/io/InterruptedIOException done
Event: 18.169 Thread 0x000001f747225ca0 Thread added: 0x000001f747225ca0
Event: 18.219 loading class java/util/ArrayDeque$DeqSpliterator
Event: 18.219 loading class java/util/ArrayDeque$DeqSpliterator done
Event: 18.223 loading class java/util/stream/MatchOps$MatchKind
Event: 18.224 loading class java/util/stream/MatchOps$MatchKind done
Event: 18.224 loading class java/util/stream/MatchOps
Event: 18.225 loading class java/util/stream/MatchOps done
Event: 18.225 loading class java/util/stream/MatchOps$MatchOp
Event: 18.225 loading class java/util/stream/MatchOps$MatchOp done
Event: 18.225 loading class java/util/stream/MatchOps$BooleanTerminalSink
Event: 18.225 loading class java/util/stream/MatchOps$BooleanTerminalSink done
Event: 18.226 loading class java/util/stream/MatchOps$1MatchSink
Event: 18.228 loading class java/util/stream/MatchOps$1MatchSink done
Event: 18.666 Thread 0x000001f747226b10 Thread added: 0x000001f747226b10
Event: 19.651 Thread 0x000001f747226fe0 Thread added: 0x000001f747226fe0


Dynamic libraries:
0x00007ff6984c0000 - 0x00007ff6984d0000 	C:\Program Files\Java\jdk-17.0.3.1\bin\java.exe
0x00007ffd9fc30000 - 0x00007ffd9fe27000 	C:\Windows\SYSTEM32\ntdll.dll
0x00007ffd9f4d0000 - 0x00007ffd9f58d000 	C:\Windows\System32\KERNEL32.DLL
0x00007ffd9d810000 - 0x00007ffd9dadd000 	C:\Windows\System32\KERNELBASE.dll
0x00007ffd9db60000 - 0x00007ffd9dc60000 	C:\Windows\System32\ucrtbase.dll
0x00007ffd97930000 - 0x00007ffd9794a000 	C:\Program Files\Java\jdk-17.0.3.1\bin\VCRUNTIME140.dll
0x00007ffd98c20000 - 0x00007ffd98c38000 	C:\Program Files\Java\jdk-17.0.3.1\bin\jli.dll
0x00007ffd9f3f0000 - 0x00007ffd9f49e000 	C:\Windows\System32\ADVAPI32.dll
0x00007ffd9dee0000 - 0x00007ffd9df7e000 	C:\Windows\System32\msvcrt.dll
0x00007ffd9dca0000 - 0x00007ffd9dd3c000 	C:\Windows\System32\sechost.dll
0x00007ffd9e4b0000 - 0x00007ffd9e5d5000 	C:\Windows\System32\RPCRT4.dll
0x00007ffd9dd40000 - 0x00007ffd9dee0000 	C:\Windows\System32\USER32.dll
0x00007ffd8eb70000 - 0x00007ffd8ee0a000 	C:\Windows\WinSxS\amd64_microsoft.windows.common-controls_6595b64144ccf1df_6.0.19041.1110_none_60b5254171f9507e\COMCTL32.dll
0x00007ffd9dc60000 - 0x00007ffd9dc82000 	C:\Windows\System32\win32u.dll
0x00007ffd9e120000 - 0x00007ffd9e14a000 	C:\Windows\System32\GDI32.dll
0x00007ffd9d5a0000 - 0x00007ffd9d6ab000 	C:\Windows\System32\gdi32full.dll
0x00007ffd9d3c0000 - 0x00007ffd9d45d000 	C:\Windows\System32\msvcp_win.dll
0x00007ffd8bda0000 - 0x00007ffd8bdaa000 	C:\Windows\SYSTEM32\VERSION.dll
0x00007ffd9f4a0000 - 0x00007ffd9f4d0000 	C:\Windows\System32\IMM32.DLL
0x00007ffd97ee0000 - 0x00007ffd97eec000 	C:\Program Files\Java\jdk-17.0.3.1\bin\vcruntime140_1.dll
0x00007ffd87b50000 - 0x00007ffd87bdd000 	C:\Program Files\Java\jdk-17.0.3.1\bin\msvcp140.dll
0x00007ffd754a0000 - 0x00007ffd76060000 	C:\Program Files\Java\jdk-17.0.3.1\bin\server\jvm.dll
0x00007ffd9df80000 - 0x00007ffd9df88000 	C:\Windows\System32\PSAPI.DLL
0x00007ffd894d0000 - 0x00007ffd894f7000 	C:\Windows\SYSTEM32\WINMM.dll
0x00007ffd88a20000 - 0x00007ffd88a29000 	C:\Windows\SYSTEM32\WSOCK32.dll
0x00007ffd9e440000 - 0x00007ffd9e4ab000 	C:\Windows\System32\ws2_32.DLL
0x00007ffd9bbe0000 - 0x00007ffd9bbf2000 	C:\Windows\SYSTEM32\kernel.appcore.dll
0x00007ffd97200000 - 0x00007ffd9720a000 	C:\Program Files\Java\jdk-17.0.3.1\bin\jimage.dll
0x00007ffd82d30000 - 0x00007ffd82f14000 	C:\Windows\SYSTEM32\DBGHELP.DLL
0x00007ffd82ce0000 - 0x00007ffd82d0c000 	C:\Windows\SYSTEM32\dbgcore.DLL
0x00007ffd9d460000 - 0x00007ffd9d4e2000 	C:\Windows\System32\bcryptPrimitives.dll
0x00007ffd971d0000 - 0x00007ffd971f5000 	C:\Program Files\Java\jdk-17.0.3.1\bin\java.dll
0x00007ffd87450000 - 0x00007ffd87526000 	C:\Program Files\Java\jdk-17.0.3.1\bin\jsvml.dll
0x00007ffd9e5e0000 - 0x00007ffd9ed24000 	C:\Windows\System32\SHELL32.dll
0x00007ffd9b180000 - 0x00007ffd9b914000 	C:\Windows\SYSTEM32\windows.storage.dll
0x00007ffd9ed30000 - 0x00007ffd9f084000 	C:\Windows\System32\combase.dll
0x00007ffd9cce0000 - 0x00007ffd9cd0c000 	C:\Windows\SYSTEM32\Wldp.dll
0x00007ffd9e2d0000 - 0x00007ffd9e37d000 	C:\Windows\System32\SHCORE.dll
0x00007ffd9e380000 - 0x00007ffd9e3d5000 	C:\Windows\System32\shlwapi.dll
0x00007ffd9d290000 - 0x00007ffd9d2af000 	C:\Windows\SYSTEM32\profapi.dll
0x00007ffd97190000 - 0x00007ffd971a9000 	C:\Program Files\Java\jdk-17.0.3.1\bin\net.dll
0x00007ffd90c80000 - 0x00007ffd90d8a000 	C:\Windows\SYSTEM32\WINHTTP.dll
0x00007ffd9ca40000 - 0x00007ffd9caaa000 	C:\Windows\system32\mswsock.dll
0x00007ffd93aa0000 - 0x00007ffd93ab6000 	C:\Program Files\Java\jdk-17.0.3.1\bin\nio.dll
0x00007ffd8e000000 - 0x00007ffd8e018000 	C:\Program Files\Java\jdk-17.0.3.1\bin\zip.dll
0x00007ffd971c0000 - 0x00007ffd971d0000 	C:\Program Files\Java\jdk-17.0.3.1\bin\verify.dll
0x00007ffd87c30000 - 0x00007ffd87c57000 	C:\Users\rgvoz\.gradle\native\e1d6ef7f7dcc3fd88c89a11ec53ec762bb8ba0a96d01ffa2cd45eb1d1d8dd5c5\windows-amd64\native-platform.dll
0x00007ffd86410000 - 0x00007ffd86554000 	C:\Users\rgvoz\.gradle\native\5664cfc778a61ccfe75a443a1ab52a65af34e5dc3c78e0209fed803814484fcb\windows-amd64\native-platform-file-events.dll
0x00007ffd93a80000 - 0x00007ffd93a89000 	C:\Program Files\Java\jdk-17.0.3.1\bin\management.dll
0x00007ffd8dff0000 - 0x00007ffd8dffb000 	C:\Program Files\Java\jdk-17.0.3.1\bin\management_ext.dll
0x00007ffd9cc30000 - 0x00007ffd9cc48000 	C:\Windows\SYSTEM32\CRYPTSP.dll
0x00007ffd9c3c0000 - 0x00007ffd9c3f4000 	C:\Windows\system32\rsaenh.dll
0x00007ffd9db30000 - 0x00007ffd9db57000 	C:\Windows\System32\bcrypt.dll
0x00007ffd9d250000 - 0x00007ffd9d27e000 	C:\Windows\SYSTEM32\USERENV.dll
0x00007ffd9cc50000 - 0x00007ffd9cc5c000 	C:\Windows\SYSTEM32\CRYPTBASE.dll
0x00007ffd9c730000 - 0x00007ffd9c76b000 	C:\Windows\SYSTEM32\IPHLPAPI.DLL
0x00007ffd9e110000 - 0x00007ffd9e118000 	C:\Windows\System32\NSI.dll
0x00007ffd95370000 - 0x00007ffd95387000 	C:\Windows\SYSTEM32\dhcpcsvc6.DLL
0x00007ffd948f0000 - 0x00007ffd9490d000 	C:\Windows\SYSTEM32\dhcpcsvc.DLL
0x00007ffd9c770000 - 0x00007ffd9c83b000 	C:\Windows\SYSTEM32\DNSAPI.dll
0x00007ffd8de80000 - 0x00007ffd8de8e000 	C:\Program Files\Java\jdk-17.0.3.1\bin\sunmscapi.dll
0x00007ffd9d6b0000 - 0x00007ffd9d806000 	C:\Windows\System32\CRYPT32.dll
0x00007ffd9cdb0000 - 0x00007ffd9cdd7000 	C:\Windows\SYSTEM32\ncrypt.dll
0x00007ffd9cd10000 - 0x00007ffd9cd4b000 	C:\Windows\SYSTEM32\NTASN1.dll
0x00007ffd8de70000 - 0x00007ffd8de77000 	C:\Windows\system32\wshunix.dll

dbghelp: loaded successfully - version: 4.0.5 - missing functions: none
symbol engine: initialized successfully - sym options: 0x614 - pdb path: .;C:\Program Files\Java\jdk-17.0.3.1\bin;C:\Windows\SYSTEM32;C:\Windows\WinSxS\amd64_microsoft.windows.common-controls_6595b64144ccf1df_6.0.19041.1110_none_60b5254171f9507e;C:\Program Files\Java\jdk-17.0.3.1\bin\server;C:\Users\rgvoz\.gradle\native\e1d6ef7f7dcc3fd88c89a11ec53ec762bb8ba0a96d01ffa2cd45eb1d1d8dd5c5\windows-amd64;C:\Users\rgvoz\.gradle\native\5664cfc778a61ccfe75a443a1ab52a65af34e5dc3c78e0209fed803814484fcb\windows-amd64

VM Arguments:
jvm_args: -XX:MaxMetaspaceSize=512m --add-opens=java.base/java.util=ALL-UNNAMED --add-opens=java.base/java.lang=ALL-UNNAMED --add-opens=java.base/java.lang.invoke=ALL-UNNAMED --add-opens=java.base/java.util=ALL-UNNAMED --add-opens=java.prefs/java.util.prefs=ALL-UNNAMED --add-opens=java.prefs/java.util.prefs=ALL-UNNAMED --add-opens=java.base/java.nio.charset=ALL-UNNAMED --add-opens=java.base/java.net=ALL-UNNAMED --add-opens=java.base/java.util.concurrent.atomic=ALL-UNNAMED -Xmx2048m -Dfile.encoding=windows-1251 -Duser.country=UA -Duser.language=uk -Duser.variant 
java_command: org.gradle.launcher.daemon.bootstrap.GradleDaemon 7.3.3
java_class_path (initial): C:\Users\rgvoz\.gradle\wrapper\dists\gradle-7.3.3-all\4295vidhdd9hd3gbjyw1xqxpo\gradle-7.3.3\lib\gradle-launcher-7.3.3.jar
Launcher Type: SUN_STANDARD

[Global flags]
     intx CICompilerCount                          = 3                                         {product} {ergonomic}
   size_t CompressedClassSpaceSize                 = 432013312                                 {product} {ergonomic}
     uint ConcGCThreads                            = 1                                         {product} {ergonomic}
     uint G1ConcRefinementThreads                  = 4                                         {product} {ergonomic}
   size_t G1HeapRegionSize                         = 1048576                                   {product} {ergonomic}
    uintx GCDrainStackTargetSize                   = 64                                        {product} {ergonomic}
   size_t InitialHeapSize                          = 67108864                                  {product} {ergonomic}
   size_t MarkStackSize                            = 4194304                                   {product} {ergonomic}
   size_t MaxHeapSize                              = 2147483648                                {product} {command line}
   size_t MaxMetaspaceSize                         = 536870912                                 {product} {command line}
   size_t MaxNewSize                               = 1287651328                                {product} {ergonomic}
   size_t MinHeapDeltaBytes                        = 1048576                                   {product} {ergonomic}
   size_t MinHeapSize                              = 8388608                                   {product} {ergonomic}
    uintx NonNMethodCodeHeapSize                   = 5832780                                {pd product} {ergonomic}
    uintx NonProfiledCodeHeapSize                  = 122912730                              {pd product} {ergonomic}
    uintx ProfiledCodeHeapSize                     = 122912730                              {pd product} {ergonomic}
    uintx ReservedCodeCacheSize                    = 251658240                              {pd product} {ergonomic}
     bool SegmentedCodeCache                       = true                                      {product} {ergonomic}
   size_t SoftMaxHeapSize                          = 2147483648                             {manageable} {ergonomic}
     bool UseCompressedClassPointers               = true                           {product lp64_product} {ergonomic}
     bool UseCompressedOops                        = true                           {product lp64_product} {ergonomic}
     bool UseG1GC                                  = true                                      {product} {ergonomic}
     bool UseLargePagesIndividualAllocation        = false                                  {pd product} {ergonomic}

Logging:
Log output configuration:
 #0: stdout all=warning uptime,level,tags
 #1: stderr all=off uptime,level,tags

Environment Variables:
CLASSPATH=R:\Project\CefionMobile\android\\gradle\wrapper\gradle-wrapper.jar
PATH=R:\Project\CefionMobile\android\node_modules\.bin;R:\Project\CefionMobile\node_modules\.bin;R:\Project\node_modules\.bin;R:\node_modules\.bin;C:\Program Files\nodejs;R:\Project\CefionMobile\node_modules\.bin;R:\Project\node_modules\.bin;R:\node_modules\.bin;C:\Program Files\nodejs\node_modules\npm\node_modules\@npmcli\run-script\lib\node-gyp-bin;C:\Program Files\Common Files\Oracle\Java\javapath;C:\Program Files (x86)\Common Files\Oracle\Java\javapath;C:\ProgramData\Oracle\Java\javapath;C:\Windows\system32;C:\Windows;C:\Windows\System32\Wbem;C:\Windows\System32\WindowsPowerShell\v1.0\;C:\Windows\System32\OpenSSH\;C:\Program Files (x86)\NVIDIA Corporation\PhysX\Common;C:\Program Files\Git\cmd;C:\ProgramData\chocolatey\bin;C:\Program Files\nodejs\;C:\Users\rgvoz\AppData\Local\Microsoft\WindowsApps;;R:\Microsoft VS Code\bin;C:\Users\rgvoz\AppData\Roaming\npm;R:\Project\CefionMobile\node_modules\.bin
USERNAME=rgvoz
OS=Windows_NT
PROCESSOR_IDENTIFIER=Intel64 Family 6 Model 42 Stepping 7, GenuineIntel



---------------  S Y S T E M  ---------------

OS:
 Windows 10 , 64 bit Build 19041 (10.0.19041.1741)
OS uptime: 0 days 17:26 hours

CPU: total 4 (initial active 4) (2 cores per cpu, 2 threads per core) family 6 model 42 stepping 7 microcode 0x2f, cx8, cmov, fxsr, ht, mmx, sse, sse2, sse3, ssse3, sse4.1, sse4.2, popcnt, tsc, tscinvbit, avx, clmul, vzeroupper, clflush

Memory: 4k page, system-wide physical 4010M (240M free)
TotalPageFile size 8106M (AvailPageFile size 0M)
current process WorkingSet (physical memory assigned to process): 159M, peak: 159M
current process commit charge ("private bytes"): 202M, peak: 203M

vm_info: Java HotSpot(TM) 64-Bit Server VM (17.0.3.1+2-LTS-6) for windows-amd64 JRE (17.0.3.1+2-LTS-6), built on Apr 25 2022 22:04:21 by "mach5one" with MS VC++ 16.8 / 16.9 (VS2019)

END.
