#
# There is insufficient memory for the Java Runtime Environment to continue.
# Native memory allocation (malloc) failed to allocate 178480 bytes for Chunk::new
# Possible reasons:
#   The system is out of physical RAM or swap space
#   The process is running with CompressedOops enabled, and the Java Heap may be blocking the growth of the native heap
# Possible solutions:
#   Reduce memory load on the system
#   Increase physical memory or swap space
#   Check if swap backing store is full
#   Decrease Java heap size (-Xmx/-Xms)
#   Decrease number of Java threads
#   Decrease Java thread stack sizes (-Xss)
#   Set larger code cache with -XX:ReservedCodeCacheSize=
#   JVM is running with Unscaled Compressed Oops mode in which the Java heap is
#     placed in the first 4GB address space. The Java Heap base address is the
#     maximum limit for the native heap growth. Please use -XX:HeapBaseMinAddress
#     to set the Java Heap base and to place the Java Heap above 4GB virtual address.
# This output file may be truncated or incomplete.
#
#  Out of Memory Error (arena.cpp:189), pid=3688, tid=2212
#
# JRE version: Java(TM) SE Runtime Environment (17.0.3.1+2) (build 17.0.3.1+2-LTS-6)
# Java VM: Java HotSpot(TM) 64-Bit Server VM (17.0.3.1+2-LTS-6, mixed mode, sharing, tiered, compressed oops, compressed class ptrs, g1 gc, windows-amd64)
# No core dump will be written. Minidumps are not enabled by default on client versions of Windows
#

---------------  S U M M A R Y ------------

Command Line: -Xmx64m -Xms64m -Dorg.gradle.appname=gradlew org.gradle.wrapper.GradleWrapperMain app:installDebug -PreactNativeDevServerPort=8081

Host: Intel(R) Core(TM) i3-2330M CPU @ 2.20GHz, 4 cores, 3G,  Windows 10 , 64 bit Build 19041 (10.0.19041.1741)
Time: Tue Jun 21 13:33:18 2022  Windows 10 , 64 bit Build 19041 (10.0.19041.1741) elapsed time: 1.323120 seconds (0d 0h 0m 1s)

---------------  T H R E A D  ---------------

Current thread (0x0000021dfdb8d880):  JavaThread "C2 CompilerThread0" daemon [_thread_in_native, id=2212, stack(0x0000007072400000,0x0000007072500000)]


Current CompileTask:
C2:   1323  446       4       java.io.WinNTFileSystem::resolve (275 bytes)

Stack: [0x0000007072400000,0x0000007072500000]
Native frames: (J=compiled Java code, j=interpreted, Vv=VM code, C=native code)
V  [jvm.dll+0x6711ba]
V  [jvm.dll+0x7d0834]
V  [jvm.dll+0x7d1fde]
V  [jvm.dll+0x7d2643]
V  [jvm.dll+0x242c85]
V  [jvm.dll+0xaa57b]
V  [jvm.dll+0xaab0c]
V  [jvm.dll+0x35ff77]
V  [jvm.dll+0x32a581]
V  [jvm.dll+0x329a2a]
V  [jvm.dll+0x215d61]
V  [jvm.dll+0x215181]
V  [jvm.dll+0x1a1c3d]
V  [jvm.dll+0x2249c8]
V  [jvm.dll+0x222b2c]
V  [jvm.dll+0x78650b]
V  [jvm.dll+0x780aca]
V  [jvm.dll+0x670045]
C  [ucrtbase.dll+0x21bb2]
C  [KERNEL32.DLL+0x17034]
C  [ntdll.dll+0x52651]


---------------  P R O C E S S  ---------------

Threads class SMR info:
_java_thread_list=0x0000021dfe803c30, length=12, elements={
0x0000021dfb47f1b0, 0x0000021dfb550f50, 0x0000021dfb553dd0, 0x0000021dfdb88dc0,
0x0000021dfdb8b790, 0x0000021dfdb8c140, 0x0000021dfdb8caf0, 0x0000021dfdb8d880,
0x0000021dfdbf3580, 0x0000021dfdc02340, 0x0000021dfdc9d9a0, 0x0000021dfe838580
}

Java Threads: ( => current thread )
  0x0000021dfb47f1b0 JavaThread "main" [_thread_in_vm, id=9748, stack(0x0000007071700000,0x0000007071800000)]
  0x0000021dfb550f50 JavaThread "Reference Handler" daemon [_thread_blocked, id=9676, stack(0x0000007071e00000,0x0000007071f00000)]
  0x0000021dfb553dd0 JavaThread "Finalizer" daemon [_thread_blocked, id=9980, stack(0x0000007071f00000,0x0000007072000000)]
  0x0000021dfdb88dc0 JavaThread "Signal Dispatcher" daemon [_thread_blocked, id=4328, stack(0x0000007072000000,0x0000007072100000)]
  0x0000021dfdb8b790 JavaThread "Attach Listener" daemon [_thread_blocked, id=6020, stack(0x0000007072100000,0x0000007072200000)]
  0x0000021dfdb8c140 JavaThread "Service Thread" daemon [_thread_blocked, id=1720, stack(0x0000007072200000,0x0000007072300000)]
  0x0000021dfdb8caf0 JavaThread "Monitor Deflation Thread" daemon [_thread_blocked, id=10768, stack(0x0000007072300000,0x0000007072400000)]
=>0x0000021dfdb8d880 JavaThread "C2 CompilerThread0" daemon [_thread_in_native, id=2212, stack(0x0000007072400000,0x0000007072500000)]
  0x0000021dfdbf3580 JavaThread "C1 CompilerThread0" daemon [_thread_blocked, id=6716, stack(0x0000007072500000,0x0000007072600000)]
  0x0000021dfdc02340 JavaThread "Sweeper thread" daemon [_thread_blocked, id=11056, stack(0x0000007072600000,0x0000007072700000)]
  0x0000021dfdc9d9a0 JavaThread "Notification Thread" daemon [_thread_blocked, id=7556, stack(0x0000007072700000,0x0000007072800000)]
  0x0000021dfe838580 JavaThread "Common-Cleaner" daemon [_thread_blocked, id=7028, stack(0x0000007072900000,0x0000007072a00000)]

Other Threads:
  0x0000021dfb54c300 VMThread "VM Thread" [stack: 0x0000007071d00000,0x0000007071e00000] [id=5928]
  0x0000021dfdc9de70 WatcherThread [stack: 0x0000007072800000,0x0000007072900000] [id=1304]
  0x0000021dfb49dff0 GCTaskThread "GC Thread#0" [stack: 0x0000007071800000,0x0000007071900000] [id=10104]
  0x0000021dfb4a0740 ConcurrentGCThread "G1 Main Marker" [stack: 0x0000007071900000,0x0000007071a00000] [id=10480]
  0x0000021dfb4a2160 ConcurrentGCThread "G1 Conc#0" [stack: 0x0000007071a00000,0x0000007071b00000] [id=6164]
  0x0000021dfb4ee270 ConcurrentGCThread "G1 Refine#0" [stack: 0x0000007071b00000,0x0000007071c00000] [id=10760]
  0x0000021dfb4eec90 ConcurrentGCThread "G1 Service" [stack: 0x0000007071c00000,0x0000007071d00000] [id=4984]

Threads with active compile tasks:
C2 CompilerThread0     1394  446       4       java.io.WinNTFileSystem::resolve (275 bytes)

VM state: not at safepoint (normal execution)

VM Mutex/Monitor currently owned by a thread: None

Heap address: 0x00000000fc000000, size: 64 MB, Compressed Oops mode: 32-bit

CDS archive(s) mapped at: [0x0000000800000000-0x0000000800bc0000-0x0000000800bc0000), size 12320768, SharedBaseAddress: 0x0000000800000000, ArchiveRelocationMode: 0.
Compressed class space mapped at: 0x0000000800c00000-0x0000000840c00000, reserved size: 1073741824
Narrow klass base: 0x0000000800000000, Narrow klass shift: 0, Narrow klass range: 0x100000000

GC Precious Log:
 CPUs: 4 total, 4 available
 Memory: 4010M
 Large Page Support: Disabled
 NUMA Support: Disabled
 Compressed Oops: Enabled (32-bit)
 Heap Region Size: 1M
 Heap Min Capacity: 64M
 Heap Initial Capacity: 64M
 Heap Max Capacity: 64M
 Pre-touch: Disabled
 Parallel Workers: 4
 Concurrent Workers: 1
 Concurrent Refinement Workers: 4
 Periodic GC: Disabled

Heap:
 garbage-first heap   total 65536K, used 12288K [0x00000000fc000000, 0x0000000100000000)
  region size 1024K, 11 young (11264K), 0 survivors (0K)
 Metaspace       used 1667K, committed 1792K, reserved 1056768K
  class space    used 158K, committed 192K, reserved 1048576K

Heap Regions: E=young(eden), S=young(survivor), O=old, HS=humongous(starts), HC=humongous(continues), CS=collection set, F=free, OA=open archive, CA=closed archive, TAMS=top-at-mark-start (previous, next)
|   0|0x00000000fc000000, 0x00000000fc100000, 0x00000000fc100000|100%|HS|  |TAMS 0x00000000fc000000, 0x00000000fc000000| Complete 
|   1|0x00000000fc100000, 0x00000000fc200000, 0x00000000fc200000|100%|HC|  |TAMS 0x00000000fc100000, 0x00000000fc100000| Complete 
|   2|0x00000000fc200000, 0x00000000fc300000, 0x00000000fc300000|100%|HC|  |TAMS 0x00000000fc200000, 0x00000000fc200000| Complete 
|   3|0x00000000fc300000, 0x00000000fc300000, 0x00000000fc400000|  0%| F|  |TAMS 0x00000000fc300000, 0x00000000fc300000| Untracked 
|   4|0x00000000fc400000, 0x00000000fc400000, 0x00000000fc500000|  0%| F|  |TAMS 0x00000000fc400000, 0x00000000fc400000| Untracked 
|   5|0x00000000fc500000, 0x00000000fc500000, 0x00000000fc600000|  0%| F|  |TAMS 0x00000000fc500000, 0x00000000fc500000| Untracked 
|   6|0x00000000fc600000, 0x00000000fc600000, 0x00000000fc700000|  0%| F|  |TAMS 0x00000000fc600000, 0x00000000fc600000| Untracked 
|   7|0x00000000fc700000, 0x00000000fc700000, 0x00000000fc800000|  0%| F|  |TAMS 0x00000000fc700000, 0x00000000fc700000| Untracked 
|   8|0x00000000fc800000, 0x00000000fc800000, 0x00000000fc900000|  0%| F|  |TAMS 0x00000000fc800000, 0x00000000fc800000| Untracked 
|   9|0x00000000fc900000, 0x00000000fc900000, 0x00000000fca00000|  0%| F|  |TAMS 0x00000000fc900000, 0x00000000fc900000| Untracked 
|  10|0x00000000fca00000, 0x00000000fca00000, 0x00000000fcb00000|  0%| F|  |TAMS 0x00000000fca00000, 0x00000000fca00000| Untracked 
|  11|0x00000000fcb00000, 0x00000000fcb00000, 0x00000000fcc00000|  0%| F|  |TAMS 0x00000000fcb00000, 0x00000000fcb00000| Untracked 
|  12|0x00000000fcc00000, 0x00000000fcc00000, 0x00000000fcd00000|  0%| F|  |TAMS 0x00000000fcc00000, 0x00000000fcc00000| Untracked 
|  13|0x00000000fcd00000, 0x00000000fcd00000, 0x00000000fce00000|  0%| F|  |TAMS 0x00000000fcd00000, 0x00000000fcd00000| Untracked 
|  14|0x00000000fce00000, 0x00000000fce00000, 0x00000000fcf00000|  0%| F|  |TAMS 0x00000000fce00000, 0x00000000fce00000| Untracked 
|  15|0x00000000fcf00000, 0x00000000fcf00000, 0x00000000fd000000|  0%| F|  |TAMS 0x00000000fcf00000, 0x00000000fcf00000| Untracked 
|  16|0x00000000fd000000, 0x00000000fd000000, 0x00000000fd100000|  0%| F|  |TAMS 0x00000000fd000000, 0x00000000fd000000| Untracked 
|  17|0x00000000fd100000, 0x00000000fd100000, 0x00000000fd200000|  0%| F|  |TAMS 0x00000000fd100000, 0x00000000fd100000| Untracked 
|  18|0x00000000fd200000, 0x00000000fd200000, 0x00000000fd300000|  0%| F|  |TAMS 0x00000000fd200000, 0x00000000fd200000| Untracked 
|  19|0x00000000fd300000, 0x00000000fd300000, 0x00000000fd400000|  0%| F|  |TAMS 0x00000000fd300000, 0x00000000fd300000| Untracked 
|  20|0x00000000fd400000, 0x00000000fd400000, 0x00000000fd500000|  0%| F|  |TAMS 0x00000000fd400000, 0x00000000fd400000| Untracked 
|  21|0x00000000fd500000, 0x00000000fd500000, 0x00000000fd600000|  0%| F|  |TAMS 0x00000000fd500000, 0x00000000fd500000| Untracked 
|  22|0x00000000fd600000, 0x00000000fd600000, 0x00000000fd700000|  0%| F|  |TAMS 0x00000000fd600000, 0x00000000fd600000| Untracked 
|  23|0x00000000fd700000, 0x00000000fd700000, 0x00000000fd800000|  0%| F|  |TAMS 0x00000000fd700000, 0x00000000fd700000| Untracked 
|  24|0x00000000fd800000, 0x00000000fd800000, 0x00000000fd900000|  0%| F|  |TAMS 0x00000000fd800000, 0x00000000fd800000| Untracked 
|  25|0x00000000fd900000, 0x00000000fd900000, 0x00000000fda00000|  0%| F|  |TAMS 0x00000000fd900000, 0x00000000fd900000| Untracked 
|  26|0x00000000fda00000, 0x00000000fda00000, 0x00000000fdb00000|  0%| F|  |TAMS 0x00000000fda00000, 0x00000000fda00000| Untracked 
|  27|0x00000000fdb00000, 0x00000000fdb00000, 0x00000000fdc00000|  0%| F|  |TAMS 0x00000000fdb00000, 0x00000000fdb00000| Untracked 
|  28|0x00000000fdc00000, 0x00000000fdc00000, 0x00000000fdd00000|  0%| F|  |TAMS 0x00000000fdc00000, 0x00000000fdc00000| Untracked 
|  29|0x00000000fdd00000, 0x00000000fdd00000, 0x00000000fde00000|  0%| F|  |TAMS 0x00000000fdd00000, 0x00000000fdd00000| Untracked 
|  30|0x00000000fde00000, 0x00000000fde00000, 0x00000000fdf00000|  0%| F|  |TAMS 0x00000000fde00000, 0x00000000fde00000| Untracked 
|  31|0x00000000fdf00000, 0x00000000fdf00000, 0x00000000fe000000|  0%| F|  |TAMS 0x00000000fdf00000, 0x00000000fdf00000| Untracked 
|  32|0x00000000fe000000, 0x00000000fe000000, 0x00000000fe100000|  0%| F|  |TAMS 0x00000000fe000000, 0x00000000fe000000| Untracked 
|  33|0x00000000fe100000, 0x00000000fe100000, 0x00000000fe200000|  0%| F|  |TAMS 0x00000000fe100000, 0x00000000fe100000| Untracked 
|  34|0x00000000fe200000, 0x00000000fe200000, 0x00000000fe300000|  0%| F|  |TAMS 0x00000000fe200000, 0x00000000fe200000| Untracked 
|  35|0x00000000fe300000, 0x00000000fe300000, 0x00000000fe400000|  0%| F|  |TAMS 0x00000000fe300000, 0x00000000fe300000| Untracked 
|  36|0x00000000fe400000, 0x00000000fe400000, 0x00000000fe500000|  0%| F|  |TAMS 0x00000000fe400000, 0x00000000fe400000| Untracked 
|  37|0x00000000fe500000, 0x00000000fe500000, 0x00000000fe600000|  0%| F|  |TAMS 0x00000000fe500000, 0x00000000fe500000| Untracked 
|  38|0x00000000fe600000, 0x00000000fe600000, 0x00000000fe700000|  0%| F|  |TAMS 0x00000000fe600000, 0x00000000fe600000| Untracked 
|  39|0x00000000fe700000, 0x00000000fe700000, 0x00000000fe800000|  0%| F|  |TAMS 0x00000000fe700000, 0x00000000fe700000| Untracked 
|  40|0x00000000fe800000, 0x00000000fe800000, 0x00000000fe900000|  0%| F|  |TAMS 0x00000000fe800000, 0x00000000fe800000| Untracked 
|  41|0x00000000fe900000, 0x00000000fe900000, 0x00000000fea00000|  0%| F|  |TAMS 0x00000000fe900000, 0x00000000fe900000| Untracked 
|  42|0x00000000fea00000, 0x00000000fea00000, 0x00000000feb00000|  0%| F|  |TAMS 0x00000000fea00000, 0x00000000fea00000| Untracked 
|  43|0x00000000feb00000, 0x00000000feb00000, 0x00000000fec00000|  0%| F|  |TAMS 0x00000000feb00000, 0x00000000feb00000| Untracked 
|  44|0x00000000fec00000, 0x00000000fec00000, 0x00000000fed00000|  0%| F|  |TAMS 0x00000000fec00000, 0x00000000fec00000| Untracked 
|  45|0x00000000fed00000, 0x00000000fed00000, 0x00000000fee00000|  0%| F|  |TAMS 0x00000000fed00000, 0x00000000fed00000| Untracked 
|  46|0x00000000fee00000, 0x00000000fee00000, 0x00000000fef00000|  0%| F|  |TAMS 0x00000000fee00000, 0x00000000fee00000| Untracked 
|  47|0x00000000fef00000, 0x00000000fef00000, 0x00000000ff000000|  0%| F|  |TAMS 0x00000000fef00000, 0x00000000fef00000| Untracked 
|  48|0x00000000ff000000, 0x00000000ff000000, 0x00000000ff100000|  0%| F|  |TAMS 0x00000000ff000000, 0x00000000ff000000| Untracked 
|  49|0x00000000ff100000, 0x00000000ff100000, 0x00000000ff200000|  0%| F|  |TAMS 0x00000000ff100000, 0x00000000ff100000| Untracked 
|  50|0x00000000ff200000, 0x00000000ff200000, 0x00000000ff300000|  0%| F|  |TAMS 0x00000000ff200000, 0x00000000ff200000| Untracked 
|  51|0x00000000ff300000, 0x00000000ff300000, 0x00000000ff400000|  0%| F|  |TAMS 0x00000000ff300000, 0x00000000ff300000| Untracked 
|  52|0x00000000ff400000, 0x00000000ff400000, 0x00000000ff500000|  0%| F|  |TAMS 0x00000000ff400000, 0x00000000ff400000| Untracked 
|  53|0x00000000ff500000, 0x00000000ff543118, 0x00000000ff600000| 26%| E|  |TAMS 0x00000000ff500000, 0x00000000ff500000| Complete 
|  54|0x00000000ff600000, 0x00000000ff700000, 0x00000000ff700000|100%| E|CS|TAMS 0x00000000ff600000, 0x00000000ff600000| Complete 
|  55|0x00000000ff700000, 0x00000000ff800000, 0x00000000ff800000|100%| E|CS|TAMS 0x00000000ff700000, 0x00000000ff700000| Complete 
|  56|0x00000000ff800000, 0x00000000ff900000, 0x00000000ff900000|100%| E|CS|TAMS 0x00000000ff800000, 0x00000000ff800000| Complete 
|  57|0x00000000ff900000, 0x00000000ffa00000, 0x00000000ffa00000|100%| E|CS|TAMS 0x00000000ff900000, 0x00000000ff900000| Complete 
|  58|0x00000000ffa00000, 0x00000000ffb00000, 0x00000000ffb00000|100%| E|CS|TAMS 0x00000000ffa00000, 0x00000000ffa00000| Complete 
|  59|0x00000000ffb00000, 0x00000000ffc00000, 0x00000000ffc00000|100%| E|CS|TAMS 0x00000000ffb00000, 0x00000000ffb00000| Complete 
|  60|0x00000000ffc00000, 0x00000000ffd00000, 0x00000000ffd00000|100%| E|CS|TAMS 0x00000000ffc00000, 0x00000000ffc00000| Complete 
|  61|0x00000000ffd00000, 0x00000000ffe00000, 0x00000000ffe00000|100%| E|  |TAMS 0x00000000ffd00000, 0x00000000ffd00000| Complete 
|  62|0x00000000ffe00000, 0x00000000fff00000, 0x00000000fff00000|100%| E|CS|TAMS 0x00000000ffe00000, 0x00000000ffe00000| Complete 
|  63|0x00000000fff00000, 0x0000000100000000, 0x0000000100000000|100%| E|CS|TAMS 0x00000000fff00000, 0x00000000fff00000| Complete 

Card table byte_map: [0x0000021dfb2e0000,0x0000021dfb300000] _byte_map_base: 0x0000021dfab00000

Marking Bits (Prev, Next): (CMBitMap*) 0x0000021dfb49e600, (CMBitMap*) 0x0000021dfb49e640
 Prev Bits: [0x0000021dfb320000, 0x0000021dfb420000)
 Next Bits: [0x0000021dfb560000, 0x0000021dfb660000)

Polling page: 0x0000021dfac60000

Metaspace:

Usage:
  Non-class:      1.48 MB used.
      Class:    158.59 KB used.
       Both:      1.63 MB used.

Virtual space:
  Non-class space:        8.00 MB reserved,       1.56 MB ( 20%) committed,  1 nodes.
      Class space:        1.00 GB reserved,     192.00 KB ( <1%) committed,  1 nodes.
             Both:        1.01 GB reserved,       1.75 MB ( <1%) committed. 

Chunk freelists:
   Non-Class:  3.67 MB
       Class:  3.69 MB
        Both:  7.37 MB

MaxMetaspaceSize: unlimited
CompressedClassSpaceSize: 1.00 GB
Initial GC threshold: 21.00 MB
Current GC threshold: 21.00 MB
CDS: on
MetaspaceReclaimPolicy: balanced
 - commit_granule_bytes: 65536.
 - commit_granule_words: 8192.
 - virtual_space_node_default_size: 1048576.
 - enlarge_chunks_in_place: 1.
 - new_chunks_are_fully_committed: 0.
 - uncommit_free_chunks: 1.
 - use_allocation_guard: 0.
 - handle_deallocations: 1.


Internal statistics:

num_allocs_failed_limit: 0.
num_arena_births: 12.
num_arena_deaths: 0.
num_vsnodes_births: 2.
num_vsnodes_deaths: 0.
num_space_committed: 28.
num_space_uncommitted: 0.
num_chunks_returned_to_freelist: 0.
num_chunks_taken_from_freelist: 44.
num_chunk_merges: 0.
num_chunk_splits: 21.
num_chunks_enlarged: 17.
num_purges: 0.
num_inconsistent_stats: 0.

CodeHeap 'non-profiled nmethods': size=120000Kb used=135Kb max_used=135Kb free=119864Kb
 bounds [0x0000021d8f270000, 0x0000021d8f4e0000, 0x0000021d967a0000]
CodeHeap 'profiled nmethods': size=120000Kb used=748Kb max_used=748Kb free=119251Kb
 bounds [0x0000021d87d40000, 0x0000021d87fb0000, 0x0000021d8f270000]
CodeHeap 'non-nmethods': size=5760Kb used=1120Kb max_used=1133Kb free=4639Kb
 bounds [0x0000021d877a0000, 0x0000021d87a10000, 0x0000021d87d40000]
 total_blobs=866 nmethods=464 adapters=315
 compilation: enabled
              stopped_count=0, restarted_count=0
 full_count=0

Compilation events (20 events):
Event: 1.260 Thread 0x0000021dfdb8d880  438       4       java.lang.String::<init> (74 bytes)
Event: 1.268 Thread 0x0000021dfdb8d880 nmethod 438 0x0000021d8f290b90 code [0x0000021d8f290d20, 0x0000021d8f291158]
Event: 1.268 Thread 0x0000021dfdb8d880  439       4       java.lang.StringUTF16::compress (20 bytes)
Event: 1.271 Thread 0x0000021dfdb8d880 nmethod 439 0x0000021d8f291290 code [0x0000021d8f291420, 0x0000021d8f291658]
Event: 1.279 Thread 0x0000021dfdbf3580  440       3       java.lang.ref.Reference::clear (5 bytes)
Event: 1.279 Thread 0x0000021dfdbf3580 nmethod 440 0x0000021d87deb110 code [0x0000021d87deb2a0, 0x0000021d87deb3e8]
Event: 1.279 Thread 0x0000021dfdbf3580  442   !   3       jdk.internal.ref.PhantomCleanable::remove (60 bytes)
Event: 1.280 Thread 0x0000021dfdbf3580 nmethod 442 0x0000021d87deb490 code [0x0000021d87deb640, 0x0000021d87deba58]
Event: 1.280 Thread 0x0000021dfdbf3580  443       3       java.util.HashMap::tableSizeFor (32 bytes)
Event: 1.280 Thread 0x0000021dfdbf3580 nmethod 443 0x0000021d87debc10 code [0x0000021d87debdc0, 0x0000021d87debfe8]
Event: 1.280 Thread 0x0000021dfdbf3580  445       3       org.gradle.api.internal.classpath.DefaultModuleRegistry$DefaultModule::collectRequiredModules (99 bytes)
Event: 1.282 Thread 0x0000021dfdbf3580 nmethod 445 0x0000021d87dec090 code [0x0000021d87dec320, 0x0000021d87decfb8]
Event: 1.282 Thread 0x0000021dfdbf3580  444       3       org.gradle.api.internal.classpath.DefaultModuleRegistry::getModule (38 bytes)
Event: 1.282 Thread 0x0000021dfdbf3580 nmethod 444 0x0000021d87ded410 code [0x0000021d87ded5e0, 0x0000021d87deda48]
Event: 1.284 Thread 0x0000021dfdb8d880  446       4       java.io.WinNTFileSystem::resolve (275 bytes)
Event: 1.288 Thread 0x0000021dfdbf3580  447       3       org.gradle.api.internal.classpath.DefaultModuleRegistry::findDependencyJar (146 bytes)
Event: 1.290 Thread 0x0000021dfdbf3580 nmethod 447 0x0000021d87dedb90 code [0x0000021d87dedf20, 0x0000021d87def9d8]
Event: 1.292 Thread 0x0000021dfdbf3580  449       3       java.util.HashMap::<init> (98 bytes)
Event: 1.294 Thread 0x0000021dfdbf3580 nmethod 449 0x0000021d87df0090 code [0x0000021d87df03c0, 0x0000021d87df14d8]
Event: 1.297 Thread 0x0000021dfdbf3580  450       3       java.lang.ref.Cleaner::register (25 bytes)

GC Heap History (0 events):
No events

Deoptimization events (20 events):
Event: 0.711 Thread 0x0000021dfb47f1b0 DEOPT PACKING pc=0x0000021d87d95e8c sp=0x00000070717f9c30
Event: 0.711 Thread 0x0000021dfb47f1b0 DEOPT UNPACKING pc=0x0000021d877f2b43 sp=0x00000070717f90c0 mode 0
Event: 0.754 Thread 0x0000021dfb47f1b0 DEOPT PACKING pc=0x0000021d87d5a967 sp=0x00000070717fe4b0
Event: 0.754 Thread 0x0000021dfb47f1b0 DEOPT UNPACKING pc=0x0000021d877f2b43 sp=0x00000070717fd8d0 mode 0
Event: 0.770 Thread 0x0000021dfb47f1b0 DEOPT PACKING pc=0x0000021d87d59551 sp=0x00000070717fe250
Event: 0.770 Thread 0x0000021dfb47f1b0 DEOPT UNPACKING pc=0x0000021d877f2b43 sp=0x00000070717fd6c8 mode 0
Event: 0.864 Thread 0x0000021dfb47f1b0 DEOPT PACKING pc=0x0000021d87d70f7e sp=0x00000070717fe340
Event: 0.864 Thread 0x0000021dfb47f1b0 DEOPT UNPACKING pc=0x0000021d877f2b43 sp=0x00000070717fd7b0 mode 0
Event: 0.865 Thread 0x0000021dfb47f1b0 DEOPT PACKING pc=0x0000021d87d70f7e sp=0x00000070717fe340
Event: 0.865 Thread 0x0000021dfb47f1b0 DEOPT UNPACKING pc=0x0000021d877f2b43 sp=0x00000070717fd7b0 mode 0
Event: 0.893 Thread 0x0000021dfb47f1b0 DEOPT PACKING pc=0x0000021d87da543e sp=0x00000070717fe2e0
Event: 0.893 Thread 0x0000021dfb47f1b0 DEOPT UNPACKING pc=0x0000021d877f2b43 sp=0x00000070717fd758 mode 0
Event: 0.893 Thread 0x0000021dfb47f1b0 DEOPT PACKING pc=0x0000021d87da543e sp=0x00000070717fe2e0
Event: 0.893 Thread 0x0000021dfb47f1b0 DEOPT UNPACKING pc=0x0000021d877f2b43 sp=0x00000070717fd758 mode 0
Event: 1.048 Thread 0x0000021dfb47f1b0 DEOPT PACKING pc=0x0000021d87d9e7f2 sp=0x00000070717fe010
Event: 1.048 Thread 0x0000021dfb47f1b0 DEOPT UNPACKING pc=0x0000021d877f2b43 sp=0x00000070717fd4d0 mode 0
Event: 1.292 Thread 0x0000021dfb47f1b0 Uncommon trap: trap_request=0xffffff45 fr.pc=0x0000021d8f28b590 relative=0x0000000000000090
Event: 1.292 Thread 0x0000021dfb47f1b0 Uncommon trap: reason=unstable_if action=reinterpret pc=0x0000021d8f28b590 method=java.util.regex.Pattern.append(II)V @ 9 c2
Event: 1.292 Thread 0x0000021dfb47f1b0 DEOPT PACKING pc=0x0000021d8f28b590 sp=0x00000070717fdd40
Event: 1.292 Thread 0x0000021dfb47f1b0 DEOPT UNPACKING pc=0x0000021d877f23a3 sp=0x00000070717fdcd0 mode 2

Classes unloaded (0 events):
No events

Classes redefined (0 events):
No events

Internal exceptions (1 events):
Event: 0.744 Thread 0x0000021dfb47f1b0 Exception <a 'java/lang/NoSuchMethodError'{0x00000000ffc51c88}: 'int java.lang.invoke.DirectMethodHandle$Holder.invokeStaticInit(java.lang.Object, java.lang.Object)'> (0x00000000ffc51c88) 
thrown [t:\workspace\open\src\hotspot\share\interpreter\linkResolver.cpp, line 766]

VM Operations (4 events):
Event: 0.285 Executing VM operation: HandshakeAllThreads
Event: 0.285 Executing VM operation: HandshakeAllThreads done
Event: 1.285 Executing VM operation: Cleanup
Event: 1.285 Executing VM operation: Cleanup done

Events (20 events):
Event: 0.687 loading class jdk/internal/access/JavaIOFilePermissionAccess done
Event: 0.687 loading class java/io/FilePermission$1 done
Event: 0.687 loading class java/io/FilePermissionCollection
Event: 0.688 loading class java/io/FilePermissionCollection done
Event: 0.688 loading class java/util/Vector
Event: 0.689 loading class java/util/Vector done
Event: 0.689 loading class java/io/FilePermissionCollection$1
Event: 0.689 loading class java/io/FilePermissionCollection$1 done
Event: 0.702 loading class java/lang/NumberFormatException
Event: 0.702 loading class java/lang/NumberFormatException done
Event: 0.752 loading class java/net/MalformedURLException
Event: 0.753 loading class java/net/MalformedURLException done
Event: 0.757 loading class java/io/FileFilter
Event: 0.757 loading class java/io/FileFilter done
Event: 0.814 loading class java/util/AbstractList$Itr
Event: 0.815 loading class java/util/AbstractList$Itr done
Event: 0.818 loading class java/util/zip/ZipException
Event: 0.819 loading class java/util/zip/ZipException done
Event: 0.867 loading class java/lang/invoke/DirectMethodHandle$Special
Event: 0.888 loading class java/lang/invoke/DirectMethodHandle$Special done


Dynamic libraries:
0x00007ff781000000 - 0x00007ff781010000 	C:\Program Files\Java\jdk-17.0.3.1\bin\java.exe
0x00007ffd9fc30000 - 0x00007ffd9fe27000 	C:\Windows\SYSTEM32\ntdll.dll
0x00007ffd9f4d0000 - 0x00007ffd9f58d000 	C:\Windows\System32\KERNEL32.DLL
0x00007ffd9d810000 - 0x00007ffd9dadd000 	C:\Windows\System32\KERNELBASE.dll
0x00007ffd9db60000 - 0x00007ffd9dc60000 	C:\Windows\System32\ucrtbase.dll
0x00007ffd97930000 - 0x00007ffd97948000 	C:\Program Files\Java\jdk-17.0.3.1\bin\jli.dll
0x00007ffd9f3f0000 - 0x00007ffd9f49e000 	C:\Windows\System32\ADVAPI32.dll
0x00007ffd9dee0000 - 0x00007ffd9df7e000 	C:\Windows\System32\msvcrt.dll
0x00007ffd9dca0000 - 0x00007ffd9dd3c000 	C:\Windows\System32\sechost.dll
0x00007ffd9e4b0000 - 0x00007ffd9e5d5000 	C:\Windows\System32\RPCRT4.dll
0x00007ffd9dd40000 - 0x00007ffd9dee0000 	C:\Windows\System32\USER32.dll
0x00007ffd9dc60000 - 0x00007ffd9dc82000 	C:\Windows\System32\win32u.dll
0x00007ffd8eb70000 - 0x00007ffd8ee0a000 	C:\Windows\WinSxS\amd64_microsoft.windows.common-controls_6595b64144ccf1df_6.0.19041.1110_none_60b5254171f9507e\COMCTL32.dll
0x00007ffd9e120000 - 0x00007ffd9e14a000 	C:\Windows\System32\GDI32.dll
0x00007ffd9d5a0000 - 0x00007ffd9d6ab000 	C:\Windows\System32\gdi32full.dll
0x00007ffd9d3c0000 - 0x00007ffd9d45d000 	C:\Windows\System32\msvcp_win.dll
0x00007ffd97190000 - 0x00007ffd971aa000 	C:\Program Files\Java\jdk-17.0.3.1\bin\VCRUNTIME140.dll
0x00007ffd8bda0000 - 0x00007ffd8bdaa000 	C:\Windows\SYSTEM32\VERSION.dll
0x00007ffd9f4a0000 - 0x00007ffd9f4d0000 	C:\Windows\System32\IMM32.DLL
0x00007ffd97ee0000 - 0x00007ffd97eec000 	C:\Program Files\Java\jdk-17.0.3.1\bin\vcruntime140_1.dll
0x00007ffd87b50000 - 0x00007ffd87bdd000 	C:\Program Files\Java\jdk-17.0.3.1\bin\msvcp140.dll
0x00007ffd77c10000 - 0x00007ffd787d0000 	C:\Program Files\Java\jdk-17.0.3.1\bin\server\jvm.dll
0x00007ffd9df80000 - 0x00007ffd9df88000 	C:\Windows\System32\PSAPI.DLL
0x00007ffd88a20000 - 0x00007ffd88a29000 	C:\Windows\SYSTEM32\WSOCK32.dll
0x00007ffd9e440000 - 0x00007ffd9e4ab000 	C:\Windows\System32\WS2_32.dll
0x00007ffd894d0000 - 0x00007ffd894f7000 	C:\Windows\SYSTEM32\WINMM.dll
0x00007ffd9bbe0000 - 0x00007ffd9bbf2000 	C:\Windows\SYSTEM32\kernel.appcore.dll
0x00007ffd97180000 - 0x00007ffd9718a000 	C:\Program Files\Java\jdk-17.0.3.1\bin\jimage.dll
0x00007ffd82d30000 - 0x00007ffd82f14000 	C:\Windows\SYSTEM32\DBGHELP.DLL
0x00007ffd82ce0000 - 0x00007ffd82d0c000 	C:\Windows\SYSTEM32\dbgcore.DLL
0x00007ffd9d460000 - 0x00007ffd9d4e2000 	C:\Windows\System32\bcryptPrimitives.dll
0x00007ffd8dff0000 - 0x00007ffd8e015000 	C:\Program Files\Java\jdk-17.0.3.1\bin\java.dll
0x00007ffd87450000 - 0x00007ffd87526000 	C:\Program Files\Java\jdk-17.0.3.1\bin\jsvml.dll
0x00007ffd9e5e0000 - 0x00007ffd9ed24000 	C:\Windows\System32\SHELL32.dll
0x00007ffd9b180000 - 0x00007ffd9b914000 	C:\Windows\SYSTEM32\windows.storage.dll
0x00007ffd9ed30000 - 0x00007ffd9f084000 	C:\Windows\System32\combase.dll
0x00007ffd9cce0000 - 0x00007ffd9cd0c000 	C:\Windows\SYSTEM32\Wldp.dll
0x00007ffd9e2d0000 - 0x00007ffd9e37d000 	C:\Windows\System32\SHCORE.dll
0x00007ffd9e380000 - 0x00007ffd9e3d5000 	C:\Windows\System32\shlwapi.dll
0x00007ffd9d290000 - 0x00007ffd9d2af000 	C:\Windows\SYSTEM32\profapi.dll
0x00007ffd93aa0000 - 0x00007ffd93ab9000 	C:\Program Files\Java\jdk-17.0.3.1\bin\net.dll
0x00007ffd90c80000 - 0x00007ffd90d8a000 	C:\Windows\SYSTEM32\WINHTTP.dll
0x00007ffd9ca40000 - 0x00007ffd9caaa000 	C:\Windows\system32\mswsock.dll
0x00007ffd8de70000 - 0x00007ffd8de86000 	C:\Program Files\Java\jdk-17.0.3.1\bin\nio.dll
0x00007ffd8de10000 - 0x00007ffd8de28000 	C:\Program Files\Java\jdk-17.0.3.1\bin\zip.dll

dbghelp: loaded successfully - version: 4.0.5 - missing functions: none
symbol engine: initialized successfully - sym options: 0x614 - pdb path: .;C:\Program Files\Java\jdk-17.0.3.1\bin;C:\Windows\SYSTEM32;C:\Windows\WinSxS\amd64_microsoft.windows.common-controls_6595b64144ccf1df_6.0.19041.1110_none_60b5254171f9507e;C:\Program Files\Java\jdk-17.0.3.1\bin\server

VM Arguments:
jvm_args: -Xmx64m -Xms64m -Dorg.gradle.appname=gradlew 
java_command: org.gradle.wrapper.GradleWrapperMain app:installDebug -PreactNativeDevServerPort=8081
java_class_path (initial): R:\Project\CefionMobile\android\\gradle\wrapper\gradle-wrapper.jar
Launcher Type: SUN_STANDARD

[Global flags]
     intx CICompilerCount                          = 3                                         {product} {ergonomic}
     uint ConcGCThreads                            = 1                                         {product} {ergonomic}
     uint G1ConcRefinementThreads                  = 4                                         {product} {ergonomic}
   size_t G1HeapRegionSize                         = 1048576                                   {product} {ergonomic}
    uintx GCDrainStackTargetSize                   = 64                                        {product} {ergonomic}
   size_t InitialHeapSize                          = 67108864                                  {product} {command line}
   size_t MarkStackSize                            = 4194304                                   {product} {ergonomic}
   size_t MaxHeapSize                              = 67108864                                  {product} {command line}
   size_t MaxNewSize                               = 39845888                                  {product} {ergonomic}
   size_t MinHeapDeltaBytes                        = 1048576                                   {product} {ergonomic}
   size_t MinHeapSize                              = 67108864                                  {product} {command line}
    uintx NonNMethodCodeHeapSize                   = 5832780                                {pd product} {ergonomic}
    uintx NonProfiledCodeHeapSize                  = 122912730                              {pd product} {ergonomic}
    uintx ProfiledCodeHeapSize                     = 122912730                              {pd product} {ergonomic}
    uintx ReservedCodeCacheSize                    = 251658240                              {pd product} {ergonomic}
     bool SegmentedCodeCache                       = true                                      {product} {ergonomic}
   size_t SoftMaxHeapSize                          = 67108864                               {manageable} {ergonomic}
     bool UseCompressedClassPointers               = true                           {product lp64_product} {ergonomic}
     bool UseCompressedOops                        = true                           {product lp64_product} {ergonomic}
     bool UseG1GC                                  = true                                      {product} {ergonomic}
     bool UseLargePagesIndividualAllocation        = false                                  {pd product} {ergonomic}

Logging:
Log output configuration:
 #0: stdout all=warning uptime,level,tags
 #1: stderr all=off uptime,level,tags

Environment Variables:
CLASSPATH=R:\Project\CefionMobile\android\\gradle\wrapper\gradle-wrapper.jar
PATH=R:\Project\CefionMobile\android\node_modules\.bin;R:\Project\CefionMobile\node_modules\.bin;R:\Project\node_modules\.bin;R:\node_modules\.bin;C:\Program Files\nodejs;R:\Project\CefionMobile\node_modules\.bin;R:\Project\node_modules\.bin;R:\node_modules\.bin;C:\Program Files\nodejs\node_modules\npm\node_modules\@npmcli\run-script\lib\node-gyp-bin;C:\Program Files\Common Files\Oracle\Java\javapath;C:\Program Files (x86)\Common Files\Oracle\Java\javapath;C:\ProgramData\Oracle\Java\javapath;C:\Windows\system32;C:\Windows;C:\Windows\System32\Wbem;C:\Windows\System32\WindowsPowerShell\v1.0\;C:\Windows\System32\OpenSSH\;C:\Program Files (x86)\NVIDIA Corporation\PhysX\Common;C:\Program Files\Git\cmd;C:\ProgramData\chocolatey\bin;C:\Program Files\nodejs\;C:\Users\rgvoz\AppData\Local\Microsoft\WindowsApps;;R:\Microsoft VS Code\bin;C:\Users\rgvoz\AppData\Roaming\npm;R:\Project\CefionMobile\node_modules\.bin
USERNAME=rgvoz
OS=Windows_NT
PROCESSOR_IDENTIFIER=Intel64 Family 6 Model 42 Stepping 7, GenuineIntel



---------------  S Y S T E M  ---------------

OS:
 Windows 10 , 64 bit Build 19041 (10.0.19041.1741)
OS uptime: 0 days 16:58 hours

CPU: total 4 (initial active 4) (2 cores per cpu, 2 threads per core) family 6 model 42 stepping 7 microcode 0x2f, cx8, cmov, fxsr, ht, mmx, sse, sse2, sse3, ssse3, sse4.1, sse4.2, popcnt, tsc, tscinvbit, avx, clmul, vzeroupper, clflush

Memory: 4k page, system-wide physical 4010M (327M free)
TotalPageFile size 8106M (AvailPageFile size 0M)
current process WorkingSet (physical memory assigned to process): 47M, peak: 47M
current process commit charge ("private bytes"): 138M, peak: 138M

vm_info: Java HotSpot(TM) 64-Bit Server VM (17.0.3.1+2-LTS-6) for windows-amd64 JRE (17.0.3.1+2-LTS-6), built on Apr 25 2022 22:04:21 by "mach5one" with MS VC++ 16.8 / 16.9 (VS2019)

END.
